INFO - 2023-07-03 00:42:56 --> Session: Class initialized using 'CodeIgniter\Session\Handlers\FileHandler' driver.
WARNING - 2023-07-03 00:42:56 --> Session: Sessions is enabled, and one exists.Please don't $session->start();
INFO - 2023-07-03 00:48:00 --> Session: Class initialized using 'CodeIgniter\Session\Handlers\FileHandler' driver.
WARNING - 2023-07-03 00:48:00 --> Session: Sessions is enabled, and one exists.Please don't $session->start();
INFO - 2023-07-03 01:23:36 --> Session: Class initialized using 'CodeIgniter\Session\Handlers\FileHandler' driver.
WARNING - 2023-07-03 01:23:36 --> Session: Sessions is enabled, and one exists.Please don't $session->start();
INFO - 2023-07-03 01:23:38 --> Session: Class initialized using 'CodeIgniter\Session\Handlers\FileHandler' driver.
WARNING - 2023-07-03 01:23:38 --> Session: Sessions is enabled, and one exists.Please don't $session->start();
INFO - 2023-07-03 01:23:41 --> Session: Class initialized using 'CodeIgniter\Session\Handlers\FileHandler' driver.
WARNING - 2023-07-03 01:23:41 --> Session: Sessions is enabled, and one exists.Please don't $session->start();
INFO - 2023-07-03 01:23:41 --> Session: Class initialized using 'CodeIgniter\Session\Handlers\FileHandler' driver.
WARNING - 2023-07-03 01:23:41 --> Session: Sessions is enabled, and one exists.Please don't $session->start();
INFO - 2023-07-03 01:24:33 --> Session: Class initialized using 'CodeIgniter\Session\Handlers\FileHandler' driver.
WARNING - 2023-07-03 01:24:33 --> Session: Sessions is enabled, and one exists.Please don't $session->start();
INFO - 2023-07-03 01:24:35 --> Session: Class initialized using 'CodeIgniter\Session\Handlers\FileHandler' driver.
WARNING - 2023-07-03 01:24:35 --> Session: Sessions is enabled, and one exists.Please don't $session->start();
INFO - 2023-07-03 01:24:37 --> Session: Class initialized using 'CodeIgniter\Session\Handlers\FileHandler' driver.
WARNING - 2023-07-03 01:24:37 --> Session: Sessions is enabled, and one exists.Please don't $session->start();
INFO - 2023-07-03 01:24:37 --> Session: Class initialized using 'CodeIgniter\Session\Handlers\FileHandler' driver.
WARNING - 2023-07-03 01:24:37 --> Session: Sessions is enabled, and one exists.Please don't $session->start();
INFO - 2023-07-03 01:25:00 --> Session: Class initialized using 'CodeIgniter\Session\Handlers\FileHandler' driver.
WARNING - 2023-07-03 01:25:00 --> Session: Sessions is enabled, and one exists.Please don't $session->start();
INFO - 2023-07-03 01:25:02 --> Session: Class initialized using 'CodeIgniter\Session\Handlers\FileHandler' driver.
WARNING - 2023-07-03 01:25:02 --> Session: Sessions is enabled, and one exists.Please don't $session->start();
INFO - 2023-07-03 01:25:03 --> Session: Class initialized using 'CodeIgniter\Session\Handlers\FileHandler' driver.
WARNING - 2023-07-03 01:25:03 --> Session: Sessions is enabled, and one exists.Please don't $session->start();
INFO - 2023-07-03 01:25:03 --> Session: Class initialized using 'CodeIgniter\Session\Handlers\FileHandler' driver.
WARNING - 2023-07-03 01:25:03 --> Session: Sessions is enabled, and one exists.Please don't $session->start();
INFO - 2023-07-03 01:25:13 --> Session: Class initialized using 'CodeIgniter\Session\Handlers\FileHandler' driver.
WARNING - 2023-07-03 01:25:13 --> Session: Sessions is enabled, and one exists.Please don't $session->start();
INFO - 2023-07-03 01:25:15 --> Session: Class initialized using 'CodeIgniter\Session\Handlers\FileHandler' driver.
WARNING - 2023-07-03 01:25:15 --> Session: Sessions is enabled, and one exists.Please don't $session->start();
INFO - 2023-07-03 01:25:15 --> Session: Class initialized using 'CodeIgniter\Session\Handlers\FileHandler' driver.
WARNING - 2023-07-03 01:25:15 --> Session: Sessions is enabled, and one exists.Please don't $session->start();
INFO - 2023-07-03 01:25:15 --> Session: Class initialized using 'CodeIgniter\Session\Handlers\FileHandler' driver.
WARNING - 2023-07-03 01:25:15 --> Session: Sessions is enabled, and one exists.Please don't $session->start();
INFO - 2023-07-03 01:26:57 --> Session: Class initialized using 'CodeIgniter\Session\Handlers\FileHandler' driver.
WARNING - 2023-07-03 01:26:57 --> Session: Sessions is enabled, and one exists.Please don't $session->start();
INFO - 2023-07-03 01:26:59 --> Session: Class initialized using 'CodeIgniter\Session\Handlers\FileHandler' driver.
WARNING - 2023-07-03 01:26:59 --> Session: Sessions is enabled, and one exists.Please don't $session->start();
INFO - 2023-07-03 01:27:02 --> Session: Class initialized using 'CodeIgniter\Session\Handlers\FileHandler' driver.
WARNING - 2023-07-03 01:27:02 --> Session: Sessions is enabled, and one exists.Please don't $session->start();
INFO - 2023-07-03 01:27:02 --> Session: Class initialized using 'CodeIgniter\Session\Handlers\FileHandler' driver.
WARNING - 2023-07-03 01:27:02 --> Session: Sessions is enabled, and one exists.Please don't $session->start();
INFO - 2023-07-03 01:27:02 --> Session: Class initialized using 'CodeIgniter\Session\Handlers\FileHandler' driver.
WARNING - 2023-07-03 01:27:02 --> Session: Sessions is enabled, and one exists.Please don't $session->start();
INFO - 2023-07-03 01:27:02 --> Session: Class initialized using 'CodeIgniter\Session\Handlers\FileHandler' driver.
WARNING - 2023-07-03 01:27:02 --> Session: Sessions is enabled, and one exists.Please don't $session->start();
INFO - 2023-07-03 01:29:35 --> Session: Class initialized using 'CodeIgniter\Session\Handlers\FileHandler' driver.
WARNING - 2023-07-03 01:29:35 --> Session: Sessions is enabled, and one exists.Please don't $session->start();
INFO - 2023-07-03 01:29:37 --> Session: Class initialized using 'CodeIgniter\Session\Handlers\FileHandler' driver.
WARNING - 2023-07-03 01:29:37 --> Session: Sessions is enabled, and one exists.Please don't $session->start();
INFO - 2023-07-03 01:29:38 --> Session: Class initialized using 'CodeIgniter\Session\Handlers\FileHandler' driver.
WARNING - 2023-07-03 01:29:38 --> Session: Sessions is enabled, and one exists.Please don't $session->start();
INFO - 2023-07-03 01:29:38 --> Session: Class initialized using 'CodeIgniter\Session\Handlers\FileHandler' driver.
WARNING - 2023-07-03 01:29:38 --> Session: Sessions is enabled, and one exists.Please don't $session->start();
INFO - 2023-07-03 01:30:30 --> Session: Class initialized using 'CodeIgniter\Session\Handlers\FileHandler' driver.
WARNING - 2023-07-03 01:30:30 --> Session: Sessions is enabled, and one exists.Please don't $session->start();
INFO - 2023-07-03 01:30:31 --> Session: Class initialized using 'CodeIgniter\Session\Handlers\FileHandler' driver.
WARNING - 2023-07-03 01:30:31 --> Session: Sessions is enabled, and one exists.Please don't $session->start();
INFO - 2023-07-03 01:30:32 --> Session: Class initialized using 'CodeIgniter\Session\Handlers\FileHandler' driver.
WARNING - 2023-07-03 01:30:32 --> Session: Sessions is enabled, and one exists.Please don't $session->start();
INFO - 2023-07-03 01:30:32 --> Session: Class initialized using 'CodeIgniter\Session\Handlers\FileHandler' driver.
WARNING - 2023-07-03 01:30:32 --> Session: Sessions is enabled, and one exists.Please don't $session->start();
INFO - 2023-07-03 01:31:05 --> Session: Class initialized using 'CodeIgniter\Session\Handlers\FileHandler' driver.
WARNING - 2023-07-03 01:31:05 --> Session: Sessions is enabled, and one exists.Please don't $session->start();
INFO - 2023-07-03 01:31:07 --> Session: Class initialized using 'CodeIgniter\Session\Handlers\FileHandler' driver.
WARNING - 2023-07-03 01:31:07 --> Session: Sessions is enabled, and one exists.Please don't $session->start();
INFO - 2023-07-03 01:31:08 --> Session: Class initialized using 'CodeIgniter\Session\Handlers\FileHandler' driver.
WARNING - 2023-07-03 01:31:08 --> Session: Sessions is enabled, and one exists.Please don't $session->start();
INFO - 2023-07-03 01:31:08 --> Session: Class initialized using 'CodeIgniter\Session\Handlers\FileHandler' driver.
WARNING - 2023-07-03 01:31:08 --> Session: Sessions is enabled, and one exists.Please don't $session->start();
INFO - 2023-07-03 01:33:18 --> Session: Class initialized using 'CodeIgniter\Session\Handlers\FileHandler' driver.
WARNING - 2023-07-03 01:33:18 --> Session: Sessions is enabled, and one exists.Please don't $session->start();
INFO - 2023-07-03 01:33:19 --> Session: Class initialized using 'CodeIgniter\Session\Handlers\FileHandler' driver.
WARNING - 2023-07-03 01:33:19 --> Session: Sessions is enabled, and one exists.Please don't $session->start();
INFO - 2023-07-03 01:33:19 --> Session: Class initialized using 'CodeIgniter\Session\Handlers\FileHandler' driver.
WARNING - 2023-07-03 01:33:19 --> Session: Sessions is enabled, and one exists.Please don't $session->start();
INFO - 2023-07-03 01:33:20 --> Session: Class initialized using 'CodeIgniter\Session\Handlers\FileHandler' driver.
WARNING - 2023-07-03 01:33:20 --> Session: Sessions is enabled, and one exists.Please don't $session->start();
INFO - 2023-07-03 01:40:50 --> Session: Class initialized using 'CodeIgniter\Session\Handlers\FileHandler' driver.
WARNING - 2023-07-03 01:40:50 --> Session: Sessions is enabled, and one exists.Please don't $session->start();
INFO - 2023-07-03 01:40:52 --> Session: Class initialized using 'CodeIgniter\Session\Handlers\FileHandler' driver.
WARNING - 2023-07-03 01:40:52 --> Session: Sessions is enabled, and one exists.Please don't $session->start();
INFO - 2023-07-03 01:40:53 --> Session: Class initialized using 'CodeIgniter\Session\Handlers\FileHandler' driver.
WARNING - 2023-07-03 01:40:53 --> Session: Sessions is enabled, and one exists.Please don't $session->start();
INFO - 2023-07-03 01:40:53 --> Session: Class initialized using 'CodeIgniter\Session\Handlers\FileHandler' driver.
WARNING - 2023-07-03 01:40:53 --> Session: Sessions is enabled, and one exists.Please don't $session->start();
INFO - 2023-07-03 01:41:45 --> Session: Class initialized using 'CodeIgniter\Session\Handlers\FileHandler' driver.
WARNING - 2023-07-03 01:41:45 --> Session: Sessions is enabled, and one exists.Please don't $session->start();
INFO - 2023-07-03 01:41:45 --> Session: Class initialized using 'CodeIgniter\Session\Handlers\FileHandler' driver.
WARNING - 2023-07-03 01:41:45 --> Session: Sessions is enabled, and one exists.Please don't $session->start();
INFO - 2023-07-03 01:49:50 --> Session: Class initialized using 'CodeIgniter\Session\Handlers\FileHandler' driver.
WARNING - 2023-07-03 01:49:50 --> Session: Sessions is enabled, and one exists.Please don't $session->start();
INFO - 2023-07-03 01:49:51 --> Session: Class initialized using 'CodeIgniter\Session\Handlers\FileHandler' driver.
WARNING - 2023-07-03 01:49:51 --> Session: Sessions is enabled, and one exists.Please don't $session->start();
INFO - 2023-07-03 01:49:52 --> Session: Class initialized using 'CodeIgniter\Session\Handlers\FileHandler' driver.
WARNING - 2023-07-03 01:49:52 --> Session: Sessions is enabled, and one exists.Please don't $session->start();
INFO - 2023-07-03 01:49:52 --> Session: Class initialized using 'CodeIgniter\Session\Handlers\FileHandler' driver.
WARNING - 2023-07-03 01:49:52 --> Session: Sessions is enabled, and one exists.Please don't $session->start();
INFO - 2023-07-03 01:50:22 --> Session: Class initialized using 'CodeIgniter\Session\Handlers\FileHandler' driver.
WARNING - 2023-07-03 01:50:22 --> Session: Sessions is enabled, and one exists.Please don't $session->start();
INFO - 2023-07-03 01:50:23 --> Session: Class initialized using 'CodeIgniter\Session\Handlers\FileHandler' driver.
WARNING - 2023-07-03 01:50:23 --> Session: Sessions is enabled, and one exists.Please don't $session->start();
INFO - 2023-07-03 01:56:11 --> Session: Class initialized using 'CodeIgniter\Session\Handlers\FileHandler' driver.
WARNING - 2023-07-03 01:56:11 --> Session: Sessions is enabled, and one exists.Please don't $session->start();
INFO - 2023-07-03 01:56:12 --> Session: Class initialized using 'CodeIgniter\Session\Handlers\FileHandler' driver.
WARNING - 2023-07-03 01:56:12 --> Session: Sessions is enabled, and one exists.Please don't $session->start();
INFO - 2023-07-03 01:56:14 --> Session: Class initialized using 'CodeIgniter\Session\Handlers\FileHandler' driver.
WARNING - 2023-07-03 01:56:14 --> Session: Sessions is enabled, and one exists.Please don't $session->start();
INFO - 2023-07-03 01:56:20 --> Session: Class initialized using 'CodeIgniter\Session\Handlers\FileHandler' driver.
WARNING - 2023-07-03 01:56:20 --> Session: Sessions is enabled, and one exists.Please don't $session->start();
INFO - 2023-07-03 01:56:22 --> Session: Class initialized using 'CodeIgniter\Session\Handlers\FileHandler' driver.
WARNING - 2023-07-03 01:56:22 --> Session: Sessions is enabled, and one exists.Please don't $session->start();
INFO - 2023-07-03 01:56:52 --> Session: Class initialized using 'CodeIgniter\Session\Handlers\FileHandler' driver.
WARNING - 2023-07-03 01:56:52 --> Session: Sessions is enabled, and one exists.Please don't $session->start();
INFO - 2023-07-03 01:57:19 --> Session: Class initialized using 'CodeIgniter\Session\Handlers\FileHandler' driver.
WARNING - 2023-07-03 01:57:19 --> Session: Sessions is enabled, and one exists.Please don't $session->start();
INFO - 2023-07-03 01:57:21 --> Session: Class initialized using 'CodeIgniter\Session\Handlers\FileHandler' driver.
WARNING - 2023-07-03 01:57:21 --> Session: Sessions is enabled, and one exists.Please don't $session->start();
INFO - 2023-07-03 01:57:26 --> Session: Class initialized using 'CodeIgniter\Session\Handlers\FileHandler' driver.
WARNING - 2023-07-03 01:57:26 --> Session: Sessions is enabled, and one exists.Please don't $session->start();
CRITICAL - 2023-07-03 01:57:26 --> Call to a member function getByID() on null
#0 /usr/local/var/www/simkkn/vendor/codeigniter4/framework/system/CodeIgniter.php(918): App\Controllers\Backend\Pengumuman->form()
#1 /usr/local/var/www/simkkn/vendor/codeigniter4/framework/system/CodeIgniter.php(404): CodeIgniter\CodeIgniter->runController(Object(App\Controllers\Backend\Pengumuman))
#2 /usr/local/var/www/simkkn/vendor/codeigniter4/framework/system/CodeIgniter.php(312): CodeIgniter\CodeIgniter->handleRequest(NULL, Object(Config\Cache), false)
#3 /usr/local/var/www/simkkn/public/index.php(45): CodeIgniter\CodeIgniter->run()
#4 /usr/local/var/www/simkkn/vendor/codeigniter4/framework/system/Commands/Server/rewrite.php(34): require_once('/usr/local/var/...')
#5 {main}
INFO - 2023-07-03 01:58:18 --> Session: Class initialized using 'CodeIgniter\Session\Handlers\FileHandler' driver.
WARNING - 2023-07-03 01:58:18 --> Session: Sessions is enabled, and one exists.Please don't $session->start();
INFO - 2023-07-03 01:58:19 --> Session: Class initialized using 'CodeIgniter\Session\Handlers\FileHandler' driver.
WARNING - 2023-07-03 01:58:19 --> Session: Sessions is enabled, and one exists.Please don't $session->start();
INFO - 2023-07-03 01:58:22 --> Session: Class initialized using 'CodeIgniter\Session\Handlers\FileHandler' driver.
WARNING - 2023-07-03 01:58:22 --> Session: Sessions is enabled, and one exists.Please don't $session->start();
INFO - 2023-07-03 01:58:22 --> Session: Class initialized using 'CodeIgniter\Session\Handlers\FileHandler' driver.
WARNING - 2023-07-03 01:58:22 --> Session: Sessions is enabled, and one exists.Please don't $session->start();
INFO - 2023-07-03 01:59:22 --> Session: Class initialized using 'CodeIgniter\Session\Handlers\FileHandler' driver.
WARNING - 2023-07-03 01:59:22 --> Session: Sessions is enabled, and one exists.Please don't $session->start();
INFO - 2023-07-03 01:59:23 --> Session: Class initialized using 'CodeIgniter\Session\Handlers\FileHandler' driver.
WARNING - 2023-07-03 01:59:23 --> Session: Sessions is enabled, and one exists.Please don't $session->start();
INFO - 2023-07-03 01:59:25 --> Session: Class initialized using 'CodeIgniter\Session\Handlers\FileHandler' driver.
WARNING - 2023-07-03 01:59:25 --> Session: Sessions is enabled, and one exists.Please don't $session->start();
INFO - 2023-07-03 01:59:25 --> Session: Class initialized using 'CodeIgniter\Session\Handlers\FileHandler' driver.
WARNING - 2023-07-03 01:59:25 --> Session: Sessions is enabled, and one exists.Please don't $session->start();
INFO - 2023-07-03 01:59:42 --> Session: Class initialized using 'CodeIgniter\Session\Handlers\FileHandler' driver.
WARNING - 2023-07-03 01:59:42 --> Session: Sessions is enabled, and one exists.Please don't $session->start();
INFO - 2023-07-03 01:59:44 --> Session: Class initialized using 'CodeIgniter\Session\Handlers\FileHandler' driver.
WARNING - 2023-07-03 01:59:44 --> Session: Sessions is enabled, and one exists.Please don't $session->start();
INFO - 2023-07-03 01:59:46 --> Session: Class initialized using 'CodeIgniter\Session\Handlers\FileHandler' driver.
WARNING - 2023-07-03 01:59:46 --> Session: Sessions is enabled, and one exists.Please don't $session->start();
INFO - 2023-07-03 01:59:46 --> Session: Class initialized using 'CodeIgniter\Session\Handlers\FileHandler' driver.
WARNING - 2023-07-03 01:59:46 --> Session: Sessions is enabled, and one exists.Please don't $session->start();
INFO - 2023-07-03 02:00:08 --> Session: Class initialized using 'CodeIgniter\Session\Handlers\FileHandler' driver.
WARNING - 2023-07-03 02:00:08 --> Session: Sessions is enabled, and one exists.Please don't $session->start();
INFO - 2023-07-03 02:00:10 --> Session: Class initialized using 'CodeIgniter\Session\Handlers\FileHandler' driver.
WARNING - 2023-07-03 02:00:10 --> Session: Sessions is enabled, and one exists.Please don't $session->start();
INFO - 2023-07-03 02:00:11 --> Session: Class initialized using 'CodeIgniter\Session\Handlers\FileHandler' driver.
WARNING - 2023-07-03 02:00:11 --> Session: Sessions is enabled, and one exists.Please don't $session->start();
INFO - 2023-07-03 02:00:11 --> Session: Class initialized using 'CodeIgniter\Session\Handlers\FileHandler' driver.
WARNING - 2023-07-03 02:00:11 --> Session: Sessions is enabled, and one exists.Please don't $session->start();
INFO - 2023-07-03 02:00:49 --> Session: Class initialized using 'CodeIgniter\Session\Handlers\FileHandler' driver.
WARNING - 2023-07-03 02:00:49 --> Session: Sessions is enabled, and one exists.Please don't $session->start();
INFO - 2023-07-03 02:00:50 --> Session: Class initialized using 'CodeIgniter\Session\Handlers\FileHandler' driver.
WARNING - 2023-07-03 02:00:50 --> Session: Sessions is enabled, and one exists.Please don't $session->start();
INFO - 2023-07-03 02:00:54 --> Session: Class initialized using 'CodeIgniter\Session\Handlers\FileHandler' driver.
WARNING - 2023-07-03 02:00:54 --> Session: Sessions is enabled, and one exists.Please don't $session->start();
INFO - 2023-07-03 02:00:54 --> Session: Class initialized using 'CodeIgniter\Session\Handlers\FileHandler' driver.
WARNING - 2023-07-03 02:00:54 --> Session: Sessions is enabled, and one exists.Please don't $session->start();
INFO - 2023-07-03 02:00:57 --> Session: Class initialized using 'CodeIgniter\Session\Handlers\FileHandler' driver.
WARNING - 2023-07-03 02:00:57 --> Session: Sessions is enabled, and one exists.Please don't $session->start();
INFO - 2023-07-03 02:00:57 --> Session: Class initialized using 'CodeIgniter\Session\Handlers\FileHandler' driver.
WARNING - 2023-07-03 02:00:57 --> Session: Sessions is enabled, and one exists.Please don't $session->start();
INFO - 2023-07-03 02:00:59 --> Session: Class initialized using 'CodeIgniter\Session\Handlers\FileHandler' driver.
WARNING - 2023-07-03 02:00:59 --> Session: Sessions is enabled, and one exists.Please don't $session->start();
INFO - 2023-07-03 02:01:00 --> Session: Class initialized using 'CodeIgniter\Session\Handlers\FileHandler' driver.
WARNING - 2023-07-03 02:01:00 --> Session: Sessions is enabled, and one exists.Please don't $session->start();
INFO - 2023-07-03 02:01:04 --> Session: Class initialized using 'CodeIgniter\Session\Handlers\FileHandler' driver.
WARNING - 2023-07-03 02:01:04 --> Session: Sessions is enabled, and one exists.Please don't $session->start();
INFO - 2023-07-03 02:01:04 --> Session: Class initialized using 'CodeIgniter\Session\Handlers\FileHandler' driver.
WARNING - 2023-07-03 02:01:04 --> Session: Sessions is enabled, and one exists.Please don't $session->start();
INFO - 2023-07-03 02:03:54 --> Session: Class initialized using 'CodeIgniter\Session\Handlers\FileHandler' driver.
WARNING - 2023-07-03 02:03:54 --> Session: Sessions is enabled, and one exists.Please don't $session->start();
INFO - 2023-07-03 02:03:55 --> Session: Class initialized using 'CodeIgniter\Session\Handlers\FileHandler' driver.
WARNING - 2023-07-03 02:03:55 --> Session: Sessions is enabled, and one exists.Please don't $session->start();
INFO - 2023-07-03 02:03:59 --> Session: Class initialized using 'CodeIgniter\Session\Handlers\FileHandler' driver.
WARNING - 2023-07-03 02:03:59 --> Session: Sessions is enabled, and one exists.Please don't $session->start();
INFO - 2023-07-03 02:03:59 --> Session: Class initialized using 'CodeIgniter\Session\Handlers\FileHandler' driver.
WARNING - 2023-07-03 02:03:59 --> Session: Sessions is enabled, and one exists.Please don't $session->start();
INFO - 2023-07-03 02:06:22 --> Session: Class initialized using 'CodeIgniter\Session\Handlers\FileHandler' driver.
WARNING - 2023-07-03 02:06:22 --> Session: Sessions is enabled, and one exists.Please don't $session->start();
INFO - 2023-07-03 02:06:24 --> Session: Class initialized using 'CodeIgniter\Session\Handlers\FileHandler' driver.
WARNING - 2023-07-03 02:06:24 --> Session: Sessions is enabled, and one exists.Please don't $session->start();
INFO - 2023-07-03 02:12:00 --> Session: Class initialized using 'CodeIgniter\Session\Handlers\FileHandler' driver.
WARNING - 2023-07-03 02:12:00 --> Session: Sessions is enabled, and one exists.Please don't $session->start();
INFO - 2023-07-03 02:12:01 --> Session: Class initialized using 'CodeIgniter\Session\Handlers\FileHandler' driver.
WARNING - 2023-07-03 02:12:01 --> Session: Sessions is enabled, and one exists.Please don't $session->start();
INFO - 2023-07-03 02:13:41 --> Session: Class initialized using 'CodeIgniter\Session\Handlers\FileHandler' driver.
WARNING - 2023-07-03 02:13:41 --> Session: Sessions is enabled, and one exists.Please don't $session->start();
INFO - 2023-07-03 02:13:44 --> Session: Class initialized using 'CodeIgniter\Session\Handlers\FileHandler' driver.
WARNING - 2023-07-03 02:13:44 --> Session: Sessions is enabled, and one exists.Please don't $session->start();
INFO - 2023-07-03 02:13:46 --> Session: Class initialized using 'CodeIgniter\Session\Handlers\FileHandler' driver.
WARNING - 2023-07-03 02:13:46 --> Session: Sessions is enabled, and one exists.Please don't $session->start();
INFO - 2023-07-03 02:13:46 --> Session: Class initialized using 'CodeIgniter\Session\Handlers\FileHandler' driver.
WARNING - 2023-07-03 02:13:46 --> Session: Sessions is enabled, and one exists.Please don't $session->start();
INFO - 2023-07-03 02:14:56 --> Session: Class initialized using 'CodeIgniter\Session\Handlers\FileHandler' driver.
WARNING - 2023-07-03 02:14:56 --> Session: Sessions is enabled, and one exists.Please don't $session->start();
INFO - 2023-07-03 02:14:57 --> Session: Class initialized using 'CodeIgniter\Session\Handlers\FileHandler' driver.
WARNING - 2023-07-03 02:14:57 --> Session: Sessions is enabled, and one exists.Please don't $session->start();
INFO - 2023-07-03 02:15:00 --> Session: Class initialized using 'CodeIgniter\Session\Handlers\FileHandler' driver.
WARNING - 2023-07-03 02:15:00 --> Session: Sessions is enabled, and one exists.Please don't $session->start();
INFO - 2023-07-03 02:15:06 --> Session: Class initialized using 'CodeIgniter\Session\Handlers\FileHandler' driver.
WARNING - 2023-07-03 02:15:06 --> Session: Sessions is enabled, and one exists.Please don't $session->start();
INFO - 2023-07-03 02:15:07 --> Session: Class initialized using 'CodeIgniter\Session\Handlers\FileHandler' driver.
WARNING - 2023-07-03 02:15:07 --> Session: Sessions is enabled, and one exists.Please don't $session->start();
INFO - 2023-07-03 02:15:09 --> Session: Class initialized using 'CodeIgniter\Session\Handlers\FileHandler' driver.
WARNING - 2023-07-03 02:15:09 --> Session: Sessions is enabled, and one exists.Please don't $session->start();
INFO - 2023-07-03 02:15:09 --> Session: Class initialized using 'CodeIgniter\Session\Handlers\FileHandler' driver.
WARNING - 2023-07-03 02:15:09 --> Session: Sessions is enabled, and one exists.Please don't $session->start();
INFO - 2023-07-03 02:17:48 --> Session: Class initialized using 'CodeIgniter\Session\Handlers\FileHandler' driver.
WARNING - 2023-07-03 02:17:48 --> Session: Sessions is enabled, and one exists.Please don't $session->start();
INFO - 2023-07-03 02:17:49 --> Session: Class initialized using 'CodeIgniter\Session\Handlers\FileHandler' driver.
WARNING - 2023-07-03 02:17:49 --> Session: Sessions is enabled, and one exists.Please don't $session->start();
INFO - 2023-07-03 02:17:51 --> Session: Class initialized using 'CodeIgniter\Session\Handlers\FileHandler' driver.
WARNING - 2023-07-03 02:17:51 --> Session: Sessions is enabled, and one exists.Please don't $session->start();
INFO - 2023-07-03 02:17:51 --> Session: Class initialized using 'CodeIgniter\Session\Handlers\FileHandler' driver.
WARNING - 2023-07-03 02:17:51 --> Session: Sessions is enabled, and one exists.Please don't $session->start();
INFO - 2023-07-03 02:20:29 --> Session: Class initialized using 'CodeIgniter\Session\Handlers\FileHandler' driver.
WARNING - 2023-07-03 02:20:29 --> Session: Sessions is enabled, and one exists.Please don't $session->start();
INFO - 2023-07-03 02:20:32 --> Session: Class initialized using 'CodeIgniter\Session\Handlers\FileHandler' driver.
WARNING - 2023-07-03 02:20:32 --> Session: Sessions is enabled, and one exists.Please don't $session->start();
INFO - 2023-07-03 02:20:33 --> Session: Class initialized using 'CodeIgniter\Session\Handlers\FileHandler' driver.
WARNING - 2023-07-03 02:20:33 --> Session: Sessions is enabled, and one exists.Please don't $session->start();
INFO - 2023-07-03 02:20:33 --> Session: Class initialized using 'CodeIgniter\Session\Handlers\FileHandler' driver.
WARNING - 2023-07-03 02:20:33 --> Session: Sessions is enabled, and one exists.Please don't $session->start();
INFO - 2023-07-03 02:20:46 --> Session: Class initialized using 'CodeIgniter\Session\Handlers\FileHandler' driver.
WARNING - 2023-07-03 02:20:46 --> Session: Sessions is enabled, and one exists.Please don't $session->start();
INFO - 2023-07-03 02:20:48 --> Session: Class initialized using 'CodeIgniter\Session\Handlers\FileHandler' driver.
WARNING - 2023-07-03 02:20:48 --> Session: Sessions is enabled, and one exists.Please don't $session->start();
INFO - 2023-07-03 02:20:49 --> Session: Class initialized using 'CodeIgniter\Session\Handlers\FileHandler' driver.
WARNING - 2023-07-03 02:20:49 --> Session: Sessions is enabled, and one exists.Please don't $session->start();
INFO - 2023-07-03 02:20:49 --> Session: Class initialized using 'CodeIgniter\Session\Handlers\FileHandler' driver.
WARNING - 2023-07-03 02:20:49 --> Session: Sessions is enabled, and one exists.Please don't $session->start();
INFO - 2023-07-03 02:21:02 --> Session: Class initialized using 'CodeIgniter\Session\Handlers\FileHandler' driver.
WARNING - 2023-07-03 02:21:02 --> Session: Sessions is enabled, and one exists.Please don't $session->start();
INFO - 2023-07-03 02:21:04 --> Session: Class initialized using 'CodeIgniter\Session\Handlers\FileHandler' driver.
WARNING - 2023-07-03 02:21:04 --> Session: Sessions is enabled, and one exists.Please don't $session->start();
INFO - 2023-07-03 02:21:06 --> Session: Class initialized using 'CodeIgniter\Session\Handlers\FileHandler' driver.
WARNING - 2023-07-03 02:21:06 --> Session: Sessions is enabled, and one exists.Please don't $session->start();
INFO - 2023-07-03 02:21:06 --> Session: Class initialized using 'CodeIgniter\Session\Handlers\FileHandler' driver.
WARNING - 2023-07-03 02:21:06 --> Session: Sessions is enabled, and one exists.Please don't $session->start();
INFO - 2023-07-03 02:21:22 --> Session: Class initialized using 'CodeIgniter\Session\Handlers\FileHandler' driver.
WARNING - 2023-07-03 02:21:22 --> Session: Sessions is enabled, and one exists.Please don't $session->start();
INFO - 2023-07-03 02:21:24 --> Session: Class initialized using 'CodeIgniter\Session\Handlers\FileHandler' driver.
WARNING - 2023-07-03 02:21:24 --> Session: Sessions is enabled, and one exists.Please don't $session->start();
INFO - 2023-07-03 02:21:26 --> Session: Class initialized using 'CodeIgniter\Session\Handlers\FileHandler' driver.
WARNING - 2023-07-03 02:21:26 --> Session: Sessions is enabled, and one exists.Please don't $session->start();
INFO - 2023-07-03 02:21:26 --> Session: Class initialized using 'CodeIgniter\Session\Handlers\FileHandler' driver.
WARNING - 2023-07-03 02:21:26 --> Session: Sessions is enabled, and one exists.Please don't $session->start();
INFO - 2023-07-03 02:22:35 --> Session: Class initialized using 'CodeIgniter\Session\Handlers\FileHandler' driver.
WARNING - 2023-07-03 02:22:35 --> Session: Sessions is enabled, and one exists.Please don't $session->start();
INFO - 2023-07-03 02:22:38 --> Session: Class initialized using 'CodeIgniter\Session\Handlers\FileHandler' driver.
WARNING - 2023-07-03 02:22:38 --> Session: Sessions is enabled, and one exists.Please don't $session->start();
INFO - 2023-07-03 02:22:39 --> Session: Class initialized using 'CodeIgniter\Session\Handlers\FileHandler' driver.
WARNING - 2023-07-03 02:22:39 --> Session: Sessions is enabled, and one exists.Please don't $session->start();
INFO - 2023-07-03 02:22:39 --> Session: Class initialized using 'CodeIgniter\Session\Handlers\FileHandler' driver.
WARNING - 2023-07-03 02:22:39 --> Session: Sessions is enabled, and one exists.Please don't $session->start();
INFO - 2023-07-03 03:52:29 --> Session: Class initialized using 'CodeIgniter\Session\Handlers\FileHandler' driver.
WARNING - 2023-07-03 03:52:29 --> Session: Sessions is enabled, and one exists.Please don't $session->start();
INFO - 2023-07-03 03:52:31 --> Session: Class initialized using 'CodeIgniter\Session\Handlers\FileHandler' driver.
WARNING - 2023-07-03 03:52:31 --> Session: Sessions is enabled, and one exists.Please don't $session->start();
INFO - 2023-07-03 03:53:02 --> Session: Class initialized using 'CodeIgniter\Session\Handlers\FileHandler' driver.
WARNING - 2023-07-03 03:53:02 --> Session: Sessions is enabled, and one exists.Please don't $session->start();
INFO - 2023-07-03 03:53:02 --> Session: Class initialized using 'CodeIgniter\Session\Handlers\FileHandler' driver.
WARNING - 2023-07-03 03:53:02 --> Session: Sessions is enabled, and one exists.Please don't $session->start();
INFO - 2023-07-03 03:53:06 --> Session: Class initialized using 'CodeIgniter\Session\Handlers\FileHandler' driver.
WARNING - 2023-07-03 03:53:06 --> Session: Sessions is enabled, and one exists.Please don't $session->start();
INFO - 2023-07-03 03:53:07 --> Session: Class initialized using 'CodeIgniter\Session\Handlers\FileHandler' driver.
WARNING - 2023-07-03 03:53:07 --> Session: Sessions is enabled, and one exists.Please don't $session->start();
INFO - 2023-07-03 04:13:10 --> Session: Class initialized using 'CodeIgniter\Session\Handlers\FileHandler' driver.
WARNING - 2023-07-03 04:13:10 --> Session: Sessions is enabled, and one exists.Please don't $session->start();
INFO - 2023-07-03 04:13:12 --> Session: Class initialized using 'CodeIgniter\Session\Handlers\FileHandler' driver.
WARNING - 2023-07-03 04:13:12 --> Session: Sessions is enabled, and one exists.Please don't $session->start();
INFO - 2023-07-03 04:13:14 --> Session: Class initialized using 'CodeIgniter\Session\Handlers\FileHandler' driver.
WARNING - 2023-07-03 04:13:14 --> Session: Sessions is enabled, and one exists.Please don't $session->start();
INFO - 2023-07-03 04:13:14 --> Session: Class initialized using 'CodeIgniter\Session\Handlers\FileHandler' driver.
WARNING - 2023-07-03 04:13:14 --> Session: Sessions is enabled, and one exists.Please don't $session->start();
INFO - 2023-07-03 04:14:57 --> Session: Class initialized using 'CodeIgniter\Session\Handlers\FileHandler' driver.
WARNING - 2023-07-03 04:14:57 --> Session: Sessions is enabled, and one exists.Please don't $session->start();
INFO - 2023-07-03 04:14:58 --> Session: Class initialized using 'CodeIgniter\Session\Handlers\FileHandler' driver.
WARNING - 2023-07-03 04:14:58 --> Session: Sessions is enabled, and one exists.Please don't $session->start();
INFO - 2023-07-03 04:15:00 --> Session: Class initialized using 'CodeIgniter\Session\Handlers\FileHandler' driver.
WARNING - 2023-07-03 04:15:00 --> Session: Sessions is enabled, and one exists.Please don't $session->start();
INFO - 2023-07-03 04:15:00 --> Session: Class initialized using 'CodeIgniter\Session\Handlers\FileHandler' driver.
WARNING - 2023-07-03 04:15:00 --> Session: Sessions is enabled, and one exists.Please don't $session->start();
INFO - 2023-07-03 04:20:56 --> Session: Class initialized using 'CodeIgniter\Session\Handlers\FileHandler' driver.
WARNING - 2023-07-03 04:20:56 --> Session: Sessions is enabled, and one exists.Please don't $session->start();
INFO - 2023-07-03 04:20:57 --> Session: Class initialized using 'CodeIgniter\Session\Handlers\FileHandler' driver.
WARNING - 2023-07-03 04:20:57 --> Session: Sessions is enabled, and one exists.Please don't $session->start();
INFO - 2023-07-03 04:21:01 --> Session: Class initialized using 'CodeIgniter\Session\Handlers\FileHandler' driver.
WARNING - 2023-07-03 04:21:01 --> Session: Sessions is enabled, and one exists.Please don't $session->start();
INFO - 2023-07-03 04:21:01 --> Session: Class initialized using 'CodeIgniter\Session\Handlers\FileHandler' driver.
WARNING - 2023-07-03 04:21:01 --> Session: Sessions is enabled, and one exists.Please don't $session->start();
INFO - 2023-07-03 04:23:38 --> Session: Class initialized using 'CodeIgniter\Session\Handlers\FileHandler' driver.
WARNING - 2023-07-03 04:23:38 --> Session: Sessions is enabled, and one exists.Please don't $session->start();
INFO - 2023-07-03 04:23:40 --> Session: Class initialized using 'CodeIgniter\Session\Handlers\FileHandler' driver.
WARNING - 2023-07-03 04:23:40 --> Session: Sessions is enabled, and one exists.Please don't $session->start();
INFO - 2023-07-03 04:23:42 --> Session: Class initialized using 'CodeIgniter\Session\Handlers\FileHandler' driver.
WARNING - 2023-07-03 04:23:42 --> Session: Sessions is enabled, and one exists.Please don't $session->start();
INFO - 2023-07-03 04:23:42 --> Session: Class initialized using 'CodeIgniter\Session\Handlers\FileHandler' driver.
WARNING - 2023-07-03 04:23:42 --> Session: Sessions is enabled, and one exists.Please don't $session->start();
INFO - 2023-07-03 04:24:29 --> Session: Class initialized using 'CodeIgniter\Session\Handlers\FileHandler' driver.
WARNING - 2023-07-03 04:24:29 --> Session: Sessions is enabled, and one exists.Please don't $session->start();
INFO - 2023-07-03 04:24:31 --> Session: Class initialized using 'CodeIgniter\Session\Handlers\FileHandler' driver.
WARNING - 2023-07-03 04:24:31 --> Session: Sessions is enabled, and one exists.Please don't $session->start();
INFO - 2023-07-03 04:24:33 --> Session: Class initialized using 'CodeIgniter\Session\Handlers\FileHandler' driver.
WARNING - 2023-07-03 04:24:33 --> Session: Sessions is enabled, and one exists.Please don't $session->start();
INFO - 2023-07-03 04:24:33 --> Session: Class initialized using 'CodeIgniter\Session\Handlers\FileHandler' driver.
WARNING - 2023-07-03 04:24:33 --> Session: Sessions is enabled, and one exists.Please don't $session->start();
INFO - 2023-07-03 04:24:40 --> Session: Class initialized using 'CodeIgniter\Session\Handlers\FileHandler' driver.
WARNING - 2023-07-03 04:24:40 --> Session: Sessions is enabled, and one exists.Please don't $session->start();
INFO - 2023-07-03 04:24:40 --> Session: Class initialized using 'CodeIgniter\Session\Handlers\FileHandler' driver.
WARNING - 2023-07-03 04:24:40 --> Session: Sessions is enabled, and one exists.Please don't $session->start();
INFO - 2023-07-03 04:24:52 --> Session: Class initialized using 'CodeIgniter\Session\Handlers\FileHandler' driver.
WARNING - 2023-07-03 04:24:52 --> Session: Sessions is enabled, and one exists.Please don't $session->start();
INFO - 2023-07-03 04:24:52 --> Session: Class initialized using 'CodeIgniter\Session\Handlers\FileHandler' driver.
WARNING - 2023-07-03 04:24:52 --> Session: Sessions is enabled, and one exists.Please don't $session->start();
INFO - 2023-07-03 04:25:22 --> Session: Class initialized using 'CodeIgniter\Session\Handlers\FileHandler' driver.
WARNING - 2023-07-03 04:25:22 --> Session: Sessions is enabled, and one exists.Please don't $session->start();
INFO - 2023-07-03 04:25:22 --> Session: Class initialized using 'CodeIgniter\Session\Handlers\FileHandler' driver.
WARNING - 2023-07-03 04:25:22 --> Session: Sessions is enabled, and one exists.Please don't $session->start();
INFO - 2023-07-03 04:25:36 --> Session: Class initialized using 'CodeIgniter\Session\Handlers\FileHandler' driver.
WARNING - 2023-07-03 04:25:36 --> Session: Sessions is enabled, and one exists.Please don't $session->start();
INFO - 2023-07-03 04:25:36 --> Session: Class initialized using 'CodeIgniter\Session\Handlers\FileHandler' driver.
WARNING - 2023-07-03 04:25:36 --> Session: Sessions is enabled, and one exists.Please don't $session->start();
INFO - 2023-07-03 04:26:22 --> Session: Class initialized using 'CodeIgniter\Session\Handlers\FileHandler' driver.
WARNING - 2023-07-03 04:26:22 --> Session: Sessions is enabled, and one exists.Please don't $session->start();
INFO - 2023-07-03 04:26:23 --> Session: Class initialized using 'CodeIgniter\Session\Handlers\FileHandler' driver.
WARNING - 2023-07-03 04:26:23 --> Session: Sessions is enabled, and one exists.Please don't $session->start();
INFO - 2023-07-03 04:26:39 --> Session: Class initialized using 'CodeIgniter\Session\Handlers\FileHandler' driver.
WARNING - 2023-07-03 04:26:39 --> Session: Sessions is enabled, and one exists.Please don't $session->start();
INFO - 2023-07-03 04:26:39 --> Session: Class initialized using 'CodeIgniter\Session\Handlers\FileHandler' driver.
WARNING - 2023-07-03 04:26:39 --> Session: Sessions is enabled, and one exists.Please don't $session->start();
INFO - 2023-07-03 04:26:56 --> Session: Class initialized using 'CodeIgniter\Session\Handlers\FileHandler' driver.
WARNING - 2023-07-03 04:26:56 --> Session: Sessions is enabled, and one exists.Please don't $session->start();
INFO - 2023-07-03 04:26:56 --> Session: Class initialized using 'CodeIgniter\Session\Handlers\FileHandler' driver.
WARNING - 2023-07-03 04:26:56 --> Session: Sessions is enabled, and one exists.Please don't $session->start();
INFO - 2023-07-03 04:27:18 --> Session: Class initialized using 'CodeIgniter\Session\Handlers\FileHandler' driver.
WARNING - 2023-07-03 04:27:18 --> Session: Sessions is enabled, and one exists.Please don't $session->start();
INFO - 2023-07-03 04:27:18 --> Session: Class initialized using 'CodeIgniter\Session\Handlers\FileHandler' driver.
WARNING - 2023-07-03 04:27:18 --> Session: Sessions is enabled, and one exists.Please don't $session->start();
INFO - 2023-07-03 04:27:25 --> Session: Class initialized using 'CodeIgniter\Session\Handlers\FileHandler' driver.
WARNING - 2023-07-03 04:27:25 --> Session: Sessions is enabled, and one exists.Please don't $session->start();
INFO - 2023-07-03 04:27:25 --> Session: Class initialized using 'CodeIgniter\Session\Handlers\FileHandler' driver.
WARNING - 2023-07-03 04:27:25 --> Session: Sessions is enabled, and one exists.Please don't $session->start();
INFO - 2023-07-03 04:27:39 --> Session: Class initialized using 'CodeIgniter\Session\Handlers\FileHandler' driver.
WARNING - 2023-07-03 04:27:39 --> Session: Sessions is enabled, and one exists.Please don't $session->start();
INFO - 2023-07-03 04:27:39 --> Session: Class initialized using 'CodeIgniter\Session\Handlers\FileHandler' driver.
WARNING - 2023-07-03 04:27:39 --> Session: Sessions is enabled, and one exists.Please don't $session->start();
INFO - 2023-07-03 04:27:45 --> Session: Class initialized using 'CodeIgniter\Session\Handlers\FileHandler' driver.
WARNING - 2023-07-03 04:27:45 --> Session: Sessions is enabled, and one exists.Please don't $session->start();
INFO - 2023-07-03 04:27:45 --> Session: Class initialized using 'CodeIgniter\Session\Handlers\FileHandler' driver.
WARNING - 2023-07-03 04:27:45 --> Session: Sessions is enabled, and one exists.Please don't $session->start();
INFO - 2023-07-03 04:27:52 --> Session: Class initialized using 'CodeIgniter\Session\Handlers\FileHandler' driver.
WARNING - 2023-07-03 04:27:52 --> Session: Sessions is enabled, and one exists.Please don't $session->start();
INFO - 2023-07-03 04:27:52 --> Session: Class initialized using 'CodeIgniter\Session\Handlers\FileHandler' driver.
WARNING - 2023-07-03 04:27:52 --> Session: Sessions is enabled, and one exists.Please don't $session->start();
INFO - 2023-07-03 04:35:54 --> Session: Class initialized using 'CodeIgniter\Session\Handlers\FileHandler' driver.
WARNING - 2023-07-03 04:35:54 --> Session: Sessions is enabled, and one exists.Please don't $session->start();
INFO - 2023-07-03 04:35:55 --> Session: Class initialized using 'CodeIgniter\Session\Handlers\FileHandler' driver.
WARNING - 2023-07-03 04:35:55 --> Session: Sessions is enabled, and one exists.Please don't $session->start();
INFO - 2023-07-03 04:35:58 --> Session: Class initialized using 'CodeIgniter\Session\Handlers\FileHandler' driver.
WARNING - 2023-07-03 04:35:58 --> Session: Sessions is enabled, and one exists.Please don't $session->start();
INFO - 2023-07-03 04:35:58 --> Session: Class initialized using 'CodeIgniter\Session\Handlers\FileHandler' driver.
WARNING - 2023-07-03 04:35:58 --> Session: Sessions is enabled, and one exists.Please don't $session->start();
INFO - 2023-07-03 04:36:11 --> Session: Class initialized using 'CodeIgniter\Session\Handlers\FileHandler' driver.
WARNING - 2023-07-03 04:36:11 --> Session: Sessions is enabled, and one exists.Please don't $session->start();
CRITICAL - 2023-07-03 04:36:11 --> unlink() expects parameter 2 to be resource, string given
#0 [internal function]: CodeIgniter\Debug\Exceptions->errorHandler(2, 'unlink() expect...', '/usr/local/var/...', 261, Array)
#1 /usr/local/var/www/simkkn/app/Controllers/Backend/Pengumuman.php(261): unlink('assets-admin/pa...', '1688333122_65c4...')
#2 /usr/local/var/www/simkkn/vendor/codeigniter4/framework/system/CodeIgniter.php(918): App\Controllers\Backend\Pengumuman->update_data()
#3 /usr/local/var/www/simkkn/vendor/codeigniter4/framework/system/CodeIgniter.php(404): CodeIgniter\CodeIgniter->runController(Object(App\Controllers\Backend\Pengumuman))
#4 /usr/local/var/www/simkkn/vendor/codeigniter4/framework/system/CodeIgniter.php(312): CodeIgniter\CodeIgniter->handleRequest(NULL, Object(Config\Cache), false)
#5 /usr/local/var/www/simkkn/public/index.php(45): CodeIgniter\CodeIgniter->run()
#6 /usr/local/var/www/simkkn/vendor/codeigniter4/framework/system/Commands/Server/rewrite.php(34): require_once('/usr/local/var/...')
#7 {main}
INFO - 2023-07-03 04:36:28 --> Session: Class initialized using 'CodeIgniter\Session\Handlers\FileHandler' driver.
WARNING - 2023-07-03 04:36:28 --> Session: Sessions is enabled, and one exists.Please don't $session->start();
INFO - 2023-07-03 04:36:29 --> Session: Class initialized using 'CodeIgniter\Session\Handlers\FileHandler' driver.
WARNING - 2023-07-03 04:36:29 --> Session: Sessions is enabled, and one exists.Please don't $session->start();
INFO - 2023-07-03 04:36:32 --> Session: Class initialized using 'CodeIgniter\Session\Handlers\FileHandler' driver.
WARNING - 2023-07-03 04:36:32 --> Session: Sessions is enabled, and one exists.Please don't $session->start();
INFO - 2023-07-03 04:36:32 --> Session: Class initialized using 'CodeIgniter\Session\Handlers\FileHandler' driver.
WARNING - 2023-07-03 04:36:32 --> Session: Sessions is enabled, and one exists.Please don't $session->start();
INFO - 2023-07-03 04:36:43 --> Session: Class initialized using 'CodeIgniter\Session\Handlers\FileHandler' driver.
WARNING - 2023-07-03 04:36:43 --> Session: Sessions is enabled, and one exists.Please don't $session->start();
INFO - 2023-07-03 04:36:44 --> Session: Class initialized using 'CodeIgniter\Session\Handlers\FileHandler' driver.
WARNING - 2023-07-03 04:36:44 --> Session: Sessions is enabled, and one exists.Please don't $session->start();
INFO - 2023-07-03 04:36:49 --> Session: Class initialized using 'CodeIgniter\Session\Handlers\FileHandler' driver.
WARNING - 2023-07-03 04:36:49 --> Session: Sessions is enabled, and one exists.Please don't $session->start();
INFO - 2023-07-03 04:36:49 --> Session: Class initialized using 'CodeIgniter\Session\Handlers\FileHandler' driver.
WARNING - 2023-07-03 04:36:49 --> Session: Sessions is enabled, and one exists.Please don't $session->start();
INFO - 2023-07-03 04:37:03 --> Session: Class initialized using 'CodeIgniter\Session\Handlers\FileHandler' driver.
WARNING - 2023-07-03 04:37:03 --> Session: Sessions is enabled, and one exists.Please don't $session->start();
INFO - 2023-07-03 04:37:03 --> Session: Class initialized using 'CodeIgniter\Session\Handlers\FileHandler' driver.
WARNING - 2023-07-03 04:37:03 --> Session: Sessions is enabled, and one exists.Please don't $session->start();
INFO - 2023-07-03 04:37:08 --> Session: Class initialized using 'CodeIgniter\Session\Handlers\FileHandler' driver.
WARNING - 2023-07-03 04:37:08 --> Session: Sessions is enabled, and one exists.Please don't $session->start();
INFO - 2023-07-03 04:37:08 --> Session: Class initialized using 'CodeIgniter\Session\Handlers\FileHandler' driver.
WARNING - 2023-07-03 04:37:08 --> Session: Sessions is enabled, and one exists.Please don't $session->start();
INFO - 2023-07-03 04:37:24 --> Session: Class initialized using 'CodeIgniter\Session\Handlers\FileHandler' driver.
WARNING - 2023-07-03 04:37:24 --> Session: Sessions is enabled, and one exists.Please don't $session->start();
INFO - 2023-07-03 04:37:25 --> Session: Class initialized using 'CodeIgniter\Session\Handlers\FileHandler' driver.
WARNING - 2023-07-03 04:37:25 --> Session: Sessions is enabled, and one exists.Please don't $session->start();
INFO - 2023-07-03 04:37:27 --> Session: Class initialized using 'CodeIgniter\Session\Handlers\FileHandler' driver.
WARNING - 2023-07-03 04:37:27 --> Session: Sessions is enabled, and one exists.Please don't $session->start();
INFO - 2023-07-03 04:37:27 --> Session: Class initialized using 'CodeIgniter\Session\Handlers\FileHandler' driver.
WARNING - 2023-07-03 04:37:27 --> Session: Sessions is enabled, and one exists.Please don't $session->start();
INFO - 2023-07-03 05:07:25 --> Session: Class initialized using 'CodeIgniter\Session\Handlers\FileHandler' driver.
WARNING - 2023-07-03 05:07:25 --> Session: Sessions is enabled, and one exists.Please don't $session->start();
INFO - 2023-07-03 05:07:27 --> Session: Class initialized using 'CodeIgniter\Session\Handlers\FileHandler' driver.
WARNING - 2023-07-03 05:07:27 --> Session: Sessions is enabled, and one exists.Please don't $session->start();
INFO - 2023-07-03 05:37:27 --> Session: Class initialized using 'CodeIgniter\Session\Handlers\FileHandler' driver.
WARNING - 2023-07-03 05:37:27 --> Session: Sessions is enabled, and one exists.Please don't $session->start();
INFO - 2023-07-03 05:37:28 --> Session: Class initialized using 'CodeIgniter\Session\Handlers\FileHandler' driver.
WARNING - 2023-07-03 05:37:28 --> Session: Sessions is enabled, and one exists.Please don't $session->start();
INFO - 2023-07-03 06:07:28 --> Session: Class initialized using 'CodeIgniter\Session\Handlers\FileHandler' driver.
WARNING - 2023-07-03 06:07:28 --> Session: Sessions is enabled, and one exists.Please don't $session->start();
INFO - 2023-07-03 06:07:29 --> Session: Class initialized using 'CodeIgniter\Session\Handlers\FileHandler' driver.
WARNING - 2023-07-03 06:07:29 --> Session: Sessions is enabled, and one exists.Please don't $session->start();
INFO - 2023-07-03 06:20:43 --> Session: Class initialized using 'CodeIgniter\Session\Handlers\FileHandler' driver.
WARNING - 2023-07-03 06:20:43 --> Session: Sessions is enabled, and one exists.Please don't $session->start();
INFO - 2023-07-03 06:20:43 --> Session: Class initialized using 'CodeIgniter\Session\Handlers\FileHandler' driver.
WARNING - 2023-07-03 06:20:43 --> Session: Sessions is enabled, and one exists.Please don't $session->start();
INFO - 2023-07-03 06:20:51 --> Session: Class initialized using 'CodeIgniter\Session\Handlers\FileHandler' driver.
WARNING - 2023-07-03 06:20:51 --> Session: Sessions is enabled, and one exists.Please don't $session->start();
INFO - 2023-07-03 06:20:51 --> Session: Class initialized using 'CodeIgniter\Session\Handlers\FileHandler' driver.
WARNING - 2023-07-03 06:20:51 --> Session: Sessions is enabled, and one exists.Please don't $session->start();
INFO - 2023-07-03 06:20:57 --> Session: Class initialized using 'CodeIgniter\Session\Handlers\FileHandler' driver.
WARNING - 2023-07-03 06:20:57 --> Session: Sessions is enabled, and one exists.Please don't $session->start();
INFO - 2023-07-03 06:20:58 --> Session: Class initialized using 'CodeIgniter\Session\Handlers\FileHandler' driver.
WARNING - 2023-07-03 06:20:58 --> Session: Sessions is enabled, and one exists.Please don't $session->start();
INFO - 2023-07-03 06:21:15 --> Session: Class initialized using 'CodeIgniter\Session\Handlers\FileHandler' driver.
WARNING - 2023-07-03 06:21:15 --> Session: Sessions is enabled, and one exists.Please don't $session->start();
INFO - 2023-07-03 06:21:15 --> Session: Class initialized using 'CodeIgniter\Session\Handlers\FileHandler' driver.
WARNING - 2023-07-03 06:21:15 --> Session: Sessions is enabled, and one exists.Please don't $session->start();
INFO - 2023-07-03 06:21:28 --> Session: Class initialized using 'CodeIgniter\Session\Handlers\FileHandler' driver.
WARNING - 2023-07-03 06:21:28 --> Session: Sessions is enabled, and one exists.Please don't $session->start();
INFO - 2023-07-03 06:21:29 --> Session: Class initialized using 'CodeIgniter\Session\Handlers\FileHandler' driver.
WARNING - 2023-07-03 06:21:29 --> Session: Sessions is enabled, and one exists.Please don't $session->start();
INFO - 2023-07-03 06:21:29 --> Session: Class initialized using 'CodeIgniter\Session\Handlers\FileHandler' driver.
WARNING - 2023-07-03 06:21:29 --> Session: Sessions is enabled, and one exists.Please don't $session->start();
INFO - 2023-07-03 06:21:30 --> Session: Class initialized using 'CodeIgniter\Session\Handlers\FileHandler' driver.
WARNING - 2023-07-03 06:21:30 --> Session: Sessions is enabled, and one exists.Please don't $session->start();
INFO - 2023-07-03 06:23:34 --> Session: Class initialized using 'CodeIgniter\Session\Handlers\FileHandler' driver.
INFO - 2023-07-03 06:23:38 --> Session: Class initialized using 'CodeIgniter\Session\Handlers\FileHandler' driver.
WARNING - 2023-07-03 06:23:38 --> Session: Sessions is enabled, and one exists.Please don't $session->start();
INFO - 2023-07-03 06:23:38 --> Session: Class initialized using 'CodeIgniter\Session\Handlers\FileHandler' driver.
WARNING - 2023-07-03 06:23:38 --> Session: Sessions is enabled, and one exists.Please don't $session->start();
INFO - 2023-07-03 06:23:40 --> Session: Class initialized using 'CodeIgniter\Session\Handlers\FileHandler' driver.
WARNING - 2023-07-03 06:23:40 --> Session: Sessions is enabled, and one exists.Please don't $session->start();
INFO - 2023-07-03 06:23:40 --> Session: Class initialized using 'CodeIgniter\Session\Handlers\FileHandler' driver.
WARNING - 2023-07-03 06:23:40 --> Session: Sessions is enabled, and one exists.Please don't $session->start();
INFO - 2023-07-03 06:23:43 --> Session: Class initialized using 'CodeIgniter\Session\Handlers\FileHandler' driver.
WARNING - 2023-07-03 06:23:43 --> Session: Sessions is enabled, and one exists.Please don't $session->start();
INFO - 2023-07-03 06:23:43 --> Session: Class initialized using 'CodeIgniter\Session\Handlers\FileHandler' driver.
WARNING - 2023-07-03 06:23:43 --> Session: Sessions is enabled, and one exists.Please don't $session->start();
INFO - 2023-07-03 06:23:52 --> Session: Class initialized using 'CodeIgniter\Session\Handlers\FileHandler' driver.
WARNING - 2023-07-03 06:23:52 --> Session: Sessions is enabled, and one exists.Please don't $session->start();
INFO - 2023-07-03 06:23:52 --> Session: Class initialized using 'CodeIgniter\Session\Handlers\FileHandler' driver.
WARNING - 2023-07-03 06:23:52 --> Session: Sessions is enabled, and one exists.Please don't $session->start();
INFO - 2023-07-03 06:27:26 --> Session: Class initialized using 'CodeIgniter\Session\Handlers\FileHandler' driver.
WARNING - 2023-07-03 06:27:26 --> Session: Sessions is enabled, and one exists.Please don't $session->start();
INFO - 2023-07-03 06:27:26 --> Session: Class initialized using 'CodeIgniter\Session\Handlers\FileHandler' driver.
WARNING - 2023-07-03 06:27:26 --> Session: Sessions is enabled, and one exists.Please don't $session->start();
INFO - 2023-07-03 06:27:32 --> Session: Class initialized using 'CodeIgniter\Session\Handlers\FileHandler' driver.
WARNING - 2023-07-03 06:27:32 --> Session: Sessions is enabled, and one exists.Please don't $session->start();
INFO - 2023-07-03 06:27:32 --> Session: Class initialized using 'CodeIgniter\Session\Handlers\FileHandler' driver.
WARNING - 2023-07-03 06:27:32 --> Session: Sessions is enabled, and one exists.Please don't $session->start();
INFO - 2023-07-03 06:27:41 --> Session: Class initialized using 'CodeIgniter\Session\Handlers\FileHandler' driver.
WARNING - 2023-07-03 06:27:41 --> Session: Sessions is enabled, and one exists.Please don't $session->start();
INFO - 2023-07-03 06:27:41 --> Session: Class initialized using 'CodeIgniter\Session\Handlers\FileHandler' driver.
WARNING - 2023-07-03 06:27:41 --> Session: Sessions is enabled, and one exists.Please don't $session->start();
INFO - 2023-07-03 06:27:47 --> Session: Class initialized using 'CodeIgniter\Session\Handlers\FileHandler' driver.
WARNING - 2023-07-03 06:27:47 --> Session: Sessions is enabled, and one exists.Please don't $session->start();
INFO - 2023-07-03 06:27:47 --> Session: Class initialized using 'CodeIgniter\Session\Handlers\FileHandler' driver.
WARNING - 2023-07-03 06:27:47 --> Session: Sessions is enabled, and one exists.Please don't $session->start();
INFO - 2023-07-03 06:27:53 --> Session: Class initialized using 'CodeIgniter\Session\Handlers\FileHandler' driver.
WARNING - 2023-07-03 06:27:53 --> Session: Sessions is enabled, and one exists.Please don't $session->start();
INFO - 2023-07-03 06:27:53 --> Session: Class initialized using 'CodeIgniter\Session\Handlers\FileHandler' driver.
WARNING - 2023-07-03 06:27:53 --> Session: Sessions is enabled, and one exists.Please don't $session->start();
INFO - 2023-07-03 06:28:06 --> Session: Class initialized using 'CodeIgniter\Session\Handlers\FileHandler' driver.
WARNING - 2023-07-03 06:28:06 --> Session: Sessions is enabled, and one exists.Please don't $session->start();
INFO - 2023-07-03 06:28:06 --> Session: Class initialized using 'CodeIgniter\Session\Handlers\FileHandler' driver.
WARNING - 2023-07-03 06:28:06 --> Session: Sessions is enabled, and one exists.Please don't $session->start();
INFO - 2023-07-03 09:56:22 --> Session: Class initialized using 'CodeIgniter\Session\Handlers\FileHandler' driver.
INFO - 2023-07-03 09:56:22 --> Session: Class initialized using 'CodeIgniter\Session\Handlers\FileHandler' driver.
WARNING - 2023-07-03 09:56:22 --> Session: Sessions is enabled, and one exists.Please don't $session->start();
INFO - 2023-07-03 09:56:36 --> Session: Class initialized using 'CodeIgniter\Session\Handlers\FileHandler' driver.
WARNING - 2023-07-03 09:56:36 --> Session: Sessions is enabled, and one exists.Please don't $session->start();
INFO - 2023-07-03 09:56:38 --> Session: Class initialized using 'CodeIgniter\Session\Handlers\FileHandler' driver.
INFO - 2023-07-03 09:56:45 --> Session: Class initialized using 'CodeIgniter\Session\Handlers\FileHandler' driver.
WARNING - 2023-07-03 09:56:45 --> Session: Sessions is enabled, and one exists.Please don't $session->start();
INFO - 2023-07-03 09:56:46 --> Session: Class initialized using 'CodeIgniter\Session\Handlers\FileHandler' driver.
WARNING - 2023-07-03 09:56:46 --> Session: Sessions is enabled, and one exists.Please don't $session->start();
INFO - 2023-07-03 09:56:53 --> Session: Class initialized using 'CodeIgniter\Session\Handlers\FileHandler' driver.
WARNING - 2023-07-03 09:56:53 --> Session: Sessions is enabled, and one exists.Please don't $session->start();
INFO - 2023-07-03 09:56:53 --> Session: Class initialized using 'CodeIgniter\Session\Handlers\FileHandler' driver.
WARNING - 2023-07-03 09:56:53 --> Session: Sessions is enabled, and one exists.Please don't $session->start();
INFO - 2023-07-03 09:57:03 --> Session: Class initialized using 'CodeIgniter\Session\Handlers\FileHandler' driver.
WARNING - 2023-07-03 09:57:03 --> Session: Sessions is enabled, and one exists.Please don't $session->start();
INFO - 2023-07-03 09:57:03 --> Session: Class initialized using 'CodeIgniter\Session\Handlers\FileHandler' driver.
WARNING - 2023-07-03 09:57:03 --> Session: Sessions is enabled, and one exists.Please don't $session->start();
INFO - 2023-07-03 09:57:16 --> Session: Class initialized using 'CodeIgniter\Session\Handlers\FileHandler' driver.
WARNING - 2023-07-03 09:57:16 --> Session: Sessions is enabled, and one exists.Please don't $session->start();
INFO - 2023-07-03 09:57:17 --> Session: Class initialized using 'CodeIgniter\Session\Handlers\FileHandler' driver.
WARNING - 2023-07-03 09:57:17 --> Session: Sessions is enabled, and one exists.Please don't $session->start();
INFO - 2023-07-03 09:57:22 --> Session: Class initialized using 'CodeIgniter\Session\Handlers\FileHandler' driver.
WARNING - 2023-07-03 09:57:22 --> Session: Sessions is enabled, and one exists.Please don't $session->start();
INFO - 2023-07-03 09:57:23 --> Session: Class initialized using 'CodeIgniter\Session\Handlers\FileHandler' driver.
WARNING - 2023-07-03 09:57:23 --> Session: Sessions is enabled, and one exists.Please don't $session->start();
INFO - 2023-07-03 09:57:29 --> Session: Class initialized using 'CodeIgniter\Session\Handlers\FileHandler' driver.
WARNING - 2023-07-03 09:57:29 --> Session: Sessions is enabled, and one exists.Please don't $session->start();
INFO - 2023-07-03 09:57:29 --> Session: Class initialized using 'CodeIgniter\Session\Handlers\FileHandler' driver.
WARNING - 2023-07-03 09:57:29 --> Session: Sessions is enabled, and one exists.Please don't $session->start();
INFO - 2023-07-03 09:57:40 --> Session: Class initialized using 'CodeIgniter\Session\Handlers\FileHandler' driver.
WARNING - 2023-07-03 09:57:40 --> Session: Sessions is enabled, and one exists.Please don't $session->start();
INFO - 2023-07-03 09:57:47 --> Session: Class initialized using 'CodeIgniter\Session\Handlers\FileHandler' driver.
WARNING - 2023-07-03 09:57:47 --> Session: Sessions is enabled, and one exists.Please don't $session->start();
