INFO - 2023-06-30 09:08:13 --> Session: Class initialized using 'CodeIgniter\Session\Handlers\FileHandler' driver.
INFO - 2023-06-30 09:08:13 --> Session: Class initialized using 'CodeIgniter\Session\Handlers\FileHandler' driver.
WARNING - 2023-06-30 09:08:13 --> Session: Sessions is enabled, and one exists.Please don't $session->start();
INFO - 2023-06-30 09:08:20 --> Session: Class initialized using 'CodeIgniter\Session\Handlers\FileHandler' driver.
WARNING - 2023-06-30 09:08:20 --> Session: Sessions is enabled, and one exists.Please don't $session->start();
INFO - 2023-06-30 09:08:22 --> Session: Class initialized using 'CodeIgniter\Session\Handlers\FileHandler' driver.
INFO - 2023-06-30 09:08:44 --> Session: Class initialized using 'CodeIgniter\Session\Handlers\FileHandler' driver.
WARNING - 2023-06-30 09:08:44 --> Session: Sessions is enabled, and one exists.Please don't $session->start();
INFO - 2023-06-30 09:08:45 --> Session: Class initialized using 'CodeIgniter\Session\Handlers\FileHandler' driver.
WARNING - 2023-06-30 09:08:45 --> Session: Sessions is enabled, and one exists.Please don't $session->start();
INFO - 2023-06-30 09:08:57 --> Session: Class initialized using 'CodeIgniter\Session\Handlers\FileHandler' driver.
WARNING - 2023-06-30 09:08:57 --> Session: Sessions is enabled, and one exists.Please don't $session->start();
INFO - 2023-06-30 09:08:57 --> Session: Class initialized using 'CodeIgniter\Session\Handlers\FileHandler' driver.
WARNING - 2023-06-30 09:08:57 --> Session: Sessions is enabled, and one exists.Please don't $session->start();
INFO - 2023-06-30 09:09:02 --> Session: Class initialized using 'CodeIgniter\Session\Handlers\FileHandler' driver.
WARNING - 2023-06-30 09:09:02 --> Session: Sessions is enabled, and one exists.Please don't $session->start();
INFO - 2023-06-30 09:09:20 --> Session: Class initialized using 'CodeIgniter\Session\Handlers\FileHandler' driver.
WARNING - 2023-06-30 09:09:20 --> Session: Sessions is enabled, and one exists.Please don't $session->start();
INFO - 2023-06-30 09:10:24 --> Session: Class initialized using 'CodeIgniter\Session\Handlers\FileHandler' driver.
WARNING - 2023-06-30 09:10:24 --> Session: Sessions is enabled, and one exists.Please don't $session->start();
INFO - 2023-06-30 09:10:41 --> Session: Class initialized using 'CodeIgniter\Session\Handlers\FileHandler' driver.
WARNING - 2023-06-30 09:10:41 --> Session: Sessions is enabled, and one exists.Please don't $session->start();
INFO - 2023-06-30 09:10:42 --> Session: Class initialized using 'CodeIgniter\Session\Handlers\FileHandler' driver.
WARNING - 2023-06-30 09:10:42 --> Session: Sessions is enabled, and one exists.Please don't $session->start();
INFO - 2023-06-30 09:10:52 --> Session: Class initialized using 'CodeIgniter\Session\Handlers\FileHandler' driver.
INFO - 2023-06-30 09:10:55 --> Session: Class initialized using 'CodeIgniter\Session\Handlers\FileHandler' driver.
WARNING - 2023-06-30 09:10:55 --> Session: Sessions is enabled, and one exists.Please don't $session->start();
INFO - 2023-06-30 09:10:55 --> Session: Class initialized using 'CodeIgniter\Session\Handlers\FileHandler' driver.
WARNING - 2023-06-30 09:10:55 --> Session: Sessions is enabled, and one exists.Please don't $session->start();
INFO - 2023-06-30 09:38:15 --> Session: Class initialized using 'CodeIgniter\Session\Handlers\FileHandler' driver.
WARNING - 2023-06-30 09:38:15 --> Session: Sessions is enabled, and one exists.Please don't $session->start();
INFO - 2023-06-30 09:38:15 --> Session: Class initialized using 'CodeIgniter\Session\Handlers\FileHandler' driver.
WARNING - 2023-06-30 09:38:15 --> Session: Sessions is enabled, and one exists.Please don't $session->start();
INFO - 2023-06-30 09:38:19 --> Session: Class initialized using 'CodeIgniter\Session\Handlers\FileHandler' driver.
WARNING - 2023-06-30 09:38:19 --> Session: Sessions is enabled, and one exists.Please don't $session->start();
INFO - 2023-06-30 09:38:20 --> Session: Class initialized using 'CodeIgniter\Session\Handlers\FileHandler' driver.
WARNING - 2023-06-30 09:38:20 --> Session: Sessions is enabled, and one exists.Please don't $session->start();
INFO - 2023-06-30 09:38:28 --> Session: Class initialized using 'CodeIgniter\Session\Handlers\FileHandler' driver.
WARNING - 2023-06-30 09:38:28 --> Session: Sessions is enabled, and one exists.Please don't $session->start();
INFO - 2023-06-30 09:41:01 --> Session: Class initialized using 'CodeIgniter\Session\Handlers\FileHandler' driver.
WARNING - 2023-06-30 09:41:01 --> Session: Sessions is enabled, and one exists.Please don't $session->start();
INFO - 2023-06-30 09:41:07 --> Session: Class initialized using 'CodeIgniter\Session\Handlers\FileHandler' driver.
WARNING - 2023-06-30 09:41:07 --> Session: Sessions is enabled, and one exists.Please don't $session->start();
INFO - 2023-06-30 10:11:07 --> Session: Class initialized using 'CodeIgniter\Session\Handlers\FileHandler' driver.
WARNING - 2023-06-30 10:11:07 --> Session: Sessions is enabled, and one exists.Please don't $session->start();
INFO - 2023-06-30 10:34:52 --> Session: Class initialized using 'CodeIgniter\Session\Handlers\FileHandler' driver.
WARNING - 2023-06-30 10:34:52 --> Session: Sessions is enabled, and one exists.Please don't $session->start();
INFO - 2023-06-30 10:34:55 --> Session: Class initialized using 'CodeIgniter\Session\Handlers\FileHandler' driver.
WARNING - 2023-06-30 10:34:55 --> Session: Sessions is enabled, and one exists.Please don't $session->start();
CRITICAL - 2023-06-30 10:34:55 --> Invalid argument supplied for foreach()
#0 /usr/local/var/www/simkkn/app/Views/admin/profil/index.php(17): CodeIgniter\Debug\Exceptions->errorHandler(2, 'Invalid argumen...', '/usr/local/var/...', 17, Array)
#1 /usr/local/var/www/simkkn/vendor/codeigniter4/framework/system/View/View.php(246): include('/usr/local/var/...')
#2 /usr/local/var/www/simkkn/vendor/codeigniter4/framework/system/Common.php(1119): CodeIgniter\View\View->render('admin/profil/in...', Array, true)
#3 /usr/local/var/www/simkkn/app/Controllers/Backend/Profil.php(31): view('admin/profil/in...', Array)
#4 /usr/local/var/www/simkkn/vendor/codeigniter4/framework/system/CodeIgniter.php(918): App\Controllers\Backend\Profil->index()
#5 /usr/local/var/www/simkkn/vendor/codeigniter4/framework/system/CodeIgniter.php(404): CodeIgniter\CodeIgniter->runController(Object(App\Controllers\Backend\Profil))
#6 /usr/local/var/www/simkkn/vendor/codeigniter4/framework/system/CodeIgniter.php(312): CodeIgniter\CodeIgniter->handleRequest(NULL, Object(Config\Cache), false)
#7 /usr/local/var/www/simkkn/public/index.php(45): CodeIgniter\CodeIgniter->run()
#8 /usr/local/var/www/simkkn/vendor/codeigniter4/framework/system/Commands/Server/rewrite.php(34): require_once('/usr/local/var/...')
#9 {main}
INFO - 2023-06-30 10:35:12 --> Session: Class initialized using 'CodeIgniter\Session\Handlers\FileHandler' driver.
WARNING - 2023-06-30 10:35:12 --> Session: Sessions is enabled, and one exists.Please don't $session->start();
CRITICAL - 2023-06-30 10:35:12 --> Invalid argument supplied for foreach()
#0 /usr/local/var/www/simkkn/app/Views/admin/profil/index.php(17): CodeIgniter\Debug\Exceptions->errorHandler(2, 'Invalid argumen...', '/usr/local/var/...', 17, Array)
#1 /usr/local/var/www/simkkn/vendor/codeigniter4/framework/system/View/View.php(246): include('/usr/local/var/...')
#2 /usr/local/var/www/simkkn/vendor/codeigniter4/framework/system/Common.php(1119): CodeIgniter\View\View->render('admin/profil/in...', Array, true)
#3 /usr/local/var/www/simkkn/app/Controllers/Backend/Profil.php(31): view('admin/profil/in...', Array)
#4 /usr/local/var/www/simkkn/vendor/codeigniter4/framework/system/CodeIgniter.php(918): App\Controllers\Backend\Profil->index()
#5 /usr/local/var/www/simkkn/vendor/codeigniter4/framework/system/CodeIgniter.php(404): CodeIgniter\CodeIgniter->runController(Object(App\Controllers\Backend\Profil))
#6 /usr/local/var/www/simkkn/vendor/codeigniter4/framework/system/CodeIgniter.php(312): CodeIgniter\CodeIgniter->handleRequest(NULL, Object(Config\Cache), false)
#7 /usr/local/var/www/simkkn/public/index.php(45): CodeIgniter\CodeIgniter->run()
#8 /usr/local/var/www/simkkn/vendor/codeigniter4/framework/system/Commands/Server/rewrite.php(34): require_once('/usr/local/var/...')
#9 {main}
INFO - 2023-06-30 10:36:24 --> Session: Class initialized using 'CodeIgniter\Session\Handlers\FileHandler' driver.
WARNING - 2023-06-30 10:36:24 --> Session: Sessions is enabled, and one exists.Please don't $session->start();
CRITICAL - 2023-06-30 10:36:24 --> Invalid argument supplied for foreach()
#0 /usr/local/var/www/simkkn/app/Views/admin/profil/index.php(17): CodeIgniter\Debug\Exceptions->errorHandler(2, 'Invalid argumen...', '/usr/local/var/...', 17, Array)
#1 /usr/local/var/www/simkkn/vendor/codeigniter4/framework/system/View/View.php(246): include('/usr/local/var/...')
#2 /usr/local/var/www/simkkn/vendor/codeigniter4/framework/system/Common.php(1119): CodeIgniter\View\View->render('admin/profil/in...', Array, true)
#3 /usr/local/var/www/simkkn/app/Controllers/Backend/Profil.php(32): view('admin/profil/in...', Array)
#4 /usr/local/var/www/simkkn/vendor/codeigniter4/framework/system/CodeIgniter.php(918): App\Controllers\Backend\Profil->index()
#5 /usr/local/var/www/simkkn/vendor/codeigniter4/framework/system/CodeIgniter.php(404): CodeIgniter\CodeIgniter->runController(Object(App\Controllers\Backend\Profil))
#6 /usr/local/var/www/simkkn/vendor/codeigniter4/framework/system/CodeIgniter.php(312): CodeIgniter\CodeIgniter->handleRequest(NULL, Object(Config\Cache), false)
#7 /usr/local/var/www/simkkn/public/index.php(45): CodeIgniter\CodeIgniter->run()
#8 /usr/local/var/www/simkkn/vendor/codeigniter4/framework/system/Commands/Server/rewrite.php(34): require_once('/usr/local/var/...')
#9 {main}
INFO - 2023-06-30 10:36:25 --> Session: Class initialized using 'CodeIgniter\Session\Handlers\FileHandler' driver.
WARNING - 2023-06-30 10:36:25 --> Session: Sessions is enabled, and one exists.Please don't $session->start();
CRITICAL - 2023-06-30 10:36:25 --> Invalid argument supplied for foreach()
#0 /usr/local/var/www/simkkn/app/Views/admin/profil/index.php(17): CodeIgniter\Debug\Exceptions->errorHandler(2, 'Invalid argumen...', '/usr/local/var/...', 17, Array)
#1 /usr/local/var/www/simkkn/vendor/codeigniter4/framework/system/View/View.php(246): include('/usr/local/var/...')
#2 /usr/local/var/www/simkkn/vendor/codeigniter4/framework/system/Common.php(1119): CodeIgniter\View\View->render('admin/profil/in...', Array, true)
#3 /usr/local/var/www/simkkn/app/Controllers/Backend/Profil.php(32): view('admin/profil/in...', Array)
#4 /usr/local/var/www/simkkn/vendor/codeigniter4/framework/system/CodeIgniter.php(918): App\Controllers\Backend\Profil->index()
#5 /usr/local/var/www/simkkn/vendor/codeigniter4/framework/system/CodeIgniter.php(404): CodeIgniter\CodeIgniter->runController(Object(App\Controllers\Backend\Profil))
#6 /usr/local/var/www/simkkn/vendor/codeigniter4/framework/system/CodeIgniter.php(312): CodeIgniter\CodeIgniter->handleRequest(NULL, Object(Config\Cache), false)
#7 /usr/local/var/www/simkkn/public/index.php(45): CodeIgniter\CodeIgniter->run()
#8 /usr/local/var/www/simkkn/vendor/codeigniter4/framework/system/Commands/Server/rewrite.php(34): require_once('/usr/local/var/...')
#9 {main}
INFO - 2023-06-30 10:37:52 --> Session: Class initialized using 'CodeIgniter\Session\Handlers\FileHandler' driver.
WARNING - 2023-06-30 10:37:52 --> Session: Sessions is enabled, and one exists.Please don't $session->start();
INFO - 2023-06-30 10:39:36 --> Session: Class initialized using 'CodeIgniter\Session\Handlers\FileHandler' driver.
WARNING - 2023-06-30 10:39:36 --> Session: Sessions is enabled, and one exists.Please don't $session->start();
INFO - 2023-06-30 10:39:45 --> Session: Class initialized using 'CodeIgniter\Session\Handlers\FileHandler' driver.
WARNING - 2023-06-30 10:39:45 --> Session: Sessions is enabled, and one exists.Please don't $session->start();
INFO - 2023-06-30 10:40:35 --> Session: Class initialized using 'CodeIgniter\Session\Handlers\FileHandler' driver.
WARNING - 2023-06-30 10:40:35 --> Session: Sessions is enabled, and one exists.Please don't $session->start();
INFO - 2023-06-30 10:40:55 --> Session: Class initialized using 'CodeIgniter\Session\Handlers\FileHandler' driver.
WARNING - 2023-06-30 10:40:55 --> Session: Sessions is enabled, and one exists.Please don't $session->start();
INFO - 2023-06-30 10:41:09 --> Session: Class initialized using 'CodeIgniter\Session\Handlers\FileHandler' driver.
WARNING - 2023-06-30 10:41:09 --> Session: Sessions is enabled, and one exists.Please don't $session->start();
INFO - 2023-06-30 10:41:22 --> Session: Class initialized using 'CodeIgniter\Session\Handlers\FileHandler' driver.
WARNING - 2023-06-30 10:41:22 --> Session: Sessions is enabled, and one exists.Please don't $session->start();
INFO - 2023-06-30 10:43:02 --> Session: Class initialized using 'CodeIgniter\Session\Handlers\FileHandler' driver.
WARNING - 2023-06-30 10:43:02 --> Session: Sessions is enabled, and one exists.Please don't $session->start();
INFO - 2023-06-30 10:43:40 --> Session: Class initialized using 'CodeIgniter\Session\Handlers\FileHandler' driver.
WARNING - 2023-06-30 10:43:40 --> Session: Sessions is enabled, and one exists.Please don't $session->start();
INFO - 2023-06-30 10:43:47 --> Session: Class initialized using 'CodeIgniter\Session\Handlers\FileHandler' driver.
WARNING - 2023-06-30 10:43:47 --> Session: Sessions is enabled, and one exists.Please don't $session->start();
INFO - 2023-06-30 10:45:37 --> Session: Class initialized using 'CodeIgniter\Session\Handlers\FileHandler' driver.
WARNING - 2023-06-30 10:45:37 --> Session: Sessions is enabled, and one exists.Please don't $session->start();
INFO - 2023-06-30 10:49:14 --> Session: Class initialized using 'CodeIgniter\Session\Handlers\FileHandler' driver.
WARNING - 2023-06-30 10:49:14 --> Session: Sessions is enabled, and one exists.Please don't $session->start();
INFO - 2023-06-30 10:49:52 --> Session: Class initialized using 'CodeIgniter\Session\Handlers\FileHandler' driver.
WARNING - 2023-06-30 10:49:52 --> Session: Sessions is enabled, and one exists.Please don't $session->start();
INFO - 2023-06-30 10:50:14 --> Session: Class initialized using 'CodeIgniter\Session\Handlers\FileHandler' driver.
WARNING - 2023-06-30 10:50:14 --> Session: Sessions is enabled, and one exists.Please don't $session->start();
INFO - 2023-06-30 10:51:13 --> Session: Class initialized using 'CodeIgniter\Session\Handlers\FileHandler' driver.
WARNING - 2023-06-30 10:51:13 --> Session: Sessions is enabled, and one exists.Please don't $session->start();
INFO - 2023-06-30 10:52:26 --> Session: Class initialized using 'CodeIgniter\Session\Handlers\FileHandler' driver.
WARNING - 2023-06-30 10:52:26 --> Session: Sessions is enabled, and one exists.Please don't $session->start();
INFO - 2023-06-30 10:53:42 --> Session: Class initialized using 'CodeIgniter\Session\Handlers\FileHandler' driver.
WARNING - 2023-06-30 10:53:42 --> Session: Sessions is enabled, and one exists.Please don't $session->start();
INFO - 2023-06-30 10:53:48 --> Session: Class initialized using 'CodeIgniter\Session\Handlers\FileHandler' driver.
WARNING - 2023-06-30 10:53:48 --> Session: Sessions is enabled, and one exists.Please don't $session->start();
INFO - 2023-06-30 10:53:54 --> Session: Class initialized using 'CodeIgniter\Session\Handlers\FileHandler' driver.
WARNING - 2023-06-30 10:53:54 --> Session: Sessions is enabled, and one exists.Please don't $session->start();
INFO - 2023-06-30 10:54:37 --> Session: Class initialized using 'CodeIgniter\Session\Handlers\FileHandler' driver.
WARNING - 2023-06-30 10:54:37 --> Session: Sessions is enabled, and one exists.Please don't $session->start();
INFO - 2023-06-30 10:54:43 --> Session: Class initialized using 'CodeIgniter\Session\Handlers\FileHandler' driver.
WARNING - 2023-06-30 10:54:43 --> Session: Sessions is enabled, and one exists.Please don't $session->start();
INFO - 2023-06-30 10:55:41 --> Session: Class initialized using 'CodeIgniter\Session\Handlers\FileHandler' driver.
WARNING - 2023-06-30 10:55:41 --> Session: Sessions is enabled, and one exists.Please don't $session->start();
INFO - 2023-06-30 10:56:09 --> Session: Class initialized using 'CodeIgniter\Session\Handlers\FileHandler' driver.
WARNING - 2023-06-30 10:56:09 --> Session: Sessions is enabled, and one exists.Please don't $session->start();
INFO - 2023-06-30 10:56:43 --> Session: Class initialized using 'CodeIgniter\Session\Handlers\FileHandler' driver.
WARNING - 2023-06-30 10:56:43 --> Session: Sessions is enabled, and one exists.Please don't $session->start();
INFO - 2023-06-30 10:57:19 --> Session: Class initialized using 'CodeIgniter\Session\Handlers\FileHandler' driver.
WARNING - 2023-06-30 10:57:19 --> Session: Sessions is enabled, and one exists.Please don't $session->start();
INFO - 2023-06-30 10:57:50 --> Session: Class initialized using 'CodeIgniter\Session\Handlers\FileHandler' driver.
WARNING - 2023-06-30 10:57:50 --> Session: Sessions is enabled, and one exists.Please don't $session->start();
INFO - 2023-06-30 10:58:31 --> Session: Class initialized using 'CodeIgniter\Session\Handlers\FileHandler' driver.
WARNING - 2023-06-30 10:58:31 --> Session: Sessions is enabled, and one exists.Please don't $session->start();
INFO - 2023-06-30 10:59:03 --> Session: Class initialized using 'CodeIgniter\Session\Handlers\FileHandler' driver.
WARNING - 2023-06-30 10:59:03 --> Session: Sessions is enabled, and one exists.Please don't $session->start();
INFO - 2023-06-30 11:00:09 --> Session: Class initialized using 'CodeIgniter\Session\Handlers\FileHandler' driver.
WARNING - 2023-06-30 11:00:09 --> Session: Sessions is enabled, and one exists.Please don't $session->start();
INFO - 2023-06-30 11:00:49 --> Session: Class initialized using 'CodeIgniter\Session\Handlers\FileHandler' driver.
WARNING - 2023-06-30 11:00:49 --> Session: Sessions is enabled, and one exists.Please don't $session->start();
INFO - 2023-06-30 11:01:57 --> Session: Class initialized using 'CodeIgniter\Session\Handlers\FileHandler' driver.
WARNING - 2023-06-30 11:01:57 --> Session: Sessions is enabled, and one exists.Please don't $session->start();
INFO - 2023-06-30 11:03:15 --> Session: Class initialized using 'CodeIgniter\Session\Handlers\FileHandler' driver.
WARNING - 2023-06-30 11:03:15 --> Session: Sessions is enabled, and one exists.Please don't $session->start();
INFO - 2023-06-30 11:04:10 --> Session: Class initialized using 'CodeIgniter\Session\Handlers\FileHandler' driver.
WARNING - 2023-06-30 11:04:10 --> Session: Sessions is enabled, and one exists.Please don't $session->start();
INFO - 2023-06-30 11:16:01 --> Session: Class initialized using 'CodeIgniter\Session\Handlers\FileHandler' driver.
WARNING - 2023-06-30 11:16:01 --> Session: Sessions is enabled, and one exists.Please don't $session->start();
INFO - 2023-06-30 11:44:46 --> Session: Class initialized using 'CodeIgniter\Session\Handlers\FileHandler' driver.
WARNING - 2023-06-30 11:44:46 --> Session: Sessions is enabled, and one exists.Please don't $session->start();
INFO - 2023-06-30 12:03:22 --> Session: Class initialized using 'CodeIgniter\Session\Handlers\FileHandler' driver.
WARNING - 2023-06-30 12:03:22 --> Session: Sessions is enabled, and one exists.Please don't $session->start();
INFO - 2023-06-30 12:33:23 --> Session: Class initialized using 'CodeIgniter\Session\Handlers\FileHandler' driver.
WARNING - 2023-06-30 12:33:23 --> Session: Sessions is enabled, and one exists.Please don't $session->start();
INFO - 2023-06-30 13:59:02 --> Session: Class initialized using 'CodeIgniter\Session\Handlers\FileHandler' driver.
WARNING - 2023-06-30 13:59:02 --> Session: Sessions is enabled, and one exists.Please don't $session->start();
INFO - 2023-06-30 14:00:53 --> Session: Class initialized using 'CodeIgniter\Session\Handlers\FileHandler' driver.
WARNING - 2023-06-30 14:00:53 --> Session: Sessions is enabled, and one exists.Please don't $session->start();
INFO - 2023-06-30 14:01:00 --> Session: Class initialized using 'CodeIgniter\Session\Handlers\FileHandler' driver.
WARNING - 2023-06-30 14:01:00 --> Session: Sessions is enabled, and one exists.Please don't $session->start();
INFO - 2023-06-30 14:01:39 --> Session: Class initialized using 'CodeIgniter\Session\Handlers\FileHandler' driver.
WARNING - 2023-06-30 14:01:39 --> Session: Sessions is enabled, and one exists.Please don't $session->start();
INFO - 2023-06-30 14:01:58 --> Session: Class initialized using 'CodeIgniter\Session\Handlers\FileHandler' driver.
WARNING - 2023-06-30 14:01:58 --> Session: Sessions is enabled, and one exists.Please don't $session->start();
INFO - 2023-06-30 14:02:10 --> Session: Class initialized using 'CodeIgniter\Session\Handlers\FileHandler' driver.
WARNING - 2023-06-30 14:02:10 --> Session: Sessions is enabled, and one exists.Please don't $session->start();
INFO - 2023-06-30 14:02:57 --> Session: Class initialized using 'CodeIgniter\Session\Handlers\FileHandler' driver.
WARNING - 2023-06-30 14:02:57 --> Session: Sessions is enabled, and one exists.Please don't $session->start();
INFO - 2023-06-30 14:03:18 --> Session: Class initialized using 'CodeIgniter\Session\Handlers\FileHandler' driver.
WARNING - 2023-06-30 14:03:18 --> Session: Sessions is enabled, and one exists.Please don't $session->start();
INFO - 2023-06-30 14:03:53 --> Session: Class initialized using 'CodeIgniter\Session\Handlers\FileHandler' driver.
WARNING - 2023-06-30 14:03:53 --> Session: Sessions is enabled, and one exists.Please don't $session->start();
INFO - 2023-06-30 14:03:59 --> Session: Class initialized using 'CodeIgniter\Session\Handlers\FileHandler' driver.
WARNING - 2023-06-30 14:03:59 --> Session: Sessions is enabled, and one exists.Please don't $session->start();
INFO - 2023-06-30 14:04:48 --> Session: Class initialized using 'CodeIgniter\Session\Handlers\FileHandler' driver.
WARNING - 2023-06-30 14:04:48 --> Session: Sessions is enabled, and one exists.Please don't $session->start();
INFO - 2023-06-30 14:04:53 --> Session: Class initialized using 'CodeIgniter\Session\Handlers\FileHandler' driver.
WARNING - 2023-06-30 14:04:53 --> Session: Sessions is enabled, and one exists.Please don't $session->start();
INFO - 2023-06-30 20:37:54 --> Session: Class initialized using 'CodeIgniter\Session\Handlers\FileHandler' driver.
WARNING - 2023-06-30 20:37:54 --> Session: Sessions is enabled, and one exists.Please don't $session->start();
INFO - 2023-06-30 20:37:54 --> Session: Class initialized using 'CodeIgniter\Session\Handlers\FileHandler' driver.
WARNING - 2023-06-30 20:37:54 --> Session: Sessions is enabled, and one exists.Please don't $session->start();
INFO - 2023-06-30 20:37:59 --> Session: Class initialized using 'CodeIgniter\Session\Handlers\FileHandler' driver.
WARNING - 2023-06-30 20:37:59 --> Session: Sessions is enabled, and one exists.Please don't $session->start();
INFO - 2023-06-30 20:38:01 --> Session: Class initialized using 'CodeIgniter\Session\Handlers\FileHandler' driver.
INFO - 2023-06-30 20:38:07 --> Session: Class initialized using 'CodeIgniter\Session\Handlers\FileHandler' driver.
WARNING - 2023-06-30 20:38:07 --> Session: Sessions is enabled, and one exists.Please don't $session->start();
INFO - 2023-06-30 20:42:20 --> Session: Class initialized using 'CodeIgniter\Session\Handlers\FileHandler' driver.
WARNING - 2023-06-30 20:42:20 --> Session: Sessions is enabled, and one exists.Please don't $session->start();
ERROR - 2023-06-30 20:42:21 --> mysqli_sql_exception: You have an error in your SQL syntax; check the manual that corresponds to your MariaDB server version for the right syntax to use near '.`id=a`.`prodi_id` USING (`left`)
ORDER BY `a`.`id`' at line 3 in /usr/local/var/www/simkkn/vendor/codeigniter4/framework/system/Database/MySQLi/Connection.php:331
Stack trace:
#0 /usr/local/var/www/simkkn/vendor/codeigniter4/framework/system/Database/MySQLi/Connection.php(331): mysqli->query('SELECT `a`.`nam...')
#1 /usr/local/var/www/simkkn/vendor/codeigniter4/framework/system/Database/BaseConnection.php(741): CodeIgniter\Database\MySQLi\Connection->execute('SELECT `a`.`nam...')
#2 /usr/local/var/www/simkkn/vendor/codeigniter4/framework/system/Database/BaseConnection.php(669): CodeIgniter\Database\BaseConnection->simpleQuery('SELECT `a`.`nam...')
#3 /usr/local/var/www/simkkn/vendor/codeigniter4/framework/system/Database/BaseBuilder.php(1860): CodeIgniter\Database\BaseConnection->query('SELECT `a`.`nam...', Array, false)
#4 /usr/local/var/www/simkkn/app/Models/Backend/ProfilModel.php(24): CodeIgniter\Database\BaseBuilder->get()
#5 /usr/local/var/www/simkkn/app/Controllers/Backend/Profil.php(26): App\Models\Backend\ProfilModel->getProfil()
#6 /usr/local/var/www/simkkn/vendor/codeigniter4/framework/system/CodeIgniter.php(918): App\Controllers\Backend\Profil->index()
#7 /usr/local/var/www/simkkn/vendor/codeigniter4/framework/system/CodeIgniter.php(404): CodeIgniter\CodeIgniter->runController(Object(App\Controllers\Backend\Profil))
#8 /usr/local/var/www/simkkn/vendor/codeigniter4/framework/system/CodeIgniter.php(312): CodeIgniter\CodeIgniter->handleRequest(NULL, Object(Config\Cache), false)
#9 /usr/local/var/www/simkkn/public/index.php(45): CodeIgniter\CodeIgniter->run()
#10 /usr/local/var/www/simkkn/vendor/codeigniter4/framework/system/Commands/Server/rewrite.php(34): require_once('/usr/local/var/...')
#11 {main}
INFO - 2023-06-30 20:43:14 --> Session: Class initialized using 'CodeIgniter\Session\Handlers\FileHandler' driver.
WARNING - 2023-06-30 20:43:14 --> Session: Sessions is enabled, and one exists.Please don't $session->start();
INFO - 2023-06-30 20:49:24 --> Session: Class initialized using 'CodeIgniter\Session\Handlers\FileHandler' driver.
WARNING - 2023-06-30 20:49:24 --> Session: Sessions is enabled, and one exists.Please don't $session->start();
INFO - 2023-06-30 20:50:07 --> Session: Class initialized using 'CodeIgniter\Session\Handlers\FileHandler' driver.
WARNING - 2023-06-30 20:50:07 --> Session: Sessions is enabled, and one exists.Please don't $session->start();
INFO - 2023-06-30 20:55:47 --> Session: Class initialized using 'CodeIgniter\Session\Handlers\FileHandler' driver.
WARNING - 2023-06-30 20:55:47 --> Session: Sessions is enabled, and one exists.Please don't $session->start();
INFO - 2023-06-30 20:57:14 --> Session: Class initialized using 'CodeIgniter\Session\Handlers\FileHandler' driver.
WARNING - 2023-06-30 20:57:14 --> Session: Sessions is enabled, and one exists.Please don't $session->start();
INFO - 2023-06-30 21:00:28 --> Session: Class initialized using 'CodeIgniter\Session\Handlers\FileHandler' driver.
WARNING - 2023-06-30 21:00:28 --> Session: Sessions is enabled, and one exists.Please don't $session->start();
INFO - 2023-06-30 21:01:40 --> Session: Class initialized using 'CodeIgniter\Session\Handlers\FileHandler' driver.
WARNING - 2023-06-30 21:01:40 --> Session: Sessions is enabled, and one exists.Please don't $session->start();
INFO - 2023-06-30 21:03:49 --> Session: Class initialized using 'CodeIgniter\Session\Handlers\FileHandler' driver.
WARNING - 2023-06-30 21:03:49 --> Session: Sessions is enabled, and one exists.Please don't $session->start();
INFO - 2023-06-30 21:05:10 --> Session: Class initialized using 'CodeIgniter\Session\Handlers\FileHandler' driver.
WARNING - 2023-06-30 21:05:10 --> Session: Sessions is enabled, and one exists.Please don't $session->start();
INFO - 2023-06-30 21:06:11 --> Session: Class initialized using 'CodeIgniter\Session\Handlers\FileHandler' driver.
WARNING - 2023-06-30 21:06:11 --> Session: Sessions is enabled, and one exists.Please don't $session->start();
INFO - 2023-06-30 21:07:20 --> Session: Class initialized using 'CodeIgniter\Session\Handlers\FileHandler' driver.
WARNING - 2023-06-30 21:07:20 --> Session: Sessions is enabled, and one exists.Please don't $session->start();
INFO - 2023-06-30 21:07:21 --> Session: Class initialized using 'CodeIgniter\Session\Handlers\FileHandler' driver.
INFO - 2023-06-30 21:07:25 --> Session: Class initialized using 'CodeIgniter\Session\Handlers\FileHandler' driver.
WARNING - 2023-06-30 21:07:25 --> Session: Sessions is enabled, and one exists.Please don't $session->start();
INFO - 2023-06-30 21:09:09 --> Session: Class initialized using 'CodeIgniter\Session\Handlers\FileHandler' driver.
WARNING - 2023-06-30 21:09:09 --> Session: Sessions is enabled, and one exists.Please don't $session->start();
INFO - 2023-06-30 21:09:20 --> Session: Class initialized using 'CodeIgniter\Session\Handlers\FileHandler' driver.
WARNING - 2023-06-30 21:09:20 --> Session: Sessions is enabled, and one exists.Please don't $session->start();
INFO - 2023-06-30 21:09:43 --> Session: Class initialized using 'CodeIgniter\Session\Handlers\FileHandler' driver.
WARNING - 2023-06-30 21:09:43 --> Session: Sessions is enabled, and one exists.Please don't $session->start();
INFO - 2023-06-30 21:10:37 --> Session: Class initialized using 'CodeIgniter\Session\Handlers\FileHandler' driver.
WARNING - 2023-06-30 21:10:37 --> Session: Sessions is enabled, and one exists.Please don't $session->start();
INFO - 2023-06-30 21:11:31 --> Session: Class initialized using 'CodeIgniter\Session\Handlers\FileHandler' driver.
WARNING - 2023-06-30 21:11:31 --> Session: Sessions is enabled, and one exists.Please don't $session->start();
INFO - 2023-06-30 21:11:39 --> Session: Class initialized using 'CodeIgniter\Session\Handlers\FileHandler' driver.
WARNING - 2023-06-30 21:11:39 --> Session: Sessions is enabled, and one exists.Please don't $session->start();
INFO - 2023-06-30 21:13:56 --> Session: Class initialized using 'CodeIgniter\Session\Handlers\FileHandler' driver.
WARNING - 2023-06-30 21:13:56 --> Session: Sessions is enabled, and one exists.Please don't $session->start();
INFO - 2023-06-30 21:14:40 --> Session: Class initialized using 'CodeIgniter\Session\Handlers\FileHandler' driver.
WARNING - 2023-06-30 21:14:40 --> Session: Sessions is enabled, and one exists.Please don't $session->start();
INFO - 2023-06-30 21:16:30 --> Session: Class initialized using 'CodeIgniter\Session\Handlers\FileHandler' driver.
WARNING - 2023-06-30 21:16:30 --> Session: Sessions is enabled, and one exists.Please don't $session->start();
INFO - 2023-06-30 21:17:50 --> Session: Class initialized using 'CodeIgniter\Session\Handlers\FileHandler' driver.
WARNING - 2023-06-30 21:17:50 --> Session: Sessions is enabled, and one exists.Please don't $session->start();
INFO - 2023-06-30 21:18:43 --> Session: Class initialized using 'CodeIgniter\Session\Handlers\FileHandler' driver.
WARNING - 2023-06-30 21:18:43 --> Session: Sessions is enabled, and one exists.Please don't $session->start();
INFO - 2023-06-30 21:19:20 --> Session: Class initialized using 'CodeIgniter\Session\Handlers\FileHandler' driver.
WARNING - 2023-06-30 21:19:20 --> Session: Sessions is enabled, and one exists.Please don't $session->start();
INFO - 2023-06-30 21:20:28 --> Session: Class initialized using 'CodeIgniter\Session\Handlers\FileHandler' driver.
WARNING - 2023-06-30 21:20:28 --> Session: Sessions is enabled, and one exists.Please don't $session->start();
INFO - 2023-06-30 21:20:38 --> Session: Class initialized using 'CodeIgniter\Session\Handlers\FileHandler' driver.
WARNING - 2023-06-30 21:20:38 --> Session: Sessions is enabled, and one exists.Please don't $session->start();
INFO - 2023-06-30 21:21:00 --> Session: Class initialized using 'CodeIgniter\Session\Handlers\FileHandler' driver.
WARNING - 2023-06-30 21:21:00 --> Session: Sessions is enabled, and one exists.Please don't $session->start();
INFO - 2023-06-30 21:21:28 --> Session: Class initialized using 'CodeIgniter\Session\Handlers\FileHandler' driver.
WARNING - 2023-06-30 21:21:28 --> Session: Sessions is enabled, and one exists.Please don't $session->start();
INFO - 2023-06-30 21:22:21 --> Session: Class initialized using 'CodeIgniter\Session\Handlers\FileHandler' driver.
WARNING - 2023-06-30 21:22:21 --> Session: Sessions is enabled, and one exists.Please don't $session->start();
INFO - 2023-06-30 21:22:45 --> Session: Class initialized using 'CodeIgniter\Session\Handlers\FileHandler' driver.
WARNING - 2023-06-30 21:22:45 --> Session: Sessions is enabled, and one exists.Please don't $session->start();
INFO - 2023-06-30 21:22:56 --> Session: Class initialized using 'CodeIgniter\Session\Handlers\FileHandler' driver.
WARNING - 2023-06-30 21:22:56 --> Session: Sessions is enabled, and one exists.Please don't $session->start();
INFO - 2023-06-30 21:23:31 --> Session: Class initialized using 'CodeIgniter\Session\Handlers\FileHandler' driver.
WARNING - 2023-06-30 21:23:31 --> Session: Sessions is enabled, and one exists.Please don't $session->start();
INFO - 2023-06-30 21:23:33 --> Session: Class initialized using 'CodeIgniter\Session\Handlers\FileHandler' driver.
WARNING - 2023-06-30 21:23:33 --> Session: Sessions is enabled, and one exists.Please don't $session->start();
INFO - 2023-06-30 21:23:39 --> Session: Class initialized using 'CodeIgniter\Session\Handlers\FileHandler' driver.
WARNING - 2023-06-30 21:23:39 --> Session: Sessions is enabled, and one exists.Please don't $session->start();
INFO - 2023-06-30 21:25:35 --> Session: Class initialized using 'CodeIgniter\Session\Handlers\FileHandler' driver.
WARNING - 2023-06-30 21:25:35 --> Session: Sessions is enabled, and one exists.Please don't $session->start();
INFO - 2023-06-30 21:25:59 --> Session: Class initialized using 'CodeIgniter\Session\Handlers\FileHandler' driver.
WARNING - 2023-06-30 21:25:59 --> Session: Sessions is enabled, and one exists.Please don't $session->start();
INFO - 2023-06-30 21:26:02 --> Session: Class initialized using 'CodeIgniter\Session\Handlers\FileHandler' driver.
WARNING - 2023-06-30 21:26:02 --> Session: Sessions is enabled, and one exists.Please don't $session->start();
INFO - 2023-06-30 21:26:39 --> Session: Class initialized using 'CodeIgniter\Session\Handlers\FileHandler' driver.
WARNING - 2023-06-30 21:26:39 --> Session: Sessions is enabled, and one exists.Please don't $session->start();
INFO - 2023-06-30 21:28:09 --> Session: Class initialized using 'CodeIgniter\Session\Handlers\FileHandler' driver.
WARNING - 2023-06-30 21:28:09 --> Session: Sessions is enabled, and one exists.Please don't $session->start();
INFO - 2023-06-30 21:28:18 --> Session: Class initialized using 'CodeIgniter\Session\Handlers\FileHandler' driver.
WARNING - 2023-06-30 21:28:18 --> Session: Sessions is enabled, and one exists.Please don't $session->start();
INFO - 2023-06-30 21:28:29 --> Session: Class initialized using 'CodeIgniter\Session\Handlers\FileHandler' driver.
WARNING - 2023-06-30 21:28:29 --> Session: Sessions is enabled, and one exists.Please don't $session->start();
INFO - 2023-06-30 21:29:46 --> Session: Class initialized using 'CodeIgniter\Session\Handlers\FileHandler' driver.
WARNING - 2023-06-30 21:29:46 --> Session: Sessions is enabled, and one exists.Please don't $session->start();
INFO - 2023-06-30 21:59:48 --> Session: Class initialized using 'CodeIgniter\Session\Handlers\FileHandler' driver.
WARNING - 2023-06-30 21:59:48 --> Session: Sessions is enabled, and one exists.Please don't $session->start();
INFO - 2023-06-30 22:16:04 --> Session: Class initialized using 'CodeIgniter\Session\Handlers\FileHandler' driver.
WARNING - 2023-06-30 22:16:04 --> Session: Sessions is enabled, and one exists.Please don't $session->start();
INFO - 2023-06-30 22:38:56 --> Session: Class initialized using 'CodeIgniter\Session\Handlers\FileHandler' driver.
WARNING - 2023-06-30 22:38:56 --> Session: Sessions is enabled, and one exists.Please don't $session->start();
INFO - 2023-06-30 22:39:47 --> Session: Class initialized using 'CodeIgniter\Session\Handlers\FileHandler' driver.
WARNING - 2023-06-30 22:39:47 --> Session: Sessions is enabled, and one exists.Please don't $session->start();
INFO - 2023-06-30 23:09:49 --> Session: Class initialized using 'CodeIgniter\Session\Handlers\FileHandler' driver.
WARNING - 2023-06-30 23:09:49 --> Session: Sessions is enabled, and one exists.Please don't $session->start();
INFO - 2023-06-30 23:39:48 --> Session: Class initialized using 'CodeIgniter\Session\Handlers\FileHandler' driver.
WARNING - 2023-06-30 23:39:48 --> Session: Sessions is enabled, and one exists.Please don't $session->start();
INFO - 2023-06-30 23:41:00 --> Session: Class initialized using 'CodeIgniter\Session\Handlers\FileHandler' driver.
WARNING - 2023-06-30 23:41:00 --> Session: Sessions is enabled, and one exists.Please don't $session->start();
INFO - 2023-06-30 23:51:55 --> Session: Class initialized using 'CodeIgniter\Session\Handlers\FileHandler' driver.
WARNING - 2023-06-30 23:51:55 --> Session: Sessions is enabled, and one exists.Please don't $session->start();
INFO - 2023-06-30 23:52:05 --> Session: Class initialized using 'CodeIgniter\Session\Handlers\FileHandler' driver.
WARNING - 2023-06-30 23:52:05 --> Session: Sessions is enabled, and one exists.Please don't $session->start();
ERROR - 2023-06-30 23:52:05 --> mysqli_sql_exception: Unknown column 'prodi_nm' in 'field list' in /usr/local/var/www/simkkn/vendor/codeigniter4/framework/system/Database/MySQLi/Connection.php:331
Stack trace:
#0 /usr/local/var/www/simkkn/vendor/codeigniter4/framework/system/Database/MySQLi/Connection.php(331): mysqli->query('UPDATE `person`...')
#1 /usr/local/var/www/simkkn/vendor/codeigniter4/framework/system/Database/BaseConnection.php(741): CodeIgniter\Database\MySQLi\Connection->execute('UPDATE `person`...')
#2 /usr/local/var/www/simkkn/vendor/codeigniter4/framework/system/Database/BaseConnection.php(669): CodeIgniter\Database\BaseConnection->simpleQuery('UPDATE `person`...')
#3 /usr/local/var/www/simkkn/vendor/codeigniter4/framework/system/Database/BaseBuilder.php(2456): CodeIgniter\Database\BaseConnection->query('UPDATE `person`...', Array, false)
#4 /usr/local/var/www/simkkn/app/Models/Backend/ProfilModel.php(23): CodeIgniter\Database\BaseBuilder->update()
#5 /usr/local/var/www/simkkn/app/Controllers/Backend/Profil.php(88): App\Models\Backend\ProfilModel->updateData('', Array)
#6 /usr/local/var/www/simkkn/vendor/codeigniter4/framework/system/CodeIgniter.php(918): App\Controllers\Backend\Profil->update_data()
#7 /usr/local/var/www/simkkn/vendor/codeigniter4/framework/system/CodeIgniter.php(404): CodeIgniter\CodeIgniter->runController(Object(App\Controllers\Backend\Profil))
#8 /usr/local/var/www/simkkn/vendor/codeigniter4/framework/system/CodeIgniter.php(312): CodeIgniter\CodeIgniter->handleRequest(NULL, Object(Config\Cache), false)
#9 /usr/local/var/www/simkkn/public/index.php(45): CodeIgniter\CodeIgniter->run()
#10 /usr/local/var/www/simkkn/vendor/codeigniter4/framework/system/Commands/Server/rewrite.php(34): require_once('/usr/local/var/...')
#11 {main}
INFO - 2023-06-30 23:52:14 --> Session: Class initialized using 'CodeIgniter\Session\Handlers\FileHandler' driver.
WARNING - 2023-06-30 23:52:14 --> Session: Sessions is enabled, and one exists.Please don't $session->start();
INFO - 2023-06-30 23:52:35 --> Session: Class initialized using 'CodeIgniter\Session\Handlers\FileHandler' driver.
WARNING - 2023-06-30 23:52:35 --> Session: Sessions is enabled, and one exists.Please don't $session->start();
INFO - 2023-06-30 23:52:51 --> Session: Class initialized using 'CodeIgniter\Session\Handlers\FileHandler' driver.
WARNING - 2023-06-30 23:52:51 --> Session: Sessions is enabled, and one exists.Please don't $session->start();
ERROR - 2023-06-30 23:52:51 --> mysqli_sql_exception: Unknown column 'prodi_nm' in 'field list' in /usr/local/var/www/simkkn/vendor/codeigniter4/framework/system/Database/MySQLi/Connection.php:331
Stack trace:
#0 /usr/local/var/www/simkkn/vendor/codeigniter4/framework/system/Database/MySQLi/Connection.php(331): mysqli->query('UPDATE `person`...')
#1 /usr/local/var/www/simkkn/vendor/codeigniter4/framework/system/Database/BaseConnection.php(741): CodeIgniter\Database\MySQLi\Connection->execute('UPDATE `person`...')
#2 /usr/local/var/www/simkkn/vendor/codeigniter4/framework/system/Database/BaseConnection.php(669): CodeIgniter\Database\BaseConnection->simpleQuery('UPDATE `person`...')
#3 /usr/local/var/www/simkkn/vendor/codeigniter4/framework/system/Database/BaseBuilder.php(2456): CodeIgniter\Database\BaseConnection->query('UPDATE `person`...', Array, false)
#4 /usr/local/var/www/simkkn/app/Models/Backend/ProfilModel.php(23): CodeIgniter\Database\BaseBuilder->update()
#5 /usr/local/var/www/simkkn/app/Controllers/Backend/Profil.php(88): App\Models\Backend\ProfilModel->updateData('', Array)
#6 /usr/local/var/www/simkkn/vendor/codeigniter4/framework/system/CodeIgniter.php(918): App\Controllers\Backend\Profil->update_data()
#7 /usr/local/var/www/simkkn/vendor/codeigniter4/framework/system/CodeIgniter.php(404): CodeIgniter\CodeIgniter->runController(Object(App\Controllers\Backend\Profil))
#8 /usr/local/var/www/simkkn/vendor/codeigniter4/framework/system/CodeIgniter.php(312): CodeIgniter\CodeIgniter->handleRequest(NULL, Object(Config\Cache), false)
#9 /usr/local/var/www/simkkn/public/index.php(45): CodeIgniter\CodeIgniter->run()
#10 /usr/local/var/www/simkkn/vendor/codeigniter4/framework/system/Commands/Server/rewrite.php(34): require_once('/usr/local/var/...')
#11 {main}
INFO - 2023-06-30 23:55:13 --> Session: Class initialized using 'CodeIgniter\Session\Handlers\FileHandler' driver.
WARNING - 2023-06-30 23:55:13 --> Session: Sessions is enabled, and one exists.Please don't $session->start();
INFO - 2023-06-30 23:55:24 --> Session: Class initialized using 'CodeIgniter\Session\Handlers\FileHandler' driver.
WARNING - 2023-06-30 23:55:24 --> Session: Sessions is enabled, and one exists.Please don't $session->start();
ERROR - 2023-06-30 23:55:24 --> mysqli_sql_exception: Unknown column 'prodi_nm' in 'field list' in /usr/local/var/www/simkkn/vendor/codeigniter4/framework/system/Database/MySQLi/Connection.php:331
Stack trace:
#0 /usr/local/var/www/simkkn/vendor/codeigniter4/framework/system/Database/MySQLi/Connection.php(331): mysqli->query('UPDATE `person`...')
#1 /usr/local/var/www/simkkn/vendor/codeigniter4/framework/system/Database/BaseConnection.php(741): CodeIgniter\Database\MySQLi\Connection->execute('UPDATE `person`...')
#2 /usr/local/var/www/simkkn/vendor/codeigniter4/framework/system/Database/BaseConnection.php(669): CodeIgniter\Database\BaseConnection->simpleQuery('UPDATE `person`...')
#3 /usr/local/var/www/simkkn/vendor/codeigniter4/framework/system/Database/BaseBuilder.php(2456): CodeIgniter\Database\BaseConnection->query('UPDATE `person`...', Array, false)
#4 /usr/local/var/www/simkkn/app/Models/Backend/ProfilModel.php(23): CodeIgniter\Database\BaseBuilder->update()
#5 /usr/local/var/www/simkkn/app/Controllers/Backend/Profil.php(88): App\Models\Backend\ProfilModel->updateData('', Array)
#6 /usr/local/var/www/simkkn/vendor/codeigniter4/framework/system/CodeIgniter.php(918): App\Controllers\Backend\Profil->update_data()
#7 /usr/local/var/www/simkkn/vendor/codeigniter4/framework/system/CodeIgniter.php(404): CodeIgniter\CodeIgniter->runController(Object(App\Controllers\Backend\Profil))
#8 /usr/local/var/www/simkkn/vendor/codeigniter4/framework/system/CodeIgniter.php(312): CodeIgniter\CodeIgniter->handleRequest(NULL, Object(Config\Cache), false)
#9 /usr/local/var/www/simkkn/public/index.php(45): CodeIgniter\CodeIgniter->run()
#10 /usr/local/var/www/simkkn/vendor/codeigniter4/framework/system/Commands/Server/rewrite.php(34): require_once('/usr/local/var/...')
#11 {main}
INFO - 2023-06-30 23:55:35 --> Session: Class initialized using 'CodeIgniter\Session\Handlers\FileHandler' driver.
WARNING - 2023-06-30 23:55:35 --> Session: Sessions is enabled, and one exists.Please don't $session->start();
ERROR - 2023-06-30 23:55:35 --> mysqli_sql_exception: Unknown column 'prodi_nm' in 'field list' in /usr/local/var/www/simkkn/vendor/codeigniter4/framework/system/Database/MySQLi/Connection.php:331
Stack trace:
#0 /usr/local/var/www/simkkn/vendor/codeigniter4/framework/system/Database/MySQLi/Connection.php(331): mysqli->query('UPDATE `person`...')
#1 /usr/local/var/www/simkkn/vendor/codeigniter4/framework/system/Database/BaseConnection.php(741): CodeIgniter\Database\MySQLi\Connection->execute('UPDATE `person`...')
#2 /usr/local/var/www/simkkn/vendor/codeigniter4/framework/system/Database/BaseConnection.php(669): CodeIgniter\Database\BaseConnection->simpleQuery('UPDATE `person`...')
#3 /usr/local/var/www/simkkn/vendor/codeigniter4/framework/system/Database/BaseBuilder.php(2456): CodeIgniter\Database\BaseConnection->query('UPDATE `person`...', Array, false)
#4 /usr/local/var/www/simkkn/app/Models/Backend/ProfilModel.php(23): CodeIgniter\Database\BaseBuilder->update()
#5 /usr/local/var/www/simkkn/app/Controllers/Backend/Profil.php(88): App\Models\Backend\ProfilModel->updateData('', Array)
#6 /usr/local/var/www/simkkn/vendor/codeigniter4/framework/system/CodeIgniter.php(918): App\Controllers\Backend\Profil->update_data()
#7 /usr/local/var/www/simkkn/vendor/codeigniter4/framework/system/CodeIgniter.php(404): CodeIgniter\CodeIgniter->runController(Object(App\Controllers\Backend\Profil))
#8 /usr/local/var/www/simkkn/vendor/codeigniter4/framework/system/CodeIgniter.php(312): CodeIgniter\CodeIgniter->handleRequest(NULL, Object(Config\Cache), false)
#9 /usr/local/var/www/simkkn/public/index.php(45): CodeIgniter\CodeIgniter->run()
#10 /usr/local/var/www/simkkn/vendor/codeigniter4/framework/system/Commands/Server/rewrite.php(34): require_once('/usr/local/var/...')
#11 {main}
INFO - 2023-06-30 23:55:44 --> Session: Class initialized using 'CodeIgniter\Session\Handlers\FileHandler' driver.
WARNING - 2023-06-30 23:55:44 --> Session: Sessions is enabled, and one exists.Please don't $session->start();
ERROR - 2023-06-30 23:55:44 --> mysqli_sql_exception: Unknown column 'prodi_nm' in 'field list' in /usr/local/var/www/simkkn/vendor/codeigniter4/framework/system/Database/MySQLi/Connection.php:331
Stack trace:
#0 /usr/local/var/www/simkkn/vendor/codeigniter4/framework/system/Database/MySQLi/Connection.php(331): mysqli->query('UPDATE `person`...')
#1 /usr/local/var/www/simkkn/vendor/codeigniter4/framework/system/Database/BaseConnection.php(741): CodeIgniter\Database\MySQLi\Connection->execute('UPDATE `person`...')
#2 /usr/local/var/www/simkkn/vendor/codeigniter4/framework/system/Database/BaseConnection.php(669): CodeIgniter\Database\BaseConnection->simpleQuery('UPDATE `person`...')
#3 /usr/local/var/www/simkkn/vendor/codeigniter4/framework/system/Database/BaseBuilder.php(2456): CodeIgniter\Database\BaseConnection->query('UPDATE `person`...', Array, false)
#4 /usr/local/var/www/simkkn/app/Models/Backend/ProfilModel.php(23): CodeIgniter\Database\BaseBuilder->update()
#5 /usr/local/var/www/simkkn/app/Controllers/Backend/Profil.php(88): App\Models\Backend\ProfilModel->updateData('', Array)
#6 /usr/local/var/www/simkkn/vendor/codeigniter4/framework/system/CodeIgniter.php(918): App\Controllers\Backend\Profil->update_data()
#7 /usr/local/var/www/simkkn/vendor/codeigniter4/framework/system/CodeIgniter.php(404): CodeIgniter\CodeIgniter->runController(Object(App\Controllers\Backend\Profil))
#8 /usr/local/var/www/simkkn/vendor/codeigniter4/framework/system/CodeIgniter.php(312): CodeIgniter\CodeIgniter->handleRequest(NULL, Object(Config\Cache), false)
#9 /usr/local/var/www/simkkn/public/index.php(45): CodeIgniter\CodeIgniter->run()
#10 /usr/local/var/www/simkkn/vendor/codeigniter4/framework/system/Commands/Server/rewrite.php(34): require_once('/usr/local/var/...')
#11 {main}
INFO - 2023-06-30 23:56:33 --> Session: Class initialized using 'CodeIgniter\Session\Handlers\FileHandler' driver.
WARNING - 2023-06-30 23:56:33 --> Session: Sessions is enabled, and one exists.Please don't $session->start();
INFO - 2023-06-30 23:56:46 --> Session: Class initialized using 'CodeIgniter\Session\Handlers\FileHandler' driver.
WARNING - 2023-06-30 23:56:46 --> Session: Sessions is enabled, and one exists.Please don't $session->start();
ERROR - 2023-06-30 23:56:46 --> mysqli_sql_exception: Unknown column 'prodi_nm' in 'field list' in /usr/local/var/www/simkkn/vendor/codeigniter4/framework/system/Database/MySQLi/Connection.php:331
Stack trace:
#0 /usr/local/var/www/simkkn/vendor/codeigniter4/framework/system/Database/MySQLi/Connection.php(331): mysqli->query('UPDATE `person`...')
#1 /usr/local/var/www/simkkn/vendor/codeigniter4/framework/system/Database/BaseConnection.php(741): CodeIgniter\Database\MySQLi\Connection->execute('UPDATE `person`...')
#2 /usr/local/var/www/simkkn/vendor/codeigniter4/framework/system/Database/BaseConnection.php(669): CodeIgniter\Database\BaseConnection->simpleQuery('UPDATE `person`...')
#3 /usr/local/var/www/simkkn/vendor/codeigniter4/framework/system/Database/BaseBuilder.php(2456): CodeIgniter\Database\BaseConnection->query('UPDATE `person`...', Array, false)
#4 /usr/local/var/www/simkkn/app/Models/Backend/ProfilModel.php(23): CodeIgniter\Database\BaseBuilder->update()
#5 /usr/local/var/www/simkkn/app/Controllers/Backend/Profil.php(88): App\Models\Backend\ProfilModel->updateData('', Array)
#6 /usr/local/var/www/simkkn/vendor/codeigniter4/framework/system/CodeIgniter.php(918): App\Controllers\Backend\Profil->update_data()
#7 /usr/local/var/www/simkkn/vendor/codeigniter4/framework/system/CodeIgniter.php(404): CodeIgniter\CodeIgniter->runController(Object(App\Controllers\Backend\Profil))
#8 /usr/local/var/www/simkkn/vendor/codeigniter4/framework/system/CodeIgniter.php(312): CodeIgniter\CodeIgniter->handleRequest(NULL, Object(Config\Cache), false)
#9 /usr/local/var/www/simkkn/public/index.php(45): CodeIgniter\CodeIgniter->run()
#10 /usr/local/var/www/simkkn/vendor/codeigniter4/framework/system/Commands/Server/rewrite.php(34): require_once('/usr/local/var/...')
#11 {main}
INFO - 2023-06-30 23:57:20 --> Session: Class initialized using 'CodeIgniter\Session\Handlers\FileHandler' driver.
WARNING - 2023-06-30 23:57:20 --> Session: Sessions is enabled, and one exists.Please don't $session->start();
INFO - 2023-06-30 23:57:38 --> Session: Class initialized using 'CodeIgniter\Session\Handlers\FileHandler' driver.
WARNING - 2023-06-30 23:57:38 --> Session: Sessions is enabled, and one exists.Please don't $session->start();
INFO - 2023-06-30 23:59:19 --> Session: Class initialized using 'CodeIgniter\Session\Handlers\FileHandler' driver.
WARNING - 2023-06-30 23:59:19 --> Session: Sessions is enabled, and one exists.Please don't $session->start();
INFO - 2023-06-30 23:59:48 --> Session: Class initialized using 'CodeIgniter\Session\Handlers\FileHandler' driver.
WARNING - 2023-06-30 23:59:48 --> Session: Sessions is enabled, and one exists.Please don't $session->start();
INFO - 2023-06-30 23:59:56 --> Session: Class initialized using 'CodeIgniter\Session\Handlers\FileHandler' driver.
WARNING - 2023-06-30 23:59:56 --> Session: Sessions is enabled, and one exists.Please don't $session->start();
