INFO - 2023-10-07 09:12:04 --> Session: Class initialized using 'CodeIgniter\Session\Handlers\FileHandler' driver.
WARNING - 2023-10-07 09:12:04 --> Session: Sessions is enabled, and one exists.Please don't $session->start();
ERROR - 2023-10-07 09:12:04 --> mysqli_sql_exception: Table 'u268758892_simkkn.bcms_layanan' doesn't exist in /usr/local/var/www/simkkn/vendor/codeigniter4/framework/system/Database/MySQLi/Connection.php:331
Stack trace:
#0 /usr/local/var/www/simkkn/vendor/codeigniter4/framework/system/Database/MySQLi/Connection.php(331): mysqli->query('SELECT *\nFROM `...')
#1 /usr/local/var/www/simkkn/vendor/codeigniter4/framework/system/Database/BaseConnection.php(741): CodeIgniter\Database\MySQLi\Connection->execute('SELECT *\nFROM `...')
#2 /usr/local/var/www/simkkn/vendor/codeigniter4/framework/system/Database/BaseConnection.php(669): CodeIgniter\Database\BaseConnection->simpleQuery('SELECT *\nFROM `...')
#3 /usr/local/var/www/simkkn/vendor/codeigniter4/framework/system/Database/BaseBuilder.php(1860): CodeIgniter\Database\BaseConnection->query('SELECT *\nFROM `...', Array, false)
#4 /usr/local/var/www/simkkn/app/Models/Backend/LayananModel.php(24): CodeIgniter\Database\BaseBuilder->get()
#5 /usr/local/var/www/simkkn/app/Controllers/Home.php(31): App\Models\Backend\LayananModel->getLayananByKategori('Layanan Unggula...')
#6 /usr/local/var/www/simkkn/vendor/codeigniter4/framework/system/CodeIgniter.php(918): App\Controllers\Home->index()
#7 /usr/local/var/www/simkkn/vendor/codeigniter4/framework/system/CodeIgniter.php(404): CodeIgniter\CodeIgniter->runController(Object(App\Controllers\Home))
#8 /usr/local/var/www/simkkn/vendor/codeigniter4/framework/system/CodeIgniter.php(312): CodeIgniter\CodeIgniter->handleRequest(NULL, Object(Config\Cache), false)
#9 /usr/local/var/www/simkkn/public/index.php(45): CodeIgniter\CodeIgniter->run()
#10 /usr/local/var/www/simkkn/vendor/codeigniter4/framework/system/Commands/Server/rewrite.php(34): require_once('/usr/local/var/...')
#11 {main}
INFO - 2023-10-07 09:12:07 --> Session: Class initialized using 'CodeIgniter\Session\Handlers\FileHandler' driver.
WARNING - 2023-10-07 09:12:07 --> Session: Sessions is enabled, and one exists.Please don't $session->start();
INFO - 2023-10-07 09:12:10 --> Session: Class initialized using 'CodeIgniter\Session\Handlers\FileHandler' driver.
WARNING - 2023-10-07 09:12:10 --> Session: Sessions is enabled, and one exists.Please don't $session->start();
INFO - 2023-10-07 17:48:13 --> Session: Class initialized using 'CodeIgniter\Session\Handlers\FileHandler' driver.
WARNING - 2023-10-07 17:48:13 --> Session: Sessions is enabled, and one exists.Please don't $session->start();
INFO - 2023-10-07 17:48:15 --> Session: Class initialized using 'CodeIgniter\Session\Handlers\FileHandler' driver.
WARNING - 2023-10-07 17:48:15 --> Session: Sessions is enabled, and one exists.Please don't $session->start();
INFO - 2023-10-07 17:48:19 --> Session: Class initialized using 'CodeIgniter\Session\Handlers\FileHandler' driver.
WARNING - 2023-10-07 17:48:19 --> Session: Sessions is enabled, and one exists.Please don't $session->start();
INFO - 2023-10-07 17:48:21 --> Session: Class initialized using 'CodeIgniter\Session\Handlers\FileHandler' driver.
INFO - 2023-10-07 18:18:21 --> Session: Class initialized using 'CodeIgniter\Session\Handlers\FileHandler' driver.
INFO - 2023-10-07 18:48:21 --> Session: Class initialized using 'CodeIgniter\Session\Handlers\FileHandler' driver.
INFO - 2023-10-07 19:08:48 --> Session: Class initialized using 'CodeIgniter\Session\Handlers\FileHandler' driver.
WARNING - 2023-10-07 19:08:48 --> Session: Sessions is enabled, and one exists.Please don't $session->start();
INFO - 2023-10-07 19:08:48 --> Session: Class initialized using 'CodeIgniter\Session\Handlers\FileHandler' driver.
WARNING - 2023-10-07 19:08:48 --> Session: Sessions is enabled, and one exists.Please don't $session->start();
INFO - 2023-10-07 19:10:25 --> Session: Class initialized using 'CodeIgniter\Session\Handlers\FileHandler' driver.
WARNING - 2023-10-07 19:10:25 --> Session: Sessions is enabled, and one exists.Please don't $session->start();
INFO - 2023-10-07 19:11:16 --> Session: Class initialized using 'CodeIgniter\Session\Handlers\FileHandler' driver.
WARNING - 2023-10-07 19:11:16 --> Session: Sessions is enabled, and one exists.Please don't $session->start();
ERROR - 2023-10-07 19:11:17 --> mysqli_sql_exception: Table 'u268758892_simkkn.bcms_layanan' doesn't exist in /usr/local/var/www/simkkn/vendor/codeigniter4/framework/system/Database/MySQLi/Connection.php:331
Stack trace:
#0 /usr/local/var/www/simkkn/vendor/codeigniter4/framework/system/Database/MySQLi/Connection.php(331): mysqli->query('SELECT *\nFROM `...')
#1 /usr/local/var/www/simkkn/vendor/codeigniter4/framework/system/Database/BaseConnection.php(741): CodeIgniter\Database\MySQLi\Connection->execute('SELECT *\nFROM `...')
#2 /usr/local/var/www/simkkn/vendor/codeigniter4/framework/system/Database/BaseConnection.php(669): CodeIgniter\Database\BaseConnection->simpleQuery('SELECT *\nFROM `...')
#3 /usr/local/var/www/simkkn/vendor/codeigniter4/framework/system/Database/BaseBuilder.php(1860): CodeIgniter\Database\BaseConnection->query('SELECT *\nFROM `...', Array, false)
#4 /usr/local/var/www/simkkn/app/Models/Backend/LayananModel.php(24): CodeIgniter\Database\BaseBuilder->get()
#5 /usr/local/var/www/simkkn/app/Controllers/Home.php(31): App\Models\Backend\LayananModel->getLayananByKategori('Layanan Unggula...')
#6 /usr/local/var/www/simkkn/vendor/codeigniter4/framework/system/CodeIgniter.php(918): App\Controllers\Home->index()
#7 /usr/local/var/www/simkkn/vendor/codeigniter4/framework/system/CodeIgniter.php(404): CodeIgniter\CodeIgniter->runController(Object(App\Controllers\Home))
#8 /usr/local/var/www/simkkn/vendor/codeigniter4/framework/system/CodeIgniter.php(312): CodeIgniter\CodeIgniter->handleRequest(NULL, Object(Config\Cache), false)
#9 /usr/local/var/www/simkkn/public/index.php(45): CodeIgniter\CodeIgniter->run()
#10 /usr/local/var/www/simkkn/vendor/codeigniter4/framework/system/Commands/Server/rewrite.php(34): require_once('/usr/local/var/...')
#11 {main}
INFO - 2023-10-07 19:14:51 --> Session: Class initialized using 'CodeIgniter\Session\Handlers\FileHandler' driver.
WARNING - 2023-10-07 19:14:51 --> Session: Sessions is enabled, and one exists.Please don't $session->start();
ERROR - 2023-10-07 19:14:51 --> mysqli_sql_exception: Table 'u268758892_simkkn.bcms_layanan' doesn't exist in /usr/local/var/www/simkkn/vendor/codeigniter4/framework/system/Database/MySQLi/Connection.php:331
Stack trace:
#0 /usr/local/var/www/simkkn/vendor/codeigniter4/framework/system/Database/MySQLi/Connection.php(331): mysqli->query('SELECT *\nFROM `...')
#1 /usr/local/var/www/simkkn/vendor/codeigniter4/framework/system/Database/BaseConnection.php(741): CodeIgniter\Database\MySQLi\Connection->execute('SELECT *\nFROM `...')
#2 /usr/local/var/www/simkkn/vendor/codeigniter4/framework/system/Database/BaseConnection.php(669): CodeIgniter\Database\BaseConnection->simpleQuery('SELECT *\nFROM `...')
#3 /usr/local/var/www/simkkn/vendor/codeigniter4/framework/system/Database/BaseBuilder.php(1860): CodeIgniter\Database\BaseConnection->query('SELECT *\nFROM `...', Array, false)
#4 /usr/local/var/www/simkkn/app/Models/Backend/LayananModel.php(24): CodeIgniter\Database\BaseBuilder->get()
#5 /usr/local/var/www/simkkn/app/Controllers/Home.php(31): App\Models\Backend\LayananModel->getLayananByKategori('Layanan Unggula...')
#6 /usr/local/var/www/simkkn/vendor/codeigniter4/framework/system/CodeIgniter.php(918): App\Controllers\Home->index()
#7 /usr/local/var/www/simkkn/vendor/codeigniter4/framework/system/CodeIgniter.php(404): CodeIgniter\CodeIgniter->runController(Object(App\Controllers\Home))
#8 /usr/local/var/www/simkkn/vendor/codeigniter4/framework/system/CodeIgniter.php(312): CodeIgniter\CodeIgniter->handleRequest(NULL, Object(Config\Cache), false)
#9 /usr/local/var/www/simkkn/public/index.php(45): CodeIgniter\CodeIgniter->run()
#10 /usr/local/var/www/simkkn/vendor/codeigniter4/framework/system/Commands/Server/rewrite.php(34): require_once('/usr/local/var/...')
#11 {main}
INFO - 2023-10-07 19:14:54 --> Session: Class initialized using 'CodeIgniter\Session\Handlers\FileHandler' driver.
WARNING - 2023-10-07 19:14:54 --> Session: Sessions is enabled, and one exists.Please don't $session->start();
INFO - 2023-10-07 19:17:19 --> Session: Class initialized using 'CodeIgniter\Session\Handlers\FileHandler' driver.
WARNING - 2023-10-07 19:17:19 --> Session: Sessions is enabled, and one exists.Please don't $session->start();
INFO - 2023-10-07 19:17:54 --> Session: Class initialized using 'CodeIgniter\Session\Handlers\FileHandler' driver.
WARNING - 2023-10-07 19:17:54 --> Session: Sessions is enabled, and one exists.Please don't $session->start();
INFO - 2023-10-07 19:18:00 --> Session: Class initialized using 'CodeIgniter\Session\Handlers\FileHandler' driver.
WARNING - 2023-10-07 19:18:00 --> Session: Sessions is enabled, and one exists.Please don't $session->start();
INFO - 2023-10-07 19:18:02 --> Session: Class initialized using 'CodeIgniter\Session\Handlers\FileHandler' driver.
WARNING - 2023-10-07 19:18:02 --> Session: Sessions is enabled, and one exists.Please don't $session->start();
INFO - 2023-10-07 19:19:02 --> Session: Class initialized using 'CodeIgniter\Session\Handlers\FileHandler' driver.
WARNING - 2023-10-07 19:19:02 --> Session: Sessions is enabled, and one exists.Please don't $session->start();
INFO - 2023-10-07 19:19:25 --> Session: Class initialized using 'CodeIgniter\Session\Handlers\FileHandler' driver.
WARNING - 2023-10-07 19:19:25 --> Session: Sessions is enabled, and one exists.Please don't $session->start();
INFO - 2023-10-07 19:22:06 --> Session: Class initialized using 'CodeIgniter\Session\Handlers\FileHandler' driver.
WARNING - 2023-10-07 19:22:06 --> Session: Sessions is enabled, and one exists.Please don't $session->start();
INFO - 2023-10-07 19:22:09 --> Session: Class initialized using 'CodeIgniter\Session\Handlers\FileHandler' driver.
WARNING - 2023-10-07 19:22:09 --> Session: Sessions is enabled, and one exists.Please don't $session->start();
INFO - 2023-10-07 19:26:43 --> Session: Class initialized using 'CodeIgniter\Session\Handlers\FileHandler' driver.
WARNING - 2023-10-07 19:26:43 --> Session: Sessions is enabled, and one exists.Please don't $session->start();
INFO - 2023-10-07 19:27:29 --> Session: Class initialized using 'CodeIgniter\Session\Handlers\FileHandler' driver.
WARNING - 2023-10-07 19:27:29 --> Session: Sessions is enabled, and one exists.Please don't $session->start();
INFO - 2023-10-07 19:38:15 --> Session: Class initialized using 'CodeIgniter\Session\Handlers\FileHandler' driver.
WARNING - 2023-10-07 19:38:15 --> Session: Sessions is enabled, and one exists.Please don't $session->start();
ERROR - 2023-10-07 19:38:18 --> mysqli_sql_exception: Table 'u268758892_simkkn.bcms_layanan' doesn't exist in /usr/local/var/www/simkkn/vendor/codeigniter4/framework/system/Database/MySQLi/Connection.php:331
Stack trace:
#0 /usr/local/var/www/simkkn/vendor/codeigniter4/framework/system/Database/MySQLi/Connection.php(331): mysqli->query('SELECT *\nFROM `...')
#1 /usr/local/var/www/simkkn/vendor/codeigniter4/framework/system/Database/BaseConnection.php(741): CodeIgniter\Database\MySQLi\Connection->execute('SELECT *\nFROM `...')
#2 /usr/local/var/www/simkkn/vendor/codeigniter4/framework/system/Database/BaseConnection.php(669): CodeIgniter\Database\BaseConnection->simpleQuery('SELECT *\nFROM `...')
#3 /usr/local/var/www/simkkn/vendor/codeigniter4/framework/system/Database/BaseBuilder.php(1860): CodeIgniter\Database\BaseConnection->query('SELECT *\nFROM `...', Array, false)
#4 /usr/local/var/www/simkkn/app/Models/Backend/LayananModel.php(24): CodeIgniter\Database\BaseBuilder->get()
#5 /usr/local/var/www/simkkn/app/Controllers/Home.php(31): App\Models\Backend\LayananModel->getLayananByKategori('Layanan Unggula...')
#6 /usr/local/var/www/simkkn/vendor/codeigniter4/framework/system/CodeIgniter.php(918): App\Controllers\Home->index()
#7 /usr/local/var/www/simkkn/vendor/codeigniter4/framework/system/CodeIgniter.php(404): CodeIgniter\CodeIgniter->runController(Object(App\Controllers\Home))
#8 /usr/local/var/www/simkkn/vendor/codeigniter4/framework/system/CodeIgniter.php(312): CodeIgniter\CodeIgniter->handleRequest(NULL, Object(Config\Cache), false)
#9 /usr/local/var/www/simkkn/public/index.php(45): CodeIgniter\CodeIgniter->run()
#10 /usr/local/var/www/simkkn/vendor/codeigniter4/framework/system/Commands/Server/rewrite.php(34): require_once('/usr/local/var/...')
#11 {main}
INFO - 2023-10-07 19:38:25 --> Session: Class initialized using 'CodeIgniter\Session\Handlers\FileHandler' driver.
WARNING - 2023-10-07 19:38:25 --> Session: Sessions is enabled, and one exists.Please don't $session->start();
INFO - 2023-10-07 20:44:19 --> Session: Class initialized using 'CodeIgniter\Session\Handlers\FileHandler' driver.
WARNING - 2023-10-07 20:44:19 --> Session: Sessions is enabled, and one exists.Please don't $session->start();
INFO - 2023-10-07 20:44:41 --> Session: Class initialized using 'CodeIgniter\Session\Handlers\FileHandler' driver.
WARNING - 2023-10-07 20:44:41 --> Session: Sessions is enabled, and one exists.Please don't $session->start();
INFO - 2023-10-07 20:46:20 --> Session: Class initialized using 'CodeIgniter\Session\Handlers\FileHandler' driver.
WARNING - 2023-10-07 20:46:20 --> Session: Sessions is enabled, and one exists.Please don't $session->start();
INFO - 2023-10-07 20:49:37 --> Session: Class initialized using 'CodeIgniter\Session\Handlers\FileHandler' driver.
WARNING - 2023-10-07 20:49:37 --> Session: Sessions is enabled, and one exists.Please don't $session->start();
INFO - 2023-10-07 20:49:43 --> Session: Class initialized using 'CodeIgniter\Session\Handlers\FileHandler' driver.
WARNING - 2023-10-07 20:49:43 --> Session: Sessions is enabled, and one exists.Please don't $session->start();
INFO - 2023-10-07 20:49:47 --> Session: Class initialized using 'CodeIgniter\Session\Handlers\FileHandler' driver.
WARNING - 2023-10-07 20:49:47 --> Session: Sessions is enabled, and one exists.Please don't $session->start();
INFO - 2023-10-07 20:49:49 --> Session: Class initialized using 'CodeIgniter\Session\Handlers\FileHandler' driver.
INFO - 2023-10-07 20:49:52 --> Session: Class initialized using 'CodeIgniter\Session\Handlers\FileHandler' driver.
WARNING - 2023-10-07 20:49:52 --> Session: Sessions is enabled, and one exists.Please don't $session->start();
INFO - 2023-10-07 20:49:52 --> Session: Class initialized using 'CodeIgniter\Session\Handlers\FileHandler' driver.
WARNING - 2023-10-07 20:49:52 --> Session: Sessions is enabled, and one exists.Please don't $session->start();
INFO - 2023-10-07 20:49:56 --> Session: Class initialized using 'CodeIgniter\Session\Handlers\FileHandler' driver.
WARNING - 2023-10-07 20:49:56 --> Session: Sessions is enabled, and one exists.Please don't $session->start();
INFO - 2023-10-07 20:55:47 --> Session: Class initialized using 'CodeIgniter\Session\Handlers\FileHandler' driver.
WARNING - 2023-10-07 20:55:47 --> Session: Sessions is enabled, and one exists.Please don't $session->start();
INFO - 2023-10-07 20:55:49 --> Session: Class initialized using 'CodeIgniter\Session\Handlers\FileHandler' driver.
WARNING - 2023-10-07 20:55:49 --> Session: Sessions is enabled, and one exists.Please don't $session->start();
INFO - 2023-10-07 20:55:51 --> Session: Class initialized using 'CodeIgniter\Session\Handlers\FileHandler' driver.
WARNING - 2023-10-07 20:55:51 --> Session: Sessions is enabled, and one exists.Please don't $session->start();
INFO - 2023-10-07 20:56:04 --> Session: Class initialized using 'CodeIgniter\Session\Handlers\FileHandler' driver.
WARNING - 2023-10-07 20:56:04 --> Session: Sessions is enabled, and one exists.Please don't $session->start();
INFO - 2023-10-07 20:56:06 --> Session: Class initialized using 'CodeIgniter\Session\Handlers\FileHandler' driver.
WARNING - 2023-10-07 20:56:06 --> Session: Sessions is enabled, and one exists.Please don't $session->start();
INFO - 2023-10-07 20:56:55 --> Session: Class initialized using 'CodeIgniter\Session\Handlers\FileHandler' driver.
WARNING - 2023-10-07 20:56:55 --> Session: Sessions is enabled, and one exists.Please don't $session->start();
INFO - 2023-10-07 20:56:56 --> Session: Class initialized using 'CodeIgniter\Session\Handlers\FileHandler' driver.
WARNING - 2023-10-07 20:56:56 --> Session: Sessions is enabled, and one exists.Please don't $session->start();
INFO - 2023-10-07 20:57:47 --> Session: Class initialized using 'CodeIgniter\Session\Handlers\FileHandler' driver.
WARNING - 2023-10-07 20:57:47 --> Session: Sessions is enabled, and one exists.Please don't $session->start();
INFO - 2023-10-07 20:58:06 --> Session: Class initialized using 'CodeIgniter\Session\Handlers\FileHandler' driver.
WARNING - 2023-10-07 20:58:06 --> Session: Sessions is enabled, and one exists.Please don't $session->start();
INFO - 2023-10-07 20:58:09 --> Session: Class initialized using 'CodeIgniter\Session\Handlers\FileHandler' driver.
WARNING - 2023-10-07 20:58:09 --> Session: Sessions is enabled, and one exists.Please don't $session->start();
INFO - 2023-10-07 20:58:11 --> Session: Class initialized using 'CodeIgniter\Session\Handlers\FileHandler' driver.
WARNING - 2023-10-07 20:58:11 --> Session: Sessions is enabled, and one exists.Please don't $session->start();
INFO - 2023-10-07 20:58:13 --> Session: Class initialized using 'CodeIgniter\Session\Handlers\FileHandler' driver.
WARNING - 2023-10-07 20:58:13 --> Session: Sessions is enabled, and one exists.Please don't $session->start();
INFO - 2023-10-07 20:58:14 --> Session: Class initialized using 'CodeIgniter\Session\Handlers\FileHandler' driver.
WARNING - 2023-10-07 20:58:14 --> Session: Sessions is enabled, and one exists.Please don't $session->start();
INFO - 2023-10-07 20:59:23 --> Session: Class initialized using 'CodeIgniter\Session\Handlers\FileHandler' driver.
WARNING - 2023-10-07 20:59:23 --> Session: Sessions is enabled, and one exists.Please don't $session->start();
INFO - 2023-10-07 20:59:25 --> Session: Class initialized using 'CodeIgniter\Session\Handlers\FileHandler' driver.
WARNING - 2023-10-07 20:59:25 --> Session: Sessions is enabled, and one exists.Please don't $session->start();
INFO - 2023-10-07 20:59:27 --> Session: Class initialized using 'CodeIgniter\Session\Handlers\FileHandler' driver.
WARNING - 2023-10-07 20:59:27 --> Session: Sessions is enabled, and one exists.Please don't $session->start();
INFO - 2023-10-07 20:59:29 --> Session: Class initialized using 'CodeIgniter\Session\Handlers\FileHandler' driver.
WARNING - 2023-10-07 20:59:29 --> Session: Sessions is enabled, and one exists.Please don't $session->start();
INFO - 2023-10-07 20:59:31 --> Session: Class initialized using 'CodeIgniter\Session\Handlers\FileHandler' driver.
WARNING - 2023-10-07 20:59:31 --> Session: Sessions is enabled, and one exists.Please don't $session->start();
INFO - 2023-10-07 20:59:55 --> Session: Class initialized using 'CodeIgniter\Session\Handlers\FileHandler' driver.
WARNING - 2023-10-07 20:59:55 --> Session: Sessions is enabled, and one exists.Please don't $session->start();
INFO - 2023-10-07 20:59:57 --> Session: Class initialized using 'CodeIgniter\Session\Handlers\FileHandler' driver.
WARNING - 2023-10-07 20:59:57 --> Session: Sessions is enabled, and one exists.Please don't $session->start();
INFO - 2023-10-07 21:00:00 --> Session: Class initialized using 'CodeIgniter\Session\Handlers\FileHandler' driver.
WARNING - 2023-10-07 21:00:00 --> Session: Sessions is enabled, and one exists.Please don't $session->start();
INFO - 2023-10-07 21:03:07 --> Session: Class initialized using 'CodeIgniter\Session\Handlers\FileHandler' driver.
WARNING - 2023-10-07 21:03:07 --> Session: Sessions is enabled, and one exists.Please don't $session->start();
INFO - 2023-10-07 21:03:09 --> Session: Class initialized using 'CodeIgniter\Session\Handlers\FileHandler' driver.
WARNING - 2023-10-07 21:03:09 --> Session: Sessions is enabled, and one exists.Please don't $session->start();
INFO - 2023-10-07 21:03:10 --> Session: Class initialized using 'CodeIgniter\Session\Handlers\FileHandler' driver.
WARNING - 2023-10-07 21:03:10 --> Session: Sessions is enabled, and one exists.Please don't $session->start();
INFO - 2023-10-07 21:03:12 --> Session: Class initialized using 'CodeIgniter\Session\Handlers\FileHandler' driver.
WARNING - 2023-10-07 21:03:12 --> Session: Sessions is enabled, and one exists.Please don't $session->start();
INFO - 2023-10-07 21:03:31 --> Session: Class initialized using 'CodeIgniter\Session\Handlers\FileHandler' driver.
WARNING - 2023-10-07 21:03:31 --> Session: Sessions is enabled, and one exists.Please don't $session->start();
INFO - 2023-10-07 21:04:17 --> Session: Class initialized using 'CodeIgniter\Session\Handlers\FileHandler' driver.
WARNING - 2023-10-07 21:04:17 --> Session: Sessions is enabled, and one exists.Please don't $session->start();
INFO - 2023-10-07 21:04:18 --> Session: Class initialized using 'CodeIgniter\Session\Handlers\FileHandler' driver.
WARNING - 2023-10-07 21:04:18 --> Session: Sessions is enabled, and one exists.Please don't $session->start();
INFO - 2023-10-07 21:04:20 --> Session: Class initialized using 'CodeIgniter\Session\Handlers\FileHandler' driver.
WARNING - 2023-10-07 21:04:20 --> Session: Sessions is enabled, and one exists.Please don't $session->start();
INFO - 2023-10-07 21:04:30 --> Session: Class initialized using 'CodeIgniter\Session\Handlers\FileHandler' driver.
WARNING - 2023-10-07 21:04:30 --> Session: Sessions is enabled, and one exists.Please don't $session->start();
INFO - 2023-10-07 21:04:32 --> Session: Class initialized using 'CodeIgniter\Session\Handlers\FileHandler' driver.
WARNING - 2023-10-07 21:04:32 --> Session: Sessions is enabled, and one exists.Please don't $session->start();
INFO - 2023-10-07 21:04:40 --> Session: Class initialized using 'CodeIgniter\Session\Handlers\FileHandler' driver.
WARNING - 2023-10-07 21:04:40 --> Session: Sessions is enabled, and one exists.Please don't $session->start();
INFO - 2023-10-07 21:04:42 --> Session: Class initialized using 'CodeIgniter\Session\Handlers\FileHandler' driver.
WARNING - 2023-10-07 21:04:42 --> Session: Sessions is enabled, and one exists.Please don't $session->start();
INFO - 2023-10-07 21:04:46 --> Session: Class initialized using 'CodeIgniter\Session\Handlers\FileHandler' driver.
WARNING - 2023-10-07 21:04:46 --> Session: Sessions is enabled, and one exists.Please don't $session->start();
INFO - 2023-10-07 21:04:47 --> Session: Class initialized using 'CodeIgniter\Session\Handlers\FileHandler' driver.
WARNING - 2023-10-07 21:04:47 --> Session: Sessions is enabled, and one exists.Please don't $session->start();
INFO - 2023-10-07 21:05:03 --> Session: Class initialized using 'CodeIgniter\Session\Handlers\FileHandler' driver.
WARNING - 2023-10-07 21:05:03 --> Session: Sessions is enabled, and one exists.Please don't $session->start();
INFO - 2023-10-07 21:05:05 --> Session: Class initialized using 'CodeIgniter\Session\Handlers\FileHandler' driver.
WARNING - 2023-10-07 21:05:05 --> Session: Sessions is enabled, and one exists.Please don't $session->start();
INFO - 2023-10-07 21:05:07 --> Session: Class initialized using 'CodeIgniter\Session\Handlers\FileHandler' driver.
WARNING - 2023-10-07 21:05:07 --> Session: Sessions is enabled, and one exists.Please don't $session->start();
INFO - 2023-10-07 21:05:11 --> Session: Class initialized using 'CodeIgniter\Session\Handlers\FileHandler' driver.
WARNING - 2023-10-07 21:05:11 --> Session: Sessions is enabled, and one exists.Please don't $session->start();
INFO - 2023-10-07 21:05:16 --> Session: Class initialized using 'CodeIgniter\Session\Handlers\FileHandler' driver.
WARNING - 2023-10-07 21:05:16 --> Session: Sessions is enabled, and one exists.Please don't $session->start();
INFO - 2023-10-07 21:05:18 --> Session: Class initialized using 'CodeIgniter\Session\Handlers\FileHandler' driver.
WARNING - 2023-10-07 21:05:18 --> Session: Sessions is enabled, and one exists.Please don't $session->start();
INFO - 2023-10-07 21:11:15 --> Session: Class initialized using 'CodeIgniter\Session\Handlers\FileHandler' driver.
WARNING - 2023-10-07 21:11:15 --> Session: Sessions is enabled, and one exists.Please don't $session->start();
INFO - 2023-10-07 21:11:16 --> Session: Class initialized using 'CodeIgniter\Session\Handlers\FileHandler' driver.
WARNING - 2023-10-07 21:11:16 --> Session: Sessions is enabled, and one exists.Please don't $session->start();
INFO - 2023-10-07 21:11:23 --> Session: Class initialized using 'CodeIgniter\Session\Handlers\FileHandler' driver.
WARNING - 2023-10-07 21:11:23 --> Session: Sessions is enabled, and one exists.Please don't $session->start();
INFO - 2023-10-07 21:11:30 --> Session: Class initialized using 'CodeIgniter\Session\Handlers\FileHandler' driver.
WARNING - 2023-10-07 21:11:30 --> Session: Sessions is enabled, and one exists.Please don't $session->start();
INFO - 2023-10-07 21:12:08 --> Session: Class initialized using 'CodeIgniter\Session\Handlers\FileHandler' driver.
WARNING - 2023-10-07 21:12:08 --> Session: Sessions is enabled, and one exists.Please don't $session->start();
INFO - 2023-10-07 21:12:10 --> Session: Class initialized using 'CodeIgniter\Session\Handlers\FileHandler' driver.
WARNING - 2023-10-07 21:12:10 --> Session: Sessions is enabled, and one exists.Please don't $session->start();
INFO - 2023-10-07 21:12:21 --> Session: Class initialized using 'CodeIgniter\Session\Handlers\FileHandler' driver.
WARNING - 2023-10-07 21:12:21 --> Session: Sessions is enabled, and one exists.Please don't $session->start();
INFO - 2023-10-07 21:12:23 --> Session: Class initialized using 'CodeIgniter\Session\Handlers\FileHandler' driver.
WARNING - 2023-10-07 21:12:23 --> Session: Sessions is enabled, and one exists.Please don't $session->start();
INFO - 2023-10-07 21:12:46 --> Session: Class initialized using 'CodeIgniter\Session\Handlers\FileHandler' driver.
WARNING - 2023-10-07 21:12:46 --> Session: Sessions is enabled, and one exists.Please don't $session->start();
INFO - 2023-10-07 21:12:50 --> Session: Class initialized using 'CodeIgniter\Session\Handlers\FileHandler' driver.
WARNING - 2023-10-07 21:12:50 --> Session: Sessions is enabled, and one exists.Please don't $session->start();
INFO - 2023-10-07 21:13:03 --> Session: Class initialized using 'CodeIgniter\Session\Handlers\FileHandler' driver.
WARNING - 2023-10-07 21:13:03 --> Session: Sessions is enabled, and one exists.Please don't $session->start();
INFO - 2023-10-07 21:13:04 --> Session: Class initialized using 'CodeIgniter\Session\Handlers\FileHandler' driver.
WARNING - 2023-10-07 21:13:04 --> Session: Sessions is enabled, and one exists.Please don't $session->start();
INFO - 2023-10-07 21:13:41 --> Session: Class initialized using 'CodeIgniter\Session\Handlers\FileHandler' driver.
WARNING - 2023-10-07 21:13:41 --> Session: Sessions is enabled, and one exists.Please don't $session->start();
INFO - 2023-10-07 21:13:43 --> Session: Class initialized using 'CodeIgniter\Session\Handlers\FileHandler' driver.
WARNING - 2023-10-07 21:13:43 --> Session: Sessions is enabled, and one exists.Please don't $session->start();
INFO - 2023-10-07 21:13:44 --> Session: Class initialized using 'CodeIgniter\Session\Handlers\FileHandler' driver.
WARNING - 2023-10-07 21:13:44 --> Session: Sessions is enabled, and one exists.Please don't $session->start();
INFO - 2023-10-07 21:13:45 --> Session: Class initialized using 'CodeIgniter\Session\Handlers\FileHandler' driver.
WARNING - 2023-10-07 21:13:45 --> Session: Sessions is enabled, and one exists.Please don't $session->start();
INFO - 2023-10-07 21:13:47 --> Session: Class initialized using 'CodeIgniter\Session\Handlers\FileHandler' driver.
WARNING - 2023-10-07 21:13:47 --> Session: Sessions is enabled, and one exists.Please don't $session->start();
INFO - 2023-10-07 21:13:48 --> Session: Class initialized using 'CodeIgniter\Session\Handlers\FileHandler' driver.
WARNING - 2023-10-07 21:13:48 --> Session: Sessions is enabled, and one exists.Please don't $session->start();
INFO - 2023-10-07 21:13:49 --> Session: Class initialized using 'CodeIgniter\Session\Handlers\FileHandler' driver.
WARNING - 2023-10-07 21:13:49 --> Session: Sessions is enabled, and one exists.Please don't $session->start();
INFO - 2023-10-07 21:14:21 --> Session: Class initialized using 'CodeIgniter\Session\Handlers\FileHandler' driver.
WARNING - 2023-10-07 21:14:21 --> Session: Sessions is enabled, and one exists.Please don't $session->start();
INFO - 2023-10-07 21:14:23 --> Session: Class initialized using 'CodeIgniter\Session\Handlers\FileHandler' driver.
WARNING - 2023-10-07 21:14:23 --> Session: Sessions is enabled, and one exists.Please don't $session->start();
INFO - 2023-10-07 21:14:25 --> Session: Class initialized using 'CodeIgniter\Session\Handlers\FileHandler' driver.
WARNING - 2023-10-07 21:14:25 --> Session: Sessions is enabled, and one exists.Please don't $session->start();
INFO - 2023-10-07 21:14:47 --> Session: Class initialized using 'CodeIgniter\Session\Handlers\FileHandler' driver.
WARNING - 2023-10-07 21:14:47 --> Session: Sessions is enabled, and one exists.Please don't $session->start();
INFO - 2023-10-07 21:14:49 --> Session: Class initialized using 'CodeIgniter\Session\Handlers\FileHandler' driver.
WARNING - 2023-10-07 21:14:49 --> Session: Sessions is enabled, and one exists.Please don't $session->start();
INFO - 2023-10-07 21:14:51 --> Session: Class initialized using 'CodeIgniter\Session\Handlers\FileHandler' driver.
WARNING - 2023-10-07 21:14:51 --> Session: Sessions is enabled, and one exists.Please don't $session->start();
INFO - 2023-10-07 21:14:53 --> Session: Class initialized using 'CodeIgniter\Session\Handlers\FileHandler' driver.
WARNING - 2023-10-07 21:14:53 --> Session: Sessions is enabled, and one exists.Please don't $session->start();
INFO - 2023-10-07 21:14:55 --> Session: Class initialized using 'CodeIgniter\Session\Handlers\FileHandler' driver.
WARNING - 2023-10-07 21:14:55 --> Session: Sessions is enabled, and one exists.Please don't $session->start();
INFO - 2023-10-07 21:14:56 --> Session: Class initialized using 'CodeIgniter\Session\Handlers\FileHandler' driver.
WARNING - 2023-10-07 21:14:56 --> Session: Sessions is enabled, and one exists.Please don't $session->start();
INFO - 2023-10-07 21:15:27 --> Session: Class initialized using 'CodeIgniter\Session\Handlers\FileHandler' driver.
WARNING - 2023-10-07 21:15:27 --> Session: Sessions is enabled, and one exists.Please don't $session->start();
INFO - 2023-10-07 21:15:34 --> Session: Class initialized using 'CodeIgniter\Session\Handlers\FileHandler' driver.
WARNING - 2023-10-07 21:15:34 --> Session: Sessions is enabled, and one exists.Please don't $session->start();
INFO - 2023-10-07 21:16:31 --> Session: Class initialized using 'CodeIgniter\Session\Handlers\FileHandler' driver.
WARNING - 2023-10-07 21:16:31 --> Session: Sessions is enabled, and one exists.Please don't $session->start();
INFO - 2023-10-07 21:16:32 --> Session: Class initialized using 'CodeIgniter\Session\Handlers\FileHandler' driver.
WARNING - 2023-10-07 21:16:32 --> Session: Sessions is enabled, and one exists.Please don't $session->start();
INFO - 2023-10-07 21:16:34 --> Session: Class initialized using 'CodeIgniter\Session\Handlers\FileHandler' driver.
WARNING - 2023-10-07 21:16:34 --> Session: Sessions is enabled, and one exists.Please don't $session->start();
INFO - 2023-10-07 21:16:35 --> Session: Class initialized using 'CodeIgniter\Session\Handlers\FileHandler' driver.
WARNING - 2023-10-07 21:16:35 --> Session: Sessions is enabled, and one exists.Please don't $session->start();
INFO - 2023-10-07 21:16:36 --> Session: Class initialized using 'CodeIgniter\Session\Handlers\FileHandler' driver.
WARNING - 2023-10-07 21:16:36 --> Session: Sessions is enabled, and one exists.Please don't $session->start();
INFO - 2023-10-07 21:18:21 --> Session: Class initialized using 'CodeIgniter\Session\Handlers\FileHandler' driver.
WARNING - 2023-10-07 21:18:21 --> Session: Sessions is enabled, and one exists.Please don't $session->start();
INFO - 2023-10-07 21:18:23 --> Session: Class initialized using 'CodeIgniter\Session\Handlers\FileHandler' driver.
WARNING - 2023-10-07 21:18:23 --> Session: Sessions is enabled, and one exists.Please don't $session->start();
INFO - 2023-10-07 21:18:25 --> Session: Class initialized using 'CodeIgniter\Session\Handlers\FileHandler' driver.
WARNING - 2023-10-07 21:18:25 --> Session: Sessions is enabled, and one exists.Please don't $session->start();
INFO - 2023-10-07 21:18:27 --> Session: Class initialized using 'CodeIgniter\Session\Handlers\FileHandler' driver.
WARNING - 2023-10-07 21:18:27 --> Session: Sessions is enabled, and one exists.Please don't $session->start();
INFO - 2023-10-07 21:19:21 --> Session: Class initialized using 'CodeIgniter\Session\Handlers\FileHandler' driver.
WARNING - 2023-10-07 21:19:21 --> Session: Sessions is enabled, and one exists.Please don't $session->start();
INFO - 2023-10-07 21:19:22 --> Session: Class initialized using 'CodeIgniter\Session\Handlers\FileHandler' driver.
WARNING - 2023-10-07 21:19:22 --> Session: Sessions is enabled, and one exists.Please don't $session->start();
INFO - 2023-10-07 21:19:24 --> Session: Class initialized using 'CodeIgniter\Session\Handlers\FileHandler' driver.
WARNING - 2023-10-07 21:19:24 --> Session: Sessions is enabled, and one exists.Please don't $session->start();
INFO - 2023-10-07 21:19:30 --> Session: Class initialized using 'CodeIgniter\Session\Handlers\FileHandler' driver.
WARNING - 2023-10-07 21:19:30 --> Session: Sessions is enabled, and one exists.Please don't $session->start();
INFO - 2023-10-07 21:19:31 --> Session: Class initialized using 'CodeIgniter\Session\Handlers\FileHandler' driver.
WARNING - 2023-10-07 21:19:31 --> Session: Sessions is enabled, and one exists.Please don't $session->start();
INFO - 2023-10-07 21:19:33 --> Session: Class initialized using 'CodeIgniter\Session\Handlers\FileHandler' driver.
WARNING - 2023-10-07 21:19:33 --> Session: Sessions is enabled, and one exists.Please don't $session->start();
INFO - 2023-10-07 21:20:09 --> Session: Class initialized using 'CodeIgniter\Session\Handlers\FileHandler' driver.
WARNING - 2023-10-07 21:20:09 --> Session: Sessions is enabled, and one exists.Please don't $session->start();
INFO - 2023-10-07 21:20:11 --> Session: Class initialized using 'CodeIgniter\Session\Handlers\FileHandler' driver.
WARNING - 2023-10-07 21:20:11 --> Session: Sessions is enabled, and one exists.Please don't $session->start();
INFO - 2023-10-07 21:20:12 --> Session: Class initialized using 'CodeIgniter\Session\Handlers\FileHandler' driver.
WARNING - 2023-10-07 21:20:12 --> Session: Sessions is enabled, and one exists.Please don't $session->start();
INFO - 2023-10-07 21:20:14 --> Session: Class initialized using 'CodeIgniter\Session\Handlers\FileHandler' driver.
WARNING - 2023-10-07 21:20:14 --> Session: Sessions is enabled, and one exists.Please don't $session->start();
INFO - 2023-10-07 21:20:25 --> Session: Class initialized using 'CodeIgniter\Session\Handlers\FileHandler' driver.
WARNING - 2023-10-07 21:20:25 --> Session: Sessions is enabled, and one exists.Please don't $session->start();
INFO - 2023-10-07 21:21:41 --> Session: Class initialized using 'CodeIgniter\Session\Handlers\FileHandler' driver.
WARNING - 2023-10-07 21:21:41 --> Session: Sessions is enabled, and one exists.Please don't $session->start();
INFO - 2023-10-07 21:21:43 --> Session: Class initialized using 'CodeIgniter\Session\Handlers\FileHandler' driver.
WARNING - 2023-10-07 21:21:43 --> Session: Sessions is enabled, and one exists.Please don't $session->start();
INFO - 2023-10-07 21:21:44 --> Session: Class initialized using 'CodeIgniter\Session\Handlers\FileHandler' driver.
WARNING - 2023-10-07 21:21:44 --> Session: Sessions is enabled, and one exists.Please don't $session->start();
INFO - 2023-10-07 21:21:45 --> Session: Class initialized using 'CodeIgniter\Session\Handlers\FileHandler' driver.
WARNING - 2023-10-07 21:21:45 --> Session: Sessions is enabled, and one exists.Please don't $session->start();
INFO - 2023-10-07 21:21:46 --> Session: Class initialized using 'CodeIgniter\Session\Handlers\FileHandler' driver.
WARNING - 2023-10-07 21:21:46 --> Session: Sessions is enabled, and one exists.Please don't $session->start();
INFO - 2023-10-07 21:21:48 --> Session: Class initialized using 'CodeIgniter\Session\Handlers\FileHandler' driver.
WARNING - 2023-10-07 21:21:48 --> Session: Sessions is enabled, and one exists.Please don't $session->start();
INFO - 2023-10-07 21:21:49 --> Session: Class initialized using 'CodeIgniter\Session\Handlers\FileHandler' driver.
WARNING - 2023-10-07 21:21:49 --> Session: Sessions is enabled, and one exists.Please don't $session->start();
INFO - 2023-10-07 21:22:05 --> Session: Class initialized using 'CodeIgniter\Session\Handlers\FileHandler' driver.
WARNING - 2023-10-07 21:22:05 --> Session: Sessions is enabled, and one exists.Please don't $session->start();
INFO - 2023-10-07 21:22:08 --> Session: Class initialized using 'CodeIgniter\Session\Handlers\FileHandler' driver.
WARNING - 2023-10-07 21:22:08 --> Session: Sessions is enabled, and one exists.Please don't $session->start();
INFO - 2023-10-07 21:22:10 --> Session: Class initialized using 'CodeIgniter\Session\Handlers\FileHandler' driver.
WARNING - 2023-10-07 21:22:10 --> Session: Sessions is enabled, and one exists.Please don't $session->start();
INFO - 2023-10-07 21:24:16 --> Session: Class initialized using 'CodeIgniter\Session\Handlers\FileHandler' driver.
WARNING - 2023-10-07 21:24:16 --> Session: Sessions is enabled, and one exists.Please don't $session->start();
INFO - 2023-10-07 21:24:18 --> Session: Class initialized using 'CodeIgniter\Session\Handlers\FileHandler' driver.
WARNING - 2023-10-07 21:24:18 --> Session: Sessions is enabled, and one exists.Please don't $session->start();
INFO - 2023-10-07 21:24:19 --> Session: Class initialized using 'CodeIgniter\Session\Handlers\FileHandler' driver.
WARNING - 2023-10-07 21:24:19 --> Session: Sessions is enabled, and one exists.Please don't $session->start();
INFO - 2023-10-07 21:24:20 --> Session: Class initialized using 'CodeIgniter\Session\Handlers\FileHandler' driver.
WARNING - 2023-10-07 21:24:20 --> Session: Sessions is enabled, and one exists.Please don't $session->start();
INFO - 2023-10-07 21:24:21 --> Session: Class initialized using 'CodeIgniter\Session\Handlers\FileHandler' driver.
WARNING - 2023-10-07 21:24:21 --> Session: Sessions is enabled, and one exists.Please don't $session->start();
INFO - 2023-10-07 21:24:23 --> Session: Class initialized using 'CodeIgniter\Session\Handlers\FileHandler' driver.
WARNING - 2023-10-07 21:24:23 --> Session: Sessions is enabled, and one exists.Please don't $session->start();
INFO - 2023-10-07 21:24:25 --> Session: Class initialized using 'CodeIgniter\Session\Handlers\FileHandler' driver.
WARNING - 2023-10-07 21:24:25 --> Session: Sessions is enabled, and one exists.Please don't $session->start();
INFO - 2023-10-07 23:04:33 --> Session: Class initialized using 'CodeIgniter\Session\Handlers\FileHandler' driver.
WARNING - 2023-10-07 23:04:33 --> Session: Sessions is enabled, and one exists.Please don't $session->start();
INFO - 2023-10-07 23:05:36 --> Session: Class initialized using 'CodeIgniter\Session\Handlers\FileHandler' driver.
WARNING - 2023-10-07 23:05:36 --> Session: Sessions is enabled, and one exists.Please don't $session->start();
INFO - 2023-10-07 23:05:53 --> Session: Class initialized using 'CodeIgniter\Session\Handlers\FileHandler' driver.
WARNING - 2023-10-07 23:05:53 --> Session: Sessions is enabled, and one exists.Please don't $session->start();
INFO - 2023-10-07 23:06:11 --> Session: Class initialized using 'CodeIgniter\Session\Handlers\FileHandler' driver.
WARNING - 2023-10-07 23:06:11 --> Session: Sessions is enabled, and one exists.Please don't $session->start();
INFO - 2023-10-07 23:06:42 --> Session: Class initialized using 'CodeIgniter\Session\Handlers\FileHandler' driver.
WARNING - 2023-10-07 23:06:42 --> Session: Sessions is enabled, and one exists.Please don't $session->start();
INFO - 2023-10-07 23:06:44 --> Session: Class initialized using 'CodeIgniter\Session\Handlers\FileHandler' driver.
WARNING - 2023-10-07 23:06:44 --> Session: Sessions is enabled, and one exists.Please don't $session->start();
INFO - 2023-10-07 23:07:02 --> Session: Class initialized using 'CodeIgniter\Session\Handlers\FileHandler' driver.
WARNING - 2023-10-07 23:07:02 --> Session: Sessions is enabled, and one exists.Please don't $session->start();
INFO - 2023-10-07 23:07:03 --> Session: Class initialized using 'CodeIgniter\Session\Handlers\FileHandler' driver.
WARNING - 2023-10-07 23:07:03 --> Session: Sessions is enabled, and one exists.Please don't $session->start();
INFO - 2023-10-07 23:07:04 --> Session: Class initialized using 'CodeIgniter\Session\Handlers\FileHandler' driver.
WARNING - 2023-10-07 23:07:04 --> Session: Sessions is enabled, and one exists.Please don't $session->start();
INFO - 2023-10-07 23:07:26 --> Session: Class initialized using 'CodeIgniter\Session\Handlers\FileHandler' driver.
WARNING - 2023-10-07 23:07:26 --> Session: Sessions is enabled, and one exists.Please don't $session->start();
INFO - 2023-10-07 23:07:28 --> Session: Class initialized using 'CodeIgniter\Session\Handlers\FileHandler' driver.
WARNING - 2023-10-07 23:07:28 --> Session: Sessions is enabled, and one exists.Please don't $session->start();
INFO - 2023-10-07 23:07:30 --> Session: Class initialized using 'CodeIgniter\Session\Handlers\FileHandler' driver.
WARNING - 2023-10-07 23:07:30 --> Session: Sessions is enabled, and one exists.Please don't $session->start();
INFO - 2023-10-07 23:07:45 --> Session: Class initialized using 'CodeIgniter\Session\Handlers\FileHandler' driver.
WARNING - 2023-10-07 23:07:45 --> Session: Sessions is enabled, and one exists.Please don't $session->start();
INFO - 2023-10-07 23:07:50 --> Session: Class initialized using 'CodeIgniter\Session\Handlers\FileHandler' driver.
WARNING - 2023-10-07 23:07:50 --> Session: Sessions is enabled, and one exists.Please don't $session->start();
INFO - 2023-10-07 23:08:30 --> Session: Class initialized using 'CodeIgniter\Session\Handlers\FileHandler' driver.
WARNING - 2023-10-07 23:08:30 --> Session: Sessions is enabled, and one exists.Please don't $session->start();
INFO - 2023-10-07 23:08:32 --> Session: Class initialized using 'CodeIgniter\Session\Handlers\FileHandler' driver.
WARNING - 2023-10-07 23:08:32 --> Session: Sessions is enabled, and one exists.Please don't $session->start();
INFO - 2023-10-07 23:08:33 --> Session: Class initialized using 'CodeIgniter\Session\Handlers\FileHandler' driver.
WARNING - 2023-10-07 23:08:33 --> Session: Sessions is enabled, and one exists.Please don't $session->start();
INFO - 2023-10-07 23:08:34 --> Session: Class initialized using 'CodeIgniter\Session\Handlers\FileHandler' driver.
WARNING - 2023-10-07 23:08:34 --> Session: Sessions is enabled, and one exists.Please don't $session->start();
INFO - 2023-10-07 23:08:36 --> Session: Class initialized using 'CodeIgniter\Session\Handlers\FileHandler' driver.
WARNING - 2023-10-07 23:08:36 --> Session: Sessions is enabled, and one exists.Please don't $session->start();
INFO - 2023-10-07 23:09:31 --> Session: Class initialized using 'CodeIgniter\Session\Handlers\FileHandler' driver.
WARNING - 2023-10-07 23:09:31 --> Session: Sessions is enabled, and one exists.Please don't $session->start();
INFO - 2023-10-07 23:09:38 --> Session: Class initialized using 'CodeIgniter\Session\Handlers\FileHandler' driver.
WARNING - 2023-10-07 23:09:38 --> Session: Sessions is enabled, and one exists.Please don't $session->start();
INFO - 2023-10-07 23:09:41 --> Session: Class initialized using 'CodeIgniter\Session\Handlers\FileHandler' driver.
WARNING - 2023-10-07 23:09:41 --> Session: Sessions is enabled, and one exists.Please don't $session->start();
INFO - 2023-10-07 23:10:20 --> Session: Class initialized using 'CodeIgniter\Session\Handlers\FileHandler' driver.
WARNING - 2023-10-07 23:10:20 --> Session: Sessions is enabled, and one exists.Please don't $session->start();
INFO - 2023-10-07 23:11:08 --> Session: Class initialized using 'CodeIgniter\Session\Handlers\FileHandler' driver.
WARNING - 2023-10-07 23:11:08 --> Session: Sessions is enabled, and one exists.Please don't $session->start();
INFO - 2023-10-07 23:11:09 --> Session: Class initialized using 'CodeIgniter\Session\Handlers\FileHandler' driver.
WARNING - 2023-10-07 23:11:09 --> Session: Sessions is enabled, and one exists.Please don't $session->start();
INFO - 2023-10-07 23:11:11 --> Session: Class initialized using 'CodeIgniter\Session\Handlers\FileHandler' driver.
WARNING - 2023-10-07 23:11:11 --> Session: Sessions is enabled, and one exists.Please don't $session->start();
INFO - 2023-10-07 23:11:12 --> Session: Class initialized using 'CodeIgniter\Session\Handlers\FileHandler' driver.
WARNING - 2023-10-07 23:11:12 --> Session: Sessions is enabled, and one exists.Please don't $session->start();
INFO - 2023-10-07 23:11:13 --> Session: Class initialized using 'CodeIgniter\Session\Handlers\FileHandler' driver.
WARNING - 2023-10-07 23:11:13 --> Session: Sessions is enabled, and one exists.Please don't $session->start();
INFO - 2023-10-07 23:11:18 --> Session: Class initialized using 'CodeIgniter\Session\Handlers\FileHandler' driver.
WARNING - 2023-10-07 23:11:18 --> Session: Sessions is enabled, and one exists.Please don't $session->start();
INFO - 2023-10-07 23:11:25 --> Session: Class initialized using 'CodeIgniter\Session\Handlers\FileHandler' driver.
WARNING - 2023-10-07 23:11:25 --> Session: Sessions is enabled, and one exists.Please don't $session->start();
INFO - 2023-10-07 23:11:28 --> Session: Class initialized using 'CodeIgniter\Session\Handlers\FileHandler' driver.
WARNING - 2023-10-07 23:11:28 --> Session: Sessions is enabled, and one exists.Please don't $session->start();
INFO - 2023-10-07 23:11:32 --> Session: Class initialized using 'CodeIgniter\Session\Handlers\FileHandler' driver.
WARNING - 2023-10-07 23:11:32 --> Session: Sessions is enabled, and one exists.Please don't $session->start();
INFO - 2023-10-07 23:11:36 --> Session: Class initialized using 'CodeIgniter\Session\Handlers\FileHandler' driver.
WARNING - 2023-10-07 23:11:36 --> Session: Sessions is enabled, and one exists.Please don't $session->start();
INFO - 2023-10-07 23:11:38 --> Session: Class initialized using 'CodeIgniter\Session\Handlers\FileHandler' driver.
INFO - 2023-10-07 23:12:10 --> Session: Class initialized using 'CodeIgniter\Session\Handlers\FileHandler' driver.
WARNING - 2023-10-07 23:12:10 --> Session: Sessions is enabled, and one exists.Please don't $session->start();
INFO - 2023-10-07 23:12:11 --> Session: Class initialized using 'CodeIgniter\Session\Handlers\FileHandler' driver.
WARNING - 2023-10-07 23:12:11 --> Session: Sessions is enabled, and one exists.Please don't $session->start();
INFO - 2023-10-07 23:12:13 --> Session: Class initialized using 'CodeIgniter\Session\Handlers\FileHandler' driver.
WARNING - 2023-10-07 23:12:13 --> Session: Sessions is enabled, and one exists.Please don't $session->start();
INFO - 2023-10-07 23:12:14 --> Session: Class initialized using 'CodeIgniter\Session\Handlers\FileHandler' driver.
WARNING - 2023-10-07 23:12:14 --> Session: Sessions is enabled, and one exists.Please don't $session->start();
INFO - 2023-10-07 23:12:16 --> Session: Class initialized using 'CodeIgniter\Session\Handlers\FileHandler' driver.
WARNING - 2023-10-07 23:12:16 --> Session: Sessions is enabled, and one exists.Please don't $session->start();
INFO - 2023-10-07 23:12:16 --> Session: Class initialized using 'CodeIgniter\Session\Handlers\FileHandler' driver.
WARNING - 2023-10-07 23:12:16 --> Session: Sessions is enabled, and one exists.Please don't $session->start();
INFO - 2023-10-07 23:13:02 --> Session: Class initialized using 'CodeIgniter\Session\Handlers\FileHandler' driver.
WARNING - 2023-10-07 23:13:02 --> Session: Sessions is enabled, and one exists.Please don't $session->start();
INFO - 2023-10-07 23:13:03 --> Session: Class initialized using 'CodeIgniter\Session\Handlers\FileHandler' driver.
WARNING - 2023-10-07 23:13:03 --> Session: Sessions is enabled, and one exists.Please don't $session->start();
INFO - 2023-10-07 23:13:11 --> Session: Class initialized using 'CodeIgniter\Session\Handlers\FileHandler' driver.
WARNING - 2023-10-07 23:13:11 --> Session: Sessions is enabled, and one exists.Please don't $session->start();
INFO - 2023-10-07 23:13:12 --> Session: Class initialized using 'CodeIgniter\Session\Handlers\FileHandler' driver.
WARNING - 2023-10-07 23:13:12 --> Session: Sessions is enabled, and one exists.Please don't $session->start();
INFO - 2023-10-07 23:13:13 --> Session: Class initialized using 'CodeIgniter\Session\Handlers\FileHandler' driver.
WARNING - 2023-10-07 23:13:13 --> Session: Sessions is enabled, and one exists.Please don't $session->start();
INFO - 2023-10-07 23:13:13 --> Session: Class initialized using 'CodeIgniter\Session\Handlers\FileHandler' driver.
WARNING - 2023-10-07 23:13:13 --> Session: Sessions is enabled, and one exists.Please don't $session->start();
INFO - 2023-10-07 23:15:00 --> Session: Class initialized using 'CodeIgniter\Session\Handlers\FileHandler' driver.
WARNING - 2023-10-07 23:15:00 --> Session: Sessions is enabled, and one exists.Please don't $session->start();
INFO - 2023-10-07 23:15:02 --> Session: Class initialized using 'CodeIgniter\Session\Handlers\FileHandler' driver.
WARNING - 2023-10-07 23:15:02 --> Session: Sessions is enabled, and one exists.Please don't $session->start();
INFO - 2023-10-07 23:15:08 --> Session: Class initialized using 'CodeIgniter\Session\Handlers\FileHandler' driver.
WARNING - 2023-10-07 23:15:08 --> Session: Sessions is enabled, and one exists.Please don't $session->start();
INFO - 2023-10-07 23:17:36 --> Session: Class initialized using 'CodeIgniter\Session\Handlers\FileHandler' driver.
WARNING - 2023-10-07 23:17:36 --> Session: Sessions is enabled, and one exists.Please don't $session->start();
INFO - 2023-10-07 23:17:40 --> Session: Class initialized using 'CodeIgniter\Session\Handlers\FileHandler' driver.
WARNING - 2023-10-07 23:17:40 --> Session: Sessions is enabled, and one exists.Please don't $session->start();
INFO - 2023-10-07 23:17:41 --> Session: Class initialized using 'CodeIgniter\Session\Handlers\FileHandler' driver.
WARNING - 2023-10-07 23:17:41 --> Session: Sessions is enabled, and one exists.Please don't $session->start();
INFO - 2023-10-07 23:17:59 --> Session: Class initialized using 'CodeIgniter\Session\Handlers\FileHandler' driver.
WARNING - 2023-10-07 23:17:59 --> Session: Sessions is enabled, and one exists.Please don't $session->start();
INFO - 2023-10-07 23:18:00 --> Session: Class initialized using 'CodeIgniter\Session\Handlers\FileHandler' driver.
WARNING - 2023-10-07 23:18:00 --> Session: Sessions is enabled, and one exists.Please don't $session->start();
INFO - 2023-10-07 23:19:43 --> Session: Class initialized using 'CodeIgniter\Session\Handlers\FileHandler' driver.
WARNING - 2023-10-07 23:19:43 --> Session: Sessions is enabled, and one exists.Please don't $session->start();
INFO - 2023-10-07 23:19:43 --> Session: Class initialized using 'CodeIgniter\Session\Handlers\FileHandler' driver.
WARNING - 2023-10-07 23:19:43 --> Session: Sessions is enabled, and one exists.Please don't $session->start();
INFO - 2023-10-07 23:19:45 --> Session: Class initialized using 'CodeIgniter\Session\Handlers\FileHandler' driver.
WARNING - 2023-10-07 23:19:45 --> Session: Sessions is enabled, and one exists.Please don't $session->start();
INFO - 2023-10-07 23:19:46 --> Session: Class initialized using 'CodeIgniter\Session\Handlers\FileHandler' driver.
WARNING - 2023-10-07 23:19:46 --> Session: Sessions is enabled, and one exists.Please don't $session->start();
INFO - 2023-10-07 23:19:52 --> Session: Class initialized using 'CodeIgniter\Session\Handlers\FileHandler' driver.
WARNING - 2023-10-07 23:19:52 --> Session: Sessions is enabled, and one exists.Please don't $session->start();
INFO - 2023-10-07 23:22:44 --> Session: Class initialized using 'CodeIgniter\Session\Handlers\FileHandler' driver.
WARNING - 2023-10-07 23:22:44 --> Session: Sessions is enabled, and one exists.Please don't $session->start();
INFO - 2023-10-07 23:22:45 --> Session: Class initialized using 'CodeIgniter\Session\Handlers\FileHandler' driver.
WARNING - 2023-10-07 23:22:45 --> Session: Sessions is enabled, and one exists.Please don't $session->start();
INFO - 2023-10-07 23:22:46 --> Session: Class initialized using 'CodeIgniter\Session\Handlers\FileHandler' driver.
WARNING - 2023-10-07 23:22:46 --> Session: Sessions is enabled, and one exists.Please don't $session->start();
INFO - 2023-10-07 23:22:47 --> Session: Class initialized using 'CodeIgniter\Session\Handlers\FileHandler' driver.
WARNING - 2023-10-07 23:22:47 --> Session: Sessions is enabled, and one exists.Please don't $session->start();
INFO - 2023-10-07 23:24:08 --> Session: Class initialized using 'CodeIgniter\Session\Handlers\FileHandler' driver.
WARNING - 2023-10-07 23:24:08 --> Session: Sessions is enabled, and one exists.Please don't $session->start();
INFO - 2023-10-07 23:24:08 --> Session: Class initialized using 'CodeIgniter\Session\Handlers\FileHandler' driver.
WARNING - 2023-10-07 23:24:08 --> Session: Sessions is enabled, and one exists.Please don't $session->start();
INFO - 2023-10-07 23:40:23 --> Session: Class initialized using 'CodeIgniter\Session\Handlers\FileHandler' driver.
WARNING - 2023-10-07 23:40:23 --> Session: Sessions is enabled, and one exists.Please don't $session->start();
INFO - 2023-10-07 23:40:23 --> Session: Class initialized using 'CodeIgniter\Session\Handlers\FileHandler' driver.
WARNING - 2023-10-07 23:40:23 --> Session: Sessions is enabled, and one exists.Please don't $session->start();
INFO - 2023-10-07 23:43:28 --> Session: Class initialized using 'CodeIgniter\Session\Handlers\FileHandler' driver.
WARNING - 2023-10-07 23:43:28 --> Session: Sessions is enabled, and one exists.Please don't $session->start();
INFO - 2023-10-07 23:43:29 --> Session: Class initialized using 'CodeIgniter\Session\Handlers\FileHandler' driver.
WARNING - 2023-10-07 23:43:29 --> Session: Sessions is enabled, and one exists.Please don't $session->start();
INFO - 2023-10-07 23:43:30 --> Session: Class initialized using 'CodeIgniter\Session\Handlers\FileHandler' driver.
WARNING - 2023-10-07 23:43:30 --> Session: Sessions is enabled, and one exists.Please don't $session->start();
ERROR - 2023-10-07 23:43:30 --> mysqli_sql_exception: Table 'u268758892_simkkn.bcms_user' doesn't exist in /usr/local/var/www/simkkn/vendor/codeigniter4/framework/system/Database/MySQLi/Connection.php:331
Stack trace:
#0 /usr/local/var/www/simkkn/vendor/codeigniter4/framework/system/Database/MySQLi/Connection.php(331): mysqli->query('SELECT `a`.`use...')
#1 /usr/local/var/www/simkkn/vendor/codeigniter4/framework/system/Database/BaseConnection.php(741): CodeIgniter\Database\MySQLi\Connection->execute('SELECT `a`.`use...')
#2 /usr/local/var/www/simkkn/vendor/codeigniter4/framework/system/Database/BaseConnection.php(669): CodeIgniter\Database\BaseConnection->simpleQuery('SELECT `a`.`use...')
#3 /usr/local/var/www/simkkn/vendor/codeigniter4/framework/system/Database/BaseBuilder.php(1860): CodeIgniter\Database\BaseConnection->query('SELECT `a`.`use...', Array, false)
#4 /usr/local/var/www/simkkn/app/Models/Backend/HarianModel.php(79): CodeIgniter\Database\BaseBuilder->get()
#5 /usr/local/var/www/simkkn/app/Controllers/Backend/Harian.php(98): App\Models\Backend\HarianModel->getDosenKelompok()
#6 /usr/local/var/www/simkkn/vendor/codeigniter4/framework/system/CodeIgniter.php(918): App\Controllers\Backend\Harian->form()
#7 /usr/local/var/www/simkkn/vendor/codeigniter4/framework/system/CodeIgniter.php(404): CodeIgniter\CodeIgniter->runController(Object(App\Controllers\Backend\Harian))
#8 /usr/local/var/www/simkkn/vendor/codeigniter4/framework/system/CodeIgniter.php(312): CodeIgniter\CodeIgniter->handleRequest(NULL, Object(Config\Cache), false)
#9 /usr/local/var/www/simkkn/public/index.php(45): CodeIgniter\CodeIgniter->run()
#10 /usr/local/var/www/simkkn/vendor/codeigniter4/framework/system/Commands/Server/rewrite.php(34): require_once('/usr/local/var/...')
#11 {main}
INFO - 2023-10-07 23:43:30 --> Session: Class initialized using 'CodeIgniter\Session\Handlers\FileHandler' driver.
WARNING - 2023-10-07 23:43:30 --> Session: Sessions is enabled, and one exists.Please don't $session->start();
INFO - 2023-10-07 23:45:57 --> Session: Class initialized using 'CodeIgniter\Session\Handlers\FileHandler' driver.
WARNING - 2023-10-07 23:45:57 --> Session: Sessions is enabled, and one exists.Please don't $session->start();
INFO - 2023-10-07 23:45:58 --> Session: Class initialized using 'CodeIgniter\Session\Handlers\FileHandler' driver.
WARNING - 2023-10-07 23:45:58 --> Session: Sessions is enabled, and one exists.Please don't $session->start();
INFO - 2023-10-07 23:45:59 --> Session: Class initialized using 'CodeIgniter\Session\Handlers\FileHandler' driver.
WARNING - 2023-10-07 23:45:59 --> Session: Sessions is enabled, and one exists.Please don't $session->start();
ERROR - 2023-10-07 23:45:59 --> mysqli_sql_exception: Table 'u268758892_simkkn.bcms_user' doesn't exist in /usr/local/var/www/simkkn/vendor/codeigniter4/framework/system/Database/MySQLi/Connection.php:331
Stack trace:
#0 /usr/local/var/www/simkkn/vendor/codeigniter4/framework/system/Database/MySQLi/Connection.php(331): mysqli->query('SELECT `a`.`use...')
#1 /usr/local/var/www/simkkn/vendor/codeigniter4/framework/system/Database/BaseConnection.php(741): CodeIgniter\Database\MySQLi\Connection->execute('SELECT `a`.`use...')
#2 /usr/local/var/www/simkkn/vendor/codeigniter4/framework/system/Database/BaseConnection.php(669): CodeIgniter\Database\BaseConnection->simpleQuery('SELECT `a`.`use...')
#3 /usr/local/var/www/simkkn/vendor/codeigniter4/framework/system/Database/BaseBuilder.php(1860): CodeIgniter\Database\BaseConnection->query('SELECT `a`.`use...', Array, false)
#4 /usr/local/var/www/simkkn/app/Models/Backend/HarianModel.php(79): CodeIgniter\Database\BaseBuilder->get()
#5 /usr/local/var/www/simkkn/app/Controllers/Backend/Harian.php(98): App\Models\Backend\HarianModel->getDosenKelompok()
#6 /usr/local/var/www/simkkn/vendor/codeigniter4/framework/system/CodeIgniter.php(918): App\Controllers\Backend\Harian->form()
#7 /usr/local/var/www/simkkn/vendor/codeigniter4/framework/system/CodeIgniter.php(404): CodeIgniter\CodeIgniter->runController(Object(App\Controllers\Backend\Harian))
#8 /usr/local/var/www/simkkn/vendor/codeigniter4/framework/system/CodeIgniter.php(312): CodeIgniter\CodeIgniter->handleRequest(NULL, Object(Config\Cache), false)
#9 /usr/local/var/www/simkkn/public/index.php(45): CodeIgniter\CodeIgniter->run()
#10 /usr/local/var/www/simkkn/vendor/codeigniter4/framework/system/Commands/Server/rewrite.php(34): require_once('/usr/local/var/...')
#11 {main}
INFO - 2023-10-07 23:45:59 --> Session: Class initialized using 'CodeIgniter\Session\Handlers\FileHandler' driver.
WARNING - 2023-10-07 23:45:59 --> Session: Sessions is enabled, and one exists.Please don't $session->start();
INFO - 2023-10-07 23:46:48 --> Session: Class initialized using 'CodeIgniter\Session\Handlers\FileHandler' driver.
WARNING - 2023-10-07 23:46:48 --> Session: Sessions is enabled, and one exists.Please don't $session->start();
INFO - 2023-10-07 23:46:49 --> Session: Class initialized using 'CodeIgniter\Session\Handlers\FileHandler' driver.
WARNING - 2023-10-07 23:46:49 --> Session: Sessions is enabled, and one exists.Please don't $session->start();
INFO - 2023-10-07 23:46:50 --> Session: Class initialized using 'CodeIgniter\Session\Handlers\FileHandler' driver.
WARNING - 2023-10-07 23:46:50 --> Session: Sessions is enabled, and one exists.Please don't $session->start();
ERROR - 2023-10-07 23:46:50 --> mysqli_sql_exception: Table 'u268758892_simkkn.bcms_user' doesn't exist in /usr/local/var/www/simkkn/vendor/codeigniter4/framework/system/Database/MySQLi/Connection.php:331
Stack trace:
#0 /usr/local/var/www/simkkn/vendor/codeigniter4/framework/system/Database/MySQLi/Connection.php(331): mysqli->query('SELECT `a`.`use...')
#1 /usr/local/var/www/simkkn/vendor/codeigniter4/framework/system/Database/BaseConnection.php(741): CodeIgniter\Database\MySQLi\Connection->execute('SELECT `a`.`use...')
#2 /usr/local/var/www/simkkn/vendor/codeigniter4/framework/system/Database/BaseConnection.php(669): CodeIgniter\Database\BaseConnection->simpleQuery('SELECT `a`.`use...')
#3 /usr/local/var/www/simkkn/vendor/codeigniter4/framework/system/Database/BaseBuilder.php(1860): CodeIgniter\Database\BaseConnection->query('SELECT `a`.`use...', Array, false)
#4 /usr/local/var/www/simkkn/app/Models/Backend/HarianModel.php(79): CodeIgniter\Database\BaseBuilder->get()
#5 /usr/local/var/www/simkkn/app/Controllers/Backend/Harian.php(98): App\Models\Backend\HarianModel->getDosenKelompok()
#6 /usr/local/var/www/simkkn/vendor/codeigniter4/framework/system/CodeIgniter.php(918): App\Controllers\Backend\Harian->form()
#7 /usr/local/var/www/simkkn/vendor/codeigniter4/framework/system/CodeIgniter.php(404): CodeIgniter\CodeIgniter->runController(Object(App\Controllers\Backend\Harian))
#8 /usr/local/var/www/simkkn/vendor/codeigniter4/framework/system/CodeIgniter.php(312): CodeIgniter\CodeIgniter->handleRequest(NULL, Object(Config\Cache), false)
#9 /usr/local/var/www/simkkn/public/index.php(45): CodeIgniter\CodeIgniter->run()
#10 /usr/local/var/www/simkkn/vendor/codeigniter4/framework/system/Commands/Server/rewrite.php(34): require_once('/usr/local/var/...')
#11 {main}
INFO - 2023-10-07 23:46:50 --> Session: Class initialized using 'CodeIgniter\Session\Handlers\FileHandler' driver.
WARNING - 2023-10-07 23:46:50 --> Session: Sessions is enabled, and one exists.Please don't $session->start();
INFO - 2023-10-07 23:47:33 --> Session: Class initialized using 'CodeIgniter\Session\Handlers\FileHandler' driver.
WARNING - 2023-10-07 23:47:33 --> Session: Sessions is enabled, and one exists.Please don't $session->start();
INFO - 2023-10-07 23:47:34 --> Session: Class initialized using 'CodeIgniter\Session\Handlers\FileHandler' driver.
WARNING - 2023-10-07 23:47:34 --> Session: Sessions is enabled, and one exists.Please don't $session->start();
INFO - 2023-10-07 23:47:38 --> Session: Class initialized using 'CodeIgniter\Session\Handlers\FileHandler' driver.
WARNING - 2023-10-07 23:47:38 --> Session: Sessions is enabled, and one exists.Please don't $session->start();
INFO - 2023-10-07 23:47:38 --> Session: Class initialized using 'CodeIgniter\Session\Handlers\FileHandler' driver.
WARNING - 2023-10-07 23:47:38 --> Session: Sessions is enabled, and one exists.Please don't $session->start();
INFO - 2023-10-07 23:48:02 --> Session: Class initialized using 'CodeIgniter\Session\Handlers\FileHandler' driver.
WARNING - 2023-10-07 23:48:02 --> Session: Sessions is enabled, and one exists.Please don't $session->start();
INFO - 2023-10-07 23:48:03 --> Session: Class initialized using 'CodeIgniter\Session\Handlers\FileHandler' driver.
WARNING - 2023-10-07 23:48:03 --> Session: Sessions is enabled, and one exists.Please don't $session->start();
INFO - 2023-10-07 23:48:04 --> Session: Class initialized using 'CodeIgniter\Session\Handlers\FileHandler' driver.
WARNING - 2023-10-07 23:48:04 --> Session: Sessions is enabled, and one exists.Please don't $session->start();
INFO - 2023-10-07 23:48:04 --> Session: Class initialized using 'CodeIgniter\Session\Handlers\FileHandler' driver.
WARNING - 2023-10-07 23:48:04 --> Session: Sessions is enabled, and one exists.Please don't $session->start();
INFO - 2023-10-07 23:50:04 --> Session: Class initialized using 'CodeIgniter\Session\Handlers\FileHandler' driver.
WARNING - 2023-10-07 23:50:04 --> Session: Sessions is enabled, and one exists.Please don't $session->start();
INFO - 2023-10-07 23:50:05 --> Session: Class initialized using 'CodeIgniter\Session\Handlers\FileHandler' driver.
WARNING - 2023-10-07 23:50:05 --> Session: Sessions is enabled, and one exists.Please don't $session->start();
INFO - 2023-10-07 23:50:06 --> Session: Class initialized using 'CodeIgniter\Session\Handlers\FileHandler' driver.
WARNING - 2023-10-07 23:50:06 --> Session: Sessions is enabled, and one exists.Please don't $session->start();
INFO - 2023-10-07 23:50:06 --> Session: Class initialized using 'CodeIgniter\Session\Handlers\FileHandler' driver.
WARNING - 2023-10-07 23:50:06 --> Session: Sessions is enabled, and one exists.Please don't $session->start();
INFO - 2023-10-07 23:50:11 --> Session: Class initialized using 'CodeIgniter\Session\Handlers\FileHandler' driver.
WARNING - 2023-10-07 23:50:11 --> Session: Sessions is enabled, and one exists.Please don't $session->start();
INFO - 2023-10-07 23:50:11 --> Session: Class initialized using 'CodeIgniter\Session\Handlers\FileHandler' driver.
WARNING - 2023-10-07 23:50:11 --> Session: Sessions is enabled, and one exists.Please don't $session->start();
INFO - 2023-10-07 23:50:16 --> Session: Class initialized using 'CodeIgniter\Session\Handlers\FileHandler' driver.
WARNING - 2023-10-07 23:50:16 --> Session: Sessions is enabled, and one exists.Please don't $session->start();
INFO - 2023-10-07 23:50:18 --> Session: Class initialized using 'CodeIgniter\Session\Handlers\FileHandler' driver.
WARNING - 2023-10-07 23:50:18 --> Session: Sessions is enabled, and one exists.Please don't $session->start();
INFO - 2023-10-07 23:50:20 --> Session: Class initialized using 'CodeIgniter\Session\Handlers\FileHandler' driver.
INFO - 2023-10-07 23:50:25 --> Session: Class initialized using 'CodeIgniter\Session\Handlers\FileHandler' driver.
WARNING - 2023-10-07 23:50:25 --> Session: Sessions is enabled, and one exists.Please don't $session->start();
INFO - 2023-10-07 23:50:26 --> Session: Class initialized using 'CodeIgniter\Session\Handlers\FileHandler' driver.
WARNING - 2023-10-07 23:50:26 --> Session: Sessions is enabled, and one exists.Please don't $session->start();
INFO - 2023-10-07 23:50:27 --> Session: Class initialized using 'CodeIgniter\Session\Handlers\FileHandler' driver.
WARNING - 2023-10-07 23:50:27 --> Session: Sessions is enabled, and one exists.Please don't $session->start();
INFO - 2023-10-07 23:50:27 --> Session: Class initialized using 'CodeIgniter\Session\Handlers\FileHandler' driver.
WARNING - 2023-10-07 23:50:27 --> Session: Sessions is enabled, and one exists.Please don't $session->start();
INFO - 2023-10-07 23:55:58 --> Session: Class initialized using 'CodeIgniter\Session\Handlers\FileHandler' driver.
WARNING - 2023-10-07 23:55:58 --> Session: Sessions is enabled, and one exists.Please don't $session->start();
INFO - 2023-10-07 23:55:59 --> Session: Class initialized using 'CodeIgniter\Session\Handlers\FileHandler' driver.
WARNING - 2023-10-07 23:55:59 --> Session: Sessions is enabled, and one exists.Please don't $session->start();
INFO - 2023-10-07 23:56:00 --> Session: Class initialized using 'CodeIgniter\Session\Handlers\FileHandler' driver.
WARNING - 2023-10-07 23:56:00 --> Session: Sessions is enabled, and one exists.Please don't $session->start();
INFO - 2023-10-07 23:56:00 --> Session: Class initialized using 'CodeIgniter\Session\Handlers\FileHandler' driver.
WARNING - 2023-10-07 23:56:00 --> Session: Sessions is enabled, and one exists.Please don't $session->start();
INFO - 2023-10-07 23:56:55 --> Session: Class initialized using 'CodeIgniter\Session\Handlers\FileHandler' driver.
WARNING - 2023-10-07 23:56:55 --> Session: Sessions is enabled, and one exists.Please don't $session->start();
INFO - 2023-10-07 23:56:56 --> Session: Class initialized using 'CodeIgniter\Session\Handlers\FileHandler' driver.
WARNING - 2023-10-07 23:56:56 --> Session: Sessions is enabled, and one exists.Please don't $session->start();
INFO - 2023-10-07 23:56:57 --> Session: Class initialized using 'CodeIgniter\Session\Handlers\FileHandler' driver.
WARNING - 2023-10-07 23:56:57 --> Session: Sessions is enabled, and one exists.Please don't $session->start();
CRITICAL - 2023-10-07 23:56:57 --> Object of class stdClass could not be converted to string
#0 /usr/local/var/www/simkkn/vendor/codeigniter4/framework/system/Database/Query.php(437): implode(',', Array)
#1 /usr/local/var/www/simkkn/vendor/codeigniter4/framework/system/Database/Query.php(404): CodeIgniter\Database\Query->matchNamedBinds('SELECT `a`.`use...', Array)
#2 /usr/local/var/www/simkkn/vendor/codeigniter4/framework/system/Database/Query.php(197): CodeIgniter\Database\Query->compileBinds()
#3 /usr/local/var/www/simkkn/vendor/codeigniter4/framework/system/Database/BaseConnection.php(669): CodeIgniter\Database\Query->getQuery()
#4 /usr/local/var/www/simkkn/vendor/codeigniter4/framework/system/Database/BaseBuilder.php(1860): CodeIgniter\Database\BaseConnection->query('SELECT `a`.`use...', Array, false)
#5 /usr/local/var/www/simkkn/app/Models/Backend/HarianModel.php(89): CodeIgniter\Database\BaseBuilder->get()
#6 /usr/local/var/www/simkkn/app/Controllers/Backend/Harian.php(100): App\Models\Backend\HarianModel->getDosenKelompok(Array)
#7 /usr/local/var/www/simkkn/vendor/codeigniter4/framework/system/CodeIgniter.php(918): App\Controllers\Backend\Harian->form()
#8 /usr/local/var/www/simkkn/vendor/codeigniter4/framework/system/CodeIgniter.php(404): CodeIgniter\CodeIgniter->runController(Object(App\Controllers\Backend\Harian))
#9 /usr/local/var/www/simkkn/vendor/codeigniter4/framework/system/CodeIgniter.php(312): CodeIgniter\CodeIgniter->handleRequest(NULL, Object(Config\Cache), false)
#10 /usr/local/var/www/simkkn/public/index.php(45): CodeIgniter\CodeIgniter->run()
#11 /usr/local/var/www/simkkn/vendor/codeigniter4/framework/system/Commands/Server/rewrite.php(34): require_once('/usr/local/var/...')
#12 {main}
INFO - 2023-10-07 23:57:05 --> Session: Class initialized using 'CodeIgniter\Session\Handlers\FileHandler' driver.
WARNING - 2023-10-07 23:57:05 --> Session: Sessions is enabled, and one exists.Please don't $session->start();
INFO - 2023-10-07 23:57:07 --> Session: Class initialized using 'CodeIgniter\Session\Handlers\FileHandler' driver.
WARNING - 2023-10-07 23:57:07 --> Session: Sessions is enabled, and one exists.Please don't $session->start();
INFO - 2023-10-07 23:57:07 --> Session: Class initialized using 'CodeIgniter\Session\Handlers\FileHandler' driver.
WARNING - 2023-10-07 23:57:07 --> Session: Sessions is enabled, and one exists.Please don't $session->start();
CRITICAL - 2023-10-07 23:57:07 --> Object of class stdClass could not be converted to string
#0 /usr/local/var/www/simkkn/vendor/codeigniter4/framework/system/Database/Query.php(437): implode(',', Array)
#1 /usr/local/var/www/simkkn/vendor/codeigniter4/framework/system/Database/Query.php(404): CodeIgniter\Database\Query->matchNamedBinds('SELECT `a`.`use...', Array)
#2 /usr/local/var/www/simkkn/vendor/codeigniter4/framework/system/Database/Query.php(197): CodeIgniter\Database\Query->compileBinds()
#3 /usr/local/var/www/simkkn/vendor/codeigniter4/framework/system/Database/BaseConnection.php(669): CodeIgniter\Database\Query->getQuery()
#4 /usr/local/var/www/simkkn/vendor/codeigniter4/framework/system/Database/BaseBuilder.php(1860): CodeIgniter\Database\BaseConnection->query('SELECT `a`.`use...', Array, false)
#5 /usr/local/var/www/simkkn/app/Models/Backend/HarianModel.php(89): CodeIgniter\Database\BaseBuilder->get()
#6 /usr/local/var/www/simkkn/app/Controllers/Backend/Harian.php(100): App\Models\Backend\HarianModel->getDosenKelompok(Array)
#7 /usr/local/var/www/simkkn/vendor/codeigniter4/framework/system/CodeIgniter.php(918): App\Controllers\Backend\Harian->form()
#8 /usr/local/var/www/simkkn/vendor/codeigniter4/framework/system/CodeIgniter.php(404): CodeIgniter\CodeIgniter->runController(Object(App\Controllers\Backend\Harian))
#9 /usr/local/var/www/simkkn/vendor/codeigniter4/framework/system/CodeIgniter.php(312): CodeIgniter\CodeIgniter->handleRequest(NULL, Object(Config\Cache), false)
#10 /usr/local/var/www/simkkn/public/index.php(45): CodeIgniter\CodeIgniter->run()
#11 /usr/local/var/www/simkkn/vendor/codeigniter4/framework/system/Commands/Server/rewrite.php(34): require_once('/usr/local/var/...')
#12 {main}
INFO - 2023-10-07 23:57:44 --> Session: Class initialized using 'CodeIgniter\Session\Handlers\FileHandler' driver.
WARNING - 2023-10-07 23:57:44 --> Session: Sessions is enabled, and one exists.Please don't $session->start();
INFO - 2023-10-07 23:57:45 --> Session: Class initialized using 'CodeIgniter\Session\Handlers\FileHandler' driver.
WARNING - 2023-10-07 23:57:45 --> Session: Sessions is enabled, and one exists.Please don't $session->start();
INFO - 2023-10-07 23:57:50 --> Session: Class initialized using 'CodeIgniter\Session\Handlers\FileHandler' driver.
WARNING - 2023-10-07 23:57:50 --> Session: Sessions is enabled, and one exists.Please don't $session->start();
CRITICAL - 2023-10-07 23:57:50 --> Object of class stdClass could not be converted to string
#0 /usr/local/var/www/simkkn/vendor/codeigniter4/framework/system/Database/Query.php(437): implode(',', Array)
#1 /usr/local/var/www/simkkn/vendor/codeigniter4/framework/system/Database/Query.php(404): CodeIgniter\Database\Query->matchNamedBinds('SELECT `a`.`use...', Array)
#2 /usr/local/var/www/simkkn/vendor/codeigniter4/framework/system/Database/Query.php(197): CodeIgniter\Database\Query->compileBinds()
#3 /usr/local/var/www/simkkn/vendor/codeigniter4/framework/system/Database/BaseConnection.php(669): CodeIgniter\Database\Query->getQuery()
#4 /usr/local/var/www/simkkn/vendor/codeigniter4/framework/system/Database/BaseBuilder.php(1860): CodeIgniter\Database\BaseConnection->query('SELECT `a`.`use...', Array, false)
#5 /usr/local/var/www/simkkn/app/Models/Backend/HarianModel.php(89): CodeIgniter\Database\BaseBuilder->get()
#6 /usr/local/var/www/simkkn/app/Controllers/Backend/Harian.php(100): App\Models\Backend\HarianModel->getDosenKelompok(Array)
#7 /usr/local/var/www/simkkn/vendor/codeigniter4/framework/system/CodeIgniter.php(918): App\Controllers\Backend\Harian->form()
#8 /usr/local/var/www/simkkn/vendor/codeigniter4/framework/system/CodeIgniter.php(404): CodeIgniter\CodeIgniter->runController(Object(App\Controllers\Backend\Harian))
#9 /usr/local/var/www/simkkn/vendor/codeigniter4/framework/system/CodeIgniter.php(312): CodeIgniter\CodeIgniter->handleRequest(NULL, Object(Config\Cache), false)
#10 /usr/local/var/www/simkkn/public/index.php(45): CodeIgniter\CodeIgniter->run()
#11 /usr/local/var/www/simkkn/vendor/codeigniter4/framework/system/Commands/Server/rewrite.php(34): require_once('/usr/local/var/...')
#12 {main}
INFO - 2023-10-07 23:58:04 --> Session: Class initialized using 'CodeIgniter\Session\Handlers\FileHandler' driver.
WARNING - 2023-10-07 23:58:04 --> Session: Sessions is enabled, and one exists.Please don't $session->start();
INFO - 2023-10-07 23:58:05 --> Session: Class initialized using 'CodeIgniter\Session\Handlers\FileHandler' driver.
WARNING - 2023-10-07 23:58:05 --> Session: Sessions is enabled, and one exists.Please don't $session->start();
INFO - 2023-10-07 23:58:07 --> Session: Class initialized using 'CodeIgniter\Session\Handlers\FileHandler' driver.
WARNING - 2023-10-07 23:58:07 --> Session: Sessions is enabled, and one exists.Please don't $session->start();
INFO - 2023-10-07 23:58:07 --> Session: Class initialized using 'CodeIgniter\Session\Handlers\FileHandler' driver.
WARNING - 2023-10-07 23:58:07 --> Session: Sessions is enabled, and one exists.Please don't $session->start();
INFO - 2023-10-07 23:58:42 --> Session: Class initialized using 'CodeIgniter\Session\Handlers\FileHandler' driver.
WARNING - 2023-10-07 23:58:42 --> Session: Sessions is enabled, and one exists.Please don't $session->start();
INFO - 2023-10-07 23:58:44 --> Session: Class initialized using 'CodeIgniter\Session\Handlers\FileHandler' driver.
WARNING - 2023-10-07 23:58:44 --> Session: Sessions is enabled, and one exists.Please don't $session->start();
INFO - 2023-10-07 23:58:45 --> Session: Class initialized using 'CodeIgniter\Session\Handlers\FileHandler' driver.
WARNING - 2023-10-07 23:58:45 --> Session: Sessions is enabled, and one exists.Please don't $session->start();
CRITICAL - 2023-10-07 23:58:45 --> Object of class stdClass could not be converted to string
#0 /usr/local/var/www/simkkn/vendor/codeigniter4/framework/system/Database/Query.php(437): implode(',', Array)
#1 /usr/local/var/www/simkkn/vendor/codeigniter4/framework/system/Database/Query.php(404): CodeIgniter\Database\Query->matchNamedBinds('SELECT `a`.`use...', Array)
#2 /usr/local/var/www/simkkn/vendor/codeigniter4/framework/system/Database/Query.php(197): CodeIgniter\Database\Query->compileBinds()
#3 /usr/local/var/www/simkkn/vendor/codeigniter4/framework/system/Database/BaseConnection.php(669): CodeIgniter\Database\Query->getQuery()
#4 /usr/local/var/www/simkkn/vendor/codeigniter4/framework/system/Database/BaseBuilder.php(1860): CodeIgniter\Database\BaseConnection->query('SELECT `a`.`use...', Array, false)
#5 /usr/local/var/www/simkkn/app/Models/Backend/HarianModel.php(89): CodeIgniter\Database\BaseBuilder->get()
#6 /usr/local/var/www/simkkn/app/Controllers/Backend/Harian.php(100): App\Models\Backend\HarianModel->getDosenKelompok(Array)
#7 /usr/local/var/www/simkkn/vendor/codeigniter4/framework/system/CodeIgniter.php(918): App\Controllers\Backend\Harian->form()
#8 /usr/local/var/www/simkkn/vendor/codeigniter4/framework/system/CodeIgniter.php(404): CodeIgniter\CodeIgniter->runController(Object(App\Controllers\Backend\Harian))
#9 /usr/local/var/www/simkkn/vendor/codeigniter4/framework/system/CodeIgniter.php(312): CodeIgniter\CodeIgniter->handleRequest(NULL, Object(Config\Cache), false)
#10 /usr/local/var/www/simkkn/public/index.php(45): CodeIgniter\CodeIgniter->run()
#11 /usr/local/var/www/simkkn/vendor/codeigniter4/framework/system/Commands/Server/rewrite.php(34): require_once('/usr/local/var/...')
#12 {main}
INFO - 2023-10-07 23:58:51 --> Session: Class initialized using 'CodeIgniter\Session\Handlers\FileHandler' driver.
WARNING - 2023-10-07 23:58:51 --> Session: Sessions is enabled, and one exists.Please don't $session->start();
INFO - 2023-10-07 23:58:53 --> Session: Class initialized using 'CodeIgniter\Session\Handlers\FileHandler' driver.
WARNING - 2023-10-07 23:58:53 --> Session: Sessions is enabled, and one exists.Please don't $session->start();
INFO - 2023-10-07 23:58:53 --> Session: Class initialized using 'CodeIgniter\Session\Handlers\FileHandler' driver.
WARNING - 2023-10-07 23:58:53 --> Session: Sessions is enabled, and one exists.Please don't $session->start();
CRITICAL - 2023-10-07 23:58:53 --> Too few arguments to function App\Models\Backend\HarianModel::getDosenKelompok(), 0 passed in /usr/local/var/www/simkkn/app/Controllers/Backend/Harian.php on line 100 and exactly 1 expected
#0 /usr/local/var/www/simkkn/app/Controllers/Backend/Harian.php(100): App\Models\Backend\HarianModel->getDosenKelompok()
#1 /usr/local/var/www/simkkn/vendor/codeigniter4/framework/system/CodeIgniter.php(918): App\Controllers\Backend\Harian->form()
#2 /usr/local/var/www/simkkn/vendor/codeigniter4/framework/system/CodeIgniter.php(404): CodeIgniter\CodeIgniter->runController(Object(App\Controllers\Backend\Harian))
#3 /usr/local/var/www/simkkn/vendor/codeigniter4/framework/system/CodeIgniter.php(312): CodeIgniter\CodeIgniter->handleRequest(NULL, Object(Config\Cache), false)
#4 /usr/local/var/www/simkkn/public/index.php(45): CodeIgniter\CodeIgniter->run()
#5 /usr/local/var/www/simkkn/vendor/codeigniter4/framework/system/Commands/Server/rewrite.php(34): require_once('/usr/local/var/...')
#6 {main}
INFO - 2023-10-07 23:59:08 --> Session: Class initialized using 'CodeIgniter\Session\Handlers\FileHandler' driver.
WARNING - 2023-10-07 23:59:08 --> Session: Sessions is enabled, and one exists.Please don't $session->start();
INFO - 2023-10-07 23:59:08 --> Session: Class initialized using 'CodeIgniter\Session\Handlers\FileHandler' driver.
WARNING - 2023-10-07 23:59:08 --> Session: Sessions is enabled, and one exists.Please don't $session->start();
INFO - 2023-10-07 23:59:09 --> Session: Class initialized using 'CodeIgniter\Session\Handlers\FileHandler' driver.
WARNING - 2023-10-07 23:59:09 --> Session: Sessions is enabled, and one exists.Please don't $session->start();
INFO - 2023-10-07 23:59:09 --> Session: Class initialized using 'CodeIgniter\Session\Handlers\FileHandler' driver.
WARNING - 2023-10-07 23:59:09 --> Session: Sessions is enabled, and one exists.Please don't $session->start();
INFO - 2023-10-07 23:59:25 --> Session: Class initialized using 'CodeIgniter\Session\Handlers\FileHandler' driver.
WARNING - 2023-10-07 23:59:25 --> Session: Sessions is enabled, and one exists.Please don't $session->start();
INFO - 2023-10-07 23:59:26 --> Session: Class initialized using 'CodeIgniter\Session\Handlers\FileHandler' driver.
WARNING - 2023-10-07 23:59:26 --> Session: Sessions is enabled, and one exists.Please don't $session->start();
INFO - 2023-10-07 23:59:27 --> Session: Class initialized using 'CodeIgniter\Session\Handlers\FileHandler' driver.
WARNING - 2023-10-07 23:59:27 --> Session: Sessions is enabled, and one exists.Please don't $session->start();
INFO - 2023-10-07 23:59:27 --> Session: Class initialized using 'CodeIgniter\Session\Handlers\FileHandler' driver.
WARNING - 2023-10-07 23:59:27 --> Session: Sessions is enabled, and one exists.Please don't $session->start();
