INFO - 2023-12-14 00:28:29 --> Session: Class initialized using 'CodeIgniter\Session\Handlers\FileHandler' driver.
WARNING - 2023-12-14 00:28:29 --> Session: Sessions is enabled, and one exists.Please don't $session->start();
ERROR - 2023-12-14 00:28:30 --> mysqli_sql_exception: Table 'u268758892_simkkn.bcms_layanan' doesn't exist in /usr/local/var/www/simkkn/vendor/codeigniter4/framework/system/Database/MySQLi/Connection.php:331
Stack trace:
#0 /usr/local/var/www/simkkn/vendor/codeigniter4/framework/system/Database/MySQLi/Connection.php(331): mysqli->query('SELECT *\nFROM `...')
#1 /usr/local/var/www/simkkn/vendor/codeigniter4/framework/system/Database/BaseConnection.php(741): CodeIgniter\Database\MySQLi\Connection->execute('SELECT *\nFROM `...')
#2 /usr/local/var/www/simkkn/vendor/codeigniter4/framework/system/Database/BaseConnection.php(669): CodeIgniter\Database\BaseConnection->simpleQuery('SELECT *\nFROM `...')
#3 /usr/local/var/www/simkkn/vendor/codeigniter4/framework/system/Database/BaseBuilder.php(1860): CodeIgniter\Database\BaseConnection->query('SELECT *\nFROM `...', Array, false)
#4 /usr/local/var/www/simkkn/app/Models/Backend/LayananModel.php(24): CodeIgniter\Database\BaseBuilder->get()
#5 /usr/local/var/www/simkkn/app/Controllers/Home.php(31): App\Models\Backend\LayananModel->getLayananByKategori('Layanan Unggula...')
#6 /usr/local/var/www/simkkn/vendor/codeigniter4/framework/system/CodeIgniter.php(918): App\Controllers\Home->index()
#7 /usr/local/var/www/simkkn/vendor/codeigniter4/framework/system/CodeIgniter.php(404): CodeIgniter\CodeIgniter->runController(Object(App\Controllers\Home))
#8 /usr/local/var/www/simkkn/vendor/codeigniter4/framework/system/CodeIgniter.php(312): CodeIgniter\CodeIgniter->handleRequest(NULL, Object(Config\Cache), false)
#9 /usr/local/var/www/simkkn/public/index.php(45): CodeIgniter\CodeIgniter->run()
#10 /usr/local/var/www/simkkn/vendor/codeigniter4/framework/system/Commands/Server/rewrite.php(34): require_once('/usr/local/var/...')
#11 {main}
INFO - 2023-12-14 00:28:39 --> Session: Class initialized using 'CodeIgniter\Session\Handlers\FileHandler' driver.
WARNING - 2023-12-14 00:28:39 --> Session: Sessions is enabled, and one exists.Please don't $session->start();
INFO - 2023-12-14 00:28:44 --> Session: Class initialized using 'CodeIgniter\Session\Handlers\FileHandler' driver.
WARNING - 2023-12-14 00:28:44 --> Session: Sessions is enabled, and one exists.Please don't $session->start();
INFO - 2023-12-14 00:28:46 --> Session: Class initialized using 'CodeIgniter\Session\Handlers\FileHandler' driver.
INFO - 2023-12-14 00:29:16 --> Session: Class initialized using 'CodeIgniter\Session\Handlers\FileHandler' driver.
WARNING - 2023-12-14 00:29:16 --> Session: Sessions is enabled, and one exists.Please don't $session->start();
INFO - 2023-12-14 00:29:17 --> Session: Class initialized using 'CodeIgniter\Session\Handlers\FileHandler' driver.
WARNING - 2023-12-14 00:29:17 --> Session: Sessions is enabled, and one exists.Please don't $session->start();
INFO - 2023-12-14 00:29:19 --> Session: Class initialized using 'CodeIgniter\Session\Handlers\FileHandler' driver.
WARNING - 2023-12-14 00:29:19 --> Session: Sessions is enabled, and one exists.Please don't $session->start();
INFO - 2023-12-14 00:29:24 --> Session: Class initialized using 'CodeIgniter\Session\Handlers\FileHandler' driver.
WARNING - 2023-12-14 00:29:24 --> Session: Sessions is enabled, and one exists.Please don't $session->start();
INFO - 2023-12-14 00:29:24 --> Session: Class initialized using 'CodeIgniter\Session\Handlers\FileHandler' driver.
WARNING - 2023-12-14 00:29:24 --> Session: Sessions is enabled, and one exists.Please don't $session->start();
INFO - 2023-12-14 00:29:26 --> Session: Class initialized using 'CodeIgniter\Session\Handlers\FileHandler' driver.
WARNING - 2023-12-14 00:29:26 --> Session: Sessions is enabled, and one exists.Please don't $session->start();
INFO - 2023-12-14 00:29:27 --> Session: Class initialized using 'CodeIgniter\Session\Handlers\FileHandler' driver.
WARNING - 2023-12-14 00:29:27 --> Session: Sessions is enabled, and one exists.Please don't $session->start();
INFO - 2023-12-14 00:29:30 --> Session: Class initialized using 'CodeIgniter\Session\Handlers\FileHandler' driver.
WARNING - 2023-12-14 00:29:30 --> Session: Sessions is enabled, and one exists.Please don't $session->start();
INFO - 2023-12-14 00:29:30 --> Session: Class initialized using 'CodeIgniter\Session\Handlers\FileHandler' driver.
WARNING - 2023-12-14 00:29:30 --> Session: Sessions is enabled, and one exists.Please don't $session->start();
INFO - 2023-12-14 00:29:31 --> Session: Class initialized using 'CodeIgniter\Session\Handlers\FileHandler' driver.
WARNING - 2023-12-14 00:29:31 --> Session: Sessions is enabled, and one exists.Please don't $session->start();
INFO - 2023-12-14 00:29:34 --> Session: Class initialized using 'CodeIgniter\Session\Handlers\FileHandler' driver.
WARNING - 2023-12-14 00:29:34 --> Session: Sessions is enabled, and one exists.Please don't $session->start();
INFO - 2023-12-14 00:29:34 --> Session: Class initialized using 'CodeIgniter\Session\Handlers\FileHandler' driver.
WARNING - 2023-12-14 00:29:34 --> Session: Sessions is enabled, and one exists.Please don't $session->start();
INFO - 2023-12-14 00:29:36 --> Session: Class initialized using 'CodeIgniter\Session\Handlers\FileHandler' driver.
WARNING - 2023-12-14 00:29:36 --> Session: Sessions is enabled, and one exists.Please don't $session->start();
INFO - 2023-12-14 00:29:36 --> Session: Class initialized using 'CodeIgniter\Session\Handlers\FileHandler' driver.
WARNING - 2023-12-14 00:29:36 --> Session: Sessions is enabled, and one exists.Please don't $session->start();
INFO - 2023-12-14 00:29:44 --> Session: Class initialized using 'CodeIgniter\Session\Handlers\FileHandler' driver.
WARNING - 2023-12-14 00:29:44 --> Session: Sessions is enabled, and one exists.Please don't $session->start();
INFO - 2023-12-14 00:29:45 --> Session: Class initialized using 'CodeIgniter\Session\Handlers\FileHandler' driver.
WARNING - 2023-12-14 00:29:45 --> Session: Sessions is enabled, and one exists.Please don't $session->start();
INFO - 2023-12-14 00:29:46 --> Session: Class initialized using 'CodeIgniter\Session\Handlers\FileHandler' driver.
WARNING - 2023-12-14 00:29:46 --> Session: Sessions is enabled, and one exists.Please don't $session->start();
INFO - 2023-12-14 00:29:46 --> Session: Class initialized using 'CodeIgniter\Session\Handlers\FileHandler' driver.
WARNING - 2023-12-14 00:29:46 --> Session: Sessions is enabled, and one exists.Please don't $session->start();
INFO - 2023-12-14 00:29:57 --> Session: Class initialized using 'CodeIgniter\Session\Handlers\FileHandler' driver.
WARNING - 2023-12-14 00:29:57 --> Session: Sessions is enabled, and one exists.Please don't $session->start();
INFO - 2023-12-14 00:29:57 --> Session: Class initialized using 'CodeIgniter\Session\Handlers\FileHandler' driver.
WARNING - 2023-12-14 00:29:57 --> Session: Sessions is enabled, and one exists.Please don't $session->start();
INFO - 2023-12-14 00:29:59 --> Session: Class initialized using 'CodeIgniter\Session\Handlers\FileHandler' driver.
WARNING - 2023-12-14 00:29:59 --> Session: Sessions is enabled, and one exists.Please don't $session->start();
INFO - 2023-12-14 00:29:59 --> Session: Class initialized using 'CodeIgniter\Session\Handlers\FileHandler' driver.
WARNING - 2023-12-14 00:29:59 --> Session: Sessions is enabled, and one exists.Please don't $session->start();
INFO - 2023-12-14 00:30:00 --> Session: Class initialized using 'CodeIgniter\Session\Handlers\FileHandler' driver.
WARNING - 2023-12-14 00:30:00 --> Session: Sessions is enabled, and one exists.Please don't $session->start();
INFO - 2023-12-14 00:30:00 --> Session: Class initialized using 'CodeIgniter\Session\Handlers\FileHandler' driver.
WARNING - 2023-12-14 00:30:00 --> Session: Sessions is enabled, and one exists.Please don't $session->start();
INFO - 2023-12-14 00:31:16 --> Session: Class initialized using 'CodeIgniter\Session\Handlers\FileHandler' driver.
WARNING - 2023-12-14 00:31:16 --> Session: Sessions is enabled, and one exists.Please don't $session->start();
INFO - 2023-12-14 00:31:16 --> Session: Class initialized using 'CodeIgniter\Session\Handlers\FileHandler' driver.
WARNING - 2023-12-14 00:31:16 --> Session: Sessions is enabled, and one exists.Please don't $session->start();
INFO - 2023-12-14 00:31:20 --> Session: Class initialized using 'CodeIgniter\Session\Handlers\FileHandler' driver.
WARNING - 2023-12-14 00:31:20 --> Session: Sessions is enabled, and one exists.Please don't $session->start();
INFO - 2023-12-14 00:31:25 --> Session: Class initialized using 'CodeIgniter\Session\Handlers\FileHandler' driver.
WARNING - 2023-12-14 00:31:25 --> Session: Sessions is enabled, and one exists.Please don't $session->start();
INFO - 2023-12-14 00:31:25 --> Session: Class initialized using 'CodeIgniter\Session\Handlers\FileHandler' driver.
WARNING - 2023-12-14 00:31:25 --> Session: Sessions is enabled, and one exists.Please don't $session->start();
INFO - 2023-12-14 00:31:29 --> Session: Class initialized using 'CodeIgniter\Session\Handlers\FileHandler' driver.
WARNING - 2023-12-14 00:31:29 --> Session: Sessions is enabled, and one exists.Please don't $session->start();
INFO - 2023-12-14 00:31:29 --> Session: Class initialized using 'CodeIgniter\Session\Handlers\FileHandler' driver.
WARNING - 2023-12-14 00:31:29 --> Session: Sessions is enabled, and one exists.Please don't $session->start();
INFO - 2023-12-14 00:31:36 --> Session: Class initialized using 'CodeIgniter\Session\Handlers\FileHandler' driver.
WARNING - 2023-12-14 00:31:36 --> Session: Sessions is enabled, and one exists.Please don't $session->start();
INFO - 2023-12-14 00:31:36 --> Session: Class initialized using 'CodeIgniter\Session\Handlers\FileHandler' driver.
WARNING - 2023-12-14 00:31:36 --> Session: Sessions is enabled, and one exists.Please don't $session->start();
INFO - 2023-12-14 00:31:37 --> Session: Class initialized using 'CodeIgniter\Session\Handlers\FileHandler' driver.
WARNING - 2023-12-14 00:31:37 --> Session: Sessions is enabled, and one exists.Please don't $session->start();
INFO - 2023-12-14 00:31:37 --> Session: Class initialized using 'CodeIgniter\Session\Handlers\FileHandler' driver.
WARNING - 2023-12-14 00:31:37 --> Session: Sessions is enabled, and one exists.Please don't $session->start();
INFO - 2023-12-14 00:31:38 --> Session: Class initialized using 'CodeIgniter\Session\Handlers\FileHandler' driver.
WARNING - 2023-12-14 00:31:38 --> Session: Sessions is enabled, and one exists.Please don't $session->start();
INFO - 2023-12-14 00:35:01 --> Session: Class initialized using 'CodeIgniter\Session\Handlers\FileHandler' driver.
WARNING - 2023-12-14 00:35:01 --> Session: Sessions is enabled, and one exists.Please don't $session->start();
INFO - 2023-12-14 00:35:01 --> Session: Class initialized using 'CodeIgniter\Session\Handlers\FileHandler' driver.
WARNING - 2023-12-14 00:35:01 --> Session: Sessions is enabled, and one exists.Please don't $session->start();
INFO - 2023-12-14 00:35:07 --> Session: Class initialized using 'CodeIgniter\Session\Handlers\FileHandler' driver.
WARNING - 2023-12-14 00:35:07 --> Session: Sessions is enabled, and one exists.Please don't $session->start();
INFO - 2023-12-14 00:35:08 --> Session: Class initialized using 'CodeIgniter\Session\Handlers\FileHandler' driver.
WARNING - 2023-12-14 00:35:08 --> Session: Sessions is enabled, and one exists.Please don't $session->start();
INFO - 2023-12-14 00:35:09 --> Session: Class initialized using 'CodeIgniter\Session\Handlers\FileHandler' driver.
WARNING - 2023-12-14 00:35:09 --> Session: Sessions is enabled, and one exists.Please don't $session->start();
INFO - 2023-12-14 00:35:32 --> Session: Class initialized using 'CodeIgniter\Session\Handlers\FileHandler' driver.
WARNING - 2023-12-14 00:35:32 --> Session: Sessions is enabled, and one exists.Please don't $session->start();
INFO - 2023-12-14 00:35:44 --> Session: Class initialized using 'CodeIgniter\Session\Handlers\FileHandler' driver.
WARNING - 2023-12-14 00:35:44 --> Session: Sessions is enabled, and one exists.Please don't $session->start();
INFO - 2023-12-14 00:35:44 --> Session: Class initialized using 'CodeIgniter\Session\Handlers\FileHandler' driver.
WARNING - 2023-12-14 00:35:44 --> Session: Sessions is enabled, and one exists.Please don't $session->start();
INFO - 2023-12-14 00:35:49 --> Session: Class initialized using 'CodeIgniter\Session\Handlers\FileHandler' driver.
WARNING - 2023-12-14 00:35:49 --> Session: Sessions is enabled, and one exists.Please don't $session->start();
INFO - 2023-12-14 00:35:54 --> Session: Class initialized using 'CodeIgniter\Session\Handlers\FileHandler' driver.
WARNING - 2023-12-14 00:35:54 --> Session: Sessions is enabled, and one exists.Please don't $session->start();
INFO - 2023-12-14 00:35:54 --> Session: Class initialized using 'CodeIgniter\Session\Handlers\FileHandler' driver.
WARNING - 2023-12-14 00:35:54 --> Session: Sessions is enabled, and one exists.Please don't $session->start();
INFO - 2023-12-14 01:05:59 --> Session: Class initialized using 'CodeIgniter\Session\Handlers\FileHandler' driver.
WARNING - 2023-12-14 01:05:59 --> Session: Sessions is enabled, and one exists.Please don't $session->start();
INFO - 2023-12-14 01:05:59 --> Session: Class initialized using 'CodeIgniter\Session\Handlers\FileHandler' driver.
WARNING - 2023-12-14 01:05:59 --> Session: Sessions is enabled, and one exists.Please don't $session->start();
INFO - 2023-12-14 01:35:59 --> Session: Class initialized using 'CodeIgniter\Session\Handlers\FileHandler' driver.
WARNING - 2023-12-14 01:35:59 --> Session: Sessions is enabled, and one exists.Please don't $session->start();
INFO - 2023-12-14 01:35:59 --> Session: Class initialized using 'CodeIgniter\Session\Handlers\FileHandler' driver.
WARNING - 2023-12-14 01:35:59 --> Session: Sessions is enabled, and one exists.Please don't $session->start();
INFO - 2023-12-14 03:39:16 --> Session: Class initialized using 'CodeIgniter\Session\Handlers\FileHandler' driver.
WARNING - 2023-12-14 03:39:16 --> Session: Sessions is enabled, and one exists.Please don't $session->start();
INFO - 2023-12-14 03:39:16 --> Session: Class initialized using 'CodeIgniter\Session\Handlers\FileHandler' driver.
WARNING - 2023-12-14 03:39:16 --> Session: Sessions is enabled, and one exists.Please don't $session->start();
