INFO - 2023-12-17 07:57:11 --> Session: Class initialized using 'CodeIgniter\Session\Handlers\FileHandler' driver.
WARNING - 2023-12-17 07:57:11 --> Session: Sessions is enabled, and one exists.Please don't $session->start();
ERROR - 2023-12-17 07:57:12 --> mysqli_sql_exception: Table 'u268758892_simkkn.bcms_layanan' doesn't exist in /usr/local/var/www/simkkn/vendor/codeigniter4/framework/system/Database/MySQLi/Connection.php:331
Stack trace:
#0 /usr/local/var/www/simkkn/vendor/codeigniter4/framework/system/Database/MySQLi/Connection.php(331): mysqli->query('SELECT *\nFROM `...')
#1 /usr/local/var/www/simkkn/vendor/codeigniter4/framework/system/Database/BaseConnection.php(741): CodeIgniter\Database\MySQLi\Connection->execute('SELECT *\nFROM `...')
#2 /usr/local/var/www/simkkn/vendor/codeigniter4/framework/system/Database/BaseConnection.php(669): CodeIgniter\Database\BaseConnection->simpleQuery('SELECT *\nFROM `...')
#3 /usr/local/var/www/simkkn/vendor/codeigniter4/framework/system/Database/BaseBuilder.php(1860): CodeIgniter\Database\BaseConnection->query('SELECT *\nFROM `...', Array, false)
#4 /usr/local/var/www/simkkn/app/Models/Backend/LayananModel.php(24): CodeIgniter\Database\BaseBuilder->get()
#5 /usr/local/var/www/simkkn/app/Controllers/Home.php(31): App\Models\Backend\LayananModel->getLayananByKategori('Layanan Unggula...')
#6 /usr/local/var/www/simkkn/vendor/codeigniter4/framework/system/CodeIgniter.php(918): App\Controllers\Home->index()
#7 /usr/local/var/www/simkkn/vendor/codeigniter4/framework/system/CodeIgniter.php(404): CodeIgniter\CodeIgniter->runController(Object(App\Controllers\Home))
#8 /usr/local/var/www/simkkn/vendor/codeigniter4/framework/system/CodeIgniter.php(312): CodeIgniter\CodeIgniter->handleRequest(NULL, Object(Config\Cache), false)
#9 /usr/local/var/www/simkkn/public/index.php(45): CodeIgniter\CodeIgniter->run()
#10 /usr/local/var/www/simkkn/vendor/codeigniter4/framework/system/Commands/Server/rewrite.php(34): require_once('/usr/local/var/...')
#11 {main}
INFO - 2023-12-17 07:57:17 --> Session: Class initialized using 'CodeIgniter\Session\Handlers\FileHandler' driver.
WARNING - 2023-12-17 07:57:17 --> Session: Sessions is enabled, and one exists.Please don't $session->start();
INFO - 2023-12-17 07:58:45 --> Session: Class initialized using 'CodeIgniter\Session\Handlers\FileHandler' driver.
WARNING - 2023-12-17 07:58:45 --> Session: Sessions is enabled, and one exists.Please don't $session->start();
INFO - 2023-12-17 07:58:47 --> Session: Class initialized using 'CodeIgniter\Session\Handlers\FileHandler' driver.
INFO - 2023-12-17 07:58:52 --> Session: Class initialized using 'CodeIgniter\Session\Handlers\FileHandler' driver.
WARNING - 2023-12-17 07:58:52 --> Session: Sessions is enabled, and one exists.Please don't $session->start();
INFO - 2023-12-17 07:58:52 --> Session: Class initialized using 'CodeIgniter\Session\Handlers\FileHandler' driver.
WARNING - 2023-12-17 07:58:52 --> Session: Sessions is enabled, and one exists.Please don't $session->start();
INFO - 2023-12-17 07:58:56 --> Session: Class initialized using 'CodeIgniter\Session\Handlers\FileHandler' driver.
WARNING - 2023-12-17 07:58:56 --> Session: Sessions is enabled, and one exists.Please don't $session->start();
INFO - 2023-12-17 08:11:26 --> Session: Class initialized using 'CodeIgniter\Session\Handlers\FileHandler' driver.
WARNING - 2023-12-17 08:11:26 --> Session: Sessions is enabled, and one exists.Please don't $session->start();
INFO - 2023-12-17 08:11:27 --> Session: Class initialized using 'CodeIgniter\Session\Handlers\FileHandler' driver.
WARNING - 2023-12-17 08:11:27 --> Session: Sessions is enabled, and one exists.Please don't $session->start();
INFO - 2023-12-17 08:11:56 --> Session: Class initialized using 'CodeIgniter\Session\Handlers\FileHandler' driver.
WARNING - 2023-12-17 08:11:56 --> Session: Sessions is enabled, and one exists.Please don't $session->start();
INFO - 2023-12-17 08:11:57 --> Session: Class initialized using 'CodeIgniter\Session\Handlers\FileHandler' driver.
WARNING - 2023-12-17 08:11:57 --> Session: Sessions is enabled, and one exists.Please don't $session->start();
INFO - 2023-12-17 08:41:57 --> Session: Class initialized using 'CodeIgniter\Session\Handlers\FileHandler' driver.
WARNING - 2023-12-17 08:41:57 --> Session: Sessions is enabled, and one exists.Please don't $session->start();
INFO - 2023-12-17 08:41:57 --> Session: Class initialized using 'CodeIgniter\Session\Handlers\FileHandler' driver.
WARNING - 2023-12-17 08:41:57 --> Session: Sessions is enabled, and one exists.Please don't $session->start();
INFO - 2023-12-17 09:11:58 --> Session: Class initialized using 'CodeIgniter\Session\Handlers\FileHandler' driver.
WARNING - 2023-12-17 09:11:58 --> Session: Sessions is enabled, and one exists.Please don't $session->start();
INFO - 2023-12-17 09:11:58 --> Session: Class initialized using 'CodeIgniter\Session\Handlers\FileHandler' driver.
WARNING - 2023-12-17 09:11:58 --> Session: Sessions is enabled, and one exists.Please don't $session->start();
INFO - 2023-12-17 09:41:58 --> Session: Class initialized using 'CodeIgniter\Session\Handlers\FileHandler' driver.
WARNING - 2023-12-17 09:41:58 --> Session: Sessions is enabled, and one exists.Please don't $session->start();
INFO - 2023-12-17 09:41:58 --> Session: Class initialized using 'CodeIgniter\Session\Handlers\FileHandler' driver.
WARNING - 2023-12-17 09:41:58 --> Session: Sessions is enabled, and one exists.Please don't $session->start();
INFO - 2023-12-17 10:11:59 --> Session: Class initialized using 'CodeIgniter\Session\Handlers\FileHandler' driver.
WARNING - 2023-12-17 10:11:59 --> Session: Sessions is enabled, and one exists.Please don't $session->start();
INFO - 2023-12-17 10:11:59 --> Session: Class initialized using 'CodeIgniter\Session\Handlers\FileHandler' driver.
WARNING - 2023-12-17 10:11:59 --> Session: Sessions is enabled, and one exists.Please don't $session->start();
INFO - 2023-12-17 10:41:59 --> Session: Class initialized using 'CodeIgniter\Session\Handlers\FileHandler' driver.
WARNING - 2023-12-17 10:41:59 --> Session: Sessions is enabled, and one exists.Please don't $session->start();
INFO - 2023-12-17 10:41:59 --> Session: Class initialized using 'CodeIgniter\Session\Handlers\FileHandler' driver.
WARNING - 2023-12-17 10:41:59 --> Session: Sessions is enabled, and one exists.Please don't $session->start();
INFO - 2023-12-17 11:48:20 --> Session: Class initialized using 'CodeIgniter\Session\Handlers\FileHandler' driver.
WARNING - 2023-12-17 11:48:20 --> Session: Sessions is enabled, and one exists.Please don't $session->start();
INFO - 2023-12-17 11:48:21 --> Session: Class initialized using 'CodeIgniter\Session\Handlers\FileHandler' driver.
WARNING - 2023-12-17 11:48:21 --> Session: Sessions is enabled, and one exists.Please don't $session->start();
INFO - 2023-12-17 12:04:37 --> Session: Class initialized using 'CodeIgniter\Session\Handlers\FileHandler' driver.
WARNING - 2023-12-17 12:04:37 --> Session: Sessions is enabled, and one exists.Please don't $session->start();
INFO - 2023-12-17 12:04:38 --> Session: Class initialized using 'CodeIgniter\Session\Handlers\FileHandler' driver.
WARNING - 2023-12-17 12:04:38 --> Session: Sessions is enabled, and one exists.Please don't $session->start();
INFO - 2023-12-17 12:04:39 --> Session: Class initialized using 'CodeIgniter\Session\Handlers\FileHandler' driver.
WARNING - 2023-12-17 12:04:39 --> Session: Sessions is enabled, and one exists.Please don't $session->start();
INFO - 2023-12-17 12:04:40 --> Session: Class initialized using 'CodeIgniter\Session\Handlers\FileHandler' driver.
WARNING - 2023-12-17 12:04:40 --> Session: Sessions is enabled, and one exists.Please don't $session->start();
INFO - 2023-12-17 12:04:40 --> Session: Class initialized using 'CodeIgniter\Session\Handlers\FileHandler' driver.
WARNING - 2023-12-17 12:04:40 --> Session: Sessions is enabled, and one exists.Please don't $session->start();
INFO - 2023-12-17 12:04:41 --> Session: Class initialized using 'CodeIgniter\Session\Handlers\FileHandler' driver.
WARNING - 2023-12-17 12:04:41 --> Session: Sessions is enabled, and one exists.Please don't $session->start();
INFO - 2023-12-17 12:07:31 --> Session: Class initialized using 'CodeIgniter\Session\Handlers\FileHandler' driver.
WARNING - 2023-12-17 12:07:31 --> Session: Sessions is enabled, and one exists.Please don't $session->start();
INFO - 2023-12-17 12:08:01 --> Session: Class initialized using 'CodeIgniter\Session\Handlers\FileHandler' driver.
WARNING - 2023-12-17 12:08:01 --> Session: Sessions is enabled, and one exists.Please don't $session->start();
INFO - 2023-12-17 12:08:02 --> Session: Class initialized using 'CodeIgniter\Session\Handlers\FileHandler' driver.
WARNING - 2023-12-17 12:08:02 --> Session: Sessions is enabled, and one exists.Please don't $session->start();
INFO - 2023-12-17 12:08:03 --> Session: Class initialized using 'CodeIgniter\Session\Handlers\FileHandler' driver.
WARNING - 2023-12-17 12:08:03 --> Session: Sessions is enabled, and one exists.Please don't $session->start();
INFO - 2023-12-17 12:11:39 --> Session: Class initialized using 'CodeIgniter\Session\Handlers\FileHandler' driver.
WARNING - 2023-12-17 12:11:39 --> Session: Sessions is enabled, and one exists.Please don't $session->start();
INFO - 2023-12-17 12:11:41 --> Session: Class initialized using 'CodeIgniter\Session\Handlers\FileHandler' driver.
WARNING - 2023-12-17 12:11:41 --> Session: Sessions is enabled, and one exists.Please don't $session->start();
INFO - 2023-12-17 12:11:41 --> Session: Class initialized using 'CodeIgniter\Session\Handlers\FileHandler' driver.
WARNING - 2023-12-17 12:11:41 --> Session: Sessions is enabled, and one exists.Please don't $session->start();
INFO - 2023-12-17 12:12:05 --> Session: Class initialized using 'CodeIgniter\Session\Handlers\FileHandler' driver.
WARNING - 2023-12-17 12:12:05 --> Session: Sessions is enabled, and one exists.Please don't $session->start();
INFO - 2023-12-17 12:12:07 --> Session: Class initialized using 'CodeIgniter\Session\Handlers\FileHandler' driver.
WARNING - 2023-12-17 12:12:07 --> Session: Sessions is enabled, and one exists.Please don't $session->start();
INFO - 2023-12-17 12:12:07 --> Session: Class initialized using 'CodeIgniter\Session\Handlers\FileHandler' driver.
WARNING - 2023-12-17 12:12:07 --> Session: Sessions is enabled, and one exists.Please don't $session->start();
INFO - 2023-12-17 12:12:48 --> Session: Class initialized using 'CodeIgniter\Session\Handlers\FileHandler' driver.
WARNING - 2023-12-17 12:12:48 --> Session: Sessions is enabled, and one exists.Please don't $session->start();
INFO - 2023-12-17 12:12:49 --> Session: Class initialized using 'CodeIgniter\Session\Handlers\FileHandler' driver.
WARNING - 2023-12-17 12:12:49 --> Session: Sessions is enabled, and one exists.Please don't $session->start();
INFO - 2023-12-17 12:12:50 --> Session: Class initialized using 'CodeIgniter\Session\Handlers\FileHandler' driver.
WARNING - 2023-12-17 12:12:50 --> Session: Sessions is enabled, and one exists.Please don't $session->start();
INFO - 2023-12-17 12:13:13 --> Session: Class initialized using 'CodeIgniter\Session\Handlers\FileHandler' driver.
WARNING - 2023-12-17 12:13:13 --> Session: Sessions is enabled, and one exists.Please don't $session->start();
INFO - 2023-12-17 12:13:14 --> Session: Class initialized using 'CodeIgniter\Session\Handlers\FileHandler' driver.
WARNING - 2023-12-17 12:13:14 --> Session: Sessions is enabled, and one exists.Please don't $session->start();
INFO - 2023-12-17 12:13:14 --> Session: Class initialized using 'CodeIgniter\Session\Handlers\FileHandler' driver.
WARNING - 2023-12-17 12:13:14 --> Session: Sessions is enabled, and one exists.Please don't $session->start();
INFO - 2023-12-17 12:13:26 --> Session: Class initialized using 'CodeIgniter\Session\Handlers\FileHandler' driver.
WARNING - 2023-12-17 12:13:26 --> Session: Sessions is enabled, and one exists.Please don't $session->start();
INFO - 2023-12-17 12:13:27 --> Session: Class initialized using 'CodeIgniter\Session\Handlers\FileHandler' driver.
WARNING - 2023-12-17 12:13:27 --> Session: Sessions is enabled, and one exists.Please don't $session->start();
INFO - 2023-12-17 12:13:28 --> Session: Class initialized using 'CodeIgniter\Session\Handlers\FileHandler' driver.
WARNING - 2023-12-17 12:13:28 --> Session: Sessions is enabled, and one exists.Please don't $session->start();
INFO - 2023-12-17 12:13:42 --> Session: Class initialized using 'CodeIgniter\Session\Handlers\FileHandler' driver.
WARNING - 2023-12-17 12:13:42 --> Session: Sessions is enabled, and one exists.Please don't $session->start();
INFO - 2023-12-17 12:13:43 --> Session: Class initialized using 'CodeIgniter\Session\Handlers\FileHandler' driver.
WARNING - 2023-12-17 12:13:43 --> Session: Sessions is enabled, and one exists.Please don't $session->start();
INFO - 2023-12-17 12:13:44 --> Session: Class initialized using 'CodeIgniter\Session\Handlers\FileHandler' driver.
WARNING - 2023-12-17 12:13:44 --> Session: Sessions is enabled, and one exists.Please don't $session->start();
INFO - 2023-12-17 12:14:01 --> Session: Class initialized using 'CodeIgniter\Session\Handlers\FileHandler' driver.
WARNING - 2023-12-17 12:14:01 --> Session: Sessions is enabled, and one exists.Please don't $session->start();
INFO - 2023-12-17 12:14:02 --> Session: Class initialized using 'CodeIgniter\Session\Handlers\FileHandler' driver.
WARNING - 2023-12-17 12:14:02 --> Session: Sessions is enabled, and one exists.Please don't $session->start();
INFO - 2023-12-17 12:27:09 --> Session: Class initialized using 'CodeIgniter\Session\Handlers\FileHandler' driver.
WARNING - 2023-12-17 12:27:09 --> Session: Sessions is enabled, and one exists.Please don't $session->start();
INFO - 2023-12-17 12:27:10 --> Session: Class initialized using 'CodeIgniter\Session\Handlers\FileHandler' driver.
WARNING - 2023-12-17 12:27:10 --> Session: Sessions is enabled, and one exists.Please don't $session->start();
INFO - 2023-12-17 12:27:12 --> Session: Class initialized using 'CodeIgniter\Session\Handlers\FileHandler' driver.
WARNING - 2023-12-17 12:27:12 --> Session: Sessions is enabled, and one exists.Please don't $session->start();
INFO - 2023-12-17 12:40:00 --> Session: Class initialized using 'CodeIgniter\Session\Handlers\FileHandler' driver.
WARNING - 2023-12-17 12:40:00 --> Session: Sessions is enabled, and one exists.Please don't $session->start();
INFO - 2023-12-17 12:40:01 --> Session: Class initialized using 'CodeIgniter\Session\Handlers\FileHandler' driver.
WARNING - 2023-12-17 12:40:01 --> Session: Sessions is enabled, and one exists.Please don't $session->start();
INFO - 2023-12-17 12:40:03 --> Session: Class initialized using 'CodeIgniter\Session\Handlers\FileHandler' driver.
WARNING - 2023-12-17 12:40:03 --> Session: Sessions is enabled, and one exists.Please don't $session->start();
INFO - 2023-12-17 12:40:22 --> Session: Class initialized using 'CodeIgniter\Session\Handlers\FileHandler' driver.
WARNING - 2023-12-17 12:40:22 --> Session: Sessions is enabled, and one exists.Please don't $session->start();
INFO - 2023-12-17 12:40:23 --> Session: Class initialized using 'CodeIgniter\Session\Handlers\FileHandler' driver.
WARNING - 2023-12-17 12:40:23 --> Session: Sessions is enabled, and one exists.Please don't $session->start();
INFO - 2023-12-17 12:41:14 --> Session: Class initialized using 'CodeIgniter\Session\Handlers\FileHandler' driver.
WARNING - 2023-12-17 12:41:14 --> Session: Sessions is enabled, and one exists.Please don't $session->start();
INFO - 2023-12-17 12:41:15 --> Session: Class initialized using 'CodeIgniter\Session\Handlers\FileHandler' driver.
WARNING - 2023-12-17 12:41:15 --> Session: Sessions is enabled, and one exists.Please don't $session->start();
INFO - 2023-12-17 12:41:17 --> Session: Class initialized using 'CodeIgniter\Session\Handlers\FileHandler' driver.
WARNING - 2023-12-17 12:41:17 --> Session: Sessions is enabled, and one exists.Please don't $session->start();
INFO - 2023-12-17 12:41:33 --> Session: Class initialized using 'CodeIgniter\Session\Handlers\FileHandler' driver.
WARNING - 2023-12-17 12:41:33 --> Session: Sessions is enabled, and one exists.Please don't $session->start();
INFO - 2023-12-17 12:41:35 --> Session: Class initialized using 'CodeIgniter\Session\Handlers\FileHandler' driver.
WARNING - 2023-12-17 12:41:35 --> Session: Sessions is enabled, and one exists.Please don't $session->start();
INFO - 2023-12-17 12:41:37 --> Session: Class initialized using 'CodeIgniter\Session\Handlers\FileHandler' driver.
WARNING - 2023-12-17 12:41:37 --> Session: Sessions is enabled, and one exists.Please don't $session->start();
INFO - 2023-12-17 13:11:35 --> Session: Class initialized using 'CodeIgniter\Session\Handlers\FileHandler' driver.
WARNING - 2023-12-17 13:11:35 --> Session: Sessions is enabled, and one exists.Please don't $session->start();
INFO - 2023-12-17 13:11:36 --> Session: Class initialized using 'CodeIgniter\Session\Handlers\FileHandler' driver.
WARNING - 2023-12-17 13:11:36 --> Session: Sessions is enabled, and one exists.Please don't $session->start();
INFO - 2023-12-17 13:41:36 --> Session: Class initialized using 'CodeIgniter\Session\Handlers\FileHandler' driver.
WARNING - 2023-12-17 13:41:36 --> Session: Sessions is enabled, and one exists.Please don't $session->start();
INFO - 2023-12-17 13:41:37 --> Session: Class initialized using 'CodeIgniter\Session\Handlers\FileHandler' driver.
WARNING - 2023-12-17 13:41:37 --> Session: Sessions is enabled, and one exists.Please don't $session->start();
INFO - 2023-12-17 16:40:55 --> Session: Class initialized using 'CodeIgniter\Session\Handlers\FileHandler' driver.
WARNING - 2023-12-17 16:40:55 --> Session: Sessions is enabled, and one exists.Please don't $session->start();
INFO - 2023-12-17 16:40:55 --> Session: Class initialized using 'CodeIgniter\Session\Handlers\FileHandler' driver.
WARNING - 2023-12-17 16:40:55 --> Session: Sessions is enabled, and one exists.Please don't $session->start();
