INFO - 2023-07-23 05:51:15 --> Session: Class initialized using 'CodeIgniter\Session\Handlers\FileHandler' driver.
WARNING - 2023-07-23 05:51:15 --> Session: Sessions is enabled, and one exists.Please don't $session->start();
INFO - 2023-07-23 05:51:15 --> Session: Class initialized using 'CodeIgniter\Session\Handlers\FileHandler' driver.
WARNING - 2023-07-23 05:51:15 --> Session: Sessions is enabled, and one exists.Please don't $session->start();
INFO - 2023-07-23 05:53:16 --> Session: Class initialized using 'CodeIgniter\Session\Handlers\FileHandler' driver.
WARNING - 2023-07-23 05:53:16 --> Session: Sessions is enabled, and one exists.Please don't $session->start();
INFO - 2023-07-23 08:55:53 --> Session: Class initialized using 'CodeIgniter\Session\Handlers\FileHandler' driver.
WARNING - 2023-07-23 08:55:53 --> Session: Sessions is enabled, and one exists.Please don't $session->start();
INFO - 2023-07-23 18:10:50 --> Session: Class initialized using 'CodeIgniter\Session\Handlers\FileHandler' driver.
WARNING - 2023-07-23 18:10:50 --> Session: Sessions is enabled, and one exists.Please don't $session->start();
INFO - 2023-07-23 18:10:54 --> Session: Class initialized using 'CodeIgniter\Session\Handlers\FileHandler' driver.
WARNING - 2023-07-23 18:10:54 --> Session: Sessions is enabled, and one exists.Please don't $session->start();
INFO - 2023-07-23 18:10:59 --> Session: Class initialized using 'CodeIgniter\Session\Handlers\FileHandler' driver.
WARNING - 2023-07-23 18:10:59 --> Session: Sessions is enabled, and one exists.Please don't $session->start();
INFO - 2023-07-23 18:11:01 --> Session: Class initialized using 'CodeIgniter\Session\Handlers\FileHandler' driver.
INFO - 2023-07-23 18:11:57 --> Session: Class initialized using 'CodeIgniter\Session\Handlers\FileHandler' driver.
INFO - 2023-07-23 18:15:05 --> Session: Class initialized using 'CodeIgniter\Session\Handlers\FileHandler' driver.
WARNING - 2023-07-23 18:15:05 --> Session: Sessions is enabled, and one exists.Please don't $session->start();
ERROR - 2023-07-23 18:15:05 --> mysqli_sql_exception: Table 'cms_simkkn.person' doesn't exist in /usr/local/var/www/simkkn/vendor/codeigniter4/framework/system/Database/MySQLi/Connection.php:331
Stack trace:
#0 /usr/local/var/www/simkkn/vendor/codeigniter4/framework/system/Database/MySQLi/Connection.php(331): mysqli->query('SELECT `a`.`id`...')
#1 /usr/local/var/www/simkkn/vendor/codeigniter4/framework/system/Database/BaseConnection.php(741): CodeIgniter\Database\MySQLi\Connection->execute('SELECT `a`.`id`...')
#2 /usr/local/var/www/simkkn/vendor/codeigniter4/framework/system/Database/BaseConnection.php(669): CodeIgniter\Database\BaseConnection->simpleQuery('SELECT `a`.`id`...')
#3 /usr/local/var/www/simkkn/vendor/codeigniter4/framework/system/Database/BaseBuilder.php(1860): CodeIgniter\Database\BaseConnection->query('SELECT `a`.`id`...', Array, false)
#4 /usr/local/var/www/simkkn/app/Models/Backend/ProfilModel.php(15): CodeIgniter\Database\BaseBuilder->get()
#5 /usr/local/var/www/simkkn/app/Controllers/Backend/Profil.php(26): App\Models\Backend\ProfilModel->getProfil()
#6 /usr/local/var/www/simkkn/vendor/codeigniter4/framework/system/CodeIgniter.php(918): App\Controllers\Backend\Profil->index()
#7 /usr/local/var/www/simkkn/vendor/codeigniter4/framework/system/CodeIgniter.php(404): CodeIgniter\CodeIgniter->runController(Object(App\Controllers\Backend\Profil))
#8 /usr/local/var/www/simkkn/vendor/codeigniter4/framework/system/CodeIgniter.php(312): CodeIgniter\CodeIgniter->handleRequest(NULL, Object(Config\Cache), false)
#9 /usr/local/var/www/simkkn/public/index.php(45): CodeIgniter\CodeIgniter->run()
#10 /usr/local/var/www/simkkn/vendor/codeigniter4/framework/system/Commands/Server/rewrite.php(34): require_once('/usr/local/var/...')
#11 {main}
INFO - 2023-07-23 18:20:00 --> Session: Class initialized using 'CodeIgniter\Session\Handlers\FileHandler' driver.
WARNING - 2023-07-23 18:20:00 --> Session: Sessions is enabled, and one exists.Please don't $session->start();
INFO - 2023-07-23 18:21:07 --> Session: Class initialized using 'CodeIgniter\Session\Handlers\FileHandler' driver.
WARNING - 2023-07-23 18:21:07 --> Session: Sessions is enabled, and one exists.Please don't $session->start();
ERROR - 2023-07-23 18:21:07 --> mysqli_sql_exception: Unknown column 'id' in 'order clause' in /usr/local/var/www/simkkn/vendor/codeigniter4/framework/system/Database/MySQLi/Connection.php:331
Stack trace:
#0 /usr/local/var/www/simkkn/vendor/codeigniter4/framework/system/Database/MySQLi/Connection.php(331): mysqli->query('SELECT *\nFROM `...')
#1 /usr/local/var/www/simkkn/vendor/codeigniter4/framework/system/Database/BaseConnection.php(741): CodeIgniter\Database\MySQLi\Connection->execute('SELECT *\nFROM `...')
#2 /usr/local/var/www/simkkn/vendor/codeigniter4/framework/system/Database/BaseConnection.php(669): CodeIgniter\Database\BaseConnection->simpleQuery('SELECT *\nFROM `...')
#3 /usr/local/var/www/simkkn/vendor/codeigniter4/framework/system/Database/BaseBuilder.php(1860): CodeIgniter\Database\BaseConnection->query('SELECT *\nFROM `...', Array, false)
#4 /usr/local/var/www/simkkn/app/Models/Backend/ProfilModel.php(16): CodeIgniter\Database\BaseBuilder->get()
#5 /usr/local/var/www/simkkn/app/Controllers/Backend/Profil.php(26): App\Models\Backend\ProfilModel->getProfil()
#6 /usr/local/var/www/simkkn/vendor/codeigniter4/framework/system/CodeIgniter.php(918): App\Controllers\Backend\Profil->index()
#7 /usr/local/var/www/simkkn/vendor/codeigniter4/framework/system/CodeIgniter.php(404): CodeIgniter\CodeIgniter->runController(Object(App\Controllers\Backend\Profil))
#8 /usr/local/var/www/simkkn/vendor/codeigniter4/framework/system/CodeIgniter.php(312): CodeIgniter\CodeIgniter->handleRequest(NULL, Object(Config\Cache), false)
#9 /usr/local/var/www/simkkn/public/index.php(45): CodeIgniter\CodeIgniter->run()
#10 /usr/local/var/www/simkkn/vendor/codeigniter4/framework/system/Commands/Server/rewrite.php(34): require_once('/usr/local/var/...')
#11 {main}
INFO - 2023-07-23 18:21:58 --> Session: Class initialized using 'CodeIgniter\Session\Handlers\FileHandler' driver.
WARNING - 2023-07-23 18:21:58 --> Session: Sessions is enabled, and one exists.Please don't $session->start();
INFO - 2023-07-23 18:22:20 --> Session: Class initialized using 'CodeIgniter\Session\Handlers\FileHandler' driver.
WARNING - 2023-07-23 18:22:20 --> Session: Sessions is enabled, and one exists.Please don't $session->start();
INFO - 2023-07-23 18:22:23 --> Session: Class initialized using 'CodeIgniter\Session\Handlers\FileHandler' driver.
WARNING - 2023-07-23 18:22:23 --> Session: Sessions is enabled, and one exists.Please don't $session->start();
INFO - 2023-07-23 18:22:23 --> Session: Class initialized using 'CodeIgniter\Session\Handlers\FileHandler' driver.
WARNING - 2023-07-23 18:22:23 --> Session: Sessions is enabled, and one exists.Please don't $session->start();
INFO - 2023-07-23 18:22:28 --> Session: Class initialized using 'CodeIgniter\Session\Handlers\FileHandler' driver.
WARNING - 2023-07-23 18:22:28 --> Session: Sessions is enabled, and one exists.Please don't $session->start();
INFO - 2023-07-23 18:22:30 --> Session: Class initialized using 'CodeIgniter\Session\Handlers\FileHandler' driver.
INFO - 2023-07-23 18:22:34 --> Session: Class initialized using 'CodeIgniter\Session\Handlers\FileHandler' driver.
WARNING - 2023-07-23 18:22:34 --> Session: Sessions is enabled, and one exists.Please don't $session->start();
INFO - 2023-07-23 18:23:52 --> Session: Class initialized using 'CodeIgniter\Session\Handlers\FileHandler' driver.
WARNING - 2023-07-23 18:23:52 --> Session: Sessions is enabled, and one exists.Please don't $session->start();
CRITICAL - 2023-07-23 18:23:52 --> Invalid argument supplied for foreach()
#0 /usr/local/var/www/simkkn/app/Views/admin/profil/index.php(17): CodeIgniter\Debug\Exceptions->errorHandler(2, 'Invalid argumen...', '/usr/local/var/...', 17, Array)
#1 /usr/local/var/www/simkkn/vendor/codeigniter4/framework/system/View/View.php(246): include('/usr/local/var/...')
#2 /usr/local/var/www/simkkn/vendor/codeigniter4/framework/system/Common.php(1119): CodeIgniter\View\View->render('admin/profil/in...', Array, true)
#3 /usr/local/var/www/simkkn/app/Controllers/Backend/Profil.php(32): view('admin/profil/in...', Array)
#4 /usr/local/var/www/simkkn/vendor/codeigniter4/framework/system/CodeIgniter.php(918): App\Controllers\Backend\Profil->index()
#5 /usr/local/var/www/simkkn/vendor/codeigniter4/framework/system/CodeIgniter.php(404): CodeIgniter\CodeIgniter->runController(Object(App\Controllers\Backend\Profil))
#6 /usr/local/var/www/simkkn/vendor/codeigniter4/framework/system/CodeIgniter.php(312): CodeIgniter\CodeIgniter->handleRequest(NULL, Object(Config\Cache), false)
#7 /usr/local/var/www/simkkn/public/index.php(45): CodeIgniter\CodeIgniter->run()
#8 /usr/local/var/www/simkkn/vendor/codeigniter4/framework/system/Commands/Server/rewrite.php(34): require_once('/usr/local/var/...')
#9 {main}
INFO - 2023-07-23 18:24:22 --> Session: Class initialized using 'CodeIgniter\Session\Handlers\FileHandler' driver.
WARNING - 2023-07-23 18:24:22 --> Session: Sessions is enabled, and one exists.Please don't $session->start();
INFO - 2023-07-23 18:25:55 --> Session: Class initialized using 'CodeIgniter\Session\Handlers\FileHandler' driver.
WARNING - 2023-07-23 18:25:55 --> Session: Sessions is enabled, and one exists.Please don't $session->start();
INFO - 2023-07-23 18:25:58 --> Session: Class initialized using 'CodeIgniter\Session\Handlers\FileHandler' driver.
INFO - 2023-07-23 18:27:39 --> Session: Class initialized using 'CodeIgniter\Session\Handlers\FileHandler' driver.
INFO - 2023-07-23 18:28:40 --> Session: Class initialized using 'CodeIgniter\Session\Handlers\FileHandler' driver.
INFO - 2023-07-23 18:29:53 --> Session: Class initialized using 'CodeIgniter\Session\Handlers\FileHandler' driver.
INFO - 2023-07-23 18:33:54 --> Session: Class initialized using 'CodeIgniter\Session\Handlers\FileHandler' driver.
INFO - 2023-07-23 18:37:08 --> Session: Class initialized using 'CodeIgniter\Session\Handlers\FileHandler' driver.
INFO - 2023-07-23 18:38:42 --> Session: Class initialized using 'CodeIgniter\Session\Handlers\FileHandler' driver.
INFO - 2023-07-23 18:43:01 --> Session: Class initialized using 'CodeIgniter\Session\Handlers\FileHandler' driver.
WARNING - 2023-07-23 18:43:01 --> Session: Sessions is enabled, and one exists.Please don't $session->start();
CRITICAL - 2023-07-23 18:43:01 --> Invalid argument supplied for foreach()
#0 /usr/local/var/www/simkkn/app/Views/admin/gabung/index.php(17): CodeIgniter\Debug\Exceptions->errorHandler(2, 'Invalid argumen...', '/usr/local/var/...', 17, Array)
#1 /usr/local/var/www/simkkn/vendor/codeigniter4/framework/system/View/View.php(246): include('/usr/local/var/...')
#2 /usr/local/var/www/simkkn/vendor/codeigniter4/framework/system/Common.php(1119): CodeIgniter\View\View->render('admin/gabung/in...', Array, true)
#3 /usr/local/var/www/simkkn/app/Controllers/Backend/Gabung.php(31): view('admin/gabung/in...', Array)
#4 /usr/local/var/www/simkkn/vendor/codeigniter4/framework/system/CodeIgniter.php(918): App\Controllers\Backend\Gabung->index()
#5 /usr/local/var/www/simkkn/vendor/codeigniter4/framework/system/CodeIgniter.php(404): CodeIgniter\CodeIgniter->runController(Object(App\Controllers\Backend\Gabung))
#6 /usr/local/var/www/simkkn/vendor/codeigniter4/framework/system/CodeIgniter.php(312): CodeIgniter\CodeIgniter->handleRequest(NULL, Object(Config\Cache), false)
#7 /usr/local/var/www/simkkn/public/index.php(45): CodeIgniter\CodeIgniter->run()
#8 /usr/local/var/www/simkkn/vendor/codeigniter4/framework/system/Commands/Server/rewrite.php(34): require_once('/usr/local/var/...')
#9 {main}
INFO - 2023-07-23 18:43:02 --> Session: Class initialized using 'CodeIgniter\Session\Handlers\FileHandler' driver.
WARNING - 2023-07-23 18:43:02 --> Session: Sessions is enabled, and one exists.Please don't $session->start();
CRITICAL - 2023-07-23 18:43:02 --> Invalid argument supplied for foreach()
#0 /usr/local/var/www/simkkn/app/Views/admin/gabung/index.php(17): CodeIgniter\Debug\Exceptions->errorHandler(2, 'Invalid argumen...', '/usr/local/var/...', 17, Array)
#1 /usr/local/var/www/simkkn/vendor/codeigniter4/framework/system/View/View.php(246): include('/usr/local/var/...')
#2 /usr/local/var/www/simkkn/vendor/codeigniter4/framework/system/Common.php(1119): CodeIgniter\View\View->render('admin/gabung/in...', Array, true)
#3 /usr/local/var/www/simkkn/app/Controllers/Backend/Gabung.php(31): view('admin/gabung/in...', Array)
#4 /usr/local/var/www/simkkn/vendor/codeigniter4/framework/system/CodeIgniter.php(918): App\Controllers\Backend\Gabung->index()
#5 /usr/local/var/www/simkkn/vendor/codeigniter4/framework/system/CodeIgniter.php(404): CodeIgniter\CodeIgniter->runController(Object(App\Controllers\Backend\Gabung))
#6 /usr/local/var/www/simkkn/vendor/codeigniter4/framework/system/CodeIgniter.php(312): CodeIgniter\CodeIgniter->handleRequest(NULL, Object(Config\Cache), false)
#7 /usr/local/var/www/simkkn/public/index.php(45): CodeIgniter\CodeIgniter->run()
#8 /usr/local/var/www/simkkn/vendor/codeigniter4/framework/system/Commands/Server/rewrite.php(34): require_once('/usr/local/var/...')
#9 {main}
INFO - 2023-07-23 18:43:03 --> Session: Class initialized using 'CodeIgniter\Session\Handlers\FileHandler' driver.
WARNING - 2023-07-23 18:43:03 --> Session: Sessions is enabled, and one exists.Please don't $session->start();
CRITICAL - 2023-07-23 18:43:03 --> Invalid argument supplied for foreach()
#0 /usr/local/var/www/simkkn/app/Views/admin/gabung/index.php(17): CodeIgniter\Debug\Exceptions->errorHandler(2, 'Invalid argumen...', '/usr/local/var/...', 17, Array)
#1 /usr/local/var/www/simkkn/vendor/codeigniter4/framework/system/View/View.php(246): include('/usr/local/var/...')
#2 /usr/local/var/www/simkkn/vendor/codeigniter4/framework/system/Common.php(1119): CodeIgniter\View\View->render('admin/gabung/in...', Array, true)
#3 /usr/local/var/www/simkkn/app/Controllers/Backend/Gabung.php(31): view('admin/gabung/in...', Array)
#4 /usr/local/var/www/simkkn/vendor/codeigniter4/framework/system/CodeIgniter.php(918): App\Controllers\Backend\Gabung->index()
#5 /usr/local/var/www/simkkn/vendor/codeigniter4/framework/system/CodeIgniter.php(404): CodeIgniter\CodeIgniter->runController(Object(App\Controllers\Backend\Gabung))
#6 /usr/local/var/www/simkkn/vendor/codeigniter4/framework/system/CodeIgniter.php(312): CodeIgniter\CodeIgniter->handleRequest(NULL, Object(Config\Cache), false)
#7 /usr/local/var/www/simkkn/public/index.php(45): CodeIgniter\CodeIgniter->run()
#8 /usr/local/var/www/simkkn/vendor/codeigniter4/framework/system/Commands/Server/rewrite.php(34): require_once('/usr/local/var/...')
#9 {main}
INFO - 2023-07-23 18:43:05 --> Session: Class initialized using 'CodeIgniter\Session\Handlers\FileHandler' driver.
WARNING - 2023-07-23 18:43:05 --> Session: Sessions is enabled, and one exists.Please don't $session->start();
CRITICAL - 2023-07-23 18:43:05 --> Invalid argument supplied for foreach()
#0 /usr/local/var/www/simkkn/app/Views/admin/gabung/index.php(17): CodeIgniter\Debug\Exceptions->errorHandler(2, 'Invalid argumen...', '/usr/local/var/...', 17, Array)
#1 /usr/local/var/www/simkkn/vendor/codeigniter4/framework/system/View/View.php(246): include('/usr/local/var/...')
#2 /usr/local/var/www/simkkn/vendor/codeigniter4/framework/system/Common.php(1119): CodeIgniter\View\View->render('admin/gabung/in...', Array, true)
#3 /usr/local/var/www/simkkn/app/Controllers/Backend/Gabung.php(31): view('admin/gabung/in...', Array)
#4 /usr/local/var/www/simkkn/vendor/codeigniter4/framework/system/CodeIgniter.php(918): App\Controllers\Backend\Gabung->index()
#5 /usr/local/var/www/simkkn/vendor/codeigniter4/framework/system/CodeIgniter.php(404): CodeIgniter\CodeIgniter->runController(Object(App\Controllers\Backend\Gabung))
#6 /usr/local/var/www/simkkn/vendor/codeigniter4/framework/system/CodeIgniter.php(312): CodeIgniter\CodeIgniter->handleRequest(NULL, Object(Config\Cache), false)
#7 /usr/local/var/www/simkkn/public/index.php(45): CodeIgniter\CodeIgniter->run()
#8 /usr/local/var/www/simkkn/vendor/codeigniter4/framework/system/Commands/Server/rewrite.php(34): require_once('/usr/local/var/...')
#9 {main}
INFO - 2023-07-23 18:43:06 --> Session: Class initialized using 'CodeIgniter\Session\Handlers\FileHandler' driver.
WARNING - 2023-07-23 18:43:06 --> Session: Sessions is enabled, and one exists.Please don't $session->start();
CRITICAL - 2023-07-23 18:43:06 --> Invalid argument supplied for foreach()
#0 /usr/local/var/www/simkkn/app/Views/admin/gabung/index.php(17): CodeIgniter\Debug\Exceptions->errorHandler(2, 'Invalid argumen...', '/usr/local/var/...', 17, Array)
#1 /usr/local/var/www/simkkn/vendor/codeigniter4/framework/system/View/View.php(246): include('/usr/local/var/...')
#2 /usr/local/var/www/simkkn/vendor/codeigniter4/framework/system/Common.php(1119): CodeIgniter\View\View->render('admin/gabung/in...', Array, true)
#3 /usr/local/var/www/simkkn/app/Controllers/Backend/Gabung.php(31): view('admin/gabung/in...', Array)
#4 /usr/local/var/www/simkkn/vendor/codeigniter4/framework/system/CodeIgniter.php(918): App\Controllers\Backend\Gabung->index()
#5 /usr/local/var/www/simkkn/vendor/codeigniter4/framework/system/CodeIgniter.php(404): CodeIgniter\CodeIgniter->runController(Object(App\Controllers\Backend\Gabung))
#6 /usr/local/var/www/simkkn/vendor/codeigniter4/framework/system/CodeIgniter.php(312): CodeIgniter\CodeIgniter->handleRequest(NULL, Object(Config\Cache), false)
#7 /usr/local/var/www/simkkn/public/index.php(45): CodeIgniter\CodeIgniter->run()
#8 /usr/local/var/www/simkkn/vendor/codeigniter4/framework/system/Commands/Server/rewrite.php(34): require_once('/usr/local/var/...')
#9 {main}
INFO - 2023-07-23 18:43:53 --> Session: Class initialized using 'CodeIgniter\Session\Handlers\FileHandler' driver.
WARNING - 2023-07-23 18:43:53 --> Session: Sessions is enabled, and one exists.Please don't $session->start();
CRITICAL - 2023-07-23 18:43:53 --> Invalid argument supplied for foreach()
#0 /usr/local/var/www/simkkn/app/Views/admin/gabung/index.php(17): CodeIgniter\Debug\Exceptions->errorHandler(2, 'Invalid argumen...', '/usr/local/var/...', 17, Array)
#1 /usr/local/var/www/simkkn/vendor/codeigniter4/framework/system/View/View.php(246): include('/usr/local/var/...')
#2 /usr/local/var/www/simkkn/vendor/codeigniter4/framework/system/Common.php(1119): CodeIgniter\View\View->render('admin/gabung/in...', Array, true)
#3 /usr/local/var/www/simkkn/app/Controllers/Backend/Gabung.php(31): view('admin/gabung/in...', Array)
#4 /usr/local/var/www/simkkn/vendor/codeigniter4/framework/system/CodeIgniter.php(918): App\Controllers\Backend\Gabung->index()
#5 /usr/local/var/www/simkkn/vendor/codeigniter4/framework/system/CodeIgniter.php(404): CodeIgniter\CodeIgniter->runController(Object(App\Controllers\Backend\Gabung))
#6 /usr/local/var/www/simkkn/vendor/codeigniter4/framework/system/CodeIgniter.php(312): CodeIgniter\CodeIgniter->handleRequest(NULL, Object(Config\Cache), false)
#7 /usr/local/var/www/simkkn/public/index.php(45): CodeIgniter\CodeIgniter->run()
#8 /usr/local/var/www/simkkn/vendor/codeigniter4/framework/system/Commands/Server/rewrite.php(34): require_once('/usr/local/var/...')
#9 {main}
INFO - 2023-07-23 18:43:54 --> Session: Class initialized using 'CodeIgniter\Session\Handlers\FileHandler' driver.
WARNING - 2023-07-23 18:43:54 --> Session: Sessions is enabled, and one exists.Please don't $session->start();
CRITICAL - 2023-07-23 18:43:54 --> Invalid argument supplied for foreach()
#0 /usr/local/var/www/simkkn/app/Views/admin/gabung/index.php(17): CodeIgniter\Debug\Exceptions->errorHandler(2, 'Invalid argumen...', '/usr/local/var/...', 17, Array)
#1 /usr/local/var/www/simkkn/vendor/codeigniter4/framework/system/View/View.php(246): include('/usr/local/var/...')
#2 /usr/local/var/www/simkkn/vendor/codeigniter4/framework/system/Common.php(1119): CodeIgniter\View\View->render('admin/gabung/in...', Array, true)
#3 /usr/local/var/www/simkkn/app/Controllers/Backend/Gabung.php(31): view('admin/gabung/in...', Array)
#4 /usr/local/var/www/simkkn/vendor/codeigniter4/framework/system/CodeIgniter.php(918): App\Controllers\Backend\Gabung->index()
#5 /usr/local/var/www/simkkn/vendor/codeigniter4/framework/system/CodeIgniter.php(404): CodeIgniter\CodeIgniter->runController(Object(App\Controllers\Backend\Gabung))
#6 /usr/local/var/www/simkkn/vendor/codeigniter4/framework/system/CodeIgniter.php(312): CodeIgniter\CodeIgniter->handleRequest(NULL, Object(Config\Cache), false)
#7 /usr/local/var/www/simkkn/public/index.php(45): CodeIgniter\CodeIgniter->run()
#8 /usr/local/var/www/simkkn/vendor/codeigniter4/framework/system/Commands/Server/rewrite.php(34): require_once('/usr/local/var/...')
#9 {main}
INFO - 2023-07-23 18:43:54 --> Session: Class initialized using 'CodeIgniter\Session\Handlers\FileHandler' driver.
INFO - 2023-07-23 18:43:57 --> Session: Class initialized using 'CodeIgniter\Session\Handlers\FileHandler' driver.
WARNING - 2023-07-23 18:43:57 --> Session: Sessions is enabled, and one exists.Please don't $session->start();
CRITICAL - 2023-07-23 18:43:57 --> Invalid argument supplied for foreach()
#0 /usr/local/var/www/simkkn/app/Views/admin/gabung/index.php(17): CodeIgniter\Debug\Exceptions->errorHandler(2, 'Invalid argumen...', '/usr/local/var/...', 17, Array)
#1 /usr/local/var/www/simkkn/vendor/codeigniter4/framework/system/View/View.php(246): include('/usr/local/var/...')
#2 /usr/local/var/www/simkkn/vendor/codeigniter4/framework/system/Common.php(1119): CodeIgniter\View\View->render('admin/gabung/in...', Array, true)
#3 /usr/local/var/www/simkkn/app/Controllers/Backend/Gabung.php(31): view('admin/gabung/in...', Array)
#4 /usr/local/var/www/simkkn/vendor/codeigniter4/framework/system/CodeIgniter.php(918): App\Controllers\Backend\Gabung->index()
#5 /usr/local/var/www/simkkn/vendor/codeigniter4/framework/system/CodeIgniter.php(404): CodeIgniter\CodeIgniter->runController(Object(App\Controllers\Backend\Gabung))
#6 /usr/local/var/www/simkkn/vendor/codeigniter4/framework/system/CodeIgniter.php(312): CodeIgniter\CodeIgniter->handleRequest(NULL, Object(Config\Cache), false)
#7 /usr/local/var/www/simkkn/public/index.php(45): CodeIgniter\CodeIgniter->run()
#8 /usr/local/var/www/simkkn/vendor/codeigniter4/framework/system/Commands/Server/rewrite.php(34): require_once('/usr/local/var/...')
#9 {main}
INFO - 2023-07-23 18:44:14 --> Session: Class initialized using 'CodeIgniter\Session\Handlers\FileHandler' driver.
WARNING - 2023-07-23 18:44:14 --> Session: Sessions is enabled, and one exists.Please don't $session->start();
INFO - 2023-07-23 18:55:03 --> Session: Class initialized using 'CodeIgniter\Session\Handlers\FileHandler' driver.
WARNING - 2023-07-23 18:55:03 --> Session: Sessions is enabled, and one exists.Please don't $session->start();
INFO - 2023-07-23 18:55:35 --> Session: Class initialized using 'CodeIgniter\Session\Handlers\FileHandler' driver.
WARNING - 2023-07-23 18:55:35 --> Session: Sessions is enabled, and one exists.Please don't $session->start();
INFO - 2023-07-23 18:56:28 --> Session: Class initialized using 'CodeIgniter\Session\Handlers\FileHandler' driver.
WARNING - 2023-07-23 18:56:28 --> Session: Sessions is enabled, and one exists.Please don't $session->start();
INFO - 2023-07-23 18:56:39 --> Session: Class initialized using 'CodeIgniter\Session\Handlers\FileHandler' driver.
WARNING - 2023-07-23 18:56:39 --> Session: Sessions is enabled, and one exists.Please don't $session->start();
INFO - 2023-07-23 18:56:49 --> Session: Class initialized using 'CodeIgniter\Session\Handlers\FileHandler' driver.
WARNING - 2023-07-23 18:56:49 --> Session: Sessions is enabled, and one exists.Please don't $session->start();
INFO - 2023-07-23 19:26:50 --> Session: Class initialized using 'CodeIgniter\Session\Handlers\FileHandler' driver.
WARNING - 2023-07-23 19:26:50 --> Session: Sessions is enabled, and one exists.Please don't $session->start();
INFO - 2023-07-23 19:56:51 --> Session: Class initialized using 'CodeIgniter\Session\Handlers\FileHandler' driver.
WARNING - 2023-07-23 19:56:51 --> Session: Sessions is enabled, and one exists.Please don't $session->start();
INFO - 2023-07-23 20:24:18 --> Session: Class initialized using 'CodeIgniter\Session\Handlers\FileHandler' driver.
WARNING - 2023-07-23 20:24:18 --> Session: Sessions is enabled, and one exists.Please don't $session->start();
INFO - 2023-07-23 20:43:29 --> Session: Class initialized using 'CodeIgniter\Session\Handlers\FileHandler' driver.
WARNING - 2023-07-23 20:43:29 --> Session: Sessions is enabled, and one exists.Please don't $session->start();
CRITICAL - 2023-07-23 20:43:29 --> You must set the database table to be used with your query.
#0 /usr/local/var/www/simkkn/vendor/codeigniter4/framework/system/Model.php(1237): CodeIgniter\Database\BaseConnection->table(NULL)
#1 /usr/local/var/www/simkkn/vendor/codeigniter4/framework/system/Model.php(1816): CodeIgniter\Model->builder()
#2 /usr/local/var/www/simkkn/app/Controllers/Backend/Gabung.php(26): CodeIgniter\Model->__call('getByIDKelompok', Array)
#3 /usr/local/var/www/simkkn/vendor/codeigniter4/framework/system/CodeIgniter.php(918): App\Controllers\Backend\Gabung->index()
#4 /usr/local/var/www/simkkn/vendor/codeigniter4/framework/system/CodeIgniter.php(404): CodeIgniter\CodeIgniter->runController(Object(App\Controllers\Backend\Gabung))
#5 /usr/local/var/www/simkkn/vendor/codeigniter4/framework/system/CodeIgniter.php(312): CodeIgniter\CodeIgniter->handleRequest(NULL, Object(Config\Cache), false)
#6 /usr/local/var/www/simkkn/public/index.php(45): CodeIgniter\CodeIgniter->run()
#7 /usr/local/var/www/simkkn/vendor/codeigniter4/framework/system/Commands/Server/rewrite.php(34): require_once('/usr/local/var/...')
#8 {main}
INFO - 2023-07-23 20:44:18 --> Session: Class initialized using 'CodeIgniter\Session\Handlers\FileHandler' driver.
WARNING - 2023-07-23 20:44:18 --> Session: Sessions is enabled, and one exists.Please don't $session->start();
CRITICAL - 2023-07-23 20:44:18 --> You must set the database table to be used with your query.
#0 /usr/local/var/www/simkkn/vendor/codeigniter4/framework/system/Model.php(1237): CodeIgniter\Database\BaseConnection->table(NULL)
#1 /usr/local/var/www/simkkn/vendor/codeigniter4/framework/system/Model.php(1816): CodeIgniter\Model->builder()
#2 /usr/local/var/www/simkkn/app/Controllers/Backend/Gabung.php(26): CodeIgniter\Model->__call('getByIDKelompok', Array)
#3 /usr/local/var/www/simkkn/vendor/codeigniter4/framework/system/CodeIgniter.php(918): App\Controllers\Backend\Gabung->index()
#4 /usr/local/var/www/simkkn/vendor/codeigniter4/framework/system/CodeIgniter.php(404): CodeIgniter\CodeIgniter->runController(Object(App\Controllers\Backend\Gabung))
#5 /usr/local/var/www/simkkn/vendor/codeigniter4/framework/system/CodeIgniter.php(312): CodeIgniter\CodeIgniter->handleRequest(NULL, Object(Config\Cache), false)
#6 /usr/local/var/www/simkkn/public/index.php(45): CodeIgniter\CodeIgniter->run()
#7 /usr/local/var/www/simkkn/vendor/codeigniter4/framework/system/Commands/Server/rewrite.php(34): require_once('/usr/local/var/...')
#8 {main}
INFO - 2023-07-23 20:45:13 --> Session: Class initialized using 'CodeIgniter\Session\Handlers\FileHandler' driver.
WARNING - 2023-07-23 20:45:13 --> Session: Sessions is enabled, and one exists.Please don't $session->start();
CRITICAL - 2023-07-23 20:45:13 --> You must set the database table to be used with your query.
#0 /usr/local/var/www/simkkn/vendor/codeigniter4/framework/system/Model.php(1237): CodeIgniter\Database\BaseConnection->table(NULL)
#1 /usr/local/var/www/simkkn/vendor/codeigniter4/framework/system/Model.php(1816): CodeIgniter\Model->builder()
#2 /usr/local/var/www/simkkn/app/Controllers/Backend/Gabung.php(26): CodeIgniter\Model->__call('getByIDKelompok', Array)
#3 /usr/local/var/www/simkkn/vendor/codeigniter4/framework/system/CodeIgniter.php(918): App\Controllers\Backend\Gabung->index()
#4 /usr/local/var/www/simkkn/vendor/codeigniter4/framework/system/CodeIgniter.php(404): CodeIgniter\CodeIgniter->runController(Object(App\Controllers\Backend\Gabung))
#5 /usr/local/var/www/simkkn/vendor/codeigniter4/framework/system/CodeIgniter.php(312): CodeIgniter\CodeIgniter->handleRequest(NULL, Object(Config\Cache), false)
#6 /usr/local/var/www/simkkn/public/index.php(45): CodeIgniter\CodeIgniter->run()
#7 /usr/local/var/www/simkkn/vendor/codeigniter4/framework/system/Commands/Server/rewrite.php(34): require_once('/usr/local/var/...')
#8 {main}
INFO - 2023-07-23 20:45:14 --> Session: Class initialized using 'CodeIgniter\Session\Handlers\FileHandler' driver.
WARNING - 2023-07-23 20:45:14 --> Session: Sessions is enabled, and one exists.Please don't $session->start();
CRITICAL - 2023-07-23 20:45:14 --> You must set the database table to be used with your query.
#0 /usr/local/var/www/simkkn/vendor/codeigniter4/framework/system/Model.php(1237): CodeIgniter\Database\BaseConnection->table(NULL)
#1 /usr/local/var/www/simkkn/vendor/codeigniter4/framework/system/Model.php(1816): CodeIgniter\Model->builder()
#2 /usr/local/var/www/simkkn/app/Controllers/Backend/Gabung.php(26): CodeIgniter\Model->__call('getByIDKelompok', Array)
#3 /usr/local/var/www/simkkn/vendor/codeigniter4/framework/system/CodeIgniter.php(918): App\Controllers\Backend\Gabung->index()
#4 /usr/local/var/www/simkkn/vendor/codeigniter4/framework/system/CodeIgniter.php(404): CodeIgniter\CodeIgniter->runController(Object(App\Controllers\Backend\Gabung))
#5 /usr/local/var/www/simkkn/vendor/codeigniter4/framework/system/CodeIgniter.php(312): CodeIgniter\CodeIgniter->handleRequest(NULL, Object(Config\Cache), false)
#6 /usr/local/var/www/simkkn/public/index.php(45): CodeIgniter\CodeIgniter->run()
#7 /usr/local/var/www/simkkn/vendor/codeigniter4/framework/system/Commands/Server/rewrite.php(34): require_once('/usr/local/var/...')
#8 {main}
INFO - 2023-07-23 20:45:24 --> Session: Class initialized using 'CodeIgniter\Session\Handlers\FileHandler' driver.
WARNING - 2023-07-23 20:45:24 --> Session: Sessions is enabled, and one exists.Please don't $session->start();
CRITICAL - 2023-07-23 20:45:24 --> Invalid argument supplied for foreach()
#0 /usr/local/var/www/simkkn/app/Views/admin/gabung/index.php(27): CodeIgniter\Debug\Exceptions->errorHandler(2, 'Invalid argumen...', '/usr/local/var/...', 27, Array)
#1 /usr/local/var/www/simkkn/vendor/codeigniter4/framework/system/View/View.php(246): include('/usr/local/var/...')
#2 /usr/local/var/www/simkkn/vendor/codeigniter4/framework/system/Common.php(1119): CodeIgniter\View\View->render('admin/gabung/in...', Array, true)
#3 /usr/local/var/www/simkkn/app/Controllers/Backend/Gabung.php(33): view('admin/gabung/in...', Array)
#4 /usr/local/var/www/simkkn/vendor/codeigniter4/framework/system/CodeIgniter.php(918): App\Controllers\Backend\Gabung->index()
#5 /usr/local/var/www/simkkn/vendor/codeigniter4/framework/system/CodeIgniter.php(404): CodeIgniter\CodeIgniter->runController(Object(App\Controllers\Backend\Gabung))
#6 /usr/local/var/www/simkkn/vendor/codeigniter4/framework/system/CodeIgniter.php(312): CodeIgniter\CodeIgniter->handleRequest(NULL, Object(Config\Cache), false)
#7 /usr/local/var/www/simkkn/public/index.php(45): CodeIgniter\CodeIgniter->run()
#8 /usr/local/var/www/simkkn/vendor/codeigniter4/framework/system/Commands/Server/rewrite.php(34): require_once('/usr/local/var/...')
#9 {main}
INFO - 2023-07-23 20:45:57 --> Session: Class initialized using 'CodeIgniter\Session\Handlers\FileHandler' driver.
WARNING - 2023-07-23 20:45:57 --> Session: Sessions is enabled, and one exists.Please don't $session->start();
INFO - 2023-07-23 20:46:37 --> Session: Class initialized using 'CodeIgniter\Session\Handlers\FileHandler' driver.
WARNING - 2023-07-23 20:46:37 --> Session: Sessions is enabled, and one exists.Please don't $session->start();
INFO - 2023-07-23 20:48:20 --> Session: Class initialized using 'CodeIgniter\Session\Handlers\FileHandler' driver.
WARNING - 2023-07-23 20:48:20 --> Session: Sessions is enabled, and one exists.Please don't $session->start();
CRITICAL - 2023-07-23 20:48:20 --> Invalid argument supplied for foreach()
#0 /usr/local/var/www/simkkn/app/Views/admin/gabung/index.php(27): CodeIgniter\Debug\Exceptions->errorHandler(2, 'Invalid argumen...', '/usr/local/var/...', 27, Array)
#1 /usr/local/var/www/simkkn/vendor/codeigniter4/framework/system/View/View.php(246): include('/usr/local/var/...')
#2 /usr/local/var/www/simkkn/vendor/codeigniter4/framework/system/Common.php(1119): CodeIgniter\View\View->render('admin/gabung/in...', Array, true)
#3 /usr/local/var/www/simkkn/app/Controllers/Backend/Gabung.php(33): view('admin/gabung/in...', Array)
#4 /usr/local/var/www/simkkn/vendor/codeigniter4/framework/system/CodeIgniter.php(918): App\Controllers\Backend\Gabung->index()
#5 /usr/local/var/www/simkkn/vendor/codeigniter4/framework/system/CodeIgniter.php(404): CodeIgniter\CodeIgniter->runController(Object(App\Controllers\Backend\Gabung))
#6 /usr/local/var/www/simkkn/vendor/codeigniter4/framework/system/CodeIgniter.php(312): CodeIgniter\CodeIgniter->handleRequest(NULL, Object(Config\Cache), false)
#7 /usr/local/var/www/simkkn/public/index.php(45): CodeIgniter\CodeIgniter->run()
#8 /usr/local/var/www/simkkn/vendor/codeigniter4/framework/system/Commands/Server/rewrite.php(34): require_once('/usr/local/var/...')
#9 {main}
INFO - 2023-07-23 20:48:46 --> Session: Class initialized using 'CodeIgniter\Session\Handlers\FileHandler' driver.
WARNING - 2023-07-23 20:48:46 --> Session: Sessions is enabled, and one exists.Please don't $session->start();
INFO - 2023-07-23 20:49:17 --> Session: Class initialized using 'CodeIgniter\Session\Handlers\FileHandler' driver.
WARNING - 2023-07-23 20:49:17 --> Session: Sessions is enabled, and one exists.Please don't $session->start();
CRITICAL - 2023-07-23 20:49:17 --> You must set the database table to be used with your query.
#0 /usr/local/var/www/simkkn/vendor/codeigniter4/framework/system/Model.php(1237): CodeIgniter\Database\BaseConnection->table(NULL)
#1 /usr/local/var/www/simkkn/vendor/codeigniter4/framework/system/Model.php(1816): CodeIgniter\Model->builder()
#2 /usr/local/var/www/simkkn/app/Controllers/Backend/Gabung.php(26): CodeIgniter\Model->__call('getByIDKelompok', Array)
#3 /usr/local/var/www/simkkn/vendor/codeigniter4/framework/system/CodeIgniter.php(918): App\Controllers\Backend\Gabung->index()
#4 /usr/local/var/www/simkkn/vendor/codeigniter4/framework/system/CodeIgniter.php(404): CodeIgniter\CodeIgniter->runController(Object(App\Controllers\Backend\Gabung))
#5 /usr/local/var/www/simkkn/vendor/codeigniter4/framework/system/CodeIgniter.php(312): CodeIgniter\CodeIgniter->handleRequest(NULL, Object(Config\Cache), false)
#6 /usr/local/var/www/simkkn/public/index.php(45): CodeIgniter\CodeIgniter->run()
#7 /usr/local/var/www/simkkn/vendor/codeigniter4/framework/system/Commands/Server/rewrite.php(34): require_once('/usr/local/var/...')
#8 {main}
INFO - 2023-07-23 20:49:27 --> Session: Class initialized using 'CodeIgniter\Session\Handlers\FileHandler' driver.
WARNING - 2023-07-23 20:49:27 --> Session: Sessions is enabled, and one exists.Please don't $session->start();
CRITICAL - 2023-07-23 20:49:27 --> You must set the database table to be used with your query.
#0 /usr/local/var/www/simkkn/vendor/codeigniter4/framework/system/Model.php(1237): CodeIgniter\Database\BaseConnection->table(NULL)
#1 /usr/local/var/www/simkkn/vendor/codeigniter4/framework/system/Model.php(1816): CodeIgniter\Model->builder()
#2 /usr/local/var/www/simkkn/app/Controllers/Backend/Gabung.php(26): CodeIgniter\Model->__call('getByIDKelompok', Array)
#3 /usr/local/var/www/simkkn/vendor/codeigniter4/framework/system/CodeIgniter.php(918): App\Controllers\Backend\Gabung->index()
#4 /usr/local/var/www/simkkn/vendor/codeigniter4/framework/system/CodeIgniter.php(404): CodeIgniter\CodeIgniter->runController(Object(App\Controllers\Backend\Gabung))
#5 /usr/local/var/www/simkkn/vendor/codeigniter4/framework/system/CodeIgniter.php(312): CodeIgniter\CodeIgniter->handleRequest(NULL, Object(Config\Cache), false)
#6 /usr/local/var/www/simkkn/public/index.php(45): CodeIgniter\CodeIgniter->run()
#7 /usr/local/var/www/simkkn/vendor/codeigniter4/framework/system/Commands/Server/rewrite.php(34): require_once('/usr/local/var/...')
#8 {main}
INFO - 2023-07-23 20:49:28 --> Session: Class initialized using 'CodeIgniter\Session\Handlers\FileHandler' driver.
WARNING - 2023-07-23 20:49:28 --> Session: Sessions is enabled, and one exists.Please don't $session->start();
CRITICAL - 2023-07-23 20:49:28 --> You must set the database table to be used with your query.
#0 /usr/local/var/www/simkkn/vendor/codeigniter4/framework/system/Model.php(1237): CodeIgniter\Database\BaseConnection->table(NULL)
#1 /usr/local/var/www/simkkn/vendor/codeigniter4/framework/system/Model.php(1816): CodeIgniter\Model->builder()
#2 /usr/local/var/www/simkkn/app/Controllers/Backend/Gabung.php(26): CodeIgniter\Model->__call('getByIDKelompok', Array)
#3 /usr/local/var/www/simkkn/vendor/codeigniter4/framework/system/CodeIgniter.php(918): App\Controllers\Backend\Gabung->index()
#4 /usr/local/var/www/simkkn/vendor/codeigniter4/framework/system/CodeIgniter.php(404): CodeIgniter\CodeIgniter->runController(Object(App\Controllers\Backend\Gabung))
#5 /usr/local/var/www/simkkn/vendor/codeigniter4/framework/system/CodeIgniter.php(312): CodeIgniter\CodeIgniter->handleRequest(NULL, Object(Config\Cache), false)
#6 /usr/local/var/www/simkkn/public/index.php(45): CodeIgniter\CodeIgniter->run()
#7 /usr/local/var/www/simkkn/vendor/codeigniter4/framework/system/Commands/Server/rewrite.php(34): require_once('/usr/local/var/...')
#8 {main}
INFO - 2023-07-23 20:49:29 --> Session: Class initialized using 'CodeIgniter\Session\Handlers\FileHandler' driver.
WARNING - 2023-07-23 20:49:29 --> Session: Sessions is enabled, and one exists.Please don't $session->start();
CRITICAL - 2023-07-23 20:49:29 --> You must set the database table to be used with your query.
#0 /usr/local/var/www/simkkn/vendor/codeigniter4/framework/system/Model.php(1237): CodeIgniter\Database\BaseConnection->table(NULL)
#1 /usr/local/var/www/simkkn/vendor/codeigniter4/framework/system/Model.php(1816): CodeIgniter\Model->builder()
#2 /usr/local/var/www/simkkn/app/Controllers/Backend/Gabung.php(26): CodeIgniter\Model->__call('getByIDKelompok', Array)
#3 /usr/local/var/www/simkkn/vendor/codeigniter4/framework/system/CodeIgniter.php(918): App\Controllers\Backend\Gabung->index()
#4 /usr/local/var/www/simkkn/vendor/codeigniter4/framework/system/CodeIgniter.php(404): CodeIgniter\CodeIgniter->runController(Object(App\Controllers\Backend\Gabung))
#5 /usr/local/var/www/simkkn/vendor/codeigniter4/framework/system/CodeIgniter.php(312): CodeIgniter\CodeIgniter->handleRequest(NULL, Object(Config\Cache), false)
#6 /usr/local/var/www/simkkn/public/index.php(45): CodeIgniter\CodeIgniter->run()
#7 /usr/local/var/www/simkkn/vendor/codeigniter4/framework/system/Commands/Server/rewrite.php(34): require_once('/usr/local/var/...')
#8 {main}
INFO - 2023-07-23 20:49:30 --> Session: Class initialized using 'CodeIgniter\Session\Handlers\FileHandler' driver.
WARNING - 2023-07-23 20:49:30 --> Session: Sessions is enabled, and one exists.Please don't $session->start();
CRITICAL - 2023-07-23 20:49:30 --> You must set the database table to be used with your query.
#0 /usr/local/var/www/simkkn/vendor/codeigniter4/framework/system/Model.php(1237): CodeIgniter\Database\BaseConnection->table(NULL)
#1 /usr/local/var/www/simkkn/vendor/codeigniter4/framework/system/Model.php(1816): CodeIgniter\Model->builder()
#2 /usr/local/var/www/simkkn/app/Controllers/Backend/Gabung.php(26): CodeIgniter\Model->__call('getByIDKelompok', Array)
#3 /usr/local/var/www/simkkn/vendor/codeigniter4/framework/system/CodeIgniter.php(918): App\Controllers\Backend\Gabung->index()
#4 /usr/local/var/www/simkkn/vendor/codeigniter4/framework/system/CodeIgniter.php(404): CodeIgniter\CodeIgniter->runController(Object(App\Controllers\Backend\Gabung))
#5 /usr/local/var/www/simkkn/vendor/codeigniter4/framework/system/CodeIgniter.php(312): CodeIgniter\CodeIgniter->handleRequest(NULL, Object(Config\Cache), false)
#6 /usr/local/var/www/simkkn/public/index.php(45): CodeIgniter\CodeIgniter->run()
#7 /usr/local/var/www/simkkn/vendor/codeigniter4/framework/system/Commands/Server/rewrite.php(34): require_once('/usr/local/var/...')
#8 {main}
INFO - 2023-07-23 20:51:04 --> Session: Class initialized using 'CodeIgniter\Session\Handlers\FileHandler' driver.
WARNING - 2023-07-23 20:51:04 --> Session: Sessions is enabled, and one exists.Please don't $session->start();
INFO - 2023-07-23 20:51:32 --> Session: Class initialized using 'CodeIgniter\Session\Handlers\FileHandler' driver.
WARNING - 2023-07-23 20:51:32 --> Session: Sessions is enabled, and one exists.Please don't $session->start();
INFO - 2023-07-23 20:51:32 --> Session: Class initialized using 'CodeIgniter\Session\Handlers\FileHandler' driver.
WARNING - 2023-07-23 20:51:32 --> Session: Sessions is enabled, and one exists.Please don't $session->start();
INFO - 2023-07-23 20:55:57 --> Session: Class initialized using 'CodeIgniter\Session\Handlers\FileHandler' driver.
WARNING - 2023-07-23 20:55:57 --> Session: Sessions is enabled, and one exists.Please don't $session->start();
INFO - 2023-07-23 20:55:58 --> Session: Class initialized using 'CodeIgniter\Session\Handlers\FileHandler' driver.
WARNING - 2023-07-23 20:55:58 --> Session: Sessions is enabled, and one exists.Please don't $session->start();
INFO - 2023-07-23 20:56:00 --> Session: Class initialized using 'CodeIgniter\Session\Handlers\FileHandler' driver.
WARNING - 2023-07-23 20:56:00 --> Session: Sessions is enabled, and one exists.Please don't $session->start();
INFO - 2023-07-23 20:58:32 --> Session: Class initialized using 'CodeIgniter\Session\Handlers\FileHandler' driver.
WARNING - 2023-07-23 20:58:32 --> Session: Sessions is enabled, and one exists.Please don't $session->start();
INFO - 2023-07-23 20:59:20 --> Session: Class initialized using 'CodeIgniter\Session\Handlers\FileHandler' driver.
WARNING - 2023-07-23 20:59:20 --> Session: Sessions is enabled, and one exists.Please don't $session->start();
INFO - 2023-07-23 21:01:08 --> Session: Class initialized using 'CodeIgniter\Session\Handlers\FileHandler' driver.
WARNING - 2023-07-23 21:01:08 --> Session: Sessions is enabled, and one exists.Please don't $session->start();
INFO - 2023-07-23 21:02:08 --> Session: Class initialized using 'CodeIgniter\Session\Handlers\FileHandler' driver.
WARNING - 2023-07-23 21:02:08 --> Session: Sessions is enabled, and one exists.Please don't $session->start();
INFO - 2023-07-23 21:08:42 --> Session: Class initialized using 'CodeIgniter\Session\Handlers\FileHandler' driver.
WARNING - 2023-07-23 21:08:42 --> Session: Sessions is enabled, and one exists.Please don't $session->start();
INFO - 2023-07-23 21:08:43 --> Session: Class initialized using 'CodeIgniter\Session\Handlers\FileHandler' driver.
WARNING - 2023-07-23 21:08:43 --> Session: Sessions is enabled, and one exists.Please don't $session->start();
INFO - 2023-07-23 21:08:57 --> Session: Class initialized using 'CodeIgniter\Session\Handlers\FileHandler' driver.
WARNING - 2023-07-23 21:08:57 --> Session: Sessions is enabled, and one exists.Please don't $session->start();
INFO - 2023-07-23 21:08:58 --> Session: Class initialized using 'CodeIgniter\Session\Handlers\FileHandler' driver.
WARNING - 2023-07-23 21:08:58 --> Session: Sessions is enabled, and one exists.Please don't $session->start();
INFO - 2023-07-23 21:09:12 --> Session: Class initialized using 'CodeIgniter\Session\Handlers\FileHandler' driver.
WARNING - 2023-07-23 21:09:12 --> Session: Sessions is enabled, and one exists.Please don't $session->start();
INFO - 2023-07-23 21:09:13 --> Session: Class initialized using 'CodeIgniter\Session\Handlers\FileHandler' driver.
WARNING - 2023-07-23 21:09:13 --> Session: Sessions is enabled, and one exists.Please don't $session->start();
INFO - 2023-07-23 21:09:13 --> Session: Class initialized using 'CodeIgniter\Session\Handlers\FileHandler' driver.
WARNING - 2023-07-23 21:09:13 --> Session: Sessions is enabled, and one exists.Please don't $session->start();
INFO - 2023-07-23 21:09:33 --> Session: Class initialized using 'CodeIgniter\Session\Handlers\FileHandler' driver.
WARNING - 2023-07-23 21:09:33 --> Session: Sessions is enabled, and one exists.Please don't $session->start();
INFO - 2023-07-23 21:09:34 --> Session: Class initialized using 'CodeIgniter\Session\Handlers\FileHandler' driver.
WARNING - 2023-07-23 21:09:34 --> Session: Sessions is enabled, and one exists.Please don't $session->start();
INFO - 2023-07-23 21:09:35 --> Session: Class initialized using 'CodeIgniter\Session\Handlers\FileHandler' driver.
WARNING - 2023-07-23 21:09:35 --> Session: Sessions is enabled, and one exists.Please don't $session->start();
INFO - 2023-07-23 21:09:49 --> Session: Class initialized using 'CodeIgniter\Session\Handlers\FileHandler' driver.
WARNING - 2023-07-23 21:09:49 --> Session: Sessions is enabled, and one exists.Please don't $session->start();
INFO - 2023-07-23 21:09:56 --> Session: Class initialized using 'CodeIgniter\Session\Handlers\FileHandler' driver.
WARNING - 2023-07-23 21:09:56 --> Session: Sessions is enabled, and one exists.Please don't $session->start();
INFO - 2023-07-23 21:09:57 --> Session: Class initialized using 'CodeIgniter\Session\Handlers\FileHandler' driver.
WARNING - 2023-07-23 21:09:57 --> Session: Sessions is enabled, and one exists.Please don't $session->start();
INFO - 2023-07-23 21:10:13 --> Session: Class initialized using 'CodeIgniter\Session\Handlers\FileHandler' driver.
WARNING - 2023-07-23 21:10:13 --> Session: Sessions is enabled, and one exists.Please don't $session->start();
INFO - 2023-07-23 21:10:35 --> Session: Class initialized using 'CodeIgniter\Session\Handlers\FileHandler' driver.
WARNING - 2023-07-23 21:10:35 --> Session: Sessions is enabled, and one exists.Please don't $session->start();
INFO - 2023-07-23 21:10:36 --> Session: Class initialized using 'CodeIgniter\Session\Handlers\FileHandler' driver.
WARNING - 2023-07-23 21:10:36 --> Session: Sessions is enabled, and one exists.Please don't $session->start();
INFO - 2023-07-23 21:10:36 --> Session: Class initialized using 'CodeIgniter\Session\Handlers\FileHandler' driver.
WARNING - 2023-07-23 21:10:36 --> Session: Sessions is enabled, and one exists.Please don't $session->start();
INFO - 2023-07-23 21:10:45 --> Session: Class initialized using 'CodeIgniter\Session\Handlers\FileHandler' driver.
WARNING - 2023-07-23 21:10:45 --> Session: Sessions is enabled, and one exists.Please don't $session->start();
INFO - 2023-07-23 21:10:46 --> Session: Class initialized using 'CodeIgniter\Session\Handlers\FileHandler' driver.
WARNING - 2023-07-23 21:10:46 --> Session: Sessions is enabled, and one exists.Please don't $session->start();
INFO - 2023-07-23 21:10:47 --> Session: Class initialized using 'CodeIgniter\Session\Handlers\FileHandler' driver.
WARNING - 2023-07-23 21:10:47 --> Session: Sessions is enabled, and one exists.Please don't $session->start();
INFO - 2023-07-23 21:10:48 --> Session: Class initialized using 'CodeIgniter\Session\Handlers\FileHandler' driver.
WARNING - 2023-07-23 21:10:48 --> Session: Sessions is enabled, and one exists.Please don't $session->start();
INFO - 2023-07-23 21:10:56 --> Session: Class initialized using 'CodeIgniter\Session\Handlers\FileHandler' driver.
WARNING - 2023-07-23 21:10:56 --> Session: Sessions is enabled, and one exists.Please don't $session->start();
INFO - 2023-07-23 21:10:57 --> Session: Class initialized using 'CodeIgniter\Session\Handlers\FileHandler' driver.
WARNING - 2023-07-23 21:10:57 --> Session: Sessions is enabled, and one exists.Please don't $session->start();
INFO - 2023-07-23 21:10:59 --> Session: Class initialized using 'CodeIgniter\Session\Handlers\FileHandler' driver.
WARNING - 2023-07-23 21:10:59 --> Session: Sessions is enabled, and one exists.Please don't $session->start();
INFO - 2023-07-23 21:11:27 --> Session: Class initialized using 'CodeIgniter\Session\Handlers\FileHandler' driver.
WARNING - 2023-07-23 21:11:27 --> Session: Sessions is enabled, and one exists.Please don't $session->start();
INFO - 2023-07-23 21:11:38 --> Session: Class initialized using 'CodeIgniter\Session\Handlers\FileHandler' driver.
WARNING - 2023-07-23 21:11:38 --> Session: Sessions is enabled, and one exists.Please don't $session->start();
INFO - 2023-07-23 21:11:39 --> Session: Class initialized using 'CodeIgniter\Session\Handlers\FileHandler' driver.
WARNING - 2023-07-23 21:11:39 --> Session: Sessions is enabled, and one exists.Please don't $session->start();
INFO - 2023-07-23 21:11:40 --> Session: Class initialized using 'CodeIgniter\Session\Handlers\FileHandler' driver.
WARNING - 2023-07-23 21:11:40 --> Session: Sessions is enabled, and one exists.Please don't $session->start();
INFO - 2023-07-23 21:12:12 --> Session: Class initialized using 'CodeIgniter\Session\Handlers\FileHandler' driver.
WARNING - 2023-07-23 21:12:12 --> Session: Sessions is enabled, and one exists.Please don't $session->start();
INFO - 2023-07-23 21:12:58 --> Session: Class initialized using 'CodeIgniter\Session\Handlers\FileHandler' driver.
WARNING - 2023-07-23 21:12:58 --> Session: Sessions is enabled, and one exists.Please don't $session->start();
INFO - 2023-07-23 21:12:59 --> Session: Class initialized using 'CodeIgniter\Session\Handlers\FileHandler' driver.
WARNING - 2023-07-23 21:12:59 --> Session: Sessions is enabled, and one exists.Please don't $session->start();
INFO - 2023-07-23 21:13:00 --> Session: Class initialized using 'CodeIgniter\Session\Handlers\FileHandler' driver.
WARNING - 2023-07-23 21:13:00 --> Session: Sessions is enabled, and one exists.Please don't $session->start();
INFO - 2023-07-23 21:13:15 --> Session: Class initialized using 'CodeIgniter\Session\Handlers\FileHandler' driver.
WARNING - 2023-07-23 21:13:15 --> Session: Sessions is enabled, and one exists.Please don't $session->start();
INFO - 2023-07-23 21:13:16 --> Session: Class initialized using 'CodeIgniter\Session\Handlers\FileHandler' driver.
WARNING - 2023-07-23 21:13:16 --> Session: Sessions is enabled, and one exists.Please don't $session->start();
INFO - 2023-07-23 21:13:18 --> Session: Class initialized using 'CodeIgniter\Session\Handlers\FileHandler' driver.
WARNING - 2023-07-23 21:13:18 --> Session: Sessions is enabled, and one exists.Please don't $session->start();
INFO - 2023-07-23 21:13:23 --> Session: Class initialized using 'CodeIgniter\Session\Handlers\FileHandler' driver.
WARNING - 2023-07-23 21:13:23 --> Session: Sessions is enabled, and one exists.Please don't $session->start();
INFO - 2023-07-23 21:13:37 --> Session: Class initialized using 'CodeIgniter\Session\Handlers\FileHandler' driver.
WARNING - 2023-07-23 21:13:37 --> Session: Sessions is enabled, and one exists.Please don't $session->start();
INFO - 2023-07-23 21:13:41 --> Session: Class initialized using 'CodeIgniter\Session\Handlers\FileHandler' driver.
WARNING - 2023-07-23 21:13:41 --> Session: Sessions is enabled, and one exists.Please don't $session->start();
INFO - 2023-07-23 21:13:42 --> Session: Class initialized using 'CodeIgniter\Session\Handlers\FileHandler' driver.
WARNING - 2023-07-23 21:13:42 --> Session: Sessions is enabled, and one exists.Please don't $session->start();
INFO - 2023-07-23 21:13:45 --> Session: Class initialized using 'CodeIgniter\Session\Handlers\FileHandler' driver.
WARNING - 2023-07-23 21:13:45 --> Session: Sessions is enabled, and one exists.Please don't $session->start();
INFO - 2023-07-23 21:14:07 --> Session: Class initialized using 'CodeIgniter\Session\Handlers\FileHandler' driver.
WARNING - 2023-07-23 21:14:07 --> Session: Sessions is enabled, and one exists.Please don't $session->start();
INFO - 2023-07-23 21:14:11 --> Session: Class initialized using 'CodeIgniter\Session\Handlers\FileHandler' driver.
WARNING - 2023-07-23 21:14:11 --> Session: Sessions is enabled, and one exists.Please don't $session->start();
INFO - 2023-07-23 21:14:13 --> Session: Class initialized using 'CodeIgniter\Session\Handlers\FileHandler' driver.
WARNING - 2023-07-23 21:14:13 --> Session: Sessions is enabled, and one exists.Please don't $session->start();
INFO - 2023-07-23 21:14:29 --> Session: Class initialized using 'CodeIgniter\Session\Handlers\FileHandler' driver.
WARNING - 2023-07-23 21:14:29 --> Session: Sessions is enabled, and one exists.Please don't $session->start();
INFO - 2023-07-23 21:14:31 --> Session: Class initialized using 'CodeIgniter\Session\Handlers\FileHandler' driver.
WARNING - 2023-07-23 21:14:31 --> Session: Sessions is enabled, and one exists.Please don't $session->start();
INFO - 2023-07-23 21:14:34 --> Session: Class initialized using 'CodeIgniter\Session\Handlers\FileHandler' driver.
WARNING - 2023-07-23 21:14:34 --> Session: Sessions is enabled, and one exists.Please don't $session->start();
INFO - 2023-07-23 21:14:39 --> Session: Class initialized using 'CodeIgniter\Session\Handlers\FileHandler' driver.
WARNING - 2023-07-23 21:14:39 --> Session: Sessions is enabled, and one exists.Please don't $session->start();
INFO - 2023-07-23 21:14:40 --> Session: Class initialized using 'CodeIgniter\Session\Handlers\FileHandler' driver.
WARNING - 2023-07-23 21:14:40 --> Session: Sessions is enabled, and one exists.Please don't $session->start();
INFO - 2023-07-23 21:19:18 --> Session: Class initialized using 'CodeIgniter\Session\Handlers\FileHandler' driver.
WARNING - 2023-07-23 21:19:18 --> Session: Sessions is enabled, and one exists.Please don't $session->start();
INFO - 2023-07-23 21:19:20 --> Session: Class initialized using 'CodeIgniter\Session\Handlers\FileHandler' driver.
WARNING - 2023-07-23 21:19:20 --> Session: Sessions is enabled, and one exists.Please don't $session->start();
INFO - 2023-07-23 21:19:21 --> Session: Class initialized using 'CodeIgniter\Session\Handlers\FileHandler' driver.
WARNING - 2023-07-23 21:19:21 --> Session: Sessions is enabled, and one exists.Please don't $session->start();
INFO - 2023-07-23 21:19:45 --> Session: Class initialized using 'CodeIgniter\Session\Handlers\FileHandler' driver.
WARNING - 2023-07-23 21:19:45 --> Session: Sessions is enabled, and one exists.Please don't $session->start();
INFO - 2023-07-23 21:19:58 --> Session: Class initialized using 'CodeIgniter\Session\Handlers\FileHandler' driver.
WARNING - 2023-07-23 21:19:58 --> Session: Sessions is enabled, and one exists.Please don't $session->start();
INFO - 2023-07-23 21:20:40 --> Session: Class initialized using 'CodeIgniter\Session\Handlers\FileHandler' driver.
WARNING - 2023-07-23 21:20:40 --> Session: Sessions is enabled, and one exists.Please don't $session->start();
INFO - 2023-07-23 21:21:49 --> Session: Class initialized using 'CodeIgniter\Session\Handlers\FileHandler' driver.
WARNING - 2023-07-23 21:21:49 --> Session: Sessions is enabled, and one exists.Please don't $session->start();
INFO - 2023-07-23 21:22:31 --> Session: Class initialized using 'CodeIgniter\Session\Handlers\FileHandler' driver.
WARNING - 2023-07-23 21:22:31 --> Session: Sessions is enabled, and one exists.Please don't $session->start();
INFO - 2023-07-23 21:23:50 --> Session: Class initialized using 'CodeIgniter\Session\Handlers\FileHandler' driver.
WARNING - 2023-07-23 21:23:50 --> Session: Sessions is enabled, and one exists.Please don't $session->start();
INFO - 2023-07-23 21:24:08 --> Session: Class initialized using 'CodeIgniter\Session\Handlers\FileHandler' driver.
WARNING - 2023-07-23 21:24:08 --> Session: Sessions is enabled, and one exists.Please don't $session->start();
INFO - 2023-07-23 21:26:15 --> Session: Class initialized using 'CodeIgniter\Session\Handlers\FileHandler' driver.
WARNING - 2023-07-23 21:26:15 --> Session: Sessions is enabled, and one exists.Please don't $session->start();
INFO - 2023-07-23 21:26:30 --> Session: Class initialized using 'CodeIgniter\Session\Handlers\FileHandler' driver.
WARNING - 2023-07-23 21:26:30 --> Session: Sessions is enabled, and one exists.Please don't $session->start();
INFO - 2023-07-23 21:26:31 --> Session: Class initialized using 'CodeIgniter\Session\Handlers\FileHandler' driver.
WARNING - 2023-07-23 21:26:31 --> Session: Sessions is enabled, and one exists.Please don't $session->start();
INFO - 2023-07-23 21:26:33 --> Session: Class initialized using 'CodeIgniter\Session\Handlers\FileHandler' driver.
WARNING - 2023-07-23 21:26:33 --> Session: Sessions is enabled, and one exists.Please don't $session->start();
INFO - 2023-07-23 21:26:33 --> Session: Class initialized using 'CodeIgniter\Session\Handlers\FileHandler' driver.
WARNING - 2023-07-23 21:26:33 --> Session: Sessions is enabled, and one exists.Please don't $session->start();
INFO - 2023-07-23 21:29:38 --> Session: Class initialized using 'CodeIgniter\Session\Handlers\FileHandler' driver.
WARNING - 2023-07-23 21:29:38 --> Session: Sessions is enabled, and one exists.Please don't $session->start();
INFO - 2023-07-23 21:29:39 --> Session: Class initialized using 'CodeIgniter\Session\Handlers\FileHandler' driver.
WARNING - 2023-07-23 21:29:39 --> Session: Sessions is enabled, and one exists.Please don't $session->start();
INFO - 2023-07-23 21:29:42 --> Session: Class initialized using 'CodeIgniter\Session\Handlers\FileHandler' driver.
WARNING - 2023-07-23 21:29:42 --> Session: Sessions is enabled, and one exists.Please don't $session->start();
INFO - 2023-07-23 21:31:38 --> Session: Class initialized using 'CodeIgniter\Session\Handlers\FileHandler' driver.
WARNING - 2023-07-23 21:31:38 --> Session: Sessions is enabled, and one exists.Please don't $session->start();
INFO - 2023-07-23 21:33:17 --> Session: Class initialized using 'CodeIgniter\Session\Handlers\FileHandler' driver.
WARNING - 2023-07-23 21:33:17 --> Session: Sessions is enabled, and one exists.Please don't $session->start();
INFO - 2023-07-23 21:33:59 --> Session: Class initialized using 'CodeIgniter\Session\Handlers\FileHandler' driver.
WARNING - 2023-07-23 21:33:59 --> Session: Sessions is enabled, and one exists.Please don't $session->start();
INFO - 2023-07-23 21:34:46 --> Session: Class initialized using 'CodeIgniter\Session\Handlers\FileHandler' driver.
WARNING - 2023-07-23 21:34:46 --> Session: Sessions is enabled, and one exists.Please don't $session->start();
INFO - 2023-07-23 21:35:06 --> Session: Class initialized using 'CodeIgniter\Session\Handlers\FileHandler' driver.
WARNING - 2023-07-23 21:35:06 --> Session: Sessions is enabled, and one exists.Please don't $session->start();
INFO - 2023-07-23 21:35:23 --> Session: Class initialized using 'CodeIgniter\Session\Handlers\FileHandler' driver.
WARNING - 2023-07-23 21:35:23 --> Session: Sessions is enabled, and one exists.Please don't $session->start();
INFO - 2023-07-23 21:36:25 --> Session: Class initialized using 'CodeIgniter\Session\Handlers\FileHandler' driver.
WARNING - 2023-07-23 21:36:25 --> Session: Sessions is enabled, and one exists.Please don't $session->start();
INFO - 2023-07-23 21:39:00 --> Session: Class initialized using 'CodeIgniter\Session\Handlers\FileHandler' driver.
WARNING - 2023-07-23 21:39:00 --> Session: Sessions is enabled, and one exists.Please don't $session->start();
INFO - 2023-07-23 21:41:10 --> Session: Class initialized using 'CodeIgniter\Session\Handlers\FileHandler' driver.
WARNING - 2023-07-23 21:41:10 --> Session: Sessions is enabled, and one exists.Please don't $session->start();
INFO - 2023-07-23 21:41:29 --> Session: Class initialized using 'CodeIgniter\Session\Handlers\FileHandler' driver.
WARNING - 2023-07-23 21:41:29 --> Session: Sessions is enabled, and one exists.Please don't $session->start();
INFO - 2023-07-23 21:42:16 --> Session: Class initialized using 'CodeIgniter\Session\Handlers\FileHandler' driver.
WARNING - 2023-07-23 21:42:16 --> Session: Sessions is enabled, and one exists.Please don't $session->start();
INFO - 2023-07-23 21:52:18 --> Session: Class initialized using 'CodeIgniter\Session\Handlers\FileHandler' driver.
WARNING - 2023-07-23 21:52:18 --> Session: Sessions is enabled, and one exists.Please don't $session->start();
INFO - 2023-07-23 21:53:18 --> Session: Class initialized using 'CodeIgniter\Session\Handlers\FileHandler' driver.
WARNING - 2023-07-23 21:53:18 --> Session: Sessions is enabled, and one exists.Please don't $session->start();
INFO - 2023-07-23 21:53:44 --> Session: Class initialized using 'CodeIgniter\Session\Handlers\FileHandler' driver.
WARNING - 2023-07-23 21:53:44 --> Session: Sessions is enabled, and one exists.Please don't $session->start();
INFO - 2023-07-23 21:53:57 --> Session: Class initialized using 'CodeIgniter\Session\Handlers\FileHandler' driver.
WARNING - 2023-07-23 21:53:57 --> Session: Sessions is enabled, and one exists.Please don't $session->start();
INFO - 2023-07-23 21:54:06 --> Session: Class initialized using 'CodeIgniter\Session\Handlers\FileHandler' driver.
WARNING - 2023-07-23 21:54:06 --> Session: Sessions is enabled, and one exists.Please don't $session->start();
INFO - 2023-07-23 21:54:14 --> Session: Class initialized using 'CodeIgniter\Session\Handlers\FileHandler' driver.
WARNING - 2023-07-23 21:54:14 --> Session: Sessions is enabled, and one exists.Please don't $session->start();
INFO - 2023-07-23 22:12:56 --> Session: Class initialized using 'CodeIgniter\Session\Handlers\FileHandler' driver.
WARNING - 2023-07-23 22:12:56 --> Session: Sessions is enabled, and one exists.Please don't $session->start();
INFO - 2023-07-23 22:13:06 --> Session: Class initialized using 'CodeIgniter\Session\Handlers\FileHandler' driver.
WARNING - 2023-07-23 22:13:06 --> Session: Sessions is enabled, and one exists.Please don't $session->start();
INFO - 2023-07-23 22:13:06 --> Session: Class initialized using 'CodeIgniter\Session\Handlers\FileHandler' driver.
WARNING - 2023-07-23 22:13:06 --> Session: Sessions is enabled, and one exists.Please don't $session->start();
INFO - 2023-07-23 22:13:10 --> Session: Class initialized using 'CodeIgniter\Session\Handlers\FileHandler' driver.
WARNING - 2023-07-23 22:13:10 --> Session: Sessions is enabled, and one exists.Please don't $session->start();
INFO - 2023-07-23 22:13:12 --> Session: Class initialized using 'CodeIgniter\Session\Handlers\FileHandler' driver.
INFO - 2023-07-23 22:13:25 --> Session: Class initialized using 'CodeIgniter\Session\Handlers\FileHandler' driver.
WARNING - 2023-07-23 22:13:25 --> Session: Sessions is enabled, and one exists.Please don't $session->start();
INFO - 2023-07-23 22:13:29 --> Session: Class initialized using 'CodeIgniter\Session\Handlers\FileHandler' driver.
WARNING - 2023-07-23 22:13:29 --> Session: Sessions is enabled, and one exists.Please don't $session->start();
INFO - 2023-07-23 22:13:29 --> Session: Class initialized using 'CodeIgniter\Session\Handlers\FileHandler' driver.
WARNING - 2023-07-23 22:13:29 --> Session: Sessions is enabled, and one exists.Please don't $session->start();
INFO - 2023-07-23 22:13:34 --> Session: Class initialized using 'CodeIgniter\Session\Handlers\FileHandler' driver.
WARNING - 2023-07-23 22:13:34 --> Session: Sessions is enabled, and one exists.Please don't $session->start();
INFO - 2023-07-23 22:13:36 --> Session: Class initialized using 'CodeIgniter\Session\Handlers\FileHandler' driver.
INFO - 2023-07-23 22:13:50 --> Session: Class initialized using 'CodeIgniter\Session\Handlers\FileHandler' driver.
INFO - 2023-07-23 22:13:53 --> Session: Class initialized using 'CodeIgniter\Session\Handlers\FileHandler' driver.
WARNING - 2023-07-23 22:13:53 --> Session: Sessions is enabled, and one exists.Please don't $session->start();
INFO - 2023-07-23 22:15:16 --> Session: Class initialized using 'CodeIgniter\Session\Handlers\FileHandler' driver.
WARNING - 2023-07-23 22:15:16 --> Session: Sessions is enabled, and one exists.Please don't $session->start();
INFO - 2023-07-23 22:15:22 --> Session: Class initialized using 'CodeIgniter\Session\Handlers\FileHandler' driver.
WARNING - 2023-07-23 22:15:22 --> Session: Sessions is enabled, and one exists.Please don't $session->start();
INFO - 2023-07-23 22:15:44 --> Session: Class initialized using 'CodeIgniter\Session\Handlers\FileHandler' driver.
WARNING - 2023-07-23 22:15:44 --> Session: Sessions is enabled, and one exists.Please don't $session->start();
INFO - 2023-07-23 22:15:51 --> Session: Class initialized using 'CodeIgniter\Session\Handlers\FileHandler' driver.
WARNING - 2023-07-23 22:15:51 --> Session: Sessions is enabled, and one exists.Please don't $session->start();
INFO - 2023-07-23 22:15:55 --> Session: Class initialized using 'CodeIgniter\Session\Handlers\FileHandler' driver.
WARNING - 2023-07-23 22:15:55 --> Session: Sessions is enabled, and one exists.Please don't $session->start();
INFO - 2023-07-23 22:16:10 --> Session: Class initialized using 'CodeIgniter\Session\Handlers\FileHandler' driver.
WARNING - 2023-07-23 22:16:10 --> Session: Sessions is enabled, and one exists.Please don't $session->start();
INFO - 2023-07-23 22:16:28 --> Session: Class initialized using 'CodeIgniter\Session\Handlers\FileHandler' driver.
WARNING - 2023-07-23 22:16:28 --> Session: Sessions is enabled, and one exists.Please don't $session->start();
INFO - 2023-07-23 22:16:43 --> Session: Class initialized using 'CodeIgniter\Session\Handlers\FileHandler' driver.
WARNING - 2023-07-23 22:16:43 --> Session: Sessions is enabled, and one exists.Please don't $session->start();
INFO - 2023-07-23 22:17:37 --> Session: Class initialized using 'CodeIgniter\Session\Handlers\FileHandler' driver.
WARNING - 2023-07-23 22:17:37 --> Session: Sessions is enabled, and one exists.Please don't $session->start();
INFO - 2023-07-23 22:17:52 --> Session: Class initialized using 'CodeIgniter\Session\Handlers\FileHandler' driver.
WARNING - 2023-07-23 22:17:52 --> Session: Sessions is enabled, and one exists.Please don't $session->start();
INFO - 2023-07-23 22:18:01 --> Session: Class initialized using 'CodeIgniter\Session\Handlers\FileHandler' driver.
WARNING - 2023-07-23 22:18:01 --> Session: Sessions is enabled, and one exists.Please don't $session->start();
INFO - 2023-07-23 22:21:41 --> Session: Class initialized using 'CodeIgniter\Session\Handlers\FileHandler' driver.
WARNING - 2023-07-23 22:21:41 --> Session: Sessions is enabled, and one exists.Please don't $session->start();
INFO - 2023-07-23 22:21:42 --> Session: Class initialized using 'CodeIgniter\Session\Handlers\FileHandler' driver.
WARNING - 2023-07-23 22:21:42 --> Session: Sessions is enabled, and one exists.Please don't $session->start();
INFO - 2023-07-23 22:21:52 --> Session: Class initialized using 'CodeIgniter\Session\Handlers\FileHandler' driver.
WARNING - 2023-07-23 22:21:52 --> Session: Sessions is enabled, and one exists.Please don't $session->start();
INFO - 2023-07-23 22:24:40 --> Session: Class initialized using 'CodeIgniter\Session\Handlers\FileHandler' driver.
WARNING - 2023-07-23 22:24:40 --> Session: Sessions is enabled, and one exists.Please don't $session->start();
INFO - 2023-07-23 22:24:41 --> Session: Class initialized using 'CodeIgniter\Session\Handlers\FileHandler' driver.
WARNING - 2023-07-23 22:24:41 --> Session: Sessions is enabled, and one exists.Please don't $session->start();
INFO - 2023-07-23 22:24:42 --> Session: Class initialized using 'CodeIgniter\Session\Handlers\FileHandler' driver.
WARNING - 2023-07-23 22:24:42 --> Session: Sessions is enabled, and one exists.Please don't $session->start();
INFO - 2023-07-23 22:24:53 --> Session: Class initialized using 'CodeIgniter\Session\Handlers\FileHandler' driver.
WARNING - 2023-07-23 22:24:53 --> Session: Sessions is enabled, and one exists.Please don't $session->start();
INFO - 2023-07-23 22:25:04 --> Session: Class initialized using 'CodeIgniter\Session\Handlers\FileHandler' driver.
WARNING - 2023-07-23 22:25:04 --> Session: Sessions is enabled, and one exists.Please don't $session->start();
INFO - 2023-07-23 22:27:05 --> Session: Class initialized using 'CodeIgniter\Session\Handlers\FileHandler' driver.
WARNING - 2023-07-23 22:27:05 --> Session: Sessions is enabled, and one exists.Please don't $session->start();
INFO - 2023-07-23 22:27:09 --> Session: Class initialized using 'CodeIgniter\Session\Handlers\FileHandler' driver.
WARNING - 2023-07-23 22:27:09 --> Session: Sessions is enabled, and one exists.Please don't $session->start();
INFO - 2023-07-23 22:28:33 --> Session: Class initialized using 'CodeIgniter\Session\Handlers\FileHandler' driver.
WARNING - 2023-07-23 22:28:33 --> Session: Sessions is enabled, and one exists.Please don't $session->start();
INFO - 2023-07-23 22:28:34 --> Session: Class initialized using 'CodeIgniter\Session\Handlers\FileHandler' driver.
WARNING - 2023-07-23 22:28:34 --> Session: Sessions is enabled, and one exists.Please don't $session->start();
INFO - 2023-07-23 22:28:43 --> Session: Class initialized using 'CodeIgniter\Session\Handlers\FileHandler' driver.
WARNING - 2023-07-23 22:28:43 --> Session: Sessions is enabled, and one exists.Please don't $session->start();
INFO - 2023-07-23 22:28:48 --> Session: Class initialized using 'CodeIgniter\Session\Handlers\FileHandler' driver.
WARNING - 2023-07-23 22:28:48 --> Session: Sessions is enabled, and one exists.Please don't $session->start();
INFO - 2023-07-23 22:35:41 --> Session: Class initialized using 'CodeIgniter\Session\Handlers\FileHandler' driver.
WARNING - 2023-07-23 22:35:41 --> Session: Sessions is enabled, and one exists.Please don't $session->start();
INFO - 2023-07-23 22:35:42 --> Session: Class initialized using 'CodeIgniter\Session\Handlers\FileHandler' driver.
WARNING - 2023-07-23 22:35:42 --> Session: Sessions is enabled, and one exists.Please don't $session->start();
INFO - 2023-07-23 22:35:43 --> Session: Class initialized using 'CodeIgniter\Session\Handlers\FileHandler' driver.
WARNING - 2023-07-23 22:35:43 --> Session: Sessions is enabled, and one exists.Please don't $session->start();
INFO - 2023-07-23 22:37:47 --> Session: Class initialized using 'CodeIgniter\Session\Handlers\FileHandler' driver.
WARNING - 2023-07-23 22:37:47 --> Session: Sessions is enabled, and one exists.Please don't $session->start();
INFO - 2023-07-23 22:37:53 --> Session: Class initialized using 'CodeIgniter\Session\Handlers\FileHandler' driver.
WARNING - 2023-07-23 22:37:53 --> Session: Sessions is enabled, and one exists.Please don't $session->start();
INFO - 2023-07-23 22:39:41 --> Session: Class initialized using 'CodeIgniter\Session\Handlers\FileHandler' driver.
WARNING - 2023-07-23 22:39:41 --> Session: Sessions is enabled, and one exists.Please don't $session->start();
INFO - 2023-07-23 22:46:22 --> Session: Class initialized using 'CodeIgniter\Session\Handlers\FileHandler' driver.
WARNING - 2023-07-23 22:46:22 --> Session: Sessions is enabled, and one exists.Please don't $session->start();
INFO - 2023-07-23 22:47:15 --> Session: Class initialized using 'CodeIgniter\Session\Handlers\FileHandler' driver.
WARNING - 2023-07-23 22:47:15 --> Session: Sessions is enabled, and one exists.Please don't $session->start();
INFO - 2023-07-23 22:47:16 --> Session: Class initialized using 'CodeIgniter\Session\Handlers\FileHandler' driver.
WARNING - 2023-07-23 22:47:16 --> Session: Sessions is enabled, and one exists.Please don't $session->start();
INFO - 2023-07-23 22:47:42 --> Session: Class initialized using 'CodeIgniter\Session\Handlers\FileHandler' driver.
WARNING - 2023-07-23 22:47:42 --> Session: Sessions is enabled, and one exists.Please don't $session->start();
INFO - 2023-07-23 22:54:09 --> Session: Class initialized using 'CodeIgniter\Session\Handlers\FileHandler' driver.
INFO - 2023-07-23 22:54:11 --> Session: Class initialized using 'CodeIgniter\Session\Handlers\FileHandler' driver.
INFO - 2023-07-23 22:54:27 --> Session: Class initialized using 'CodeIgniter\Session\Handlers\FileHandler' driver.
WARNING - 2023-07-23 22:54:27 --> Session: Sessions is enabled, and one exists.Please don't $session->start();
INFO - 2023-07-23 22:59:24 --> Session: Class initialized using 'CodeIgniter\Session\Handlers\FileHandler' driver.
WARNING - 2023-07-23 22:59:24 --> Session: Sessions is enabled, and one exists.Please don't $session->start();
INFO - 2023-07-23 22:59:26 --> Session: Class initialized using 'CodeIgniter\Session\Handlers\FileHandler' driver.
WARNING - 2023-07-23 22:59:26 --> Session: Sessions is enabled, and one exists.Please don't $session->start();
INFO - 2023-07-23 22:59:41 --> Session: Class initialized using 'CodeIgniter\Session\Handlers\FileHandler' driver.
WARNING - 2023-07-23 22:59:41 --> Session: Sessions is enabled, and one exists.Please don't $session->start();
INFO - 2023-07-23 22:59:54 --> Session: Class initialized using 'CodeIgniter\Session\Handlers\FileHandler' driver.
INFO - 2023-07-23 22:59:54 --> Session: Class initialized using 'CodeIgniter\Session\Handlers\FileHandler' driver.
INFO - 2023-07-23 22:59:56 --> Session: Class initialized using 'CodeIgniter\Session\Handlers\FileHandler' driver.
WARNING - 2023-07-23 22:59:56 --> Session: Sessions is enabled, and one exists.Please don't $session->start();
INFO - 2023-07-23 23:00:38 --> Session: Class initialized using 'CodeIgniter\Session\Handlers\FileHandler' driver.
WARNING - 2023-07-23 23:00:38 --> Session: Sessions is enabled, and one exists.Please don't $session->start();
INFO - 2023-07-23 23:00:39 --> Session: Class initialized using 'CodeIgniter\Session\Handlers\FileHandler' driver.
WARNING - 2023-07-23 23:00:39 --> Session: Sessions is enabled, and one exists.Please don't $session->start();
INFO - 2023-07-23 23:00:42 --> Session: Class initialized using 'CodeIgniter\Session\Handlers\FileHandler' driver.
WARNING - 2023-07-23 23:00:42 --> Session: Sessions is enabled, and one exists.Please don't $session->start();
INFO - 2023-07-23 23:01:08 --> Session: Class initialized using 'CodeIgniter\Session\Handlers\FileHandler' driver.
WARNING - 2023-07-23 23:01:08 --> Session: Sessions is enabled, and one exists.Please don't $session->start();
INFO - 2023-07-23 23:01:10 --> Session: Class initialized using 'CodeIgniter\Session\Handlers\FileHandler' driver.
WARNING - 2023-07-23 23:01:10 --> Session: Sessions is enabled, and one exists.Please don't $session->start();
INFO - 2023-07-23 23:02:06 --> Session: Class initialized using 'CodeIgniter\Session\Handlers\FileHandler' driver.
WARNING - 2023-07-23 23:02:06 --> Session: Sessions is enabled, and one exists.Please don't $session->start();
INFO - 2023-07-23 23:02:26 --> Session: Class initialized using 'CodeIgniter\Session\Handlers\FileHandler' driver.
WARNING - 2023-07-23 23:02:26 --> Session: Sessions is enabled, and one exists.Please don't $session->start();
INFO - 2023-07-23 23:02:38 --> Session: Class initialized using 'CodeIgniter\Session\Handlers\FileHandler' driver.
WARNING - 2023-07-23 23:02:38 --> Session: Sessions is enabled, and one exists.Please don't $session->start();
INFO - 2023-07-23 23:03:44 --> Session: Class initialized using 'CodeIgniter\Session\Handlers\FileHandler' driver.
WARNING - 2023-07-23 23:03:44 --> Session: Sessions is enabled, and one exists.Please don't $session->start();
INFO - 2023-07-23 23:05:00 --> Session: Class initialized using 'CodeIgniter\Session\Handlers\FileHandler' driver.
WARNING - 2023-07-23 23:05:00 --> Session: Sessions is enabled, and one exists.Please don't $session->start();
INFO - 2023-07-23 23:05:53 --> Session: Class initialized using 'CodeIgniter\Session\Handlers\FileHandler' driver.
WARNING - 2023-07-23 23:05:53 --> Session: Sessions is enabled, and one exists.Please don't $session->start();
INFO - 2023-07-23 23:05:54 --> Session: Class initialized using 'CodeIgniter\Session\Handlers\FileHandler' driver.
WARNING - 2023-07-23 23:05:54 --> Session: Sessions is enabled, and one exists.Please don't $session->start();
INFO - 2023-07-23 23:05:54 --> Session: Class initialized using 'CodeIgniter\Session\Handlers\FileHandler' driver.
WARNING - 2023-07-23 23:05:54 --> Session: Sessions is enabled, and one exists.Please don't $session->start();
INFO - 2023-07-23 23:06:11 --> Session: Class initialized using 'CodeIgniter\Session\Handlers\FileHandler' driver.
WARNING - 2023-07-23 23:06:11 --> Session: Sessions is enabled, and one exists.Please don't $session->start();
INFO - 2023-07-23 23:06:44 --> Session: Class initialized using 'CodeIgniter\Session\Handlers\FileHandler' driver.
WARNING - 2023-07-23 23:06:44 --> Session: Sessions is enabled, and one exists.Please don't $session->start();
INFO - 2023-07-23 23:06:59 --> Session: Class initialized using 'CodeIgniter\Session\Handlers\FileHandler' driver.
WARNING - 2023-07-23 23:06:59 --> Session: Sessions is enabled, and one exists.Please don't $session->start();
INFO - 2023-07-23 23:07:42 --> Session: Class initialized using 'CodeIgniter\Session\Handlers\FileHandler' driver.
WARNING - 2023-07-23 23:07:42 --> Session: Sessions is enabled, and one exists.Please don't $session->start();
INFO - 2023-07-23 23:07:51 --> Session: Class initialized using 'CodeIgniter\Session\Handlers\FileHandler' driver.
WARNING - 2023-07-23 23:07:51 --> Session: Sessions is enabled, and one exists.Please don't $session->start();
INFO - 2023-07-23 23:08:30 --> Session: Class initialized using 'CodeIgniter\Session\Handlers\FileHandler' driver.
WARNING - 2023-07-23 23:08:30 --> Session: Sessions is enabled, and one exists.Please don't $session->start();
INFO - 2023-07-23 23:08:39 --> Session: Class initialized using 'CodeIgniter\Session\Handlers\FileHandler' driver.
WARNING - 2023-07-23 23:08:39 --> Session: Sessions is enabled, and one exists.Please don't $session->start();
INFO - 2023-07-23 23:08:57 --> Session: Class initialized using 'CodeIgniter\Session\Handlers\FileHandler' driver.
WARNING - 2023-07-23 23:08:57 --> Session: Sessions is enabled, and one exists.Please don't $session->start();
INFO - 2023-07-23 23:10:06 --> Session: Class initialized using 'CodeIgniter\Session\Handlers\FileHandler' driver.
WARNING - 2023-07-23 23:10:06 --> Session: Sessions is enabled, and one exists.Please don't $session->start();
INFO - 2023-07-23 23:10:13 --> Session: Class initialized using 'CodeIgniter\Session\Handlers\FileHandler' driver.
WARNING - 2023-07-23 23:10:13 --> Session: Sessions is enabled, and one exists.Please don't $session->start();
INFO - 2023-07-23 23:10:28 --> Session: Class initialized using 'CodeIgniter\Session\Handlers\FileHandler' driver.
WARNING - 2023-07-23 23:10:28 --> Session: Sessions is enabled, and one exists.Please don't $session->start();
INFO - 2023-07-23 23:12:06 --> Session: Class initialized using 'CodeIgniter\Session\Handlers\FileHandler' driver.
WARNING - 2023-07-23 23:12:06 --> Session: Sessions is enabled, and one exists.Please don't $session->start();
INFO - 2023-07-23 23:12:35 --> Session: Class initialized using 'CodeIgniter\Session\Handlers\FileHandler' driver.
WARNING - 2023-07-23 23:12:35 --> Session: Sessions is enabled, and one exists.Please don't $session->start();
INFO - 2023-07-23 23:13:01 --> Session: Class initialized using 'CodeIgniter\Session\Handlers\FileHandler' driver.
WARNING - 2023-07-23 23:13:01 --> Session: Sessions is enabled, and one exists.Please don't $session->start();
INFO - 2023-07-23 23:13:07 --> Session: Class initialized using 'CodeIgniter\Session\Handlers\FileHandler' driver.
WARNING - 2023-07-23 23:13:07 --> Session: Sessions is enabled, and one exists.Please don't $session->start();
INFO - 2023-07-23 23:13:17 --> Session: Class initialized using 'CodeIgniter\Session\Handlers\FileHandler' driver.
WARNING - 2023-07-23 23:13:17 --> Session: Sessions is enabled, and one exists.Please don't $session->start();
INFO - 2023-07-23 23:21:25 --> Session: Class initialized using 'CodeIgniter\Session\Handlers\FileHandler' driver.
WARNING - 2023-07-23 23:21:25 --> Session: Sessions is enabled, and one exists.Please don't $session->start();
INFO - 2023-07-23 23:21:25 --> Session: Class initialized using 'CodeIgniter\Session\Handlers\FileHandler' driver.
WARNING - 2023-07-23 23:21:25 --> Session: Sessions is enabled, and one exists.Please don't $session->start();
INFO - 2023-07-23 23:32:30 --> Session: Class initialized using 'CodeIgniter\Session\Handlers\FileHandler' driver.
WARNING - 2023-07-23 23:32:30 --> Session: Sessions is enabled, and one exists.Please don't $session->start();
INFO - 2023-07-23 23:32:33 --> Session: Class initialized using 'CodeIgniter\Session\Handlers\FileHandler' driver.
WARNING - 2023-07-23 23:32:33 --> Session: Sessions is enabled, and one exists.Please don't $session->start();
INFO - 2023-07-23 23:34:59 --> Session: Class initialized using 'CodeIgniter\Session\Handlers\FileHandler' driver.
WARNING - 2023-07-23 23:34:59 --> Session: Sessions is enabled, and one exists.Please don't $session->start();
INFO - 2023-07-23 23:35:01 --> Session: Class initialized using 'CodeIgniter\Session\Handlers\FileHandler' driver.
WARNING - 2023-07-23 23:35:01 --> Session: Sessions is enabled, and one exists.Please don't $session->start();
CRITICAL - 2023-07-23 23:35:01 --> Invalid argument supplied for foreach()
#0 /usr/local/var/www/simkkn/app/Controllers/Backend/Gabung.php(44): CodeIgniter\Debug\Exceptions->errorHandler(2, 'Invalid argumen...', '/usr/local/var/...', 44, Array)
#1 /usr/local/var/www/simkkn/vendor/codeigniter4/framework/system/CodeIgniter.php(918): App\Controllers\Backend\Gabung->form()
#2 /usr/local/var/www/simkkn/vendor/codeigniter4/framework/system/CodeIgniter.php(404): CodeIgniter\CodeIgniter->runController(Object(App\Controllers\Backend\Gabung))
#3 /usr/local/var/www/simkkn/vendor/codeigniter4/framework/system/CodeIgniter.php(312): CodeIgniter\CodeIgniter->handleRequest(NULL, Object(Config\Cache), false)
#4 /usr/local/var/www/simkkn/public/index.php(45): CodeIgniter\CodeIgniter->run()
#5 /usr/local/var/www/simkkn/vendor/codeigniter4/framework/system/Commands/Server/rewrite.php(34): require_once('/usr/local/var/...')
#6 {main}
INFO - 2023-07-23 23:36:35 --> Session: Class initialized using 'CodeIgniter\Session\Handlers\FileHandler' driver.
WARNING - 2023-07-23 23:36:35 --> Session: Sessions is enabled, and one exists.Please don't $session->start();
INFO - 2023-07-23 23:36:37 --> Session: Class initialized using 'CodeIgniter\Session\Handlers\FileHandler' driver.
WARNING - 2023-07-23 23:36:37 --> Session: Sessions is enabled, and one exists.Please don't $session->start();
CRITICAL - 2023-07-23 23:36:37 --> Too few arguments to function App\Models\Backend\GabungModel::insertDataID(), 0 passed in /usr/local/var/www/simkkn/app/Controllers/Backend/Gabung.php on line 43 and exactly 1 expected
#0 /usr/local/var/www/simkkn/app/Controllers/Backend/Gabung.php(43): App\Models\Backend\GabungModel->insertDataID()
#1 /usr/local/var/www/simkkn/vendor/codeigniter4/framework/system/CodeIgniter.php(918): App\Controllers\Backend\Gabung->form()
#2 /usr/local/var/www/simkkn/vendor/codeigniter4/framework/system/CodeIgniter.php(404): CodeIgniter\CodeIgniter->runController(Object(App\Controllers\Backend\Gabung))
#3 /usr/local/var/www/simkkn/vendor/codeigniter4/framework/system/CodeIgniter.php(312): CodeIgniter\CodeIgniter->handleRequest(NULL, Object(Config\Cache), false)
#4 /usr/local/var/www/simkkn/public/index.php(45): CodeIgniter\CodeIgniter->run()
#5 /usr/local/var/www/simkkn/vendor/codeigniter4/framework/system/Commands/Server/rewrite.php(34): require_once('/usr/local/var/...')
#6 {main}
INFO - 2023-07-23 23:37:02 --> Session: Class initialized using 'CodeIgniter\Session\Handlers\FileHandler' driver.
WARNING - 2023-07-23 23:37:02 --> Session: Sessions is enabled, and one exists.Please don't $session->start();
INFO - 2023-07-23 23:37:04 --> Session: Class initialized using 'CodeIgniter\Session\Handlers\FileHandler' driver.
WARNING - 2023-07-23 23:37:04 --> Session: Sessions is enabled, and one exists.Please don't $session->start();
INFO - 2023-07-23 23:40:38 --> Session: Class initialized using 'CodeIgniter\Session\Handlers\FileHandler' driver.
WARNING - 2023-07-23 23:40:38 --> Session: Sessions is enabled, and one exists.Please don't $session->start();
INFO - 2023-07-23 23:41:51 --> Session: Class initialized using 'CodeIgniter\Session\Handlers\FileHandler' driver.
WARNING - 2023-07-23 23:41:51 --> Session: Sessions is enabled, and one exists.Please don't $session->start();
INFO - 2023-07-23 23:41:53 --> Session: Class initialized using 'CodeIgniter\Session\Handlers\FileHandler' driver.
WARNING - 2023-07-23 23:41:53 --> Session: Sessions is enabled, and one exists.Please don't $session->start();
INFO - 2023-07-23 23:43:14 --> Session: Class initialized using 'CodeIgniter\Session\Handlers\FileHandler' driver.
WARNING - 2023-07-23 23:43:14 --> Session: Sessions is enabled, and one exists.Please don't $session->start();
INFO - 2023-07-23 23:43:15 --> Session: Class initialized using 'CodeIgniter\Session\Handlers\FileHandler' driver.
WARNING - 2023-07-23 23:43:15 --> Session: Sessions is enabled, and one exists.Please don't $session->start();
INFO - 2023-07-23 23:44:16 --> Session: Class initialized using 'CodeIgniter\Session\Handlers\FileHandler' driver.
WARNING - 2023-07-23 23:44:16 --> Session: Sessions is enabled, and one exists.Please don't $session->start();
INFO - 2023-07-23 23:44:17 --> Session: Class initialized using 'CodeIgniter\Session\Handlers\FileHandler' driver.
WARNING - 2023-07-23 23:44:17 --> Session: Sessions is enabled, and one exists.Please don't $session->start();
INFO - 2023-07-23 23:44:18 --> Session: Class initialized using 'CodeIgniter\Session\Handlers\FileHandler' driver.
WARNING - 2023-07-23 23:44:18 --> Session: Sessions is enabled, and one exists.Please don't $session->start();
INFO - 2023-07-23 23:44:18 --> Session: Class initialized using 'CodeIgniter\Session\Handlers\FileHandler' driver.
WARNING - 2023-07-23 23:44:18 --> Session: Sessions is enabled, and one exists.Please don't $session->start();
INFO - 2023-07-23 23:45:22 --> Session: Class initialized using 'CodeIgniter\Session\Handlers\FileHandler' driver.
WARNING - 2023-07-23 23:45:22 --> Session: Sessions is enabled, and one exists.Please don't $session->start();
INFO - 2023-07-23 23:45:34 --> Session: Class initialized using 'CodeIgniter\Session\Handlers\FileHandler' driver.
WARNING - 2023-07-23 23:45:34 --> Session: Sessions is enabled, and one exists.Please don't $session->start();
INFO - 2023-07-23 23:46:55 --> Session: Class initialized using 'CodeIgniter\Session\Handlers\FileHandler' driver.
WARNING - 2023-07-23 23:46:55 --> Session: Sessions is enabled, and one exists.Please don't $session->start();
INFO - 2023-07-23 23:46:56 --> Session: Class initialized using 'CodeIgniter\Session\Handlers\FileHandler' driver.
WARNING - 2023-07-23 23:46:56 --> Session: Sessions is enabled, and one exists.Please don't $session->start();
INFO - 2023-07-23 23:47:48 --> Session: Class initialized using 'CodeIgniter\Session\Handlers\FileHandler' driver.
WARNING - 2023-07-23 23:47:48 --> Session: Sessions is enabled, and one exists.Please don't $session->start();
INFO - 2023-07-23 23:47:50 --> Session: Class initialized using 'CodeIgniter\Session\Handlers\FileHandler' driver.
WARNING - 2023-07-23 23:47:50 --> Session: Sessions is enabled, and one exists.Please don't $session->start();
INFO - 2023-07-23 23:48:11 --> Session: Class initialized using 'CodeIgniter\Session\Handlers\FileHandler' driver.
WARNING - 2023-07-23 23:48:11 --> Session: Sessions is enabled, and one exists.Please don't $session->start();
INFO - 2023-07-23 23:48:13 --> Session: Class initialized using 'CodeIgniter\Session\Handlers\FileHandler' driver.
WARNING - 2023-07-23 23:48:13 --> Session: Sessions is enabled, and one exists.Please don't $session->start();
INFO - 2023-07-23 23:50:30 --> Session: Class initialized using 'CodeIgniter\Session\Handlers\FileHandler' driver.
WARNING - 2023-07-23 23:50:30 --> Session: Sessions is enabled, and one exists.Please don't $session->start();
INFO - 2023-07-23 23:50:31 --> Session: Class initialized using 'CodeIgniter\Session\Handlers\FileHandler' driver.
WARNING - 2023-07-23 23:50:31 --> Session: Sessions is enabled, and one exists.Please don't $session->start();
INFO - 2023-07-23 23:50:42 --> Session: Class initialized using 'CodeIgniter\Session\Handlers\FileHandler' driver.
WARNING - 2023-07-23 23:50:42 --> Session: Sessions is enabled, and one exists.Please don't $session->start();
INFO - 2023-07-23 23:51:16 --> Session: Class initialized using 'CodeIgniter\Session\Handlers\FileHandler' driver.
WARNING - 2023-07-23 23:51:16 --> Session: Sessions is enabled, and one exists.Please don't $session->start();
INFO - 2023-07-23 23:51:18 --> Session: Class initialized using 'CodeIgniter\Session\Handlers\FileHandler' driver.
WARNING - 2023-07-23 23:51:18 --> Session: Sessions is enabled, and one exists.Please don't $session->start();
INFO - 2023-07-23 23:52:45 --> Session: Class initialized using 'CodeIgniter\Session\Handlers\FileHandler' driver.
WARNING - 2023-07-23 23:52:45 --> Session: Sessions is enabled, and one exists.Please don't $session->start();
INFO - 2023-07-23 23:52:47 --> Session: Class initialized using 'CodeIgniter\Session\Handlers\FileHandler' driver.
WARNING - 2023-07-23 23:52:47 --> Session: Sessions is enabled, and one exists.Please don't $session->start();
INFO - 2023-07-23 23:53:11 --> Session: Class initialized using 'CodeIgniter\Session\Handlers\FileHandler' driver.
WARNING - 2023-07-23 23:53:11 --> Session: Sessions is enabled, and one exists.Please don't $session->start();
INFO - 2023-07-23 23:53:14 --> Session: Class initialized using 'CodeIgniter\Session\Handlers\FileHandler' driver.
WARNING - 2023-07-23 23:53:14 --> Session: Sessions is enabled, and one exists.Please don't $session->start();
INFO - 2023-07-23 23:53:47 --> Session: Class initialized using 'CodeIgniter\Session\Handlers\FileHandler' driver.
WARNING - 2023-07-23 23:53:47 --> Session: Sessions is enabled, and one exists.Please don't $session->start();
INFO - 2023-07-23 23:53:48 --> Session: Class initialized using 'CodeIgniter\Session\Handlers\FileHandler' driver.
WARNING - 2023-07-23 23:53:48 --> Session: Sessions is enabled, and one exists.Please don't $session->start();
INFO - 2023-07-23 23:56:44 --> Session: Class initialized using 'CodeIgniter\Session\Handlers\FileHandler' driver.
WARNING - 2023-07-23 23:56:44 --> Session: Sessions is enabled, and one exists.Please don't $session->start();
INFO - 2023-07-23 23:56:51 --> Session: Class initialized using 'CodeIgniter\Session\Handlers\FileHandler' driver.
WARNING - 2023-07-23 23:56:51 --> Session: Sessions is enabled, and one exists.Please don't $session->start();
INFO - 2023-07-23 23:57:01 --> Session: Class initialized using 'CodeIgniter\Session\Handlers\FileHandler' driver.
WARNING - 2023-07-23 23:57:01 --> Session: Sessions is enabled, and one exists.Please don't $session->start();
INFO - 2023-07-23 23:57:04 --> Session: Class initialized using 'CodeIgniter\Session\Handlers\FileHandler' driver.
WARNING - 2023-07-23 23:57:04 --> Session: Sessions is enabled, and one exists.Please don't $session->start();
