INFO - 2023-08-26 13:10:46 --> Session: Class initialized using 'CodeIgniter\Session\Handlers\FileHandler' driver.
WARNING - 2023-08-26 13:10:46 --> Session: Sessions is enabled, and one exists.Please don't $session->start();
ERROR - 2023-08-26 13:10:47 --> mysqli_sql_exception: Table 'u268758892_simkkn.bcms_layanan' doesn't exist in /usr/local/var/www/simkkn/vendor/codeigniter4/framework/system/Database/MySQLi/Connection.php:331
Stack trace:
#0 /usr/local/var/www/simkkn/vendor/codeigniter4/framework/system/Database/MySQLi/Connection.php(331): mysqli->query('SELECT *\nFROM `...')
#1 /usr/local/var/www/simkkn/vendor/codeigniter4/framework/system/Database/BaseConnection.php(741): CodeIgniter\Database\MySQLi\Connection->execute('SELECT *\nFROM `...')
#2 /usr/local/var/www/simkkn/vendor/codeigniter4/framework/system/Database/BaseConnection.php(669): CodeIgniter\Database\BaseConnection->simpleQuery('SELECT *\nFROM `...')
#3 /usr/local/var/www/simkkn/vendor/codeigniter4/framework/system/Database/BaseBuilder.php(1860): CodeIgniter\Database\BaseConnection->query('SELECT *\nFROM `...', Array, false)
#4 /usr/local/var/www/simkkn/app/Models/Backend/LayananModel.php(24): CodeIgniter\Database\BaseBuilder->get()
#5 /usr/local/var/www/simkkn/app/Controllers/Home.php(31): App\Models\Backend\LayananModel->getLayananByKategori('Layanan Unggula...')
#6 /usr/local/var/www/simkkn/vendor/codeigniter4/framework/system/CodeIgniter.php(918): App\Controllers\Home->index()
#7 /usr/local/var/www/simkkn/vendor/codeigniter4/framework/system/CodeIgniter.php(404): CodeIgniter\CodeIgniter->runController(Object(App\Controllers\Home))
#8 /usr/local/var/www/simkkn/vendor/codeigniter4/framework/system/CodeIgniter.php(312): CodeIgniter\CodeIgniter->handleRequest(NULL, Object(Config\Cache), false)
#9 /usr/local/var/www/simkkn/public/index.php(45): CodeIgniter\CodeIgniter->run()
#10 /usr/local/var/www/simkkn/vendor/codeigniter4/framework/system/Commands/Server/rewrite.php(34): require_once('/usr/local/var/...')
#11 {main}
INFO - 2023-08-26 13:10:50 --> Session: Class initialized using 'CodeIgniter\Session\Handlers\FileHandler' driver.
WARNING - 2023-08-26 13:10:50 --> Session: Sessions is enabled, and one exists.Please don't $session->start();
INFO - 2023-08-26 13:10:56 --> Session: Class initialized using 'CodeIgniter\Session\Handlers\FileHandler' driver.
WARNING - 2023-08-26 13:10:56 --> Session: Sessions is enabled, and one exists.Please don't $session->start();
INFO - 2023-08-26 13:10:58 --> Session: Class initialized using 'CodeIgniter\Session\Handlers\FileHandler' driver.
INFO - 2023-08-26 13:11:22 --> Session: Class initialized using 'CodeIgniter\Session\Handlers\FileHandler' driver.
WARNING - 2023-08-26 13:11:22 --> Session: Sessions is enabled, and one exists.Please don't $session->start();
INFO - 2023-08-26 13:11:23 --> Session: Class initialized using 'CodeIgniter\Session\Handlers\FileHandler' driver.
WARNING - 2023-08-26 13:11:23 --> Session: Sessions is enabled, and one exists.Please don't $session->start();
INFO - 2023-08-26 13:11:25 --> Session: Class initialized using 'CodeIgniter\Session\Handlers\FileHandler' driver.
WARNING - 2023-08-26 13:11:25 --> Session: Sessions is enabled, and one exists.Please don't $session->start();
INFO - 2023-08-26 13:11:35 --> Session: Class initialized using 'CodeIgniter\Session\Handlers\FileHandler' driver.
WARNING - 2023-08-26 13:11:35 --> Session: Sessions is enabled, and one exists.Please don't $session->start();
INFO - 2023-08-26 13:12:15 --> Session: Class initialized using 'CodeIgniter\Session\Handlers\FileHandler' driver.
WARNING - 2023-08-26 13:12:15 --> Session: Sessions is enabled, and one exists.Please don't $session->start();
INFO - 2023-08-26 13:12:21 --> Session: Class initialized using 'CodeIgniter\Session\Handlers\FileHandler' driver.
WARNING - 2023-08-26 13:12:21 --> Session: Sessions is enabled, and one exists.Please don't $session->start();
INFO - 2023-08-26 13:12:32 --> Session: Class initialized using 'CodeIgniter\Session\Handlers\FileHandler' driver.
WARNING - 2023-08-26 13:12:32 --> Session: Sessions is enabled, and one exists.Please don't $session->start();
INFO - 2023-08-26 13:31:17 --> Session: Class initialized using 'CodeIgniter\Session\Handlers\FileHandler' driver.
WARNING - 2023-08-26 13:31:17 --> Session: Sessions is enabled, and one exists.Please don't $session->start();
INFO - 2023-08-26 13:31:18 --> Session: Class initialized using 'CodeIgniter\Session\Handlers\FileHandler' driver.
WARNING - 2023-08-26 13:31:18 --> Session: Sessions is enabled, and one exists.Please don't $session->start();
INFO - 2023-08-26 13:31:19 --> Session: Class initialized using 'CodeIgniter\Session\Handlers\FileHandler' driver.
WARNING - 2023-08-26 13:31:19 --> Session: Sessions is enabled, and one exists.Please don't $session->start();
INFO - 2023-08-26 13:31:19 --> Session: Class initialized using 'CodeIgniter\Session\Handlers\FileHandler' driver.
WARNING - 2023-08-26 13:31:19 --> Session: Sessions is enabled, and one exists.Please don't $session->start();
INFO - 2023-08-26 13:31:33 --> Session: Class initialized using 'CodeIgniter\Session\Handlers\FileHandler' driver.
WARNING - 2023-08-26 13:31:33 --> Session: Sessions is enabled, and one exists.Please don't $session->start();
INFO - 2023-08-26 13:31:34 --> Session: Class initialized using 'CodeIgniter\Session\Handlers\FileHandler' driver.
WARNING - 2023-08-26 13:31:34 --> Session: Sessions is enabled, and one exists.Please don't $session->start();
INFO - 2023-08-26 13:31:39 --> Session: Class initialized using 'CodeIgniter\Session\Handlers\FileHandler' driver.
WARNING - 2023-08-26 13:31:39 --> Session: Sessions is enabled, and one exists.Please don't $session->start();
INFO - 2023-08-26 13:33:56 --> Session: Class initialized using 'CodeIgniter\Session\Handlers\FileHandler' driver.
WARNING - 2023-08-26 13:33:56 --> Session: Sessions is enabled, and one exists.Please don't $session->start();
INFO - 2023-08-26 13:33:59 --> Session: Class initialized using 'CodeIgniter\Session\Handlers\FileHandler' driver.
WARNING - 2023-08-26 13:33:59 --> Session: Sessions is enabled, and one exists.Please don't $session->start();
INFO - 2023-08-26 13:39:27 --> Session: Class initialized using 'CodeIgniter\Session\Handlers\FileHandler' driver.
WARNING - 2023-08-26 13:39:27 --> Session: Sessions is enabled, and one exists.Please don't $session->start();
INFO - 2023-08-26 13:39:27 --> Session: Class initialized using 'CodeIgniter\Session\Handlers\FileHandler' driver.
WARNING - 2023-08-26 13:39:27 --> Session: Sessions is enabled, and one exists.Please don't $session->start();
INFO - 2023-08-26 13:39:29 --> Session: Class initialized using 'CodeIgniter\Session\Handlers\FileHandler' driver.
WARNING - 2023-08-26 13:39:29 --> Session: Sessions is enabled, and one exists.Please don't $session->start();
INFO - 2023-08-26 13:39:29 --> Session: Class initialized using 'CodeIgniter\Session\Handlers\FileHandler' driver.
WARNING - 2023-08-26 13:39:29 --> Session: Sessions is enabled, and one exists.Please don't $session->start();
INFO - 2023-08-26 13:41:24 --> Session: Class initialized using 'CodeIgniter\Session\Handlers\FileHandler' driver.
WARNING - 2023-08-26 13:41:24 --> Session: Sessions is enabled, and one exists.Please don't $session->start();
INFO - 2023-08-26 13:41:25 --> Session: Class initialized using 'CodeIgniter\Session\Handlers\FileHandler' driver.
WARNING - 2023-08-26 13:41:25 --> Session: Sessions is enabled, and one exists.Please don't $session->start();
INFO - 2023-08-26 13:41:31 --> Session: Class initialized using 'CodeIgniter\Session\Handlers\FileHandler' driver.
WARNING - 2023-08-26 13:41:31 --> Session: Sessions is enabled, and one exists.Please don't $session->start();
INFO - 2023-08-26 13:41:31 --> Session: Class initialized using 'CodeIgniter\Session\Handlers\FileHandler' driver.
WARNING - 2023-08-26 13:41:31 --> Session: Sessions is enabled, and one exists.Please don't $session->start();
INFO - 2023-08-26 13:41:47 --> Session: Class initialized using 'CodeIgniter\Session\Handlers\FileHandler' driver.
WARNING - 2023-08-26 13:41:47 --> Session: Sessions is enabled, and one exists.Please don't $session->start();
INFO - 2023-08-26 13:43:26 --> Session: Class initialized using 'CodeIgniter\Session\Handlers\FileHandler' driver.
WARNING - 2023-08-26 13:43:26 --> Session: Sessions is enabled, and one exists.Please don't $session->start();
INFO - 2023-08-26 13:44:36 --> Session: Class initialized using 'CodeIgniter\Session\Handlers\FileHandler' driver.
WARNING - 2023-08-26 13:44:36 --> Session: Sessions is enabled, and one exists.Please don't $session->start();
INFO - 2023-08-26 13:54:51 --> Session: Class initialized using 'CodeIgniter\Session\Handlers\FileHandler' driver.
WARNING - 2023-08-26 13:54:51 --> Session: Sessions is enabled, and one exists.Please don't $session->start();
INFO - 2023-08-26 13:54:52 --> Session: Class initialized using 'CodeIgniter\Session\Handlers\FileHandler' driver.
WARNING - 2023-08-26 13:54:52 --> Session: Sessions is enabled, and one exists.Please don't $session->start();
INFO - 2023-08-26 13:54:55 --> Session: Class initialized using 'CodeIgniter\Session\Handlers\FileHandler' driver.
WARNING - 2023-08-26 13:54:55 --> Session: Sessions is enabled, and one exists.Please don't $session->start();
INFO - 2023-08-26 13:54:55 --> Session: Class initialized using 'CodeIgniter\Session\Handlers\FileHandler' driver.
WARNING - 2023-08-26 13:54:55 --> Session: Sessions is enabled, and one exists.Please don't $session->start();
INFO - 2023-08-26 13:55:07 --> Session: Class initialized using 'CodeIgniter\Session\Handlers\FileHandler' driver.
WARNING - 2023-08-26 13:55:07 --> Session: Sessions is enabled, and one exists.Please don't $session->start();
INFO - 2023-08-26 13:55:07 --> Session: Class initialized using 'CodeIgniter\Session\Handlers\FileHandler' driver.
WARNING - 2023-08-26 13:55:07 --> Session: Sessions is enabled, and one exists.Please don't $session->start();
INFO - 2023-08-26 13:57:29 --> Session: Class initialized using 'CodeIgniter\Session\Handlers\FileHandler' driver.
WARNING - 2023-08-26 13:57:29 --> Session: Sessions is enabled, and one exists.Please don't $session->start();
INFO - 2023-08-26 13:57:34 --> Session: Class initialized using 'CodeIgniter\Session\Handlers\FileHandler' driver.
WARNING - 2023-08-26 13:57:34 --> Session: Sessions is enabled, and one exists.Please don't $session->start();
INFO - 2023-08-26 13:57:34 --> Session: Class initialized using 'CodeIgniter\Session\Handlers\FileHandler' driver.
WARNING - 2023-08-26 13:57:34 --> Session: Sessions is enabled, and one exists.Please don't $session->start();
INFO - 2023-08-26 13:57:35 --> Session: Class initialized using 'CodeIgniter\Session\Handlers\FileHandler' driver.
WARNING - 2023-08-26 13:57:35 --> Session: Sessions is enabled, and one exists.Please don't $session->start();
INFO - 2023-08-26 13:57:35 --> Session: Class initialized using 'CodeIgniter\Session\Handlers\FileHandler' driver.
WARNING - 2023-08-26 13:57:35 --> Session: Sessions is enabled, and one exists.Please don't $session->start();
INFO - 2023-08-26 13:58:16 --> Session: Class initialized using 'CodeIgniter\Session\Handlers\FileHandler' driver.
WARNING - 2023-08-26 13:58:16 --> Session: Sessions is enabled, and one exists.Please don't $session->start();
INFO - 2023-08-26 13:58:30 --> Session: Class initialized using 'CodeIgniter\Session\Handlers\FileHandler' driver.
WARNING - 2023-08-26 13:58:30 --> Session: Sessions is enabled, and one exists.Please don't $session->start();
INFO - 2023-08-26 14:00:29 --> Session: Class initialized using 'CodeIgniter\Session\Handlers\FileHandler' driver.
WARNING - 2023-08-26 14:00:29 --> Session: Sessions is enabled, and one exists.Please don't $session->start();
INFO - 2023-08-26 14:09:12 --> Session: Class initialized using 'CodeIgniter\Session\Handlers\FileHandler' driver.
WARNING - 2023-08-26 14:09:12 --> Session: Sessions is enabled, and one exists.Please don't $session->start();
INFO - 2023-08-26 14:09:12 --> Session: Class initialized using 'CodeIgniter\Session\Handlers\FileHandler' driver.
WARNING - 2023-08-26 14:09:12 --> Session: Sessions is enabled, and one exists.Please don't $session->start();
INFO - 2023-08-26 14:09:17 --> Session: Class initialized using 'CodeIgniter\Session\Handlers\FileHandler' driver.
WARNING - 2023-08-26 14:09:17 --> Session: Sessions is enabled, and one exists.Please don't $session->start();
INFO - 2023-08-26 14:09:18 --> Session: Class initialized using 'CodeIgniter\Session\Handlers\FileHandler' driver.
WARNING - 2023-08-26 14:09:18 --> Session: Sessions is enabled, and one exists.Please don't $session->start();
INFO - 2023-08-26 14:09:19 --> Session: Class initialized using 'CodeIgniter\Session\Handlers\FileHandler' driver.
WARNING - 2023-08-26 14:09:19 --> Session: Sessions is enabled, and one exists.Please don't $session->start();
INFO - 2023-08-26 14:09:19 --> Session: Class initialized using 'CodeIgniter\Session\Handlers\FileHandler' driver.
WARNING - 2023-08-26 14:09:19 --> Session: Sessions is enabled, and one exists.Please don't $session->start();
INFO - 2023-08-26 14:10:35 --> Session: Class initialized using 'CodeIgniter\Session\Handlers\FileHandler' driver.
WARNING - 2023-08-26 14:10:35 --> Session: Sessions is enabled, and one exists.Please don't $session->start();
INFO - 2023-08-26 14:10:35 --> Session: Class initialized using 'CodeIgniter\Session\Handlers\FileHandler' driver.
WARNING - 2023-08-26 14:10:35 --> Session: Sessions is enabled, and one exists.Please don't $session->start();
INFO - 2023-08-26 14:10:38 --> Session: Class initialized using 'CodeIgniter\Session\Handlers\FileHandler' driver.
WARNING - 2023-08-26 14:10:38 --> Session: Sessions is enabled, and one exists.Please don't $session->start();
INFO - 2023-08-26 14:16:05 --> Session: Class initialized using 'CodeIgniter\Session\Handlers\FileHandler' driver.
WARNING - 2023-08-26 14:16:05 --> Session: Sessions is enabled, and one exists.Please don't $session->start();
INFO - 2023-08-26 14:16:10 --> Session: Class initialized using 'CodeIgniter\Session\Handlers\FileHandler' driver.
WARNING - 2023-08-26 14:16:10 --> Session: Sessions is enabled, and one exists.Please don't $session->start();
INFO - 2023-08-26 14:16:11 --> Session: Class initialized using 'CodeIgniter\Session\Handlers\FileHandler' driver.
WARNING - 2023-08-26 14:16:11 --> Session: Sessions is enabled, and one exists.Please don't $session->start();
INFO - 2023-08-26 14:16:17 --> Session: Class initialized using 'CodeIgniter\Session\Handlers\FileHandler' driver.
WARNING - 2023-08-26 14:16:17 --> Session: Sessions is enabled, and one exists.Please don't $session->start();
INFO - 2023-08-26 14:16:17 --> Session: Class initialized using 'CodeIgniter\Session\Handlers\FileHandler' driver.
WARNING - 2023-08-26 14:16:17 --> Session: Sessions is enabled, and one exists.Please don't $session->start();
INFO - 2023-08-26 14:16:32 --> Session: Class initialized using 'CodeIgniter\Session\Handlers\FileHandler' driver.
WARNING - 2023-08-26 14:16:32 --> Session: Sessions is enabled, and one exists.Please don't $session->start();
INFO - 2023-08-26 14:16:32 --> Session: Class initialized using 'CodeIgniter\Session\Handlers\FileHandler' driver.
WARNING - 2023-08-26 14:16:32 --> Session: Sessions is enabled, and one exists.Please don't $session->start();
INFO - 2023-08-26 14:16:34 --> Session: Class initialized using 'CodeIgniter\Session\Handlers\FileHandler' driver.
WARNING - 2023-08-26 14:16:34 --> Session: Sessions is enabled, and one exists.Please don't $session->start();
INFO - 2023-08-26 14:16:40 --> Session: Class initialized using 'CodeIgniter\Session\Handlers\FileHandler' driver.
WARNING - 2023-08-26 14:16:40 --> Session: Sessions is enabled, and one exists.Please don't $session->start();
