INFO - 2023-10-08 00:00:18 --> Session: Class initialized using 'CodeIgniter\Session\Handlers\FileHandler' driver.
WARNING - 2023-10-08 00:00:18 --> Session: Sessions is enabled, and one exists.Please don't $session->start();
INFO - 2023-10-08 00:00:19 --> Session: Class initialized using 'CodeIgniter\Session\Handlers\FileHandler' driver.
WARNING - 2023-10-08 00:00:19 --> Session: Sessions is enabled, and one exists.Please don't $session->start();
INFO - 2023-10-08 00:00:20 --> Session: Class initialized using 'CodeIgniter\Session\Handlers\FileHandler' driver.
WARNING - 2023-10-08 00:00:20 --> Session: Sessions is enabled, and one exists.Please don't $session->start();
CRITICAL - 2023-10-08 00:00:20 --> Object of class stdClass could not be converted to string
#0 /usr/local/var/www/simkkn/vendor/codeigniter4/framework/system/Database/Query.php(437): implode(',', Array)
#1 /usr/local/var/www/simkkn/vendor/codeigniter4/framework/system/Database/Query.php(404): CodeIgniter\Database\Query->matchNamedBinds('SELECT `a`.`use...', Array)
#2 /usr/local/var/www/simkkn/vendor/codeigniter4/framework/system/Database/Query.php(197): CodeIgniter\Database\Query->compileBinds()
#3 /usr/local/var/www/simkkn/vendor/codeigniter4/framework/system/Database/BaseConnection.php(669): CodeIgniter\Database\Query->getQuery()
#4 /usr/local/var/www/simkkn/vendor/codeigniter4/framework/system/Database/BaseBuilder.php(1860): CodeIgniter\Database\BaseConnection->query('SELECT `a`.`use...', Array, false)
#5 /usr/local/var/www/simkkn/app/Models/Backend/HarianModel.php(89): CodeIgniter\Database\BaseBuilder->get()
#6 /usr/local/var/www/simkkn/app/Controllers/Backend/Harian.php(100): App\Models\Backend\HarianModel->getDosenKelompok(Array)
#7 /usr/local/var/www/simkkn/vendor/codeigniter4/framework/system/CodeIgniter.php(918): App\Controllers\Backend\Harian->form()
#8 /usr/local/var/www/simkkn/vendor/codeigniter4/framework/system/CodeIgniter.php(404): CodeIgniter\CodeIgniter->runController(Object(App\Controllers\Backend\Harian))
#9 /usr/local/var/www/simkkn/vendor/codeigniter4/framework/system/CodeIgniter.php(312): CodeIgniter\CodeIgniter->handleRequest(NULL, Object(Config\Cache), false)
#10 /usr/local/var/www/simkkn/public/index.php(45): CodeIgniter\CodeIgniter->run()
#11 /usr/local/var/www/simkkn/vendor/codeigniter4/framework/system/Commands/Server/rewrite.php(34): require_once('/usr/local/var/...')
#12 {main}
INFO - 2023-10-08 00:00:30 --> Session: Class initialized using 'CodeIgniter\Session\Handlers\FileHandler' driver.
WARNING - 2023-10-08 00:00:30 --> Session: Sessions is enabled, and one exists.Please don't $session->start();
INFO - 2023-10-08 00:00:31 --> Session: Class initialized using 'CodeIgniter\Session\Handlers\FileHandler' driver.
WARNING - 2023-10-08 00:00:31 --> Session: Sessions is enabled, and one exists.Please don't $session->start();
INFO - 2023-10-08 00:00:33 --> Session: Class initialized using 'CodeIgniter\Session\Handlers\FileHandler' driver.
WARNING - 2023-10-08 00:00:33 --> Session: Sessions is enabled, and one exists.Please don't $session->start();
CRITICAL - 2023-10-08 00:00:33 --> Object of class stdClass could not be converted to string
#0 /usr/local/var/www/simkkn/vendor/codeigniter4/framework/system/Database/Query.php(437): implode(',', Array)
#1 /usr/local/var/www/simkkn/vendor/codeigniter4/framework/system/Database/Query.php(404): CodeIgniter\Database\Query->matchNamedBinds('SELECT `a`.`use...', Array)
#2 /usr/local/var/www/simkkn/vendor/codeigniter4/framework/system/Database/Query.php(197): CodeIgniter\Database\Query->compileBinds()
#3 /usr/local/var/www/simkkn/vendor/codeigniter4/framework/system/Database/BaseConnection.php(669): CodeIgniter\Database\Query->getQuery()
#4 /usr/local/var/www/simkkn/vendor/codeigniter4/framework/system/Database/BaseBuilder.php(1860): CodeIgniter\Database\BaseConnection->query('SELECT `a`.`use...', Array, false)
#5 /usr/local/var/www/simkkn/app/Models/Backend/HarianModel.php(89): CodeIgniter\Database\BaseBuilder->get()
#6 /usr/local/var/www/simkkn/app/Controllers/Backend/Harian.php(100): App\Models\Backend\HarianModel->getDosenKelompok(Array)
#7 /usr/local/var/www/simkkn/vendor/codeigniter4/framework/system/CodeIgniter.php(918): App\Controllers\Backend\Harian->form()
#8 /usr/local/var/www/simkkn/vendor/codeigniter4/framework/system/CodeIgniter.php(404): CodeIgniter\CodeIgniter->runController(Object(App\Controllers\Backend\Harian))
#9 /usr/local/var/www/simkkn/vendor/codeigniter4/framework/system/CodeIgniter.php(312): CodeIgniter\CodeIgniter->handleRequest(NULL, Object(Config\Cache), false)
#10 /usr/local/var/www/simkkn/public/index.php(45): CodeIgniter\CodeIgniter->run()
#11 /usr/local/var/www/simkkn/vendor/codeigniter4/framework/system/Commands/Server/rewrite.php(34): require_once('/usr/local/var/...')
#12 {main}
INFO - 2023-10-08 00:00:47 --> Session: Class initialized using 'CodeIgniter\Session\Handlers\FileHandler' driver.
WARNING - 2023-10-08 00:00:47 --> Session: Sessions is enabled, and one exists.Please don't $session->start();
INFO - 2023-10-08 00:00:48 --> Session: Class initialized using 'CodeIgniter\Session\Handlers\FileHandler' driver.
WARNING - 2023-10-08 00:00:48 --> Session: Sessions is enabled, and one exists.Please don't $session->start();
INFO - 2023-10-08 00:00:49 --> Session: Class initialized using 'CodeIgniter\Session\Handlers\FileHandler' driver.
WARNING - 2023-10-08 00:00:49 --> Session: Sessions is enabled, and one exists.Please don't $session->start();
CRITICAL - 2023-10-08 00:00:49 --> Object of class stdClass could not be converted to string
#0 /usr/local/var/www/simkkn/vendor/codeigniter4/framework/system/Database/Query.php(437): implode(',', Array)
#1 /usr/local/var/www/simkkn/vendor/codeigniter4/framework/system/Database/Query.php(404): CodeIgniter\Database\Query->matchNamedBinds('SELECT `a`.`use...', Array)
#2 /usr/local/var/www/simkkn/vendor/codeigniter4/framework/system/Database/Query.php(197): CodeIgniter\Database\Query->compileBinds()
#3 /usr/local/var/www/simkkn/vendor/codeigniter4/framework/system/Database/BaseConnection.php(669): CodeIgniter\Database\Query->getQuery()
#4 /usr/local/var/www/simkkn/vendor/codeigniter4/framework/system/Database/BaseBuilder.php(1860): CodeIgniter\Database\BaseConnection->query('SELECT `a`.`use...', Array, false)
#5 /usr/local/var/www/simkkn/app/Models/Backend/HarianModel.php(89): CodeIgniter\Database\BaseBuilder->get()
#6 /usr/local/var/www/simkkn/app/Controllers/Backend/Harian.php(100): App\Models\Backend\HarianModel->getDosenKelompok(Array)
#7 /usr/local/var/www/simkkn/vendor/codeigniter4/framework/system/CodeIgniter.php(918): App\Controllers\Backend\Harian->form()
#8 /usr/local/var/www/simkkn/vendor/codeigniter4/framework/system/CodeIgniter.php(404): CodeIgniter\CodeIgniter->runController(Object(App\Controllers\Backend\Harian))
#9 /usr/local/var/www/simkkn/vendor/codeigniter4/framework/system/CodeIgniter.php(312): CodeIgniter\CodeIgniter->handleRequest(NULL, Object(Config\Cache), false)
#10 /usr/local/var/www/simkkn/public/index.php(45): CodeIgniter\CodeIgniter->run()
#11 /usr/local/var/www/simkkn/vendor/codeigniter4/framework/system/Commands/Server/rewrite.php(34): require_once('/usr/local/var/...')
#12 {main}
INFO - 2023-10-08 00:03:30 --> Session: Class initialized using 'CodeIgniter\Session\Handlers\FileHandler' driver.
WARNING - 2023-10-08 00:03:30 --> Session: Sessions is enabled, and one exists.Please don't $session->start();
INFO - 2023-10-08 00:03:31 --> Session: Class initialized using 'CodeIgniter\Session\Handlers\FileHandler' driver.
WARNING - 2023-10-08 00:03:31 --> Session: Sessions is enabled, and one exists.Please don't $session->start();
INFO - 2023-10-08 00:03:31 --> Session: Class initialized using 'CodeIgniter\Session\Handlers\FileHandler' driver.
WARNING - 2023-10-08 00:03:31 --> Session: Sessions is enabled, and one exists.Please don't $session->start();
CRITICAL - 2023-10-08 00:03:31 --> Invalid argument supplied for foreach()
#0 /usr/local/var/www/simkkn/app/Controllers/Backend/Harian.php(99): CodeIgniter\Debug\Exceptions->errorHandler(2, 'Invalid argumen...', '/usr/local/var/...', 99, Array)
#1 /usr/local/var/www/simkkn/vendor/codeigniter4/framework/system/CodeIgniter.php(918): App\Controllers\Backend\Harian->form()
#2 /usr/local/var/www/simkkn/vendor/codeigniter4/framework/system/CodeIgniter.php(404): CodeIgniter\CodeIgniter->runController(Object(App\Controllers\Backend\Harian))
#3 /usr/local/var/www/simkkn/vendor/codeigniter4/framework/system/CodeIgniter.php(312): CodeIgniter\CodeIgniter->handleRequest(NULL, Object(Config\Cache), false)
#4 /usr/local/var/www/simkkn/public/index.php(45): CodeIgniter\CodeIgniter->run()
#5 /usr/local/var/www/simkkn/vendor/codeigniter4/framework/system/Commands/Server/rewrite.php(34): require_once('/usr/local/var/...')
#6 {main}
INFO - 2023-10-08 00:03:41 --> Session: Class initialized using 'CodeIgniter\Session\Handlers\FileHandler' driver.
WARNING - 2023-10-08 00:03:41 --> Session: Sessions is enabled, and one exists.Please don't $session->start();
INFO - 2023-10-08 00:03:42 --> Session: Class initialized using 'CodeIgniter\Session\Handlers\FileHandler' driver.
WARNING - 2023-10-08 00:03:42 --> Session: Sessions is enabled, and one exists.Please don't $session->start();
INFO - 2023-10-08 00:03:44 --> Session: Class initialized using 'CodeIgniter\Session\Handlers\FileHandler' driver.
WARNING - 2023-10-08 00:03:44 --> Session: Sessions is enabled, and one exists.Please don't $session->start();
CRITICAL - 2023-10-08 00:03:44 --> Invalid argument supplied for foreach()
#0 /usr/local/var/www/simkkn/app/Controllers/Backend/Harian.php(99): CodeIgniter\Debug\Exceptions->errorHandler(2, 'Invalid argumen...', '/usr/local/var/...', 99, Array)
#1 /usr/local/var/www/simkkn/vendor/codeigniter4/framework/system/CodeIgniter.php(918): App\Controllers\Backend\Harian->form()
#2 /usr/local/var/www/simkkn/vendor/codeigniter4/framework/system/CodeIgniter.php(404): CodeIgniter\CodeIgniter->runController(Object(App\Controllers\Backend\Harian))
#3 /usr/local/var/www/simkkn/vendor/codeigniter4/framework/system/CodeIgniter.php(312): CodeIgniter\CodeIgniter->handleRequest(NULL, Object(Config\Cache), false)
#4 /usr/local/var/www/simkkn/public/index.php(45): CodeIgniter\CodeIgniter->run()
#5 /usr/local/var/www/simkkn/vendor/codeigniter4/framework/system/Commands/Server/rewrite.php(34): require_once('/usr/local/var/...')
#6 {main}
INFO - 2023-10-08 00:04:39 --> Session: Class initialized using 'CodeIgniter\Session\Handlers\FileHandler' driver.
WARNING - 2023-10-08 00:04:39 --> Session: Sessions is enabled, and one exists.Please don't $session->start();
INFO - 2023-10-08 00:04:39 --> Session: Class initialized using 'CodeIgniter\Session\Handlers\FileHandler' driver.
WARNING - 2023-10-08 00:04:39 --> Session: Sessions is enabled, and one exists.Please don't $session->start();
INFO - 2023-10-08 00:04:45 --> Session: Class initialized using 'CodeIgniter\Session\Handlers\FileHandler' driver.
WARNING - 2023-10-08 00:04:45 --> Session: Sessions is enabled, and one exists.Please don't $session->start();
CRITICAL - 2023-10-08 00:04:45 --> Invalid argument supplied for foreach()
#0 /usr/local/var/www/simkkn/app/Controllers/Backend/Harian.php(99): CodeIgniter\Debug\Exceptions->errorHandler(2, 'Invalid argumen...', '/usr/local/var/...', 99, Array)
#1 /usr/local/var/www/simkkn/vendor/codeigniter4/framework/system/CodeIgniter.php(918): App\Controllers\Backend\Harian->form()
#2 /usr/local/var/www/simkkn/vendor/codeigniter4/framework/system/CodeIgniter.php(404): CodeIgniter\CodeIgniter->runController(Object(App\Controllers\Backend\Harian))
#3 /usr/local/var/www/simkkn/vendor/codeigniter4/framework/system/CodeIgniter.php(312): CodeIgniter\CodeIgniter->handleRequest(NULL, Object(Config\Cache), false)
#4 /usr/local/var/www/simkkn/public/index.php(45): CodeIgniter\CodeIgniter->run()
#5 /usr/local/var/www/simkkn/vendor/codeigniter4/framework/system/Commands/Server/rewrite.php(34): require_once('/usr/local/var/...')
#6 {main}
INFO - 2023-10-08 00:05:55 --> Session: Class initialized using 'CodeIgniter\Session\Handlers\FileHandler' driver.
WARNING - 2023-10-08 00:05:55 --> Session: Sessions is enabled, and one exists.Please don't $session->start();
INFO - 2023-10-08 00:05:56 --> Session: Class initialized using 'CodeIgniter\Session\Handlers\FileHandler' driver.
WARNING - 2023-10-08 00:05:56 --> Session: Sessions is enabled, and one exists.Please don't $session->start();
INFO - 2023-10-08 00:05:57 --> Session: Class initialized using 'CodeIgniter\Session\Handlers\FileHandler' driver.
WARNING - 2023-10-08 00:05:57 --> Session: Sessions is enabled, and one exists.Please don't $session->start();
CRITICAL - 2023-10-08 00:05:57 --> Too few arguments to function App\Models\Backend\HarianModel::getDosenKelompok(), 0 passed in /usr/local/var/www/simkkn/app/Controllers/Backend/Harian.php on line 98 and exactly 1 expected
#0 /usr/local/var/www/simkkn/app/Controllers/Backend/Harian.php(98): App\Models\Backend\HarianModel->getDosenKelompok()
#1 /usr/local/var/www/simkkn/vendor/codeigniter4/framework/system/CodeIgniter.php(918): App\Controllers\Backend\Harian->form()
#2 /usr/local/var/www/simkkn/vendor/codeigniter4/framework/system/CodeIgniter.php(404): CodeIgniter\CodeIgniter->runController(Object(App\Controllers\Backend\Harian))
#3 /usr/local/var/www/simkkn/vendor/codeigniter4/framework/system/CodeIgniter.php(312): CodeIgniter\CodeIgniter->handleRequest(NULL, Object(Config\Cache), false)
#4 /usr/local/var/www/simkkn/public/index.php(45): CodeIgniter\CodeIgniter->run()
#5 /usr/local/var/www/simkkn/vendor/codeigniter4/framework/system/Commands/Server/rewrite.php(34): require_once('/usr/local/var/...')
#6 {main}
INFO - 2023-10-08 00:06:17 --> Session: Class initialized using 'CodeIgniter\Session\Handlers\FileHandler' driver.
WARNING - 2023-10-08 00:06:17 --> Session: Sessions is enabled, and one exists.Please don't $session->start();
INFO - 2023-10-08 00:06:18 --> Session: Class initialized using 'CodeIgniter\Session\Handlers\FileHandler' driver.
WARNING - 2023-10-08 00:06:18 --> Session: Sessions is enabled, and one exists.Please don't $session->start();
INFO - 2023-10-08 00:06:18 --> Session: Class initialized using 'CodeIgniter\Session\Handlers\FileHandler' driver.
WARNING - 2023-10-08 00:06:18 --> Session: Sessions is enabled, and one exists.Please don't $session->start();
INFO - 2023-10-08 00:06:18 --> Session: Class initialized using 'CodeIgniter\Session\Handlers\FileHandler' driver.
WARNING - 2023-10-08 00:06:18 --> Session: Sessions is enabled, and one exists.Please don't $session->start();
INFO - 2023-10-08 00:11:41 --> Session: Class initialized using 'CodeIgniter\Session\Handlers\FileHandler' driver.
WARNING - 2023-10-08 00:11:41 --> Session: Sessions is enabled, and one exists.Please don't $session->start();
INFO - 2023-10-08 00:11:43 --> Session: Class initialized using 'CodeIgniter\Session\Handlers\FileHandler' driver.
WARNING - 2023-10-08 00:11:43 --> Session: Sessions is enabled, and one exists.Please don't $session->start();
INFO - 2023-10-08 00:13:18 --> Session: Class initialized using 'CodeIgniter\Session\Handlers\FileHandler' driver.
WARNING - 2023-10-08 00:13:18 --> Session: Sessions is enabled, and one exists.Please don't $session->start();
INFO - 2023-10-08 00:13:19 --> Session: Class initialized using 'CodeIgniter\Session\Handlers\FileHandler' driver.
WARNING - 2023-10-08 00:13:19 --> Session: Sessions is enabled, and one exists.Please don't $session->start();
INFO - 2023-10-08 00:13:19 --> Session: Class initialized using 'CodeIgniter\Session\Handlers\FileHandler' driver.
WARNING - 2023-10-08 00:13:19 --> Session: Sessions is enabled, and one exists.Please don't $session->start();
INFO - 2023-10-08 00:13:19 --> Session: Class initialized using 'CodeIgniter\Session\Handlers\FileHandler' driver.
WARNING - 2023-10-08 00:13:19 --> Session: Sessions is enabled, and one exists.Please don't $session->start();
INFO - 2023-10-08 00:13:27 --> Session: Class initialized using 'CodeIgniter\Session\Handlers\FileHandler' driver.
WARNING - 2023-10-08 00:13:27 --> Session: Sessions is enabled, and one exists.Please don't $session->start();
INFO - 2023-10-08 00:13:28 --> Session: Class initialized using 'CodeIgniter\Session\Handlers\FileHandler' driver.
WARNING - 2023-10-08 00:13:28 --> Session: Sessions is enabled, and one exists.Please don't $session->start();
INFO - 2023-10-08 00:13:29 --> Session: Class initialized using 'CodeIgniter\Session\Handlers\FileHandler' driver.
WARNING - 2023-10-08 00:13:29 --> Session: Sessions is enabled, and one exists.Please don't $session->start();
INFO - 2023-10-08 00:13:29 --> Session: Class initialized using 'CodeIgniter\Session\Handlers\FileHandler' driver.
WARNING - 2023-10-08 00:13:29 --> Session: Sessions is enabled, and one exists.Please don't $session->start();
INFO - 2023-10-08 00:13:59 --> Session: Class initialized using 'CodeIgniter\Session\Handlers\FileHandler' driver.
WARNING - 2023-10-08 00:13:59 --> Session: Sessions is enabled, and one exists.Please don't $session->start();
INFO - 2023-10-08 00:14:00 --> Session: Class initialized using 'CodeIgniter\Session\Handlers\FileHandler' driver.
WARNING - 2023-10-08 00:14:00 --> Session: Sessions is enabled, and one exists.Please don't $session->start();
INFO - 2023-10-08 00:14:01 --> Session: Class initialized using 'CodeIgniter\Session\Handlers\FileHandler' driver.
WARNING - 2023-10-08 00:14:01 --> Session: Sessions is enabled, and one exists.Please don't $session->start();
INFO - 2023-10-08 00:14:01 --> Session: Class initialized using 'CodeIgniter\Session\Handlers\FileHandler' driver.
WARNING - 2023-10-08 00:14:01 --> Session: Sessions is enabled, and one exists.Please don't $session->start();
INFO - 2023-10-08 00:15:33 --> Session: Class initialized using 'CodeIgniter\Session\Handlers\FileHandler' driver.
WARNING - 2023-10-08 00:15:33 --> Session: Sessions is enabled, and one exists.Please don't $session->start();
INFO - 2023-10-08 00:15:34 --> Session: Class initialized using 'CodeIgniter\Session\Handlers\FileHandler' driver.
WARNING - 2023-10-08 00:15:34 --> Session: Sessions is enabled, and one exists.Please don't $session->start();
INFO - 2023-10-08 00:15:35 --> Session: Class initialized using 'CodeIgniter\Session\Handlers\FileHandler' driver.
WARNING - 2023-10-08 00:15:35 --> Session: Sessions is enabled, and one exists.Please don't $session->start();
INFO - 2023-10-08 00:15:35 --> Session: Class initialized using 'CodeIgniter\Session\Handlers\FileHandler' driver.
WARNING - 2023-10-08 00:15:35 --> Session: Sessions is enabled, and one exists.Please don't $session->start();
INFO - 2023-10-08 00:18:07 --> Session: Class initialized using 'CodeIgniter\Session\Handlers\FileHandler' driver.
WARNING - 2023-10-08 00:18:07 --> Session: Sessions is enabled, and one exists.Please don't $session->start();
INFO - 2023-10-08 00:18:08 --> Session: Class initialized using 'CodeIgniter\Session\Handlers\FileHandler' driver.
WARNING - 2023-10-08 00:18:08 --> Session: Sessions is enabled, and one exists.Please don't $session->start();
INFO - 2023-10-08 00:18:10 --> Session: Class initialized using 'CodeIgniter\Session\Handlers\FileHandler' driver.
WARNING - 2023-10-08 00:18:10 --> Session: Sessions is enabled, and one exists.Please don't $session->start();
INFO - 2023-10-08 00:18:10 --> Session: Class initialized using 'CodeIgniter\Session\Handlers\FileHandler' driver.
WARNING - 2023-10-08 00:18:10 --> Session: Sessions is enabled, and one exists.Please don't $session->start();
INFO - 2023-10-08 00:18:24 --> Session: Class initialized using 'CodeIgniter\Session\Handlers\FileHandler' driver.
WARNING - 2023-10-08 00:18:24 --> Session: Sessions is enabled, and one exists.Please don't $session->start();
INFO - 2023-10-08 00:18:25 --> Session: Class initialized using 'CodeIgniter\Session\Handlers\FileHandler' driver.
WARNING - 2023-10-08 00:18:25 --> Session: Sessions is enabled, and one exists.Please don't $session->start();
INFO - 2023-10-08 00:18:26 --> Session: Class initialized using 'CodeIgniter\Session\Handlers\FileHandler' driver.
WARNING - 2023-10-08 00:18:26 --> Session: Sessions is enabled, and one exists.Please don't $session->start();
INFO - 2023-10-08 00:18:26 --> Session: Class initialized using 'CodeIgniter\Session\Handlers\FileHandler' driver.
WARNING - 2023-10-08 00:18:26 --> Session: Sessions is enabled, and one exists.Please don't $session->start();
INFO - 2023-10-08 00:18:46 --> Session: Class initialized using 'CodeIgniter\Session\Handlers\FileHandler' driver.
WARNING - 2023-10-08 00:18:46 --> Session: Sessions is enabled, and one exists.Please don't $session->start();
INFO - 2023-10-08 00:18:48 --> Session: Class initialized using 'CodeIgniter\Session\Handlers\FileHandler' driver.
WARNING - 2023-10-08 00:18:48 --> Session: Sessions is enabled, and one exists.Please don't $session->start();
INFO - 2023-10-08 00:18:48 --> Session: Class initialized using 'CodeIgniter\Session\Handlers\FileHandler' driver.
WARNING - 2023-10-08 00:18:48 --> Session: Sessions is enabled, and one exists.Please don't $session->start();
INFO - 2023-10-08 00:18:48 --> Session: Class initialized using 'CodeIgniter\Session\Handlers\FileHandler' driver.
WARNING - 2023-10-08 00:18:48 --> Session: Sessions is enabled, and one exists.Please don't $session->start();
INFO - 2023-10-08 00:20:07 --> Session: Class initialized using 'CodeIgniter\Session\Handlers\FileHandler' driver.
WARNING - 2023-10-08 00:20:07 --> Session: Sessions is enabled, and one exists.Please don't $session->start();
INFO - 2023-10-08 00:20:08 --> Session: Class initialized using 'CodeIgniter\Session\Handlers\FileHandler' driver.
WARNING - 2023-10-08 00:20:08 --> Session: Sessions is enabled, and one exists.Please don't $session->start();
INFO - 2023-10-08 00:20:09 --> Session: Class initialized using 'CodeIgniter\Session\Handlers\FileHandler' driver.
WARNING - 2023-10-08 00:20:09 --> Session: Sessions is enabled, and one exists.Please don't $session->start();
INFO - 2023-10-08 00:20:09 --> Session: Class initialized using 'CodeIgniter\Session\Handlers\FileHandler' driver.
WARNING - 2023-10-08 00:20:09 --> Session: Sessions is enabled, and one exists.Please don't $session->start();
INFO - 2023-10-08 00:20:19 --> Session: Class initialized using 'CodeIgniter\Session\Handlers\FileHandler' driver.
WARNING - 2023-10-08 00:20:19 --> Session: Sessions is enabled, and one exists.Please don't $session->start();
INFO - 2023-10-08 00:20:20 --> Session: Class initialized using 'CodeIgniter\Session\Handlers\FileHandler' driver.
WARNING - 2023-10-08 00:20:20 --> Session: Sessions is enabled, and one exists.Please don't $session->start();
INFO - 2023-10-08 00:20:21 --> Session: Class initialized using 'CodeIgniter\Session\Handlers\FileHandler' driver.
WARNING - 2023-10-08 00:20:21 --> Session: Sessions is enabled, and one exists.Please don't $session->start();
INFO - 2023-10-08 00:20:21 --> Session: Class initialized using 'CodeIgniter\Session\Handlers\FileHandler' driver.
WARNING - 2023-10-08 00:20:21 --> Session: Sessions is enabled, and one exists.Please don't $session->start();
INFO - 2023-10-08 00:21:00 --> Session: Class initialized using 'CodeIgniter\Session\Handlers\FileHandler' driver.
WARNING - 2023-10-08 00:21:00 --> Session: Sessions is enabled, and one exists.Please don't $session->start();
INFO - 2023-10-08 00:21:01 --> Session: Class initialized using 'CodeIgniter\Session\Handlers\FileHandler' driver.
WARNING - 2023-10-08 00:21:01 --> Session: Sessions is enabled, and one exists.Please don't $session->start();
INFO - 2023-10-08 00:21:03 --> Session: Class initialized using 'CodeIgniter\Session\Handlers\FileHandler' driver.
WARNING - 2023-10-08 00:21:03 --> Session: Sessions is enabled, and one exists.Please don't $session->start();
INFO - 2023-10-08 00:21:03 --> Session: Class initialized using 'CodeIgniter\Session\Handlers\FileHandler' driver.
WARNING - 2023-10-08 00:21:03 --> Session: Sessions is enabled, and one exists.Please don't $session->start();
INFO - 2023-10-08 00:21:33 --> Session: Class initialized using 'CodeIgniter\Session\Handlers\FileHandler' driver.
WARNING - 2023-10-08 00:21:33 --> Session: Sessions is enabled, and one exists.Please don't $session->start();
INFO - 2023-10-08 00:21:35 --> Session: Class initialized using 'CodeIgniter\Session\Handlers\FileHandler' driver.
WARNING - 2023-10-08 00:21:35 --> Session: Sessions is enabled, and one exists.Please don't $session->start();
INFO - 2023-10-08 00:21:35 --> Session: Class initialized using 'CodeIgniter\Session\Handlers\FileHandler' driver.
WARNING - 2023-10-08 00:21:35 --> Session: Sessions is enabled, and one exists.Please don't $session->start();
INFO - 2023-10-08 00:21:35 --> Session: Class initialized using 'CodeIgniter\Session\Handlers\FileHandler' driver.
WARNING - 2023-10-08 00:21:35 --> Session: Sessions is enabled, and one exists.Please don't $session->start();
INFO - 2023-10-08 00:21:47 --> Session: Class initialized using 'CodeIgniter\Session\Handlers\FileHandler' driver.
WARNING - 2023-10-08 00:21:47 --> Session: Sessions is enabled, and one exists.Please don't $session->start();
INFO - 2023-10-08 00:21:48 --> Session: Class initialized using 'CodeIgniter\Session\Handlers\FileHandler' driver.
WARNING - 2023-10-08 00:21:48 --> Session: Sessions is enabled, and one exists.Please don't $session->start();
INFO - 2023-10-08 00:21:48 --> Session: Class initialized using 'CodeIgniter\Session\Handlers\FileHandler' driver.
WARNING - 2023-10-08 00:21:48 --> Session: Sessions is enabled, and one exists.Please don't $session->start();
INFO - 2023-10-08 00:21:48 --> Session: Class initialized using 'CodeIgniter\Session\Handlers\FileHandler' driver.
WARNING - 2023-10-08 00:21:48 --> Session: Sessions is enabled, and one exists.Please don't $session->start();
INFO - 2023-10-08 00:23:39 --> Session: Class initialized using 'CodeIgniter\Session\Handlers\FileHandler' driver.
WARNING - 2023-10-08 00:23:39 --> Session: Sessions is enabled, and one exists.Please don't $session->start();
INFO - 2023-10-08 00:23:40 --> Session: Class initialized using 'CodeIgniter\Session\Handlers\FileHandler' driver.
WARNING - 2023-10-08 00:23:40 --> Session: Sessions is enabled, and one exists.Please don't $session->start();
INFO - 2023-10-08 00:23:41 --> Session: Class initialized using 'CodeIgniter\Session\Handlers\FileHandler' driver.
WARNING - 2023-10-08 00:23:41 --> Session: Sessions is enabled, and one exists.Please don't $session->start();
INFO - 2023-10-08 00:23:41 --> Session: Class initialized using 'CodeIgniter\Session\Handlers\FileHandler' driver.
WARNING - 2023-10-08 00:23:41 --> Session: Sessions is enabled, and one exists.Please don't $session->start();
INFO - 2023-10-08 00:23:52 --> Session: Class initialized using 'CodeIgniter\Session\Handlers\FileHandler' driver.
WARNING - 2023-10-08 00:23:52 --> Session: Sessions is enabled, and one exists.Please don't $session->start();
INFO - 2023-10-08 00:23:53 --> Session: Class initialized using 'CodeIgniter\Session\Handlers\FileHandler' driver.
WARNING - 2023-10-08 00:23:53 --> Session: Sessions is enabled, and one exists.Please don't $session->start();
INFO - 2023-10-08 00:23:54 --> Session: Class initialized using 'CodeIgniter\Session\Handlers\FileHandler' driver.
WARNING - 2023-10-08 00:23:54 --> Session: Sessions is enabled, and one exists.Please don't $session->start();
INFO - 2023-10-08 00:23:54 --> Session: Class initialized using 'CodeIgniter\Session\Handlers\FileHandler' driver.
WARNING - 2023-10-08 00:23:54 --> Session: Sessions is enabled, and one exists.Please don't $session->start();
INFO - 2023-10-08 00:24:05 --> Session: Class initialized using 'CodeIgniter\Session\Handlers\FileHandler' driver.
WARNING - 2023-10-08 00:24:05 --> Session: Sessions is enabled, and one exists.Please don't $session->start();
INFO - 2023-10-08 00:24:06 --> Session: Class initialized using 'CodeIgniter\Session\Handlers\FileHandler' driver.
WARNING - 2023-10-08 00:24:06 --> Session: Sessions is enabled, and one exists.Please don't $session->start();
INFO - 2023-10-08 00:24:06 --> Session: Class initialized using 'CodeIgniter\Session\Handlers\FileHandler' driver.
WARNING - 2023-10-08 00:24:06 --> Session: Sessions is enabled, and one exists.Please don't $session->start();
INFO - 2023-10-08 00:24:06 --> Session: Class initialized using 'CodeIgniter\Session\Handlers\FileHandler' driver.
WARNING - 2023-10-08 00:24:06 --> Session: Sessions is enabled, and one exists.Please don't $session->start();
INFO - 2023-10-08 00:24:11 --> Session: Class initialized using 'CodeIgniter\Session\Handlers\FileHandler' driver.
WARNING - 2023-10-08 00:24:11 --> Session: Sessions is enabled, and one exists.Please don't $session->start();
INFO - 2023-10-08 00:24:11 --> Session: Class initialized using 'CodeIgniter\Session\Handlers\FileHandler' driver.
WARNING - 2023-10-08 00:24:11 --> Session: Sessions is enabled, and one exists.Please don't $session->start();
INFO - 2023-10-08 00:24:26 --> Session: Class initialized using 'CodeIgniter\Session\Handlers\FileHandler' driver.
WARNING - 2023-10-08 00:24:26 --> Session: Sessions is enabled, and one exists.Please don't $session->start();
INFO - 2023-10-08 00:24:28 --> Session: Class initialized using 'CodeIgniter\Session\Handlers\FileHandler' driver.
INFO - 2023-10-08 00:24:31 --> Session: Class initialized using 'CodeIgniter\Session\Handlers\FileHandler' driver.
WARNING - 2023-10-08 00:24:31 --> Session: Sessions is enabled, and one exists.Please don't $session->start();
INFO - 2023-10-08 00:24:32 --> Session: Class initialized using 'CodeIgniter\Session\Handlers\FileHandler' driver.
WARNING - 2023-10-08 00:24:32 --> Session: Sessions is enabled, and one exists.Please don't $session->start();
INFO - 2023-10-08 00:24:33 --> Session: Class initialized using 'CodeIgniter\Session\Handlers\FileHandler' driver.
WARNING - 2023-10-08 00:24:33 --> Session: Sessions is enabled, and one exists.Please don't $session->start();
INFO - 2023-10-08 00:24:33 --> Session: Class initialized using 'CodeIgniter\Session\Handlers\FileHandler' driver.
WARNING - 2023-10-08 00:24:33 --> Session: Sessions is enabled, and one exists.Please don't $session->start();
INFO - 2023-10-08 00:54:32 --> Session: Class initialized using 'CodeIgniter\Session\Handlers\FileHandler' driver.
WARNING - 2023-10-08 00:54:32 --> Session: Sessions is enabled, and one exists.Please don't $session->start();
INFO - 2023-10-08 00:54:32 --> Session: Class initialized using 'CodeIgniter\Session\Handlers\FileHandler' driver.
WARNING - 2023-10-08 00:54:32 --> Session: Sessions is enabled, and one exists.Please don't $session->start();
INFO - 2023-10-08 01:24:33 --> Session: Class initialized using 'CodeIgniter\Session\Handlers\FileHandler' driver.
WARNING - 2023-10-08 01:24:33 --> Session: Sessions is enabled, and one exists.Please don't $session->start();
INFO - 2023-10-08 01:24:34 --> Session: Class initialized using 'CodeIgniter\Session\Handlers\FileHandler' driver.
WARNING - 2023-10-08 01:24:34 --> Session: Sessions is enabled, and one exists.Please don't $session->start();
INFO - 2023-10-08 08:31:26 --> Session: Class initialized using 'CodeIgniter\Session\Handlers\FileHandler' driver.
WARNING - 2023-10-08 08:31:26 --> Session: Sessions is enabled, and one exists.Please don't $session->start();
INFO - 2023-10-08 08:31:26 --> Session: Class initialized using 'CodeIgniter\Session\Handlers\FileHandler' driver.
WARNING - 2023-10-08 08:31:26 --> Session: Sessions is enabled, and one exists.Please don't $session->start();
INFO - 2023-10-08 11:57:44 --> Session: Class initialized using 'CodeIgniter\Session\Handlers\FileHandler' driver.
WARNING - 2023-10-08 11:57:44 --> Session: Sessions is enabled, and one exists.Please don't $session->start();
INFO - 2023-10-08 11:57:46 --> Session: Class initialized using 'CodeIgniter\Session\Handlers\FileHandler' driver.
WARNING - 2023-10-08 11:57:46 --> Session: Sessions is enabled, and one exists.Please don't $session->start();
INFO - 2023-10-08 11:58:03 --> Session: Class initialized using 'CodeIgniter\Session\Handlers\FileHandler' driver.
WARNING - 2023-10-08 11:58:03 --> Session: Sessions is enabled, and one exists.Please don't $session->start();
INFO - 2023-10-08 11:58:10 --> Session: Class initialized using 'CodeIgniter\Session\Handlers\FileHandler' driver.
WARNING - 2023-10-08 11:58:10 --> Session: Sessions is enabled, and one exists.Please don't $session->start();
INFO - 2023-10-08 11:58:15 --> Session: Class initialized using 'CodeIgniter\Session\Handlers\FileHandler' driver.
WARNING - 2023-10-08 11:58:15 --> Session: Sessions is enabled, and one exists.Please don't $session->start();
INFO - 2023-10-08 11:58:20 --> Session: Class initialized using 'CodeIgniter\Session\Handlers\FileHandler' driver.
WARNING - 2023-10-08 11:58:20 --> Session: Sessions is enabled, and one exists.Please don't $session->start();
INFO - 2023-10-08 11:58:21 --> Session: Class initialized using 'CodeIgniter\Session\Handlers\FileHandler' driver.
WARNING - 2023-10-08 11:58:21 --> Session: Sessions is enabled, and one exists.Please don't $session->start();
INFO - 2023-10-08 11:58:29 --> Session: Class initialized using 'CodeIgniter\Session\Handlers\FileHandler' driver.
WARNING - 2023-10-08 11:58:29 --> Session: Sessions is enabled, and one exists.Please don't $session->start();
INFO - 2023-10-08 11:58:31 --> Session: Class initialized using 'CodeIgniter\Session\Handlers\FileHandler' driver.
INFO - 2023-10-08 11:58:38 --> Session: Class initialized using 'CodeIgniter\Session\Handlers\FileHandler' driver.
WARNING - 2023-10-08 11:58:38 --> Session: Sessions is enabled, and one exists.Please don't $session->start();
INFO - 2023-10-08 11:58:39 --> Session: Class initialized using 'CodeIgniter\Session\Handlers\FileHandler' driver.
WARNING - 2023-10-08 11:58:39 --> Session: Sessions is enabled, and one exists.Please don't $session->start();
INFO - 2023-10-08 11:58:41 --> Session: Class initialized using 'CodeIgniter\Session\Handlers\FileHandler' driver.
WARNING - 2023-10-08 11:58:41 --> Session: Sessions is enabled, and one exists.Please don't $session->start();
INFO - 2023-10-08 11:58:41 --> Session: Class initialized using 'CodeIgniter\Session\Handlers\FileHandler' driver.
WARNING - 2023-10-08 11:58:41 --> Session: Sessions is enabled, and one exists.Please don't $session->start();
INFO - 2023-10-08 12:28:39 --> Session: Class initialized using 'CodeIgniter\Session\Handlers\FileHandler' driver.
WARNING - 2023-10-08 12:28:39 --> Session: Sessions is enabled, and one exists.Please don't $session->start();
INFO - 2023-10-08 12:28:40 --> Session: Class initialized using 'CodeIgniter\Session\Handlers\FileHandler' driver.
WARNING - 2023-10-08 12:28:40 --> Session: Sessions is enabled, and one exists.Please don't $session->start();
INFO - 2023-10-08 12:58:41 --> Session: Class initialized using 'CodeIgniter\Session\Handlers\FileHandler' driver.
WARNING - 2023-10-08 12:58:41 --> Session: Sessions is enabled, and one exists.Please don't $session->start();
INFO - 2023-10-08 12:58:41 --> Session: Class initialized using 'CodeIgniter\Session\Handlers\FileHandler' driver.
WARNING - 2023-10-08 12:58:41 --> Session: Sessions is enabled, and one exists.Please don't $session->start();
INFO - 2023-10-08 13:28:41 --> Session: Class initialized using 'CodeIgniter\Session\Handlers\FileHandler' driver.
WARNING - 2023-10-08 13:28:41 --> Session: Sessions is enabled, and one exists.Please don't $session->start();
INFO - 2023-10-08 13:28:42 --> Session: Class initialized using 'CodeIgniter\Session\Handlers\FileHandler' driver.
WARNING - 2023-10-08 13:28:42 --> Session: Sessions is enabled, and one exists.Please don't $session->start();
INFO - 2023-10-08 16:02:46 --> Session: Class initialized using 'CodeIgniter\Session\Handlers\FileHandler' driver.
WARNING - 2023-10-08 16:02:46 --> Session: Sessions is enabled, and one exists.Please don't $session->start();
INFO - 2023-10-08 16:02:46 --> Session: Class initialized using 'CodeIgniter\Session\Handlers\FileHandler' driver.
WARNING - 2023-10-08 16:02:46 --> Session: Sessions is enabled, and one exists.Please don't $session->start();
INFO - 2023-10-08 16:02:49 --> Session: Class initialized using 'CodeIgniter\Session\Handlers\FileHandler' driver.
WARNING - 2023-10-08 16:02:49 --> Session: Sessions is enabled, and one exists.Please don't $session->start();
INFO - 2023-10-08 16:04:15 --> Session: Class initialized using 'CodeIgniter\Session\Handlers\FileHandler' driver.
WARNING - 2023-10-08 16:04:15 --> Session: Sessions is enabled, and one exists.Please don't $session->start();
INFO - 2023-10-08 16:04:17 --> Session: Class initialized using 'CodeIgniter\Session\Handlers\FileHandler' driver.
WARNING - 2023-10-08 16:04:17 --> Session: Sessions is enabled, and one exists.Please don't $session->start();
INFO - 2023-10-08 16:04:19 --> Session: Class initialized using 'CodeIgniter\Session\Handlers\FileHandler' driver.
WARNING - 2023-10-08 16:04:19 --> Session: Sessions is enabled, and one exists.Please don't $session->start();
INFO - 2023-10-08 16:04:45 --> Session: Class initialized using 'CodeIgniter\Session\Handlers\FileHandler' driver.
WARNING - 2023-10-08 16:04:45 --> Session: Sessions is enabled, and one exists.Please don't $session->start();
INFO - 2023-10-08 16:10:44 --> Session: Class initialized using 'CodeIgniter\Session\Handlers\FileHandler' driver.
WARNING - 2023-10-08 16:10:44 --> Session: Sessions is enabled, and one exists.Please don't $session->start();
INFO - 2023-10-08 16:12:05 --> Session: Class initialized using 'CodeIgniter\Session\Handlers\FileHandler' driver.
WARNING - 2023-10-08 16:12:05 --> Session: Sessions is enabled, and one exists.Please don't $session->start();
INFO - 2023-10-08 16:12:45 --> Session: Class initialized using 'CodeIgniter\Session\Handlers\FileHandler' driver.
WARNING - 2023-10-08 16:12:45 --> Session: Sessions is enabled, and one exists.Please don't $session->start();
INFO - 2023-10-08 16:14:25 --> Session: Class initialized using 'CodeIgniter\Session\Handlers\FileHandler' driver.
WARNING - 2023-10-08 16:14:25 --> Session: Sessions is enabled, and one exists.Please don't $session->start();
INFO - 2023-10-08 16:16:01 --> Session: Class initialized using 'CodeIgniter\Session\Handlers\FileHandler' driver.
WARNING - 2023-10-08 16:16:01 --> Session: Sessions is enabled, and one exists.Please don't $session->start();
INFO - 2023-10-08 16:16:11 --> Session: Class initialized using 'CodeIgniter\Session\Handlers\FileHandler' driver.
WARNING - 2023-10-08 16:16:11 --> Session: Sessions is enabled, and one exists.Please don't $session->start();
INFO - 2023-10-08 16:19:38 --> Session: Class initialized using 'CodeIgniter\Session\Handlers\FileHandler' driver.
WARNING - 2023-10-08 16:19:38 --> Session: Sessions is enabled, and one exists.Please don't $session->start();
INFO - 2023-10-08 16:19:38 --> Session: Class initialized using 'CodeIgniter\Session\Handlers\FileHandler' driver.
WARNING - 2023-10-08 16:19:38 --> Session: Sessions is enabled, and one exists.Please don't $session->start();
INFO - 2023-10-08 16:19:47 --> Session: Class initialized using 'CodeIgniter\Session\Handlers\FileHandler' driver.
WARNING - 2023-10-08 16:19:47 --> Session: Sessions is enabled, and one exists.Please don't $session->start();
INFO - 2023-10-08 16:22:06 --> Session: Class initialized using 'CodeIgniter\Session\Handlers\FileHandler' driver.
WARNING - 2023-10-08 16:22:06 --> Session: Sessions is enabled, and one exists.Please don't $session->start();
INFO - 2023-10-08 16:23:40 --> Session: Class initialized using 'CodeIgniter\Session\Handlers\FileHandler' driver.
WARNING - 2023-10-08 16:23:40 --> Session: Sessions is enabled, and one exists.Please don't $session->start();
INFO - 2023-10-08 16:25:25 --> Session: Class initialized using 'CodeIgniter\Session\Handlers\FileHandler' driver.
WARNING - 2023-10-08 16:25:25 --> Session: Sessions is enabled, and one exists.Please don't $session->start();
INFO - 2023-10-08 16:25:44 --> Session: Class initialized using 'CodeIgniter\Session\Handlers\FileHandler' driver.
WARNING - 2023-10-08 16:25:44 --> Session: Sessions is enabled, and one exists.Please don't $session->start();
INFO - 2023-10-08 16:25:57 --> Session: Class initialized using 'CodeIgniter\Session\Handlers\FileHandler' driver.
WARNING - 2023-10-08 16:25:57 --> Session: Sessions is enabled, and one exists.Please don't $session->start();
INFO - 2023-10-08 16:27:12 --> Session: Class initialized using 'CodeIgniter\Session\Handlers\FileHandler' driver.
WARNING - 2023-10-08 16:27:12 --> Session: Sessions is enabled, and one exists.Please don't $session->start();
INFO - 2023-10-08 16:27:59 --> Session: Class initialized using 'CodeIgniter\Session\Handlers\FileHandler' driver.
WARNING - 2023-10-08 16:27:59 --> Session: Sessions is enabled, and one exists.Please don't $session->start();
INFO - 2023-10-08 16:34:24 --> Session: Class initialized using 'CodeIgniter\Session\Handlers\FileHandler' driver.
WARNING - 2023-10-08 16:34:24 --> Session: Sessions is enabled, and one exists.Please don't $session->start();
INFO - 2023-10-08 16:34:26 --> Session: Class initialized using 'CodeIgniter\Session\Handlers\FileHandler' driver.
WARNING - 2023-10-08 16:34:26 --> Session: Sessions is enabled, and one exists.Please don't $session->start();
INFO - 2023-10-08 16:34:27 --> Session: Class initialized using 'CodeIgniter\Session\Handlers\FileHandler' driver.
WARNING - 2023-10-08 16:34:27 --> Session: Sessions is enabled, and one exists.Please don't $session->start();
INFO - 2023-10-08 16:36:07 --> Session: Class initialized using 'CodeIgniter\Session\Handlers\FileHandler' driver.
WARNING - 2023-10-08 16:36:07 --> Session: Sessions is enabled, and one exists.Please don't $session->start();
INFO - 2023-10-08 16:37:57 --> Session: Class initialized using 'CodeIgniter\Session\Handlers\FileHandler' driver.
WARNING - 2023-10-08 16:37:57 --> Session: Sessions is enabled, and one exists.Please don't $session->start();
INFO - 2023-10-08 16:37:59 --> Session: Class initialized using 'CodeIgniter\Session\Handlers\FileHandler' driver.
WARNING - 2023-10-08 16:37:59 --> Session: Sessions is enabled, and one exists.Please don't $session->start();
INFO - 2023-10-08 16:38:01 --> Session: Class initialized using 'CodeIgniter\Session\Handlers\FileHandler' driver.
WARNING - 2023-10-08 16:38:01 --> Session: Sessions is enabled, and one exists.Please don't $session->start();
INFO - 2023-10-08 16:38:03 --> Session: Class initialized using 'CodeIgniter\Session\Handlers\FileHandler' driver.
WARNING - 2023-10-08 16:38:03 --> Session: Sessions is enabled, and one exists.Please don't $session->start();
INFO - 2023-10-08 16:38:05 --> Session: Class initialized using 'CodeIgniter\Session\Handlers\FileHandler' driver.
WARNING - 2023-10-08 16:38:05 --> Session: Sessions is enabled, and one exists.Please don't $session->start();
INFO - 2023-10-08 16:38:24 --> Session: Class initialized using 'CodeIgniter\Session\Handlers\FileHandler' driver.
WARNING - 2023-10-08 16:38:24 --> Session: Sessions is enabled, and one exists.Please don't $session->start();
INFO - 2023-10-08 16:38:26 --> Session: Class initialized using 'CodeIgniter\Session\Handlers\FileHandler' driver.
WARNING - 2023-10-08 16:38:26 --> Session: Sessions is enabled, and one exists.Please don't $session->start();
INFO - 2023-10-08 16:39:13 --> Session: Class initialized using 'CodeIgniter\Session\Handlers\FileHandler' driver.
WARNING - 2023-10-08 16:39:13 --> Session: Sessions is enabled, and one exists.Please don't $session->start();
INFO - 2023-10-08 16:39:14 --> Session: Class initialized using 'CodeIgniter\Session\Handlers\FileHandler' driver.
WARNING - 2023-10-08 16:39:14 --> Session: Sessions is enabled, and one exists.Please don't $session->start();
INFO - 2023-10-08 18:22:00 --> Session: Class initialized using 'CodeIgniter\Session\Handlers\FileHandler' driver.
WARNING - 2023-10-08 18:22:00 --> Session: Sessions is enabled, and one exists.Please don't $session->start();
INFO - 2023-10-08 18:22:41 --> Session: Class initialized using 'CodeIgniter\Session\Handlers\FileHandler' driver.
WARNING - 2023-10-08 18:22:41 --> Session: Sessions is enabled, and one exists.Please don't $session->start();
INFO - 2023-10-08 18:23:09 --> Session: Class initialized using 'CodeIgniter\Session\Handlers\FileHandler' driver.
WARNING - 2023-10-08 18:23:09 --> Session: Sessions is enabled, and one exists.Please don't $session->start();
INFO - 2023-10-08 18:24:52 --> Session: Class initialized using 'CodeIgniter\Session\Handlers\FileHandler' driver.
WARNING - 2023-10-08 18:24:52 --> Session: Sessions is enabled, and one exists.Please don't $session->start();
INFO - 2023-10-08 18:24:54 --> Session: Class initialized using 'CodeIgniter\Session\Handlers\FileHandler' driver.
WARNING - 2023-10-08 18:24:54 --> Session: Sessions is enabled, and one exists.Please don't $session->start();
INFO - 2023-10-08 18:25:24 --> Session: Class initialized using 'CodeIgniter\Session\Handlers\FileHandler' driver.
WARNING - 2023-10-08 18:25:24 --> Session: Sessions is enabled, and one exists.Please don't $session->start();
INFO - 2023-10-08 18:25:54 --> Session: Class initialized using 'CodeIgniter\Session\Handlers\FileHandler' driver.
WARNING - 2023-10-08 18:25:54 --> Session: Sessions is enabled, and one exists.Please don't $session->start();
INFO - 2023-10-08 18:29:24 --> Session: Class initialized using 'CodeIgniter\Session\Handlers\FileHandler' driver.
WARNING - 2023-10-08 18:29:24 --> Session: Sessions is enabled, and one exists.Please don't $session->start();
INFO - 2023-10-08 18:30:33 --> Session: Class initialized using 'CodeIgniter\Session\Handlers\FileHandler' driver.
WARNING - 2023-10-08 18:30:33 --> Session: Sessions is enabled, and one exists.Please don't $session->start();
INFO - 2023-10-08 18:31:01 --> Session: Class initialized using 'CodeIgniter\Session\Handlers\FileHandler' driver.
WARNING - 2023-10-08 18:31:01 --> Session: Sessions is enabled, and one exists.Please don't $session->start();
INFO - 2023-10-08 18:31:47 --> Session: Class initialized using 'CodeIgniter\Session\Handlers\FileHandler' driver.
WARNING - 2023-10-08 18:31:47 --> Session: Sessions is enabled, and one exists.Please don't $session->start();
INFO - 2023-10-08 18:32:28 --> Session: Class initialized using 'CodeIgniter\Session\Handlers\FileHandler' driver.
WARNING - 2023-10-08 18:32:28 --> Session: Sessions is enabled, and one exists.Please don't $session->start();
INFO - 2023-10-08 21:25:59 --> Session: Class initialized using 'CodeIgniter\Session\Handlers\FileHandler' driver.
WARNING - 2023-10-08 21:25:59 --> Session: Sessions is enabled, and one exists.Please don't $session->start();
INFO - 2023-10-08 21:26:05 --> Session: Class initialized using 'CodeIgniter\Session\Handlers\FileHandler' driver.
WARNING - 2023-10-08 21:26:05 --> Session: Sessions is enabled, and one exists.Please don't $session->start();
INFO - 2023-10-08 21:26:08 --> Session: Class initialized using 'CodeIgniter\Session\Handlers\FileHandler' driver.
WARNING - 2023-10-08 21:26:08 --> Session: Sessions is enabled, and one exists.Please don't $session->start();
INFO - 2023-10-08 21:26:32 --> Session: Class initialized using 'CodeIgniter\Session\Handlers\FileHandler' driver.
WARNING - 2023-10-08 21:26:32 --> Session: Sessions is enabled, and one exists.Please don't $session->start();
INFO - 2023-10-08 21:26:34 --> Session: Class initialized using 'CodeIgniter\Session\Handlers\FileHandler' driver.
WARNING - 2023-10-08 21:26:34 --> Session: Sessions is enabled, and one exists.Please don't $session->start();
INFO - 2023-10-08 21:26:44 --> Session: Class initialized using 'CodeIgniter\Session\Handlers\FileHandler' driver.
WARNING - 2023-10-08 21:26:44 --> Session: Sessions is enabled, and one exists.Please don't $session->start();
INFO - 2023-10-08 21:26:46 --> Session: Class initialized using 'CodeIgniter\Session\Handlers\FileHandler' driver.
WARNING - 2023-10-08 21:26:46 --> Session: Sessions is enabled, and one exists.Please don't $session->start();
INFO - 2023-10-08 21:26:51 --> Session: Class initialized using 'CodeIgniter\Session\Handlers\FileHandler' driver.
WARNING - 2023-10-08 21:26:51 --> Session: Sessions is enabled, and one exists.Please don't $session->start();
INFO - 2023-10-08 21:26:52 --> Session: Class initialized using 'CodeIgniter\Session\Handlers\FileHandler' driver.
WARNING - 2023-10-08 21:26:52 --> Session: Sessions is enabled, and one exists.Please don't $session->start();
INFO - 2023-10-08 21:26:53 --> Session: Class initialized using 'CodeIgniter\Session\Handlers\FileHandler' driver.
WARNING - 2023-10-08 21:26:53 --> Session: Sessions is enabled, and one exists.Please don't $session->start();
INFO - 2023-10-08 21:26:54 --> Session: Class initialized using 'CodeIgniter\Session\Handlers\FileHandler' driver.
WARNING - 2023-10-08 21:26:54 --> Session: Sessions is enabled, and one exists.Please don't $session->start();
INFO - 2023-10-08 21:26:55 --> Session: Class initialized using 'CodeIgniter\Session\Handlers\FileHandler' driver.
WARNING - 2023-10-08 21:26:55 --> Session: Sessions is enabled, and one exists.Please don't $session->start();
INFO - 2023-10-08 21:26:56 --> Session: Class initialized using 'CodeIgniter\Session\Handlers\FileHandler' driver.
WARNING - 2023-10-08 21:26:56 --> Session: Sessions is enabled, and one exists.Please don't $session->start();
INFO - 2023-10-08 21:26:58 --> Session: Class initialized using 'CodeIgniter\Session\Handlers\FileHandler' driver.
WARNING - 2023-10-08 21:26:58 --> Session: Sessions is enabled, and one exists.Please don't $session->start();
INFO - 2023-10-08 21:27:29 --> Session: Class initialized using 'CodeIgniter\Session\Handlers\FileHandler' driver.
WARNING - 2023-10-08 21:27:29 --> Session: Sessions is enabled, and one exists.Please don't $session->start();
INFO - 2023-10-08 21:27:31 --> Session: Class initialized using 'CodeIgniter\Session\Handlers\FileHandler' driver.
WARNING - 2023-10-08 21:27:31 --> Session: Sessions is enabled, and one exists.Please don't $session->start();
INFO - 2023-10-08 21:27:32 --> Session: Class initialized using 'CodeIgniter\Session\Handlers\FileHandler' driver.
WARNING - 2023-10-08 21:27:32 --> Session: Sessions is enabled, and one exists.Please don't $session->start();
INFO - 2023-10-08 21:27:50 --> Session: Class initialized using 'CodeIgniter\Session\Handlers\FileHandler' driver.
WARNING - 2023-10-08 21:27:50 --> Session: Sessions is enabled, and one exists.Please don't $session->start();
INFO - 2023-10-08 21:27:52 --> Session: Class initialized using 'CodeIgniter\Session\Handlers\FileHandler' driver.
WARNING - 2023-10-08 21:27:52 --> Session: Sessions is enabled, and one exists.Please don't $session->start();
INFO - 2023-10-08 21:27:53 --> Session: Class initialized using 'CodeIgniter\Session\Handlers\FileHandler' driver.
WARNING - 2023-10-08 21:27:53 --> Session: Sessions is enabled, and one exists.Please don't $session->start();
INFO - 2023-10-08 21:28:10 --> Session: Class initialized using 'CodeIgniter\Session\Handlers\FileHandler' driver.
WARNING - 2023-10-08 21:28:10 --> Session: Sessions is enabled, and one exists.Please don't $session->start();
INFO - 2023-10-08 21:28:11 --> Session: Class initialized using 'CodeIgniter\Session\Handlers\FileHandler' driver.
WARNING - 2023-10-08 21:28:11 --> Session: Sessions is enabled, and one exists.Please don't $session->start();
INFO - 2023-10-08 21:28:13 --> Session: Class initialized using 'CodeIgniter\Session\Handlers\FileHandler' driver.
WARNING - 2023-10-08 21:28:13 --> Session: Sessions is enabled, and one exists.Please don't $session->start();
INFO - 2023-10-08 21:28:14 --> Session: Class initialized using 'CodeIgniter\Session\Handlers\FileHandler' driver.
WARNING - 2023-10-08 21:28:14 --> Session: Sessions is enabled, and one exists.Please don't $session->start();
INFO - 2023-10-08 21:28:16 --> Session: Class initialized using 'CodeIgniter\Session\Handlers\FileHandler' driver.
WARNING - 2023-10-08 21:28:16 --> Session: Sessions is enabled, and one exists.Please don't $session->start();
INFO - 2023-10-08 21:28:17 --> Session: Class initialized using 'CodeIgniter\Session\Handlers\FileHandler' driver.
WARNING - 2023-10-08 21:28:17 --> Session: Sessions is enabled, and one exists.Please don't $session->start();
INFO - 2023-10-08 21:28:18 --> Session: Class initialized using 'CodeIgniter\Session\Handlers\FileHandler' driver.
WARNING - 2023-10-08 21:28:18 --> Session: Sessions is enabled, and one exists.Please don't $session->start();
INFO - 2023-10-08 21:28:19 --> Session: Class initialized using 'CodeIgniter\Session\Handlers\FileHandler' driver.
WARNING - 2023-10-08 21:28:19 --> Session: Sessions is enabled, and one exists.Please don't $session->start();
INFO - 2023-10-08 21:28:31 --> Session: Class initialized using 'CodeIgniter\Session\Handlers\FileHandler' driver.
WARNING - 2023-10-08 21:28:31 --> Session: Sessions is enabled, and one exists.Please don't $session->start();
INFO - 2023-10-08 21:28:38 --> Session: Class initialized using 'CodeIgniter\Session\Handlers\FileHandler' driver.
WARNING - 2023-10-08 21:28:38 --> Session: Sessions is enabled, and one exists.Please don't $session->start();
INFO - 2023-10-08 21:28:57 --> Session: Class initialized using 'CodeIgniter\Session\Handlers\FileHandler' driver.
WARNING - 2023-10-08 21:28:57 --> Session: Sessions is enabled, and one exists.Please don't $session->start();
INFO - 2023-10-08 21:29:00 --> Session: Class initialized using 'CodeIgniter\Session\Handlers\FileHandler' driver.
WARNING - 2023-10-08 21:29:00 --> Session: Sessions is enabled, and one exists.Please don't $session->start();
INFO - 2023-10-08 21:29:02 --> Session: Class initialized using 'CodeIgniter\Session\Handlers\FileHandler' driver.
WARNING - 2023-10-08 21:29:02 --> Session: Sessions is enabled, and one exists.Please don't $session->start();
INFO - 2023-10-08 21:29:18 --> Session: Class initialized using 'CodeIgniter\Session\Handlers\FileHandler' driver.
WARNING - 2023-10-08 21:29:18 --> Session: Sessions is enabled, and one exists.Please don't $session->start();
INFO - 2023-10-08 21:29:20 --> Session: Class initialized using 'CodeIgniter\Session\Handlers\FileHandler' driver.
WARNING - 2023-10-08 21:29:20 --> Session: Sessions is enabled, and one exists.Please don't $session->start();
INFO - 2023-10-08 21:29:35 --> Session: Class initialized using 'CodeIgniter\Session\Handlers\FileHandler' driver.
WARNING - 2023-10-08 21:29:35 --> Session: Sessions is enabled, and one exists.Please don't $session->start();
INFO - 2023-10-08 21:29:37 --> Session: Class initialized using 'CodeIgniter\Session\Handlers\FileHandler' driver.
WARNING - 2023-10-08 21:29:37 --> Session: Sessions is enabled, and one exists.Please don't $session->start();
INFO - 2023-10-08 21:29:38 --> Session: Class initialized using 'CodeIgniter\Session\Handlers\FileHandler' driver.
WARNING - 2023-10-08 21:29:38 --> Session: Sessions is enabled, and one exists.Please don't $session->start();
INFO - 2023-10-08 21:29:39 --> Session: Class initialized using 'CodeIgniter\Session\Handlers\FileHandler' driver.
WARNING - 2023-10-08 21:29:39 --> Session: Sessions is enabled, and one exists.Please don't $session->start();
INFO - 2023-10-08 21:29:39 --> Session: Class initialized using 'CodeIgniter\Session\Handlers\FileHandler' driver.
WARNING - 2023-10-08 21:29:39 --> Session: Sessions is enabled, and one exists.Please don't $session->start();
INFO - 2023-10-08 21:29:40 --> Session: Class initialized using 'CodeIgniter\Session\Handlers\FileHandler' driver.
WARNING - 2023-10-08 21:29:40 --> Session: Sessions is enabled, and one exists.Please don't $session->start();
INFO - 2023-10-08 21:29:41 --> Session: Class initialized using 'CodeIgniter\Session\Handlers\FileHandler' driver.
WARNING - 2023-10-08 21:29:41 --> Session: Sessions is enabled, and one exists.Please don't $session->start();
INFO - 2023-10-08 21:29:43 --> Session: Class initialized using 'CodeIgniter\Session\Handlers\FileHandler' driver.
WARNING - 2023-10-08 21:29:43 --> Session: Sessions is enabled, and one exists.Please don't $session->start();
INFO - 2023-10-08 21:29:43 --> Session: Class initialized using 'CodeIgniter\Session\Handlers\FileHandler' driver.
WARNING - 2023-10-08 21:29:43 --> Session: Sessions is enabled, and one exists.Please don't $session->start();
INFO - 2023-10-08 21:29:44 --> Session: Class initialized using 'CodeIgniter\Session\Handlers\FileHandler' driver.
WARNING - 2023-10-08 21:29:44 --> Session: Sessions is enabled, and one exists.Please don't $session->start();
INFO - 2023-10-08 21:29:45 --> Session: Class initialized using 'CodeIgniter\Session\Handlers\FileHandler' driver.
WARNING - 2023-10-08 21:29:45 --> Session: Sessions is enabled, and one exists.Please don't $session->start();
INFO - 2023-10-08 21:29:46 --> Session: Class initialized using 'CodeIgniter\Session\Handlers\FileHandler' driver.
WARNING - 2023-10-08 21:29:46 --> Session: Sessions is enabled, and one exists.Please don't $session->start();
INFO - 2023-10-08 21:29:46 --> Session: Class initialized using 'CodeIgniter\Session\Handlers\FileHandler' driver.
WARNING - 2023-10-08 21:29:46 --> Session: Sessions is enabled, and one exists.Please don't $session->start();
INFO - 2023-10-08 21:29:47 --> Session: Class initialized using 'CodeIgniter\Session\Handlers\FileHandler' driver.
WARNING - 2023-10-08 21:29:47 --> Session: Sessions is enabled, and one exists.Please don't $session->start();
INFO - 2023-10-08 21:29:48 --> Session: Class initialized using 'CodeIgniter\Session\Handlers\FileHandler' driver.
WARNING - 2023-10-08 21:29:48 --> Session: Sessions is enabled, and one exists.Please don't $session->start();
INFO - 2023-10-08 21:32:47 --> Session: Class initialized using 'CodeIgniter\Session\Handlers\FileHandler' driver.
WARNING - 2023-10-08 21:32:47 --> Session: Sessions is enabled, and one exists.Please don't $session->start();
INFO - 2023-10-08 21:32:49 --> Session: Class initialized using 'CodeIgniter\Session\Handlers\FileHandler' driver.
WARNING - 2023-10-08 21:32:49 --> Session: Sessions is enabled, and one exists.Please don't $session->start();
INFO - 2023-10-08 21:32:50 --> Session: Class initialized using 'CodeIgniter\Session\Handlers\FileHandler' driver.
WARNING - 2023-10-08 21:32:50 --> Session: Sessions is enabled, and one exists.Please don't $session->start();
INFO - 2023-10-08 21:32:52 --> Session: Class initialized using 'CodeIgniter\Session\Handlers\FileHandler' driver.
WARNING - 2023-10-08 21:32:52 --> Session: Sessions is enabled, and one exists.Please don't $session->start();
INFO - 2023-10-08 21:34:03 --> Session: Class initialized using 'CodeIgniter\Session\Handlers\FileHandler' driver.
WARNING - 2023-10-08 21:34:03 --> Session: Sessions is enabled, and one exists.Please don't $session->start();
INFO - 2023-10-08 21:34:05 --> Session: Class initialized using 'CodeIgniter\Session\Handlers\FileHandler' driver.
WARNING - 2023-10-08 21:34:05 --> Session: Sessions is enabled, and one exists.Please don't $session->start();
INFO - 2023-10-08 21:34:06 --> Session: Class initialized using 'CodeIgniter\Session\Handlers\FileHandler' driver.
WARNING - 2023-10-08 21:34:06 --> Session: Sessions is enabled, and one exists.Please don't $session->start();
INFO - 2023-10-08 21:34:07 --> Session: Class initialized using 'CodeIgniter\Session\Handlers\FileHandler' driver.
WARNING - 2023-10-08 21:34:07 --> Session: Sessions is enabled, and one exists.Please don't $session->start();
INFO - 2023-10-08 21:34:57 --> Session: Class initialized using 'CodeIgniter\Session\Handlers\FileHandler' driver.
WARNING - 2023-10-08 21:34:57 --> Session: Sessions is enabled, and one exists.Please don't $session->start();
INFO - 2023-10-08 21:34:58 --> Session: Class initialized using 'CodeIgniter\Session\Handlers\FileHandler' driver.
WARNING - 2023-10-08 21:34:58 --> Session: Sessions is enabled, and one exists.Please don't $session->start();
INFO - 2023-10-08 21:35:10 --> Session: Class initialized using 'CodeIgniter\Session\Handlers\FileHandler' driver.
WARNING - 2023-10-08 21:35:10 --> Session: Sessions is enabled, and one exists.Please don't $session->start();
INFO - 2023-10-08 21:35:11 --> Session: Class initialized using 'CodeIgniter\Session\Handlers\FileHandler' driver.
WARNING - 2023-10-08 21:35:11 --> Session: Sessions is enabled, and one exists.Please don't $session->start();
INFO - 2023-10-08 21:35:13 --> Session: Class initialized using 'CodeIgniter\Session\Handlers\FileHandler' driver.
WARNING - 2023-10-08 21:35:13 --> Session: Sessions is enabled, and one exists.Please don't $session->start();
INFO - 2023-10-08 21:35:19 --> Session: Class initialized using 'CodeIgniter\Session\Handlers\FileHandler' driver.
WARNING - 2023-10-08 21:35:19 --> Session: Sessions is enabled, and one exists.Please don't $session->start();
INFO - 2023-10-08 21:35:36 --> Session: Class initialized using 'CodeIgniter\Session\Handlers\FileHandler' driver.
WARNING - 2023-10-08 21:35:36 --> Session: Sessions is enabled, and one exists.Please don't $session->start();
INFO - 2023-10-08 21:35:37 --> Session: Class initialized using 'CodeIgniter\Session\Handlers\FileHandler' driver.
WARNING - 2023-10-08 21:35:37 --> Session: Sessions is enabled, and one exists.Please don't $session->start();
INFO - 2023-10-08 21:35:54 --> Session: Class initialized using 'CodeIgniter\Session\Handlers\FileHandler' driver.
WARNING - 2023-10-08 21:35:54 --> Session: Sessions is enabled, and one exists.Please don't $session->start();
INFO - 2023-10-08 21:35:56 --> Session: Class initialized using 'CodeIgniter\Session\Handlers\FileHandler' driver.
WARNING - 2023-10-08 21:35:56 --> Session: Sessions is enabled, and one exists.Please don't $session->start();
INFO - 2023-10-08 21:35:57 --> Session: Class initialized using 'CodeIgniter\Session\Handlers\FileHandler' driver.
WARNING - 2023-10-08 21:35:57 --> Session: Sessions is enabled, and one exists.Please don't $session->start();
INFO - 2023-10-08 21:35:58 --> Session: Class initialized using 'CodeIgniter\Session\Handlers\FileHandler' driver.
WARNING - 2023-10-08 21:35:58 --> Session: Sessions is enabled, and one exists.Please don't $session->start();
INFO - 2023-10-08 21:35:59 --> Session: Class initialized using 'CodeIgniter\Session\Handlers\FileHandler' driver.
WARNING - 2023-10-08 21:35:59 --> Session: Sessions is enabled, and one exists.Please don't $session->start();
INFO - 2023-10-08 21:36:13 --> Session: Class initialized using 'CodeIgniter\Session\Handlers\FileHandler' driver.
WARNING - 2023-10-08 21:36:13 --> Session: Sessions is enabled, and one exists.Please don't $session->start();
INFO - 2023-10-08 21:36:15 --> Session: Class initialized using 'CodeIgniter\Session\Handlers\FileHandler' driver.
WARNING - 2023-10-08 21:36:15 --> Session: Sessions is enabled, and one exists.Please don't $session->start();
INFO - 2023-10-08 21:36:16 --> Session: Class initialized using 'CodeIgniter\Session\Handlers\FileHandler' driver.
WARNING - 2023-10-08 21:36:16 --> Session: Sessions is enabled, and one exists.Please don't $session->start();
INFO - 2023-10-08 21:36:17 --> Session: Class initialized using 'CodeIgniter\Session\Handlers\FileHandler' driver.
WARNING - 2023-10-08 21:36:17 --> Session: Sessions is enabled, and one exists.Please don't $session->start();
INFO - 2023-10-08 21:36:18 --> Session: Class initialized using 'CodeIgniter\Session\Handlers\FileHandler' driver.
WARNING - 2023-10-08 21:36:18 --> Session: Sessions is enabled, and one exists.Please don't $session->start();
INFO - 2023-10-08 21:36:19 --> Session: Class initialized using 'CodeIgniter\Session\Handlers\FileHandler' driver.
WARNING - 2023-10-08 21:36:19 --> Session: Sessions is enabled, and one exists.Please don't $session->start();
INFO - 2023-10-08 21:36:21 --> Session: Class initialized using 'CodeIgniter\Session\Handlers\FileHandler' driver.
WARNING - 2023-10-08 21:36:21 --> Session: Sessions is enabled, and one exists.Please don't $session->start();
INFO - 2023-10-08 21:36:22 --> Session: Class initialized using 'CodeIgniter\Session\Handlers\FileHandler' driver.
WARNING - 2023-10-08 21:36:22 --> Session: Sessions is enabled, and one exists.Please don't $session->start();
INFO - 2023-10-08 21:36:46 --> Session: Class initialized using 'CodeIgniter\Session\Handlers\FileHandler' driver.
WARNING - 2023-10-08 21:36:46 --> Session: Sessions is enabled, and one exists.Please don't $session->start();
INFO - 2023-10-08 21:37:24 --> Session: Class initialized using 'CodeIgniter\Session\Handlers\FileHandler' driver.
WARNING - 2023-10-08 21:37:24 --> Session: Sessions is enabled, and one exists.Please don't $session->start();
INFO - 2023-10-08 21:37:26 --> Session: Class initialized using 'CodeIgniter\Session\Handlers\FileHandler' driver.
WARNING - 2023-10-08 21:37:26 --> Session: Sessions is enabled, and one exists.Please don't $session->start();
INFO - 2023-10-08 21:37:27 --> Session: Class initialized using 'CodeIgniter\Session\Handlers\FileHandler' driver.
WARNING - 2023-10-08 21:37:27 --> Session: Sessions is enabled, and one exists.Please don't $session->start();
INFO - 2023-10-08 21:37:28 --> Session: Class initialized using 'CodeIgniter\Session\Handlers\FileHandler' driver.
WARNING - 2023-10-08 21:37:28 --> Session: Sessions is enabled, and one exists.Please don't $session->start();
INFO - 2023-10-08 21:37:32 --> Session: Class initialized using 'CodeIgniter\Session\Handlers\FileHandler' driver.
WARNING - 2023-10-08 21:37:32 --> Session: Sessions is enabled, and one exists.Please don't $session->start();
INFO - 2023-10-08 21:37:34 --> Session: Class initialized using 'CodeIgniter\Session\Handlers\FileHandler' driver.
WARNING - 2023-10-08 21:37:34 --> Session: Sessions is enabled, and one exists.Please don't $session->start();
INFO - 2023-10-08 21:37:42 --> Session: Class initialized using 'CodeIgniter\Session\Handlers\FileHandler' driver.
WARNING - 2023-10-08 21:37:42 --> Session: Sessions is enabled, and one exists.Please don't $session->start();
INFO - 2023-10-08 21:37:44 --> Session: Class initialized using 'CodeIgniter\Session\Handlers\FileHandler' driver.
WARNING - 2023-10-08 21:37:44 --> Session: Sessions is enabled, and one exists.Please don't $session->start();
INFO - 2023-10-08 21:37:45 --> Session: Class initialized using 'CodeIgniter\Session\Handlers\FileHandler' driver.
WARNING - 2023-10-08 21:37:45 --> Session: Sessions is enabled, and one exists.Please don't $session->start();
INFO - 2023-10-08 21:37:45 --> Session: Class initialized using 'CodeIgniter\Session\Handlers\FileHandler' driver.
WARNING - 2023-10-08 21:37:45 --> Session: Sessions is enabled, and one exists.Please don't $session->start();
INFO - 2023-10-08 21:37:46 --> Session: Class initialized using 'CodeIgniter\Session\Handlers\FileHandler' driver.
WARNING - 2023-10-08 21:37:46 --> Session: Sessions is enabled, and one exists.Please don't $session->start();
INFO - 2023-10-08 21:37:47 --> Session: Class initialized using 'CodeIgniter\Session\Handlers\FileHandler' driver.
WARNING - 2023-10-08 21:37:47 --> Session: Sessions is enabled, and one exists.Please don't $session->start();
INFO - 2023-10-08 21:37:54 --> Session: Class initialized using 'CodeIgniter\Session\Handlers\FileHandler' driver.
WARNING - 2023-10-08 21:37:54 --> Session: Sessions is enabled, and one exists.Please don't $session->start();
INFO - 2023-10-08 21:37:56 --> Session: Class initialized using 'CodeIgniter\Session\Handlers\FileHandler' driver.
WARNING - 2023-10-08 21:37:56 --> Session: Sessions is enabled, and one exists.Please don't $session->start();
INFO - 2023-10-08 21:37:57 --> Session: Class initialized using 'CodeIgniter\Session\Handlers\FileHandler' driver.
WARNING - 2023-10-08 21:37:57 --> Session: Sessions is enabled, and one exists.Please don't $session->start();
INFO - 2023-10-08 21:37:58 --> Session: Class initialized using 'CodeIgniter\Session\Handlers\FileHandler' driver.
WARNING - 2023-10-08 21:37:58 --> Session: Sessions is enabled, and one exists.Please don't $session->start();
INFO - 2023-10-08 21:38:04 --> Session: Class initialized using 'CodeIgniter\Session\Handlers\FileHandler' driver.
WARNING - 2023-10-08 21:38:04 --> Session: Sessions is enabled, and one exists.Please don't $session->start();
INFO - 2023-10-08 21:38:05 --> Session: Class initialized using 'CodeIgniter\Session\Handlers\FileHandler' driver.
WARNING - 2023-10-08 21:38:05 --> Session: Sessions is enabled, and one exists.Please don't $session->start();
INFO - 2023-10-08 21:38:06 --> Session: Class initialized using 'CodeIgniter\Session\Handlers\FileHandler' driver.
WARNING - 2023-10-08 21:38:06 --> Session: Sessions is enabled, and one exists.Please don't $session->start();
INFO - 2023-10-08 21:38:07 --> Session: Class initialized using 'CodeIgniter\Session\Handlers\FileHandler' driver.
WARNING - 2023-10-08 21:38:07 --> Session: Sessions is enabled, and one exists.Please don't $session->start();
INFO - 2023-10-08 21:38:08 --> Session: Class initialized using 'CodeIgniter\Session\Handlers\FileHandler' driver.
WARNING - 2023-10-08 21:38:08 --> Session: Sessions is enabled, and one exists.Please don't $session->start();
INFO - 2023-10-08 21:38:10 --> Session: Class initialized using 'CodeIgniter\Session\Handlers\FileHandler' driver.
WARNING - 2023-10-08 21:38:10 --> Session: Sessions is enabled, and one exists.Please don't $session->start();
INFO - 2023-10-08 21:44:47 --> Session: Class initialized using 'CodeIgniter\Session\Handlers\FileHandler' driver.
WARNING - 2023-10-08 21:44:47 --> Session: Sessions is enabled, and one exists.Please don't $session->start();
INFO - 2023-10-08 21:44:48 --> Session: Class initialized using 'CodeIgniter\Session\Handlers\FileHandler' driver.
WARNING - 2023-10-08 21:44:48 --> Session: Sessions is enabled, and one exists.Please don't $session->start();
INFO - 2023-10-08 21:44:56 --> Session: Class initialized using 'CodeIgniter\Session\Handlers\FileHandler' driver.
WARNING - 2023-10-08 21:44:56 --> Session: Sessions is enabled, and one exists.Please don't $session->start();
INFO - 2023-10-08 21:45:59 --> Session: Class initialized using 'CodeIgniter\Session\Handlers\FileHandler' driver.
WARNING - 2023-10-08 21:45:59 --> Session: Sessions is enabled, and one exists.Please don't $session->start();
INFO - 2023-10-08 21:46:45 --> Session: Class initialized using 'CodeIgniter\Session\Handlers\FileHandler' driver.
WARNING - 2023-10-08 21:46:45 --> Session: Sessions is enabled, and one exists.Please don't $session->start();
INFO - 2023-10-08 21:49:13 --> Session: Class initialized using 'CodeIgniter\Session\Handlers\FileHandler' driver.
WARNING - 2023-10-08 21:49:13 --> Session: Sessions is enabled, and one exists.Please don't $session->start();
INFO - 2023-10-08 21:49:45 --> Session: Class initialized using 'CodeIgniter\Session\Handlers\FileHandler' driver.
WARNING - 2023-10-08 21:49:45 --> Session: Sessions is enabled, and one exists.Please don't $session->start();
INFO - 2023-10-08 21:49:45 --> Session: Class initialized using 'CodeIgniter\Session\Handlers\FileHandler' driver.
WARNING - 2023-10-08 21:49:45 --> Session: Sessions is enabled, and one exists.Please don't $session->start();
INFO - 2023-10-08 22:03:30 --> Session: Class initialized using 'CodeIgniter\Session\Handlers\FileHandler' driver.
WARNING - 2023-10-08 22:03:30 --> Session: Sessions is enabled, and one exists.Please don't $session->start();
INFO - 2023-10-08 22:04:24 --> Session: Class initialized using 'CodeIgniter\Session\Handlers\FileHandler' driver.
WARNING - 2023-10-08 22:04:24 --> Session: Sessions is enabled, and one exists.Please don't $session->start();
INFO - 2023-10-08 22:04:34 --> Session: Class initialized using 'CodeIgniter\Session\Handlers\FileHandler' driver.
WARNING - 2023-10-08 22:04:34 --> Session: Sessions is enabled, and one exists.Please don't $session->start();
INFO - 2023-10-08 22:04:43 --> Session: Class initialized using 'CodeIgniter\Session\Handlers\FileHandler' driver.
WARNING - 2023-10-08 22:04:43 --> Session: Sessions is enabled, and one exists.Please don't $session->start();
INFO - 2023-10-08 22:16:49 --> Session: Class initialized using 'CodeIgniter\Session\Handlers\FileHandler' driver.
WARNING - 2023-10-08 22:16:49 --> Session: Sessions is enabled, and one exists.Please don't $session->start();
INFO - 2023-10-08 22:16:53 --> Session: Class initialized using 'CodeIgniter\Session\Handlers\FileHandler' driver.
WARNING - 2023-10-08 22:16:53 --> Session: Sessions is enabled, and one exists.Please don't $session->start();
INFO - 2023-10-08 22:17:43 --> Session: Class initialized using 'CodeIgniter\Session\Handlers\FileHandler' driver.
WARNING - 2023-10-08 22:17:43 --> Session: Sessions is enabled, and one exists.Please don't $session->start();
INFO - 2023-10-08 22:18:25 --> Session: Class initialized using 'CodeIgniter\Session\Handlers\FileHandler' driver.
WARNING - 2023-10-08 22:18:25 --> Session: Sessions is enabled, and one exists.Please don't $session->start();
INFO - 2023-10-08 22:19:49 --> Session: Class initialized using 'CodeIgniter\Session\Handlers\FileHandler' driver.
WARNING - 2023-10-08 22:19:49 --> Session: Sessions is enabled, and one exists.Please don't $session->start();
INFO - 2023-10-08 22:19:54 --> Session: Class initialized using 'CodeIgniter\Session\Handlers\FileHandler' driver.
WARNING - 2023-10-08 22:19:54 --> Session: Sessions is enabled, and one exists.Please don't $session->start();
INFO - 2023-10-08 22:21:27 --> Session: Class initialized using 'CodeIgniter\Session\Handlers\FileHandler' driver.
WARNING - 2023-10-08 22:21:27 --> Session: Sessions is enabled, and one exists.Please don't $session->start();
INFO - 2023-10-08 22:21:45 --> Session: Class initialized using 'CodeIgniter\Session\Handlers\FileHandler' driver.
WARNING - 2023-10-08 22:21:45 --> Session: Sessions is enabled, and one exists.Please don't $session->start();
INFO - 2023-10-08 22:22:26 --> Session: Class initialized using 'CodeIgniter\Session\Handlers\FileHandler' driver.
WARNING - 2023-10-08 22:22:26 --> Session: Sessions is enabled, and one exists.Please don't $session->start();
INFO - 2023-10-08 22:22:29 --> Session: Class initialized using 'CodeIgniter\Session\Handlers\FileHandler' driver.
WARNING - 2023-10-08 22:22:29 --> Session: Sessions is enabled, and one exists.Please don't $session->start();
INFO - 2023-10-08 22:22:52 --> Session: Class initialized using 'CodeIgniter\Session\Handlers\FileHandler' driver.
WARNING - 2023-10-08 22:22:52 --> Session: Sessions is enabled, and one exists.Please don't $session->start();
CRITICAL - 2023-10-08 22:22:52 --> Call to a member function getRandomName() on null
#0 /usr/local/var/www/simkkn/vendor/codeigniter4/framework/system/CodeIgniter.php(918): App\Controllers\Backend\Daftar->insert_data()
#1 /usr/local/var/www/simkkn/vendor/codeigniter4/framework/system/CodeIgniter.php(404): CodeIgniter\CodeIgniter->runController(Object(App\Controllers\Backend\Daftar))
#2 /usr/local/var/www/simkkn/vendor/codeigniter4/framework/system/CodeIgniter.php(312): CodeIgniter\CodeIgniter->handleRequest(NULL, Object(Config\Cache), false)
#3 /usr/local/var/www/simkkn/public/index.php(45): CodeIgniter\CodeIgniter->run()
#4 /usr/local/var/www/simkkn/vendor/codeigniter4/framework/system/Commands/Server/rewrite.php(34): require_once('/usr/local/var/...')
#5 {main}
INFO - 2023-10-08 22:22:52 --> Session: Class initialized using 'CodeIgniter\Session\Handlers\FileHandler' driver.
WARNING - 2023-10-08 22:22:52 --> Session: Sessions is enabled, and one exists.Please don't $session->start();
INFO - 2023-10-08 23:51:54 --> Session: Class initialized using 'CodeIgniter\Session\Handlers\FileHandler' driver.
WARNING - 2023-10-08 23:51:54 --> Session: Sessions is enabled, and one exists.Please don't $session->start();
INFO - 2023-10-08 23:52:16 --> Session: Class initialized using 'CodeIgniter\Session\Handlers\FileHandler' driver.
WARNING - 2023-10-08 23:52:16 --> Session: Sessions is enabled, and one exists.Please don't $session->start();
INFO - 2023-10-08 23:53:29 --> Session: Class initialized using 'CodeIgniter\Session\Handlers\FileHandler' driver.
WARNING - 2023-10-08 23:53:29 --> Session: Sessions is enabled, and one exists.Please don't $session->start();
INFO - 2023-10-08 23:54:13 --> Session: Class initialized using 'CodeIgniter\Session\Handlers\FileHandler' driver.
WARNING - 2023-10-08 23:54:13 --> Session: Sessions is enabled, and one exists.Please don't $session->start();
INFO - 2023-10-08 23:56:50 --> Session: Class initialized using 'CodeIgniter\Session\Handlers\FileHandler' driver.
WARNING - 2023-10-08 23:56:50 --> Session: Sessions is enabled, and one exists.Please don't $session->start();
INFO - 2023-10-08 23:57:24 --> Session: Class initialized using 'CodeIgniter\Session\Handlers\FileHandler' driver.
WARNING - 2023-10-08 23:57:24 --> Session: Sessions is enabled, and one exists.Please don't $session->start();
