INFO - 2023-07-29 00:10:18 --> Session: Class initialized using 'CodeIgniter\Session\Handlers\FileHandler' driver.
WARNING - 2023-07-29 00:10:18 --> Session: Sessions is enabled, and one exists.Please don't $session->start();
INFO - 2023-07-29 00:10:20 --> Session: Class initialized using 'CodeIgniter\Session\Handlers\FileHandler' driver.
WARNING - 2023-07-29 00:10:20 --> Session: Sessions is enabled, and one exists.Please don't $session->start();
INFO - 2023-07-29 00:40:20 --> Session: Class initialized using 'CodeIgniter\Session\Handlers\FileHandler' driver.
WARNING - 2023-07-29 00:40:20 --> Session: Sessions is enabled, and one exists.Please don't $session->start();
INFO - 2023-07-29 00:40:21 --> Session: Class initialized using 'CodeIgniter\Session\Handlers\FileHandler' driver.
WARNING - 2023-07-29 00:40:21 --> Session: Sessions is enabled, and one exists.Please don't $session->start();
INFO - 2023-07-29 01:10:21 --> Session: Class initialized using 'CodeIgniter\Session\Handlers\FileHandler' driver.
WARNING - 2023-07-29 01:10:21 --> Session: Sessions is enabled, and one exists.Please don't $session->start();
INFO - 2023-07-29 01:10:22 --> Session: Class initialized using 'CodeIgniter\Session\Handlers\FileHandler' driver.
WARNING - 2023-07-29 01:10:22 --> Session: Sessions is enabled, and one exists.Please don't $session->start();
INFO - 2023-07-29 01:40:23 --> Session: Class initialized using 'CodeIgniter\Session\Handlers\FileHandler' driver.
WARNING - 2023-07-29 01:40:23 --> Session: Sessions is enabled, and one exists.Please don't $session->start();
INFO - 2023-07-29 01:40:23 --> Session: Class initialized using 'CodeIgniter\Session\Handlers\FileHandler' driver.
WARNING - 2023-07-29 01:40:23 --> Session: Sessions is enabled, and one exists.Please don't $session->start();
INFO - 2023-07-29 02:10:24 --> Session: Class initialized using 'CodeIgniter\Session\Handlers\FileHandler' driver.
WARNING - 2023-07-29 02:10:24 --> Session: Sessions is enabled, and one exists.Please don't $session->start();
INFO - 2023-07-29 02:10:25 --> Session: Class initialized using 'CodeIgniter\Session\Handlers\FileHandler' driver.
WARNING - 2023-07-29 02:10:25 --> Session: Sessions is enabled, and one exists.Please don't $session->start();
INFO - 2023-07-29 02:40:25 --> Session: Class initialized using 'CodeIgniter\Session\Handlers\FileHandler' driver.
WARNING - 2023-07-29 02:40:25 --> Session: Sessions is enabled, and one exists.Please don't $session->start();
INFO - 2023-07-29 02:40:26 --> Session: Class initialized using 'CodeIgniter\Session\Handlers\FileHandler' driver.
WARNING - 2023-07-29 02:40:26 --> Session: Sessions is enabled, and one exists.Please don't $session->start();
INFO - 2023-07-29 03:10:26 --> Session: Class initialized using 'CodeIgniter\Session\Handlers\FileHandler' driver.
WARNING - 2023-07-29 03:10:26 --> Session: Sessions is enabled, and one exists.Please don't $session->start();
INFO - 2023-07-29 03:10:27 --> Session: Class initialized using 'CodeIgniter\Session\Handlers\FileHandler' driver.
WARNING - 2023-07-29 03:10:27 --> Session: Sessions is enabled, and one exists.Please don't $session->start();
INFO - 2023-07-29 03:40:27 --> Session: Class initialized using 'CodeIgniter\Session\Handlers\FileHandler' driver.
WARNING - 2023-07-29 03:40:27 --> Session: Sessions is enabled, and one exists.Please don't $session->start();
INFO - 2023-07-29 03:40:29 --> Session: Class initialized using 'CodeIgniter\Session\Handlers\FileHandler' driver.
WARNING - 2023-07-29 03:40:29 --> Session: Sessions is enabled, and one exists.Please don't $session->start();
INFO - 2023-07-29 04:10:29 --> Session: Class initialized using 'CodeIgniter\Session\Handlers\FileHandler' driver.
WARNING - 2023-07-29 04:10:29 --> Session: Sessions is enabled, and one exists.Please don't $session->start();
INFO - 2023-07-29 04:10:30 --> Session: Class initialized using 'CodeIgniter\Session\Handlers\FileHandler' driver.
WARNING - 2023-07-29 04:10:30 --> Session: Sessions is enabled, and one exists.Please don't $session->start();
INFO - 2023-07-29 04:40:30 --> Session: Class initialized using 'CodeIgniter\Session\Handlers\FileHandler' driver.
WARNING - 2023-07-29 04:40:30 --> Session: Sessions is enabled, and one exists.Please don't $session->start();
INFO - 2023-07-29 04:40:31 --> Session: Class initialized using 'CodeIgniter\Session\Handlers\FileHandler' driver.
WARNING - 2023-07-29 04:40:31 --> Session: Sessions is enabled, and one exists.Please don't $session->start();
INFO - 2023-07-29 05:10:31 --> Session: Class initialized using 'CodeIgniter\Session\Handlers\FileHandler' driver.
WARNING - 2023-07-29 05:10:31 --> Session: Sessions is enabled, and one exists.Please don't $session->start();
INFO - 2023-07-29 05:10:32 --> Session: Class initialized using 'CodeIgniter\Session\Handlers\FileHandler' driver.
WARNING - 2023-07-29 05:10:32 --> Session: Sessions is enabled, and one exists.Please don't $session->start();
INFO - 2023-07-29 05:40:32 --> Session: Class initialized using 'CodeIgniter\Session\Handlers\FileHandler' driver.
WARNING - 2023-07-29 05:40:32 --> Session: Sessions is enabled, and one exists.Please don't $session->start();
INFO - 2023-07-29 05:40:33 --> Session: Class initialized using 'CodeIgniter\Session\Handlers\FileHandler' driver.
WARNING - 2023-07-29 05:40:33 --> Session: Sessions is enabled, and one exists.Please don't $session->start();
INFO - 2023-07-29 06:10:33 --> Session: Class initialized using 'CodeIgniter\Session\Handlers\FileHandler' driver.
WARNING - 2023-07-29 06:10:33 --> Session: Sessions is enabled, and one exists.Please don't $session->start();
INFO - 2023-07-29 06:10:34 --> Session: Class initialized using 'CodeIgniter\Session\Handlers\FileHandler' driver.
WARNING - 2023-07-29 06:10:34 --> Session: Sessions is enabled, and one exists.Please don't $session->start();
INFO - 2023-07-29 06:40:35 --> Session: Class initialized using 'CodeIgniter\Session\Handlers\FileHandler' driver.
WARNING - 2023-07-29 06:40:35 --> Session: Sessions is enabled, and one exists.Please don't $session->start();
INFO - 2023-07-29 06:40:35 --> Session: Class initialized using 'CodeIgniter\Session\Handlers\FileHandler' driver.
WARNING - 2023-07-29 06:40:35 --> Session: Sessions is enabled, and one exists.Please don't $session->start();
INFO - 2023-07-29 07:10:36 --> Session: Class initialized using 'CodeIgniter\Session\Handlers\FileHandler' driver.
WARNING - 2023-07-29 07:10:36 --> Session: Sessions is enabled, and one exists.Please don't $session->start();
INFO - 2023-07-29 07:10:37 --> Session: Class initialized using 'CodeIgniter\Session\Handlers\FileHandler' driver.
WARNING - 2023-07-29 07:10:37 --> Session: Sessions is enabled, and one exists.Please don't $session->start();
INFO - 2023-07-29 07:40:37 --> Session: Class initialized using 'CodeIgniter\Session\Handlers\FileHandler' driver.
WARNING - 2023-07-29 07:40:37 --> Session: Sessions is enabled, and one exists.Please don't $session->start();
INFO - 2023-07-29 07:40:38 --> Session: Class initialized using 'CodeIgniter\Session\Handlers\FileHandler' driver.
WARNING - 2023-07-29 07:40:38 --> Session: Sessions is enabled, and one exists.Please don't $session->start();
INFO - 2023-07-29 08:10:38 --> Session: Class initialized using 'CodeIgniter\Session\Handlers\FileHandler' driver.
WARNING - 2023-07-29 08:10:38 --> Session: Sessions is enabled, and one exists.Please don't $session->start();
INFO - 2023-07-29 08:10:39 --> Session: Class initialized using 'CodeIgniter\Session\Handlers\FileHandler' driver.
WARNING - 2023-07-29 08:10:39 --> Session: Sessions is enabled, and one exists.Please don't $session->start();
INFO - 2023-07-29 08:40:39 --> Session: Class initialized using 'CodeIgniter\Session\Handlers\FileHandler' driver.
WARNING - 2023-07-29 08:40:39 --> Session: Sessions is enabled, and one exists.Please don't $session->start();
INFO - 2023-07-29 08:40:40 --> Session: Class initialized using 'CodeIgniter\Session\Handlers\FileHandler' driver.
WARNING - 2023-07-29 08:40:40 --> Session: Sessions is enabled, and one exists.Please don't $session->start();
INFO - 2023-07-29 11:44:34 --> Session: Class initialized using 'CodeIgniter\Session\Handlers\FileHandler' driver.
WARNING - 2023-07-29 11:44:34 --> Session: Sessions is enabled, and one exists.Please don't $session->start();
ERROR - 2023-07-29 11:44:34 --> mysqli_sql_exception: Table 'u268758892_simkkn.bcms_layanan' doesn't exist in /usr/local/var/www/simkkn/vendor/codeigniter4/framework/system/Database/MySQLi/Connection.php:331
Stack trace:
#0 /usr/local/var/www/simkkn/vendor/codeigniter4/framework/system/Database/MySQLi/Connection.php(331): mysqli->query('SELECT *\nFROM `...')
#1 /usr/local/var/www/simkkn/vendor/codeigniter4/framework/system/Database/BaseConnection.php(741): CodeIgniter\Database\MySQLi\Connection->execute('SELECT *\nFROM `...')
#2 /usr/local/var/www/simkkn/vendor/codeigniter4/framework/system/Database/BaseConnection.php(669): CodeIgniter\Database\BaseConnection->simpleQuery('SELECT *\nFROM `...')
#3 /usr/local/var/www/simkkn/vendor/codeigniter4/framework/system/Database/BaseBuilder.php(1860): CodeIgniter\Database\BaseConnection->query('SELECT *\nFROM `...', Array, false)
#4 /usr/local/var/www/simkkn/app/Models/Backend/LayananModel.php(24): CodeIgniter\Database\BaseBuilder->get()
#5 /usr/local/var/www/simkkn/app/Controllers/Home.php(31): App\Models\Backend\LayananModel->getLayananByKategori('Layanan Unggula...')
#6 /usr/local/var/www/simkkn/vendor/codeigniter4/framework/system/CodeIgniter.php(918): App\Controllers\Home->index()
#7 /usr/local/var/www/simkkn/vendor/codeigniter4/framework/system/CodeIgniter.php(404): CodeIgniter\CodeIgniter->runController(Object(App\Controllers\Home))
#8 /usr/local/var/www/simkkn/vendor/codeigniter4/framework/system/CodeIgniter.php(312): CodeIgniter\CodeIgniter->handleRequest(NULL, Object(Config\Cache), false)
#9 /usr/local/var/www/simkkn/public/index.php(45): CodeIgniter\CodeIgniter->run()
#10 /usr/local/var/www/simkkn/vendor/codeigniter4/framework/system/Commands/Server/rewrite.php(34): require_once('/usr/local/var/...')
#11 {main}
INFO - 2023-07-29 11:44:38 --> Session: Class initialized using 'CodeIgniter\Session\Handlers\FileHandler' driver.
WARNING - 2023-07-29 11:44:38 --> Session: Sessions is enabled, and one exists.Please don't $session->start();
INFO - 2023-07-29 11:44:45 --> Session: Class initialized using 'CodeIgniter\Session\Handlers\FileHandler' driver.
WARNING - 2023-07-29 11:44:45 --> Session: Sessions is enabled, and one exists.Please don't $session->start();
INFO - 2023-07-29 11:45:09 --> Session: Class initialized using 'CodeIgniter\Session\Handlers\FileHandler' driver.
WARNING - 2023-07-29 11:45:09 --> Session: Sessions is enabled, and one exists.Please don't $session->start();
INFO - 2023-07-29 11:45:09 --> Session: Class initialized using 'CodeIgniter\Session\Handlers\FileHandler' driver.
WARNING - 2023-07-29 11:45:09 --> Session: Sessions is enabled, and one exists.Please don't $session->start();
INFO - 2023-07-29 11:45:12 --> Session: Class initialized using 'CodeIgniter\Session\Handlers\FileHandler' driver.
WARNING - 2023-07-29 11:45:12 --> Session: Sessions is enabled, and one exists.Please don't $session->start();
INFO - 2023-07-29 11:45:17 --> Session: Class initialized using 'CodeIgniter\Session\Handlers\FileHandler' driver.
WARNING - 2023-07-29 11:45:17 --> Session: Sessions is enabled, and one exists.Please don't $session->start();
INFO - 2023-07-29 11:45:19 --> Session: Class initialized using 'CodeIgniter\Session\Handlers\FileHandler' driver.
INFO - 2023-07-29 12:15:20 --> Session: Class initialized using 'CodeIgniter\Session\Handlers\FileHandler' driver.
INFO - 2023-07-29 12:45:20 --> Session: Class initialized using 'CodeIgniter\Session\Handlers\FileHandler' driver.
INFO - 2023-07-29 13:15:20 --> Session: Class initialized using 'CodeIgniter\Session\Handlers\FileHandler' driver.
INFO - 2023-07-29 13:45:21 --> Session: Class initialized using 'CodeIgniter\Session\Handlers\FileHandler' driver.
INFO - 2023-07-29 14:15:21 --> Session: Class initialized using 'CodeIgniter\Session\Handlers\FileHandler' driver.
INFO - 2023-07-29 14:45:22 --> Session: Class initialized using 'CodeIgniter\Session\Handlers\FileHandler' driver.
INFO - 2023-07-29 15:15:22 --> Session: Class initialized using 'CodeIgniter\Session\Handlers\FileHandler' driver.
INFO - 2023-07-29 15:45:23 --> Session: Class initialized using 'CodeIgniter\Session\Handlers\FileHandler' driver.
INFO - 2023-07-29 16:15:23 --> Session: Class initialized using 'CodeIgniter\Session\Handlers\FileHandler' driver.
INFO - 2023-07-29 16:45:23 --> Session: Class initialized using 'CodeIgniter\Session\Handlers\FileHandler' driver.
INFO - 2023-07-29 17:15:24 --> Session: Class initialized using 'CodeIgniter\Session\Handlers\FileHandler' driver.
INFO - 2023-07-29 17:45:24 --> Session: Class initialized using 'CodeIgniter\Session\Handlers\FileHandler' driver.
INFO - 2023-07-29 18:15:25 --> Session: Class initialized using 'CodeIgniter\Session\Handlers\FileHandler' driver.
INFO - 2023-07-29 18:45:25 --> Session: Class initialized using 'CodeIgniter\Session\Handlers\FileHandler' driver.
INFO - 2023-07-29 19:15:25 --> Session: Class initialized using 'CodeIgniter\Session\Handlers\FileHandler' driver.
INFO - 2023-07-29 19:45:26 --> Session: Class initialized using 'CodeIgniter\Session\Handlers\FileHandler' driver.
INFO - 2023-07-29 20:15:26 --> Session: Class initialized using 'CodeIgniter\Session\Handlers\FileHandler' driver.
INFO - 2023-07-29 20:45:26 --> Session: Class initialized using 'CodeIgniter\Session\Handlers\FileHandler' driver.
INFO - 2023-07-29 21:15:27 --> Session: Class initialized using 'CodeIgniter\Session\Handlers\FileHandler' driver.
INFO - 2023-07-29 21:45:27 --> Session: Class initialized using 'CodeIgniter\Session\Handlers\FileHandler' driver.
INFO - 2023-07-29 22:15:28 --> Session: Class initialized using 'CodeIgniter\Session\Handlers\FileHandler' driver.
INFO - 2023-07-29 22:45:28 --> Session: Class initialized using 'CodeIgniter\Session\Handlers\FileHandler' driver.
INFO - 2023-07-29 23:15:28 --> Session: Class initialized using 'CodeIgniter\Session\Handlers\FileHandler' driver.
INFO - 2023-07-29 23:45:29 --> Session: Class initialized using 'CodeIgniter\Session\Handlers\FileHandler' driver.
