INFO - 2023-12-20 05:01:38 --> Session: Class initialized using 'CodeIgniter\Session\Handlers\FileHandler' driver.
WARNING - 2023-12-20 05:01:38 --> Session: Sessions is enabled, and one exists.Please don't $session->start();
INFO - 2023-12-20 05:01:38 --> Session: Class initialized using 'CodeIgniter\Session\Handlers\FileHandler' driver.
WARNING - 2023-12-20 05:01:38 --> Session: Sessions is enabled, and one exists.Please don't $session->start();
INFO - 2023-12-20 09:03:09 --> Session: Class initialized using 'CodeIgniter\Session\Handlers\FileHandler' driver.
WARNING - 2023-12-20 09:03:09 --> Session: Sessions is enabled, and one exists.Please don't $session->start();
INFO - 2023-12-20 09:04:50 --> Session: Class initialized using 'CodeIgniter\Session\Handlers\FileHandler' driver.
WARNING - 2023-12-20 09:04:50 --> Session: Sessions is enabled, and one exists.Please don't $session->start();
INFO - 2023-12-20 09:04:55 --> Session: Class initialized using 'CodeIgniter\Session\Handlers\FileHandler' driver.
WARNING - 2023-12-20 09:04:55 --> Session: Sessions is enabled, and one exists.Please don't $session->start();
INFO - 2023-12-20 09:04:57 --> Session: Class initialized using 'CodeIgniter\Session\Handlers\FileHandler' driver.
INFO - 2023-12-20 09:05:05 --> Session: Class initialized using 'CodeIgniter\Session\Handlers\FileHandler' driver.
WARNING - 2023-12-20 09:05:05 --> Session: Sessions is enabled, and one exists.Please don't $session->start();
INFO - 2023-12-20 09:05:05 --> Session: Class initialized using 'CodeIgniter\Session\Handlers\FileHandler' driver.
WARNING - 2023-12-20 09:05:05 --> Session: Sessions is enabled, and one exists.Please don't $session->start();
INFO - 2023-12-20 09:05:08 --> Session: Class initialized using 'CodeIgniter\Session\Handlers\FileHandler' driver.
WARNING - 2023-12-20 09:05:08 --> Session: Sessions is enabled, and one exists.Please don't $session->start();
INFO - 2023-12-20 09:05:56 --> Session: Class initialized using 'CodeIgniter\Session\Handlers\FileHandler' driver.
WARNING - 2023-12-20 09:05:56 --> Session: Sessions is enabled, and one exists.Please don't $session->start();
INFO - 2023-12-20 09:05:58 --> Session: Class initialized using 'CodeIgniter\Session\Handlers\FileHandler' driver.
WARNING - 2023-12-20 09:05:58 --> Session: Sessions is enabled, and one exists.Please don't $session->start();
INFO - 2023-12-20 09:05:59 --> Session: Class initialized using 'CodeIgniter\Session\Handlers\FileHandler' driver.
WARNING - 2023-12-20 09:05:59 --> Session: Sessions is enabled, and one exists.Please don't $session->start();
INFO - 2023-12-20 09:06:14 --> Session: Class initialized using 'CodeIgniter\Session\Handlers\FileHandler' driver.
WARNING - 2023-12-20 09:06:14 --> Session: Sessions is enabled, and one exists.Please don't $session->start();
INFO - 2023-12-20 09:06:15 --> Session: Class initialized using 'CodeIgniter\Session\Handlers\FileHandler' driver.
WARNING - 2023-12-20 09:06:15 --> Session: Sessions is enabled, and one exists.Please don't $session->start();
INFO - 2023-12-20 09:06:17 --> Session: Class initialized using 'CodeIgniter\Session\Handlers\FileHandler' driver.
WARNING - 2023-12-20 09:06:17 --> Session: Sessions is enabled, and one exists.Please don't $session->start();
INFO - 2023-12-20 09:06:17 --> Session: Class initialized using 'CodeIgniter\Session\Handlers\FileHandler' driver.
WARNING - 2023-12-20 09:06:17 --> Session: Sessions is enabled, and one exists.Please don't $session->start();
INFO - 2023-12-20 09:06:18 --> Session: Class initialized using 'CodeIgniter\Session\Handlers\FileHandler' driver.
WARNING - 2023-12-20 09:06:18 --> Session: Sessions is enabled, and one exists.Please don't $session->start();
INFO - 2023-12-20 09:09:19 --> Session: Class initialized using 'CodeIgniter\Session\Handlers\FileHandler' driver.
WARNING - 2023-12-20 09:09:19 --> Session: Sessions is enabled, and one exists.Please don't $session->start();
INFO - 2023-12-20 09:09:20 --> Session: Class initialized using 'CodeIgniter\Session\Handlers\FileHandler' driver.
WARNING - 2023-12-20 09:09:20 --> Session: Sessions is enabled, and one exists.Please don't $session->start();
INFO - 2023-12-20 09:09:21 --> Session: Class initialized using 'CodeIgniter\Session\Handlers\FileHandler' driver.
WARNING - 2023-12-20 09:09:21 --> Session: Sessions is enabled, and one exists.Please don't $session->start();
INFO - 2023-12-20 09:09:22 --> Session: Class initialized using 'CodeIgniter\Session\Handlers\FileHandler' driver.
WARNING - 2023-12-20 09:09:22 --> Session: Sessions is enabled, and one exists.Please don't $session->start();
INFO - 2023-12-20 09:09:23 --> Session: Class initialized using 'CodeIgniter\Session\Handlers\FileHandler' driver.
WARNING - 2023-12-20 09:09:23 --> Session: Sessions is enabled, and one exists.Please don't $session->start();
INFO - 2023-12-20 09:09:23 --> Session: Class initialized using 'CodeIgniter\Session\Handlers\FileHandler' driver.
WARNING - 2023-12-20 09:09:23 --> Session: Sessions is enabled, and one exists.Please don't $session->start();
INFO - 2023-12-20 09:11:51 --> Session: Class initialized using 'CodeIgniter\Session\Handlers\FileHandler' driver.
WARNING - 2023-12-20 09:11:51 --> Session: Sessions is enabled, and one exists.Please don't $session->start();
INFO - 2023-12-20 09:11:52 --> Session: Class initialized using 'CodeIgniter\Session\Handlers\FileHandler' driver.
WARNING - 2023-12-20 09:11:52 --> Session: Sessions is enabled, and one exists.Please don't $session->start();
INFO - 2023-12-20 09:11:53 --> Session: Class initialized using 'CodeIgniter\Session\Handlers\FileHandler' driver.
WARNING - 2023-12-20 09:11:53 --> Session: Sessions is enabled, and one exists.Please don't $session->start();
INFO - 2023-12-20 09:11:54 --> Session: Class initialized using 'CodeIgniter\Session\Handlers\FileHandler' driver.
WARNING - 2023-12-20 09:11:54 --> Session: Sessions is enabled, and one exists.Please don't $session->start();
INFO - 2023-12-20 09:11:55 --> Session: Class initialized using 'CodeIgniter\Session\Handlers\FileHandler' driver.
WARNING - 2023-12-20 09:11:55 --> Session: Sessions is enabled, and one exists.Please don't $session->start();
INFO - 2023-12-20 09:11:57 --> Session: Class initialized using 'CodeIgniter\Session\Handlers\FileHandler' driver.
WARNING - 2023-12-20 09:11:57 --> Session: Sessions is enabled, and one exists.Please don't $session->start();
INFO - 2023-12-20 09:11:58 --> Session: Class initialized using 'CodeIgniter\Session\Handlers\FileHandler' driver.
WARNING - 2023-12-20 09:11:58 --> Session: Sessions is enabled, and one exists.Please don't $session->start();
INFO - 2023-12-20 09:12:00 --> Session: Class initialized using 'CodeIgniter\Session\Handlers\FileHandler' driver.
WARNING - 2023-12-20 09:12:00 --> Session: Sessions is enabled, and one exists.Please don't $session->start();
INFO - 2023-12-20 09:12:02 --> Session: Class initialized using 'CodeIgniter\Session\Handlers\FileHandler' driver.
WARNING - 2023-12-20 09:12:02 --> Session: Sessions is enabled, and one exists.Please don't $session->start();
INFO - 2023-12-20 09:12:03 --> Session: Class initialized using 'CodeIgniter\Session\Handlers\FileHandler' driver.
WARNING - 2023-12-20 09:12:03 --> Session: Sessions is enabled, and one exists.Please don't $session->start();
INFO - 2023-12-20 09:18:17 --> Session: Class initialized using 'CodeIgniter\Session\Handlers\FileHandler' driver.
WARNING - 2023-12-20 09:18:17 --> Session: Sessions is enabled, and one exists.Please don't $session->start();
INFO - 2023-12-20 09:18:19 --> Session: Class initialized using 'CodeIgniter\Session\Handlers\FileHandler' driver.
WARNING - 2023-12-20 09:18:19 --> Session: Sessions is enabled, and one exists.Please don't $session->start();
INFO - 2023-12-20 09:18:19 --> Session: Class initialized using 'CodeIgniter\Session\Handlers\FileHandler' driver.
WARNING - 2023-12-20 09:18:19 --> Session: Sessions is enabled, and one exists.Please don't $session->start();
INFO - 2023-12-20 09:18:20 --> Session: Class initialized using 'CodeIgniter\Session\Handlers\FileHandler' driver.
WARNING - 2023-12-20 09:18:20 --> Session: Sessions is enabled, and one exists.Please don't $session->start();
INFO - 2023-12-20 09:18:21 --> Session: Class initialized using 'CodeIgniter\Session\Handlers\FileHandler' driver.
WARNING - 2023-12-20 09:18:21 --> Session: Sessions is enabled, and one exists.Please don't $session->start();
INFO - 2023-12-20 09:18:23 --> Session: Class initialized using 'CodeIgniter\Session\Handlers\FileHandler' driver.
WARNING - 2023-12-20 09:18:23 --> Session: Sessions is enabled, and one exists.Please don't $session->start();
INFO - 2023-12-20 09:18:23 --> Session: Class initialized using 'CodeIgniter\Session\Handlers\FileHandler' driver.
WARNING - 2023-12-20 09:18:23 --> Session: Sessions is enabled, and one exists.Please don't $session->start();
INFO - 2023-12-20 09:18:38 --> Session: Class initialized using 'CodeIgniter\Session\Handlers\FileHandler' driver.
WARNING - 2023-12-20 09:18:38 --> Session: Sessions is enabled, and one exists.Please don't $session->start();
INFO - 2023-12-20 09:18:39 --> Session: Class initialized using 'CodeIgniter\Session\Handlers\FileHandler' driver.
WARNING - 2023-12-20 09:18:39 --> Session: Sessions is enabled, and one exists.Please don't $session->start();
INFO - 2023-12-20 09:19:00 --> Session: Class initialized using 'CodeIgniter\Session\Handlers\FileHandler' driver.
WARNING - 2023-12-20 09:19:00 --> Session: Sessions is enabled, and one exists.Please don't $session->start();
INFO - 2023-12-20 09:19:13 --> Session: Class initialized using 'CodeIgniter\Session\Handlers\FileHandler' driver.
WARNING - 2023-12-20 09:19:13 --> Session: Sessions is enabled, and one exists.Please don't $session->start();
INFO - 2023-12-20 09:19:17 --> Session: Class initialized using 'CodeIgniter\Session\Handlers\FileHandler' driver.
WARNING - 2023-12-20 09:19:17 --> Session: Sessions is enabled, and one exists.Please don't $session->start();
INFO - 2023-12-20 09:19:18 --> Session: Class initialized using 'CodeIgniter\Session\Handlers\FileHandler' driver.
WARNING - 2023-12-20 09:19:18 --> Session: Sessions is enabled, and one exists.Please don't $session->start();
INFO - 2023-12-20 09:19:55 --> Session: Class initialized using 'CodeIgniter\Session\Handlers\FileHandler' driver.
WARNING - 2023-12-20 09:19:55 --> Session: Sessions is enabled, and one exists.Please don't $session->start();
INFO - 2023-12-20 09:20:18 --> Session: Class initialized using 'CodeIgniter\Session\Handlers\FileHandler' driver.
WARNING - 2023-12-20 09:20:18 --> Session: Sessions is enabled, and one exists.Please don't $session->start();
INFO - 2023-12-20 09:20:54 --> Session: Class initialized using 'CodeIgniter\Session\Handlers\FileHandler' driver.
WARNING - 2023-12-20 09:20:54 --> Session: Sessions is enabled, and one exists.Please don't $session->start();
INFO - 2023-12-20 09:20:55 --> Session: Class initialized using 'CodeIgniter\Session\Handlers\FileHandler' driver.
WARNING - 2023-12-20 09:20:55 --> Session: Sessions is enabled, and one exists.Please don't $session->start();
INFO - 2023-12-20 09:22:40 --> Session: Class initialized using 'CodeIgniter\Session\Handlers\FileHandler' driver.
WARNING - 2023-12-20 09:22:40 --> Session: Sessions is enabled, and one exists.Please don't $session->start();
INFO - 2023-12-20 09:22:41 --> Session: Class initialized using 'CodeIgniter\Session\Handlers\FileHandler' driver.
WARNING - 2023-12-20 09:22:41 --> Session: Sessions is enabled, and one exists.Please don't $session->start();
INFO - 2023-12-20 09:22:52 --> Session: Class initialized using 'CodeIgniter\Session\Handlers\FileHandler' driver.
WARNING - 2023-12-20 09:22:52 --> Session: Sessions is enabled, and one exists.Please don't $session->start();
INFO - 2023-12-20 09:22:53 --> Session: Class initialized using 'CodeIgniter\Session\Handlers\FileHandler' driver.
WARNING - 2023-12-20 09:22:53 --> Session: Sessions is enabled, and one exists.Please don't $session->start();
INFO - 2023-12-20 09:25:18 --> Session: Class initialized using 'CodeIgniter\Session\Handlers\FileHandler' driver.
WARNING - 2023-12-20 09:25:18 --> Session: Sessions is enabled, and one exists.Please don't $session->start();
INFO - 2023-12-20 09:25:19 --> Session: Class initialized using 'CodeIgniter\Session\Handlers\FileHandler' driver.
WARNING - 2023-12-20 09:25:19 --> Session: Sessions is enabled, and one exists.Please don't $session->start();
INFO - 2023-12-20 09:25:19 --> Session: Class initialized using 'CodeIgniter\Session\Handlers\FileHandler' driver.
WARNING - 2023-12-20 09:25:19 --> Session: Sessions is enabled, and one exists.Please don't $session->start();
INFO - 2023-12-20 09:25:58 --> Session: Class initialized using 'CodeIgniter\Session\Handlers\FileHandler' driver.
WARNING - 2023-12-20 09:25:58 --> Session: Sessions is enabled, and one exists.Please don't $session->start();
INFO - 2023-12-20 09:25:59 --> Session: Class initialized using 'CodeIgniter\Session\Handlers\FileHandler' driver.
WARNING - 2023-12-20 09:25:59 --> Session: Sessions is enabled, and one exists.Please don't $session->start();
INFO - 2023-12-20 09:26:00 --> Session: Class initialized using 'CodeIgniter\Session\Handlers\FileHandler' driver.
WARNING - 2023-12-20 09:26:00 --> Session: Sessions is enabled, and one exists.Please don't $session->start();
INFO - 2023-12-20 09:26:22 --> Session: Class initialized using 'CodeIgniter\Session\Handlers\FileHandler' driver.
WARNING - 2023-12-20 09:26:22 --> Session: Sessions is enabled, and one exists.Please don't $session->start();
INFO - 2023-12-20 09:26:23 --> Session: Class initialized using 'CodeIgniter\Session\Handlers\FileHandler' driver.
WARNING - 2023-12-20 09:26:23 --> Session: Sessions is enabled, and one exists.Please don't $session->start();
INFO - 2023-12-20 09:26:24 --> Session: Class initialized using 'CodeIgniter\Session\Handlers\FileHandler' driver.
WARNING - 2023-12-20 09:26:24 --> Session: Sessions is enabled, and one exists.Please don't $session->start();
CRITICAL - 2023-12-20 09:26:24 --> Invalid argument supplied for foreach()
#0 /usr/local/var/www/simkkn/app/Views/admin/aturkelompok/form_insert.php(16): CodeIgniter\Debug\Exceptions->errorHandler(2, 'Invalid argumen...', '/usr/local/var/...', 16, Array)
#1 /usr/local/var/www/simkkn/vendor/codeigniter4/framework/system/View/View.php(246): include('/usr/local/var/...')
#2 /usr/local/var/www/simkkn/vendor/codeigniter4/framework/system/Common.php(1119): CodeIgniter\View\View->render('admin/aturkelom...', Array, true)
#3 /usr/local/var/www/simkkn/app/Controllers/Backend/Kelompok_detail.php(87): view('admin/aturkelom...')
#4 /usr/local/var/www/simkkn/vendor/codeigniter4/framework/system/CodeIgniter.php(918): App\Controllers\Backend\Kelompok_detail->form_insert()
#5 /usr/local/var/www/simkkn/vendor/codeigniter4/framework/system/CodeIgniter.php(404): CodeIgniter\CodeIgniter->runController(Object(App\Controllers\Backend\Kelompok_detail))
#6 /usr/local/var/www/simkkn/vendor/codeigniter4/framework/system/CodeIgniter.php(312): CodeIgniter\CodeIgniter->handleRequest(NULL, Object(Config\Cache), false)
#7 /usr/local/var/www/simkkn/public/index.php(45): CodeIgniter\CodeIgniter->run()
#8 /usr/local/var/www/simkkn/vendor/codeigniter4/framework/system/Commands/Server/rewrite.php(34): require_once('/usr/local/var/...')
#9 {main}
INFO - 2023-12-20 09:26:33 --> Session: Class initialized using 'CodeIgniter\Session\Handlers\FileHandler' driver.
WARNING - 2023-12-20 09:26:33 --> Session: Sessions is enabled, and one exists.Please don't $session->start();
INFO - 2023-12-20 09:26:34 --> Session: Class initialized using 'CodeIgniter\Session\Handlers\FileHandler' driver.
WARNING - 2023-12-20 09:26:34 --> Session: Sessions is enabled, and one exists.Please don't $session->start();
INFO - 2023-12-20 09:26:35 --> Session: Class initialized using 'CodeIgniter\Session\Handlers\FileHandler' driver.
WARNING - 2023-12-20 09:26:35 --> Session: Sessions is enabled, and one exists.Please don't $session->start();
CRITICAL - 2023-12-20 09:26:35 --> Invalid argument supplied for foreach()
#0 /usr/local/var/www/simkkn/app/Views/admin/aturkelompok/form_insert.php(16): CodeIgniter\Debug\Exceptions->errorHandler(2, 'Invalid argumen...', '/usr/local/var/...', 16, Array)
#1 /usr/local/var/www/simkkn/vendor/codeigniter4/framework/system/View/View.php(246): include('/usr/local/var/...')
#2 /usr/local/var/www/simkkn/vendor/codeigniter4/framework/system/Common.php(1119): CodeIgniter\View\View->render('admin/aturkelom...', Array, true)
#3 /usr/local/var/www/simkkn/app/Controllers/Backend/Kelompok_detail.php(87): view('admin/aturkelom...')
#4 /usr/local/var/www/simkkn/vendor/codeigniter4/framework/system/CodeIgniter.php(918): App\Controllers\Backend\Kelompok_detail->form_insert()
#5 /usr/local/var/www/simkkn/vendor/codeigniter4/framework/system/CodeIgniter.php(404): CodeIgniter\CodeIgniter->runController(Object(App\Controllers\Backend\Kelompok_detail))
#6 /usr/local/var/www/simkkn/vendor/codeigniter4/framework/system/CodeIgniter.php(312): CodeIgniter\CodeIgniter->handleRequest(NULL, Object(Config\Cache), false)
#7 /usr/local/var/www/simkkn/public/index.php(45): CodeIgniter\CodeIgniter->run()
#8 /usr/local/var/www/simkkn/vendor/codeigniter4/framework/system/Commands/Server/rewrite.php(34): require_once('/usr/local/var/...')
#9 {main}
INFO - 2023-12-20 09:26:52 --> Session: Class initialized using 'CodeIgniter\Session\Handlers\FileHandler' driver.
WARNING - 2023-12-20 09:26:52 --> Session: Sessions is enabled, and one exists.Please don't $session->start();
INFO - 2023-12-20 09:26:54 --> Session: Class initialized using 'CodeIgniter\Session\Handlers\FileHandler' driver.
WARNING - 2023-12-20 09:26:54 --> Session: Sessions is enabled, and one exists.Please don't $session->start();
INFO - 2023-12-20 09:26:57 --> Session: Class initialized using 'CodeIgniter\Session\Handlers\FileHandler' driver.
WARNING - 2023-12-20 09:26:57 --> Session: Sessions is enabled, and one exists.Please don't $session->start();
CRITICAL - 2023-12-20 09:26:57 --> Invalid argument supplied for foreach()
#0 /usr/local/var/www/simkkn/app/Views/admin/aturkelompok/form_insert.php(16): CodeIgniter\Debug\Exceptions->errorHandler(2, 'Invalid argumen...', '/usr/local/var/...', 16, Array)
#1 /usr/local/var/www/simkkn/vendor/codeigniter4/framework/system/View/View.php(246): include('/usr/local/var/...')
#2 /usr/local/var/www/simkkn/vendor/codeigniter4/framework/system/Common.php(1119): CodeIgniter\View\View->render('admin/aturkelom...', Array, true)
#3 /usr/local/var/www/simkkn/app/Controllers/Backend/Kelompok_detail.php(87): view('admin/aturkelom...')
#4 /usr/local/var/www/simkkn/vendor/codeigniter4/framework/system/CodeIgniter.php(918): App\Controllers\Backend\Kelompok_detail->form_insert()
#5 /usr/local/var/www/simkkn/vendor/codeigniter4/framework/system/CodeIgniter.php(404): CodeIgniter\CodeIgniter->runController(Object(App\Controllers\Backend\Kelompok_detail))
#6 /usr/local/var/www/simkkn/vendor/codeigniter4/framework/system/CodeIgniter.php(312): CodeIgniter\CodeIgniter->handleRequest(NULL, Object(Config\Cache), false)
#7 /usr/local/var/www/simkkn/public/index.php(45): CodeIgniter\CodeIgniter->run()
#8 /usr/local/var/www/simkkn/vendor/codeigniter4/framework/system/Commands/Server/rewrite.php(34): require_once('/usr/local/var/...')
#9 {main}
INFO - 2023-12-20 09:27:29 --> Session: Class initialized using 'CodeIgniter\Session\Handlers\FileHandler' driver.
WARNING - 2023-12-20 09:27:29 --> Session: Sessions is enabled, and one exists.Please don't $session->start();
INFO - 2023-12-20 09:27:30 --> Session: Class initialized using 'CodeIgniter\Session\Handlers\FileHandler' driver.
WARNING - 2023-12-20 09:27:30 --> Session: Sessions is enabled, and one exists.Please don't $session->start();
INFO - 2023-12-20 09:27:34 --> Session: Class initialized using 'CodeIgniter\Session\Handlers\FileHandler' driver.
WARNING - 2023-12-20 09:27:34 --> Session: Sessions is enabled, and one exists.Please don't $session->start();
CRITICAL - 2023-12-20 09:27:34 --> Invalid argument supplied for foreach()
#0 /usr/local/var/www/simkkn/app/Views/admin/kelompok_detail/form_insert.php(42): CodeIgniter\Debug\Exceptions->errorHandler(2, 'Invalid argumen...', '/usr/local/var/...', 42, Array)
#1 /usr/local/var/www/simkkn/vendor/codeigniter4/framework/system/View/View.php(246): include('/usr/local/var/...')
#2 /usr/local/var/www/simkkn/vendor/codeigniter4/framework/system/Common.php(1119): CodeIgniter\View\View->render('admin/kelompok_...', Array, true)
#3 /usr/local/var/www/simkkn/app/Controllers/Backend/Kelompok_detail.php(87): view('admin/kelompok_...')
#4 /usr/local/var/www/simkkn/vendor/codeigniter4/framework/system/CodeIgniter.php(918): App\Controllers\Backend\Kelompok_detail->form_insert()
#5 /usr/local/var/www/simkkn/vendor/codeigniter4/framework/system/CodeIgniter.php(404): CodeIgniter\CodeIgniter->runController(Object(App\Controllers\Backend\Kelompok_detail))
#6 /usr/local/var/www/simkkn/vendor/codeigniter4/framework/system/CodeIgniter.php(312): CodeIgniter\CodeIgniter->handleRequest(NULL, Object(Config\Cache), false)
#7 /usr/local/var/www/simkkn/public/index.php(45): CodeIgniter\CodeIgniter->run()
#8 /usr/local/var/www/simkkn/vendor/codeigniter4/framework/system/Commands/Server/rewrite.php(34): require_once('/usr/local/var/...')
#9 {main}
INFO - 2023-12-20 09:28:24 --> Session: Class initialized using 'CodeIgniter\Session\Handlers\FileHandler' driver.
WARNING - 2023-12-20 09:28:24 --> Session: Sessions is enabled, and one exists.Please don't $session->start();
INFO - 2023-12-20 09:28:25 --> Session: Class initialized using 'CodeIgniter\Session\Handlers\FileHandler' driver.
WARNING - 2023-12-20 09:28:25 --> Session: Sessions is enabled, and one exists.Please don't $session->start();
INFO - 2023-12-20 09:28:26 --> Session: Class initialized using 'CodeIgniter\Session\Handlers\FileHandler' driver.
WARNING - 2023-12-20 09:28:26 --> Session: Sessions is enabled, and one exists.Please don't $session->start();
INFO - 2023-12-20 09:28:33 --> Session: Class initialized using 'CodeIgniter\Session\Handlers\FileHandler' driver.
WARNING - 2023-12-20 09:28:33 --> Session: Sessions is enabled, and one exists.Please don't $session->start();
INFO - 2023-12-20 09:28:34 --> Session: Class initialized using 'CodeIgniter\Session\Handlers\FileHandler' driver.
WARNING - 2023-12-20 09:28:34 --> Session: Sessions is enabled, and one exists.Please don't $session->start();
INFO - 2023-12-20 09:28:35 --> Session: Class initialized using 'CodeIgniter\Session\Handlers\FileHandler' driver.
WARNING - 2023-12-20 09:28:35 --> Session: Sessions is enabled, and one exists.Please don't $session->start();
CRITICAL - 2023-12-20 09:28:35 --> Invalid argument supplied for foreach()
#0 /usr/local/var/www/simkkn/app/Views/admin/kelompok_detail/form_insert.php(42): CodeIgniter\Debug\Exceptions->errorHandler(2, 'Invalid argumen...', '/usr/local/var/...', 42, Array)
#1 /usr/local/var/www/simkkn/vendor/codeigniter4/framework/system/View/View.php(246): include('/usr/local/var/...')
#2 /usr/local/var/www/simkkn/vendor/codeigniter4/framework/system/Common.php(1119): CodeIgniter\View\View->render('admin/kelompok_...', Array, true)
#3 /usr/local/var/www/simkkn/app/Controllers/Backend/Kelompok_detail.php(87): view('admin/kelompok_...')
#4 /usr/local/var/www/simkkn/vendor/codeigniter4/framework/system/CodeIgniter.php(918): App\Controllers\Backend\Kelompok_detail->form_insert()
#5 /usr/local/var/www/simkkn/vendor/codeigniter4/framework/system/CodeIgniter.php(404): CodeIgniter\CodeIgniter->runController(Object(App\Controllers\Backend\Kelompok_detail))
#6 /usr/local/var/www/simkkn/vendor/codeigniter4/framework/system/CodeIgniter.php(312): CodeIgniter\CodeIgniter->handleRequest(NULL, Object(Config\Cache), false)
#7 /usr/local/var/www/simkkn/public/index.php(45): CodeIgniter\CodeIgniter->run()
#8 /usr/local/var/www/simkkn/vendor/codeigniter4/framework/system/Commands/Server/rewrite.php(34): require_once('/usr/local/var/...')
#9 {main}
INFO - 2023-12-20 09:28:48 --> Session: Class initialized using 'CodeIgniter\Session\Handlers\FileHandler' driver.
WARNING - 2023-12-20 09:28:48 --> Session: Sessions is enabled, and one exists.Please don't $session->start();
INFO - 2023-12-20 09:28:51 --> Session: Class initialized using 'CodeIgniter\Session\Handlers\FileHandler' driver.
WARNING - 2023-12-20 09:28:51 --> Session: Sessions is enabled, and one exists.Please don't $session->start();
INFO - 2023-12-20 09:28:53 --> Session: Class initialized using 'CodeIgniter\Session\Handlers\FileHandler' driver.
WARNING - 2023-12-20 09:28:53 --> Session: Sessions is enabled, and one exists.Please don't $session->start();
INFO - 2023-12-20 09:29:39 --> Session: Class initialized using 'CodeIgniter\Session\Handlers\FileHandler' driver.
WARNING - 2023-12-20 09:29:39 --> Session: Sessions is enabled, and one exists.Please don't $session->start();
INFO - 2023-12-20 09:29:40 --> Session: Class initialized using 'CodeIgniter\Session\Handlers\FileHandler' driver.
WARNING - 2023-12-20 09:29:40 --> Session: Sessions is enabled, and one exists.Please don't $session->start();
INFO - 2023-12-20 09:29:41 --> Session: Class initialized using 'CodeIgniter\Session\Handlers\FileHandler' driver.
WARNING - 2023-12-20 09:29:41 --> Session: Sessions is enabled, and one exists.Please don't $session->start();
INFO - 2023-12-20 09:30:59 --> Session: Class initialized using 'CodeIgniter\Session\Handlers\FileHandler' driver.
WARNING - 2023-12-20 09:30:59 --> Session: Sessions is enabled, and one exists.Please don't $session->start();
INFO - 2023-12-20 09:31:00 --> Session: Class initialized using 'CodeIgniter\Session\Handlers\FileHandler' driver.
WARNING - 2023-12-20 09:31:00 --> Session: Sessions is enabled, and one exists.Please don't $session->start();
INFO - 2023-12-20 09:31:01 --> Session: Class initialized using 'CodeIgniter\Session\Handlers\FileHandler' driver.
WARNING - 2023-12-20 09:31:01 --> Session: Sessions is enabled, and one exists.Please don't $session->start();
CRITICAL - 2023-12-20 09:31:01 --> Invalid argument supplied for foreach()
#0 /usr/local/var/www/simkkn/app/Views/admin/aturkelompok/form_insert.php(16): CodeIgniter\Debug\Exceptions->errorHandler(2, 'Invalid argumen...', '/usr/local/var/...', 16, Array)
#1 /usr/local/var/www/simkkn/vendor/codeigniter4/framework/system/View/View.php(246): include('/usr/local/var/...')
#2 /usr/local/var/www/simkkn/vendor/codeigniter4/framework/system/Common.php(1119): CodeIgniter\View\View->render('admin/aturkelom...', Array, true)
#3 /usr/local/var/www/simkkn/app/Controllers/Backend/Kelompok_detail.php(89): view('admin/aturkelom...')
#4 /usr/local/var/www/simkkn/vendor/codeigniter4/framework/system/CodeIgniter.php(918): App\Controllers\Backend\Kelompok_detail->form_insert()
#5 /usr/local/var/www/simkkn/vendor/codeigniter4/framework/system/CodeIgniter.php(404): CodeIgniter\CodeIgniter->runController(Object(App\Controllers\Backend\Kelompok_detail))
#6 /usr/local/var/www/simkkn/vendor/codeigniter4/framework/system/CodeIgniter.php(312): CodeIgniter\CodeIgniter->handleRequest(NULL, Object(Config\Cache), false)
#7 /usr/local/var/www/simkkn/public/index.php(45): CodeIgniter\CodeIgniter->run()
#8 /usr/local/var/www/simkkn/vendor/codeigniter4/framework/system/Commands/Server/rewrite.php(34): require_once('/usr/local/var/...')
#9 {main}
INFO - 2023-12-20 09:31:14 --> Session: Class initialized using 'CodeIgniter\Session\Handlers\FileHandler' driver.
WARNING - 2023-12-20 09:31:14 --> Session: Sessions is enabled, and one exists.Please don't $session->start();
INFO - 2023-12-20 09:31:16 --> Session: Class initialized using 'CodeIgniter\Session\Handlers\FileHandler' driver.
WARNING - 2023-12-20 09:31:16 --> Session: Sessions is enabled, and one exists.Please don't $session->start();
INFO - 2023-12-20 09:31:16 --> Session: Class initialized using 'CodeIgniter\Session\Handlers\FileHandler' driver.
WARNING - 2023-12-20 09:31:16 --> Session: Sessions is enabled, and one exists.Please don't $session->start();
INFO - 2023-12-20 09:31:17 --> Session: Class initialized using 'CodeIgniter\Session\Handlers\FileHandler' driver.
WARNING - 2023-12-20 09:31:17 --> Session: Sessions is enabled, and one exists.Please don't $session->start();
INFO - 2023-12-20 09:31:18 --> Session: Class initialized using 'CodeIgniter\Session\Handlers\FileHandler' driver.
WARNING - 2023-12-20 09:31:18 --> Session: Sessions is enabled, and one exists.Please don't $session->start();
INFO - 2023-12-20 09:31:20 --> Session: Class initialized using 'CodeIgniter\Session\Handlers\FileHandler' driver.
WARNING - 2023-12-20 09:31:20 --> Session: Sessions is enabled, and one exists.Please don't $session->start();
INFO - 2023-12-20 09:39:51 --> Session: Class initialized using 'CodeIgniter\Session\Handlers\FileHandler' driver.
WARNING - 2023-12-20 09:39:51 --> Session: Sessions is enabled, and one exists.Please don't $session->start();
INFO - 2023-12-20 09:39:53 --> Session: Class initialized using 'CodeIgniter\Session\Handlers\FileHandler' driver.
WARNING - 2023-12-20 09:39:53 --> Session: Sessions is enabled, and one exists.Please don't $session->start();
INFO - 2023-12-20 09:39:53 --> Session: Class initialized using 'CodeIgniter\Session\Handlers\FileHandler' driver.
WARNING - 2023-12-20 09:39:53 --> Session: Sessions is enabled, and one exists.Please don't $session->start();
CRITICAL - 2023-12-20 09:39:53 --> A non-numeric value encountered
#0 /usr/local/var/www/simkkn/app/Controllers/Backend/Kelompok_detail.php(90): CodeIgniter\Debug\Exceptions->errorHandler(2, 'A non-numeric v...', '/usr/local/var/...', 90, Array)
#1 /usr/local/var/www/simkkn/vendor/codeigniter4/framework/system/CodeIgniter.php(918): App\Controllers\Backend\Kelompok_detail->form_insert()
#2 /usr/local/var/www/simkkn/vendor/codeigniter4/framework/system/CodeIgniter.php(404): CodeIgniter\CodeIgniter->runController(Object(App\Controllers\Backend\Kelompok_detail))
#3 /usr/local/var/www/simkkn/vendor/codeigniter4/framework/system/CodeIgniter.php(312): CodeIgniter\CodeIgniter->handleRequest(NULL, Object(Config\Cache), false)
#4 /usr/local/var/www/simkkn/public/index.php(45): CodeIgniter\CodeIgniter->run()
#5 /usr/local/var/www/simkkn/vendor/codeigniter4/framework/system/Commands/Server/rewrite.php(34): require_once('/usr/local/var/...')
#6 {main}
INFO - 2023-12-20 09:41:58 --> Session: Class initialized using 'CodeIgniter\Session\Handlers\FileHandler' driver.
WARNING - 2023-12-20 09:41:58 --> Session: Sessions is enabled, and one exists.Please don't $session->start();
INFO - 2023-12-20 09:42:00 --> Session: Class initialized using 'CodeIgniter\Session\Handlers\FileHandler' driver.
WARNING - 2023-12-20 09:42:00 --> Session: Sessions is enabled, and one exists.Please don't $session->start();
INFO - 2023-12-20 09:42:01 --> Session: Class initialized using 'CodeIgniter\Session\Handlers\FileHandler' driver.
WARNING - 2023-12-20 09:42:01 --> Session: Sessions is enabled, and one exists.Please don't $session->start();
CRITICAL - 2023-12-20 09:42:01 --> Invalid file: admin/skm_kuisioner/form_update.php
#0 /usr/local/var/www/simkkn/vendor/codeigniter4/framework/system/View/View.php(228): CodeIgniter\Exceptions\FrameworkException::forInvalidFile('admin/skm_kuisi...')
#1 /usr/local/var/www/simkkn/vendor/codeigniter4/framework/system/Common.php(1119): CodeIgniter\View\View->render('admin/skm_kuisi...', Array, true)
#2 /usr/local/var/www/simkkn/app/Controllers/Backend/Kelompok_detail.php(88): view('admin/skm_kuisi...', Array)
#3 /usr/local/var/www/simkkn/vendor/codeigniter4/framework/system/CodeIgniter.php(918): App\Controllers\Backend\Kelompok_detail->form_insert()
#4 /usr/local/var/www/simkkn/vendor/codeigniter4/framework/system/CodeIgniter.php(404): CodeIgniter\CodeIgniter->runController(Object(App\Controllers\Backend\Kelompok_detail))
#5 /usr/local/var/www/simkkn/vendor/codeigniter4/framework/system/CodeIgniter.php(312): CodeIgniter\CodeIgniter->handleRequest(NULL, Object(Config\Cache), false)
#6 /usr/local/var/www/simkkn/public/index.php(45): CodeIgniter\CodeIgniter->run()
#7 /usr/local/var/www/simkkn/vendor/codeigniter4/framework/system/Commands/Server/rewrite.php(34): require_once('/usr/local/var/...')
#8 {main}
INFO - 2023-12-20 09:42:06 --> Session: Class initialized using 'CodeIgniter\Session\Handlers\FileHandler' driver.
WARNING - 2023-12-20 09:42:06 --> Session: Sessions is enabled, and one exists.Please don't $session->start();
INFO - 2023-12-20 09:42:07 --> Session: Class initialized using 'CodeIgniter\Session\Handlers\FileHandler' driver.
WARNING - 2023-12-20 09:42:07 --> Session: Sessions is enabled, and one exists.Please don't $session->start();
INFO - 2023-12-20 09:42:11 --> Session: Class initialized using 'CodeIgniter\Session\Handlers\FileHandler' driver.
WARNING - 2023-12-20 09:42:11 --> Session: Sessions is enabled, and one exists.Please don't $session->start();
CRITICAL - 2023-12-20 09:42:11 --> Invalid file: admin/skm_kuisioner/form_update.php
#0 /usr/local/var/www/simkkn/vendor/codeigniter4/framework/system/View/View.php(228): CodeIgniter\Exceptions\FrameworkException::forInvalidFile('admin/skm_kuisi...')
#1 /usr/local/var/www/simkkn/vendor/codeigniter4/framework/system/Common.php(1119): CodeIgniter\View\View->render('admin/skm_kuisi...', Array, true)
#2 /usr/local/var/www/simkkn/app/Controllers/Backend/Kelompok_detail.php(88): view('admin/skm_kuisi...', Array)
#3 /usr/local/var/www/simkkn/vendor/codeigniter4/framework/system/CodeIgniter.php(918): App\Controllers\Backend\Kelompok_detail->form_insert()
#4 /usr/local/var/www/simkkn/vendor/codeigniter4/framework/system/CodeIgniter.php(404): CodeIgniter\CodeIgniter->runController(Object(App\Controllers\Backend\Kelompok_detail))
#5 /usr/local/var/www/simkkn/vendor/codeigniter4/framework/system/CodeIgniter.php(312): CodeIgniter\CodeIgniter->handleRequest(NULL, Object(Config\Cache), false)
#6 /usr/local/var/www/simkkn/public/index.php(45): CodeIgniter\CodeIgniter->run()
#7 /usr/local/var/www/simkkn/vendor/codeigniter4/framework/system/Commands/Server/rewrite.php(34): require_once('/usr/local/var/...')
#8 {main}
INFO - 2023-12-20 09:42:35 --> Session: Class initialized using 'CodeIgniter\Session\Handlers\FileHandler' driver.
WARNING - 2023-12-20 09:42:35 --> Session: Sessions is enabled, and one exists.Please don't $session->start();
INFO - 2023-12-20 09:42:36 --> Session: Class initialized using 'CodeIgniter\Session\Handlers\FileHandler' driver.
WARNING - 2023-12-20 09:42:36 --> Session: Sessions is enabled, and one exists.Please don't $session->start();
INFO - 2023-12-20 09:42:39 --> Session: Class initialized using 'CodeIgniter\Session\Handlers\FileHandler' driver.
WARNING - 2023-12-20 09:42:39 --> Session: Sessions is enabled, and one exists.Please don't $session->start();
CRITICAL - 2023-12-20 09:42:39 --> Invalid argument supplied for foreach()
#0 /usr/local/var/www/simkkn/app/Views/admin/kelompok_detail/form_update.php(17): CodeIgniter\Debug\Exceptions->errorHandler(2, 'Invalid argumen...', '/usr/local/var/...', 17, Array)
#1 /usr/local/var/www/simkkn/vendor/codeigniter4/framework/system/View/View.php(246): include('/usr/local/var/...')
#2 /usr/local/var/www/simkkn/vendor/codeigniter4/framework/system/Common.php(1119): CodeIgniter\View\View->render('admin/kelompok_...', Array, true)
#3 /usr/local/var/www/simkkn/app/Controllers/Backend/Kelompok_detail.php(88): view('admin/kelompok_...', Array)
#4 /usr/local/var/www/simkkn/vendor/codeigniter4/framework/system/CodeIgniter.php(918): App\Controllers\Backend\Kelompok_detail->form_insert()
#5 /usr/local/var/www/simkkn/vendor/codeigniter4/framework/system/CodeIgniter.php(404): CodeIgniter\CodeIgniter->runController(Object(App\Controllers\Backend\Kelompok_detail))
#6 /usr/local/var/www/simkkn/vendor/codeigniter4/framework/system/CodeIgniter.php(312): CodeIgniter\CodeIgniter->handleRequest(NULL, Object(Config\Cache), false)
#7 /usr/local/var/www/simkkn/public/index.php(45): CodeIgniter\CodeIgniter->run()
#8 /usr/local/var/www/simkkn/vendor/codeigniter4/framework/system/Commands/Server/rewrite.php(34): require_once('/usr/local/var/...')
#9 {main}
INFO - 2023-12-20 09:43:01 --> Session: Class initialized using 'CodeIgniter\Session\Handlers\FileHandler' driver.
WARNING - 2023-12-20 09:43:01 --> Session: Sessions is enabled, and one exists.Please don't $session->start();
INFO - 2023-12-20 09:43:02 --> Session: Class initialized using 'CodeIgniter\Session\Handlers\FileHandler' driver.
WARNING - 2023-12-20 09:43:02 --> Session: Sessions is enabled, and one exists.Please don't $session->start();
INFO - 2023-12-20 09:43:03 --> Session: Class initialized using 'CodeIgniter\Session\Handlers\FileHandler' driver.
WARNING - 2023-12-20 09:43:03 --> Session: Sessions is enabled, and one exists.Please don't $session->start();
CRITICAL - 2023-12-20 09:43:03 --> Invalid argument supplied for foreach()
#0 /usr/local/var/www/simkkn/app/Views/admin/kelompok_detail/form_update.php(17): CodeIgniter\Debug\Exceptions->errorHandler(2, 'Invalid argumen...', '/usr/local/var/...', 17, Array)
#1 /usr/local/var/www/simkkn/vendor/codeigniter4/framework/system/View/View.php(246): include('/usr/local/var/...')
#2 /usr/local/var/www/simkkn/vendor/codeigniter4/framework/system/Common.php(1119): CodeIgniter\View\View->render('admin/kelompok_...', Array, true)
#3 /usr/local/var/www/simkkn/app/Controllers/Backend/Kelompok_detail.php(88): view('admin/kelompok_...', Array)
#4 /usr/local/var/www/simkkn/vendor/codeigniter4/framework/system/CodeIgniter.php(918): App\Controllers\Backend\Kelompok_detail->form_insert()
#5 /usr/local/var/www/simkkn/vendor/codeigniter4/framework/system/CodeIgniter.php(404): CodeIgniter\CodeIgniter->runController(Object(App\Controllers\Backend\Kelompok_detail))
#6 /usr/local/var/www/simkkn/vendor/codeigniter4/framework/system/CodeIgniter.php(312): CodeIgniter\CodeIgniter->handleRequest(NULL, Object(Config\Cache), false)
#7 /usr/local/var/www/simkkn/public/index.php(45): CodeIgniter\CodeIgniter->run()
#8 /usr/local/var/www/simkkn/vendor/codeigniter4/framework/system/Commands/Server/rewrite.php(34): require_once('/usr/local/var/...')
#9 {main}
INFO - 2023-12-20 09:43:31 --> Session: Class initialized using 'CodeIgniter\Session\Handlers\FileHandler' driver.
WARNING - 2023-12-20 09:43:31 --> Session: Sessions is enabled, and one exists.Please don't $session->start();
INFO - 2023-12-20 09:43:33 --> Session: Class initialized using 'CodeIgniter\Session\Handlers\FileHandler' driver.
WARNING - 2023-12-20 09:43:33 --> Session: Sessions is enabled, and one exists.Please don't $session->start();
INFO - 2023-12-20 09:43:33 --> Session: Class initialized using 'CodeIgniter\Session\Handlers\FileHandler' driver.
WARNING - 2023-12-20 09:43:33 --> Session: Sessions is enabled, and one exists.Please don't $session->start();
CRITICAL - 2023-12-20 09:43:33 --> Invalid argument supplied for foreach()
#0 /usr/local/var/www/simkkn/app/Views/admin/kelompok_detail/form_update.php(17): CodeIgniter\Debug\Exceptions->errorHandler(2, 'Invalid argumen...', '/usr/local/var/...', 17, Array)
#1 /usr/local/var/www/simkkn/vendor/codeigniter4/framework/system/View/View.php(246): include('/usr/local/var/...')
#2 /usr/local/var/www/simkkn/vendor/codeigniter4/framework/system/Common.php(1119): CodeIgniter\View\View->render('admin/kelompok_...', Array, true)
#3 /usr/local/var/www/simkkn/app/Controllers/Backend/Kelompok_detail.php(88): view('admin/kelompok_...', Array)
#4 /usr/local/var/www/simkkn/vendor/codeigniter4/framework/system/CodeIgniter.php(918): App\Controllers\Backend\Kelompok_detail->form_insert()
#5 /usr/local/var/www/simkkn/vendor/codeigniter4/framework/system/CodeIgniter.php(404): CodeIgniter\CodeIgniter->runController(Object(App\Controllers\Backend\Kelompok_detail))
#6 /usr/local/var/www/simkkn/vendor/codeigniter4/framework/system/CodeIgniter.php(312): CodeIgniter\CodeIgniter->handleRequest(NULL, Object(Config\Cache), false)
#7 /usr/local/var/www/simkkn/public/index.php(45): CodeIgniter\CodeIgniter->run()
#8 /usr/local/var/www/simkkn/vendor/codeigniter4/framework/system/Commands/Server/rewrite.php(34): require_once('/usr/local/var/...')
#9 {main}
