INFO - 2024-01-13 16:06:23 --> Session: Class initialized using 'CodeIgniter\Session\Handlers\FileHandler' driver.
WARNING - 2024-01-13 16:06:23 --> Session: Sessions is enabled, and one exists.Please don't $session->start();
INFO - 2024-01-13 16:07:09 --> Session: Class initialized using 'CodeIgniter\Session\Handlers\FileHandler' driver.
WARNING - 2024-01-13 16:07:09 --> Session: Sessions is enabled, and one exists.Please don't $session->start();
INFO - 2024-01-13 16:07:17 --> Session: Class initialized using 'CodeIgniter\Session\Handlers\FileHandler' driver.
WARNING - 2024-01-13 16:07:17 --> Session: Sessions is enabled, and one exists.Please don't $session->start();
INFO - 2024-01-13 16:07:19 --> Session: Class initialized using 'CodeIgniter\Session\Handlers\FileHandler' driver.
INFO - 2024-01-13 16:07:22 --> Session: Class initialized using 'CodeIgniter\Session\Handlers\FileHandler' driver.
WARNING - 2024-01-13 16:07:22 --> Session: Sessions is enabled, and one exists.Please don't $session->start();
INFO - 2024-01-13 16:07:23 --> Session: Class initialized using 'CodeIgniter\Session\Handlers\FileHandler' driver.
WARNING - 2024-01-13 16:07:23 --> Session: Sessions is enabled, and one exists.Please don't $session->start();
INFO - 2024-01-13 16:07:47 --> Session: Class initialized using 'CodeIgniter\Session\Handlers\FileHandler' driver.
WARNING - 2024-01-13 16:07:47 --> Session: Sessions is enabled, and one exists.Please don't $session->start();
INFO - 2024-01-13 16:07:47 --> Session: Class initialized using 'CodeIgniter\Session\Handlers\FileHandler' driver.
WARNING - 2024-01-13 16:07:47 --> Session: Sessions is enabled, and one exists.Please don't $session->start();
INFO - 2024-01-13 16:07:51 --> Session: Class initialized using 'CodeIgniter\Session\Handlers\FileHandler' driver.
WARNING - 2024-01-13 16:07:51 --> Session: Sessions is enabled, and one exists.Please don't $session->start();
INFO - 2024-01-13 16:07:51 --> Session: Class initialized using 'CodeIgniter\Session\Handlers\FileHandler' driver.
WARNING - 2024-01-13 16:07:51 --> Session: Sessions is enabled, and one exists.Please don't $session->start();
INFO - 2024-01-13 16:08:02 --> Session: Class initialized using 'CodeIgniter\Session\Handlers\FileHandler' driver.
WARNING - 2024-01-13 16:08:02 --> Session: Sessions is enabled, and one exists.Please don't $session->start();
ERROR - 2024-01-13 16:08:02 --> mysqli_sql_exception: Table 'u268758892_simkkn.bcms_layanan' doesn't exist in /usr/local/var/www/simkkn/vendor/codeigniter4/framework/system/Database/MySQLi/Connection.php:331
Stack trace:
#0 /usr/local/var/www/simkkn/vendor/codeigniter4/framework/system/Database/MySQLi/Connection.php(331): mysqli->query('SELECT *\nFROM `...')
#1 /usr/local/var/www/simkkn/vendor/codeigniter4/framework/system/Database/BaseConnection.php(741): CodeIgniter\Database\MySQLi\Connection->execute('SELECT *\nFROM `...')
#2 /usr/local/var/www/simkkn/vendor/codeigniter4/framework/system/Database/BaseConnection.php(669): CodeIgniter\Database\BaseConnection->simpleQuery('SELECT *\nFROM `...')
#3 /usr/local/var/www/simkkn/vendor/codeigniter4/framework/system/Database/BaseBuilder.php(1860): CodeIgniter\Database\BaseConnection->query('SELECT *\nFROM `...', Array, false)
#4 /usr/local/var/www/simkkn/app/Models/Backend/LayananModel.php(24): CodeIgniter\Database\BaseBuilder->get()
#5 /usr/local/var/www/simkkn/app/Controllers/Home.php(31): App\Models\Backend\LayananModel->getLayananByKategori('Layanan Unggula...')
#6 /usr/local/var/www/simkkn/vendor/codeigniter4/framework/system/CodeIgniter.php(918): App\Controllers\Home->index()
#7 /usr/local/var/www/simkkn/vendor/codeigniter4/framework/system/CodeIgniter.php(404): CodeIgniter\CodeIgniter->runController(Object(App\Controllers\Home))
#8 /usr/local/var/www/simkkn/vendor/codeigniter4/framework/system/CodeIgniter.php(312): CodeIgniter\CodeIgniter->handleRequest(NULL, Object(Config\Cache), false)
#9 /usr/local/var/www/simkkn/public/index.php(45): CodeIgniter\CodeIgniter->run()
#10 /usr/local/var/www/simkkn/vendor/codeigniter4/framework/system/Commands/Server/rewrite.php(34): require_once('/usr/local/var/...')
#11 {main}
INFO - 2024-01-13 16:08:08 --> Session: Class initialized using 'CodeIgniter\Session\Handlers\FileHandler' driver.
WARNING - 2024-01-13 16:08:08 --> Session: Sessions is enabled, and one exists.Please don't $session->start();
INFO - 2024-01-13 16:08:09 --> Session: Class initialized using 'CodeIgniter\Session\Handlers\FileHandler' driver.
WARNING - 2024-01-13 16:08:09 --> Session: Sessions is enabled, and one exists.Please don't $session->start();
INFO - 2024-01-13 16:08:27 --> Session: Class initialized using 'CodeIgniter\Session\Handlers\FileHandler' driver.
WARNING - 2024-01-13 16:08:27 --> Session: Sessions is enabled, and one exists.Please don't $session->start();
INFO - 2024-01-13 16:08:27 --> Session: Class initialized using 'CodeIgniter\Session\Handlers\FileHandler' driver.
WARNING - 2024-01-13 16:08:27 --> Session: Sessions is enabled, and one exists.Please don't $session->start();
INFO - 2024-01-13 16:08:31 --> Session: Class initialized using 'CodeIgniter\Session\Handlers\FileHandler' driver.
WARNING - 2024-01-13 16:08:31 --> Session: Sessions is enabled, and one exists.Please don't $session->start();
ERROR - 2024-01-13 16:08:31 --> mysqli_sql_exception: Table 'u268758892_simkkn.bcms_layanan' doesn't exist in /usr/local/var/www/simkkn/vendor/codeigniter4/framework/system/Database/MySQLi/Connection.php:331
Stack trace:
#0 /usr/local/var/www/simkkn/vendor/codeigniter4/framework/system/Database/MySQLi/Connection.php(331): mysqli->query('SELECT *\nFROM `...')
#1 /usr/local/var/www/simkkn/vendor/codeigniter4/framework/system/Database/BaseConnection.php(741): CodeIgniter\Database\MySQLi\Connection->execute('SELECT *\nFROM `...')
#2 /usr/local/var/www/simkkn/vendor/codeigniter4/framework/system/Database/BaseConnection.php(669): CodeIgniter\Database\BaseConnection->simpleQuery('SELECT *\nFROM `...')
#3 /usr/local/var/www/simkkn/vendor/codeigniter4/framework/system/Database/BaseBuilder.php(1860): CodeIgniter\Database\BaseConnection->query('SELECT *\nFROM `...', Array, false)
#4 /usr/local/var/www/simkkn/app/Models/Backend/LayananModel.php(24): CodeIgniter\Database\BaseBuilder->get()
#5 /usr/local/var/www/simkkn/app/Controllers/Home.php(31): App\Models\Backend\LayananModel->getLayananByKategori('Layanan Unggula...')
#6 /usr/local/var/www/simkkn/vendor/codeigniter4/framework/system/CodeIgniter.php(918): App\Controllers\Home->index()
#7 /usr/local/var/www/simkkn/vendor/codeigniter4/framework/system/CodeIgniter.php(404): CodeIgniter\CodeIgniter->runController(Object(App\Controllers\Home))
#8 /usr/local/var/www/simkkn/vendor/codeigniter4/framework/system/CodeIgniter.php(312): CodeIgniter\CodeIgniter->handleRequest(NULL, Object(Config\Cache), false)
#9 /usr/local/var/www/simkkn/public/index.php(45): CodeIgniter\CodeIgniter->run()
#10 /usr/local/var/www/simkkn/vendor/codeigniter4/framework/system/Commands/Server/rewrite.php(34): require_once('/usr/local/var/...')
#11 {main}
INFO - 2024-01-13 16:08:35 --> Session: Class initialized using 'CodeIgniter\Session\Handlers\FileHandler' driver.
WARNING - 2024-01-13 16:08:35 --> Session: Sessions is enabled, and one exists.Please don't $session->start();
INFO - 2024-01-13 16:09:33 --> Session: Class initialized using 'CodeIgniter\Session\Handlers\FileHandler' driver.
WARNING - 2024-01-13 16:09:33 --> Session: Sessions is enabled, and one exists.Please don't $session->start();
INFO - 2024-01-13 16:09:50 --> Session: Class initialized using 'CodeIgniter\Session\Handlers\FileHandler' driver.
WARNING - 2024-01-13 16:09:50 --> Session: Sessions is enabled, and one exists.Please don't $session->start();
ERROR - 2024-01-13 16:09:50 --> mysqli_sql_exception: Table 'u268758892_simkkn.bcms_layanan' doesn't exist in /usr/local/var/www/simkkn/vendor/codeigniter4/framework/system/Database/MySQLi/Connection.php:331
Stack trace:
#0 /usr/local/var/www/simkkn/vendor/codeigniter4/framework/system/Database/MySQLi/Connection.php(331): mysqli->query('SELECT *\nFROM `...')
#1 /usr/local/var/www/simkkn/vendor/codeigniter4/framework/system/Database/BaseConnection.php(741): CodeIgniter\Database\MySQLi\Connection->execute('SELECT *\nFROM `...')
#2 /usr/local/var/www/simkkn/vendor/codeigniter4/framework/system/Database/BaseConnection.php(669): CodeIgniter\Database\BaseConnection->simpleQuery('SELECT *\nFROM `...')
#3 /usr/local/var/www/simkkn/vendor/codeigniter4/framework/system/Database/BaseBuilder.php(1860): CodeIgniter\Database\BaseConnection->query('SELECT *\nFROM `...', Array, false)
#4 /usr/local/var/www/simkkn/app/Models/Backend/LayananModel.php(24): CodeIgniter\Database\BaseBuilder->get()
#5 /usr/local/var/www/simkkn/app/Controllers/Home.php(31): App\Models\Backend\LayananModel->getLayananByKategori('Layanan Unggula...')
#6 /usr/local/var/www/simkkn/vendor/codeigniter4/framework/system/CodeIgniter.php(918): App\Controllers\Home->index()
#7 /usr/local/var/www/simkkn/vendor/codeigniter4/framework/system/CodeIgniter.php(404): CodeIgniter\CodeIgniter->runController(Object(App\Controllers\Home))
#8 /usr/local/var/www/simkkn/vendor/codeigniter4/framework/system/CodeIgniter.php(312): CodeIgniter\CodeIgniter->handleRequest(NULL, Object(Config\Cache), false)
#9 /usr/local/var/www/simkkn/public/index.php(45): CodeIgniter\CodeIgniter->run()
#10 /usr/local/var/www/simkkn/vendor/codeigniter4/framework/system/Commands/Server/rewrite.php(34): require_once('/usr/local/var/...')
#11 {main}
INFO - 2024-01-13 16:10:04 --> Session: Class initialized using 'CodeIgniter\Session\Handlers\FileHandler' driver.
WARNING - 2024-01-13 16:10:04 --> Session: Sessions is enabled, and one exists.Please don't $session->start();
INFO - 2024-01-13 16:10:06 --> Session: Class initialized using 'CodeIgniter\Session\Handlers\FileHandler' driver.
WARNING - 2024-01-13 16:10:06 --> Session: Sessions is enabled, and one exists.Please don't $session->start();
ERROR - 2024-01-13 16:10:06 --> mysqli_sql_exception: Table 'u268758892_simkkn.bcms_layanan' doesn't exist in /usr/local/var/www/simkkn/vendor/codeigniter4/framework/system/Database/MySQLi/Connection.php:331
Stack trace:
#0 /usr/local/var/www/simkkn/vendor/codeigniter4/framework/system/Database/MySQLi/Connection.php(331): mysqli->query('SELECT *\nFROM `...')
#1 /usr/local/var/www/simkkn/vendor/codeigniter4/framework/system/Database/BaseConnection.php(741): CodeIgniter\Database\MySQLi\Connection->execute('SELECT *\nFROM `...')
#2 /usr/local/var/www/simkkn/vendor/codeigniter4/framework/system/Database/BaseConnection.php(669): CodeIgniter\Database\BaseConnection->simpleQuery('SELECT *\nFROM `...')
#3 /usr/local/var/www/simkkn/vendor/codeigniter4/framework/system/Database/BaseBuilder.php(1860): CodeIgniter\Database\BaseConnection->query('SELECT *\nFROM `...', Array, false)
#4 /usr/local/var/www/simkkn/app/Models/Backend/LayananModel.php(24): CodeIgniter\Database\BaseBuilder->get()
#5 /usr/local/var/www/simkkn/app/Controllers/Home.php(31): App\Models\Backend\LayananModel->getLayananByKategori('Layanan Unggula...')
#6 /usr/local/var/www/simkkn/vendor/codeigniter4/framework/system/CodeIgniter.php(918): App\Controllers\Home->index()
#7 /usr/local/var/www/simkkn/vendor/codeigniter4/framework/system/CodeIgniter.php(404): CodeIgniter\CodeIgniter->runController(Object(App\Controllers\Home))
#8 /usr/local/var/www/simkkn/vendor/codeigniter4/framework/system/CodeIgniter.php(312): CodeIgniter\CodeIgniter->handleRequest(NULL, Object(Config\Cache), false)
#9 /usr/local/var/www/simkkn/public/index.php(45): CodeIgniter\CodeIgniter->run()
#10 /usr/local/var/www/simkkn/vendor/codeigniter4/framework/system/Commands/Server/rewrite.php(34): require_once('/usr/local/var/...')
#11 {main}
INFO - 2024-01-13 16:10:13 --> Session: Class initialized using 'CodeIgniter\Session\Handlers\FileHandler' driver.
WARNING - 2024-01-13 16:10:13 --> Session: Sessions is enabled, and one exists.Please don't $session->start();
INFO - 2024-01-13 16:10:13 --> Session: Class initialized using 'CodeIgniter\Session\Handlers\FileHandler' driver.
WARNING - 2024-01-13 16:10:13 --> Session: Sessions is enabled, and one exists.Please don't $session->start();
INFO - 2024-01-13 16:10:21 --> Session: Class initialized using 'CodeIgniter\Session\Handlers\FileHandler' driver.
WARNING - 2024-01-13 16:10:21 --> Session: Sessions is enabled, and one exists.Please don't $session->start();
INFO - 2024-01-13 16:10:22 --> Session: Class initialized using 'CodeIgniter\Session\Handlers\FileHandler' driver.
WARNING - 2024-01-13 16:10:22 --> Session: Sessions is enabled, and one exists.Please don't $session->start();
INFO - 2024-01-13 16:10:23 --> Session: Class initialized using 'CodeIgniter\Session\Handlers\FileHandler' driver.
WARNING - 2024-01-13 16:10:23 --> Session: Sessions is enabled, and one exists.Please don't $session->start();
INFO - 2024-01-13 16:10:23 --> Session: Class initialized using 'CodeIgniter\Session\Handlers\FileHandler' driver.
WARNING - 2024-01-13 16:10:23 --> Session: Sessions is enabled, and one exists.Please don't $session->start();
INFO - 2024-01-13 16:11:23 --> Session: Class initialized using 'CodeIgniter\Session\Handlers\FileHandler' driver.
WARNING - 2024-01-13 16:11:23 --> Session: Sessions is enabled, and one exists.Please don't $session->start();
INFO - 2024-01-13 16:11:23 --> Session: Class initialized using 'CodeIgniter\Session\Handlers\FileHandler' driver.
WARNING - 2024-01-13 16:11:23 --> Session: Sessions is enabled, and one exists.Please don't $session->start();
INFO - 2024-01-13 16:18:43 --> Session: Class initialized using 'CodeIgniter\Session\Handlers\FileHandler' driver.
WARNING - 2024-01-13 16:18:43 --> Session: Sessions is enabled, and one exists.Please don't $session->start();
INFO - 2024-01-13 16:18:47 --> Session: Class initialized using 'CodeIgniter\Session\Handlers\FileHandler' driver.
WARNING - 2024-01-13 16:18:47 --> Session: Sessions is enabled, and one exists.Please don't $session->start();
INFO - 2024-01-13 16:19:30 --> Session: Class initialized using 'CodeIgniter\Session\Handlers\FileHandler' driver.
WARNING - 2024-01-13 16:19:30 --> Session: Sessions is enabled, and one exists.Please don't $session->start();
CRITICAL - 2024-01-13 16:19:30 --> Invalid file: front/pages/informasi/pengumuman.php
#0 /usr/local/var/www/simkkn/vendor/codeigniter4/framework/system/View/View.php(228): CodeIgniter\Exceptions\FrameworkException::forInvalidFile('front/pages/inf...')
#1 /usr/local/var/www/simkkn/vendor/codeigniter4/framework/system/Common.php(1119): CodeIgniter\View\View->render('front/pages/inf...', Array, true)
#2 /usr/local/var/www/simkkn/app/Controllers/Informasi.php(344): view('front/pages/inf...', Array)
#3 /usr/local/var/www/simkkn/vendor/codeigniter4/framework/system/CodeIgniter.php(918): App\Controllers\Informasi->pengumuman()
#4 /usr/local/var/www/simkkn/vendor/codeigniter4/framework/system/CodeIgniter.php(404): CodeIgniter\CodeIgniter->runController(Object(App\Controllers\Informasi))
#5 /usr/local/var/www/simkkn/vendor/codeigniter4/framework/system/CodeIgniter.php(312): CodeIgniter\CodeIgniter->handleRequest(NULL, Object(Config\Cache), false)
#6 /usr/local/var/www/simkkn/public/index.php(45): CodeIgniter\CodeIgniter->run()
#7 /usr/local/var/www/simkkn/vendor/codeigniter4/framework/system/Commands/Server/rewrite.php(34): require_once('/usr/local/var/...')
#8 {main}
INFO - 2024-01-13 16:19:35 --> Session: Class initialized using 'CodeIgniter\Session\Handlers\FileHandler' driver.
WARNING - 2024-01-13 16:19:35 --> Session: Sessions is enabled, and one exists.Please don't $session->start();
CRITICAL - 2024-01-13 16:19:35 --> Invalid file: front/pages/informasi/pengumuman.php
#0 /usr/local/var/www/simkkn/vendor/codeigniter4/framework/system/View/View.php(228): CodeIgniter\Exceptions\FrameworkException::forInvalidFile('front/pages/inf...')
#1 /usr/local/var/www/simkkn/vendor/codeigniter4/framework/system/Common.php(1119): CodeIgniter\View\View->render('front/pages/inf...', Array, true)
#2 /usr/local/var/www/simkkn/app/Controllers/Informasi.php(344): view('front/pages/inf...', Array)
#3 /usr/local/var/www/simkkn/vendor/codeigniter4/framework/system/CodeIgniter.php(918): App\Controllers\Informasi->pengumuman()
#4 /usr/local/var/www/simkkn/vendor/codeigniter4/framework/system/CodeIgniter.php(404): CodeIgniter\CodeIgniter->runController(Object(App\Controllers\Informasi))
#5 /usr/local/var/www/simkkn/vendor/codeigniter4/framework/system/CodeIgniter.php(312): CodeIgniter\CodeIgniter->handleRequest(NULL, Object(Config\Cache), false)
#6 /usr/local/var/www/simkkn/public/index.php(45): CodeIgniter\CodeIgniter->run()
#7 /usr/local/var/www/simkkn/vendor/codeigniter4/framework/system/Commands/Server/rewrite.php(34): require_once('/usr/local/var/...')
#8 {main}
INFO - 2024-01-13 16:24:40 --> Session: Class initialized using 'CodeIgniter\Session\Handlers\FileHandler' driver.
WARNING - 2024-01-13 16:24:40 --> Session: Sessions is enabled, and one exists.Please don't $session->start();
CRITICAL - 2024-01-13 16:24:40 --> Invalid file: front/pages/informasi/pengumuman.php
#0 /usr/local/var/www/simkkn/vendor/codeigniter4/framework/system/View/View.php(228): CodeIgniter\Exceptions\FrameworkException::forInvalidFile('front/pages/inf...')
#1 /usr/local/var/www/simkkn/vendor/codeigniter4/framework/system/Common.php(1119): CodeIgniter\View\View->render('front/pages/inf...', Array, true)
#2 /usr/local/var/www/simkkn/app/Controllers/Informasi.php(344): view('front/pages/inf...', Array)
#3 /usr/local/var/www/simkkn/vendor/codeigniter4/framework/system/CodeIgniter.php(918): App\Controllers\Informasi->pengumuman()
#4 /usr/local/var/www/simkkn/vendor/codeigniter4/framework/system/CodeIgniter.php(404): CodeIgniter\CodeIgniter->runController(Object(App\Controllers\Informasi))
#5 /usr/local/var/www/simkkn/vendor/codeigniter4/framework/system/CodeIgniter.php(312): CodeIgniter\CodeIgniter->handleRequest(NULL, Object(Config\Cache), false)
#6 /usr/local/var/www/simkkn/public/index.php(45): CodeIgniter\CodeIgniter->run()
#7 /usr/local/var/www/simkkn/vendor/codeigniter4/framework/system/Commands/Server/rewrite.php(34): require_once('/usr/local/var/...')
#8 {main}
INFO - 2024-01-13 16:25:52 --> Session: Class initialized using 'CodeIgniter\Session\Handlers\FileHandler' driver.
WARNING - 2024-01-13 16:25:52 --> Session: Sessions is enabled, and one exists.Please don't $session->start();
INFO - 2024-01-13 16:27:03 --> Session: Class initialized using 'CodeIgniter\Session\Handlers\FileHandler' driver.
WARNING - 2024-01-13 16:27:03 --> Session: Sessions is enabled, and one exists.Please don't $session->start();
INFO - 2024-01-13 16:28:25 --> Session: Class initialized using 'CodeIgniter\Session\Handlers\FileHandler' driver.
WARNING - 2024-01-13 16:28:25 --> Session: Sessions is enabled, and one exists.Please don't $session->start();
INFO - 2024-01-13 16:28:55 --> Session: Class initialized using 'CodeIgniter\Session\Handlers\FileHandler' driver.
WARNING - 2024-01-13 16:28:55 --> Session: Sessions is enabled, and one exists.Please don't $session->start();
INFO - 2024-01-13 16:29:06 --> Session: Class initialized using 'CodeIgniter\Session\Handlers\FileHandler' driver.
WARNING - 2024-01-13 16:29:06 --> Session: Sessions is enabled, and one exists.Please don't $session->start();
INFO - 2024-01-13 16:30:28 --> Session: Class initialized using 'CodeIgniter\Session\Handlers\FileHandler' driver.
WARNING - 2024-01-13 16:30:28 --> Session: Sessions is enabled, and one exists.Please don't $session->start();
CRITICAL - 2024-01-13 16:30:28 --> Invalid argument supplied for foreach()
#0 /usr/local/var/www/simkkn/app/Views/front/layout/header.php(14): CodeIgniter\Debug\Exceptions->errorHandler(2, 'Invalid argumen...', '/usr/local/var/...', 14, Array)
#1 /usr/local/var/www/simkkn/vendor/codeigniter4/framework/system/View/View.php(246): include('/usr/local/var/...')
#2 /usr/local/var/www/simkkn/vendor/codeigniter4/framework/system/View/View.php(525): CodeIgniter\View\View->render('front/layout/he...', NULL, true)
#3 /usr/local/var/www/simkkn/app/Views/front/layout/main_layout.php(188): CodeIgniter\View\View->include('front/layout/he...')
#4 /usr/local/var/www/simkkn/vendor/codeigniter4/framework/system/View/View.php(246): include('/usr/local/var/...')
#5 /usr/local/var/www/simkkn/vendor/codeigniter4/framework/system/View/View.php(257): CodeIgniter\View\View->render('front/layout/ma...', Array, true)
#6 /usr/local/var/www/simkkn/vendor/codeigniter4/framework/system/Common.php(1119): CodeIgniter\View\View->render('front/pages/inf...', Array, true)
#7 /usr/local/var/www/simkkn/app/Controllers/Informasi.php(326): view('front/pages/inf...', Array)
#8 /usr/local/var/www/simkkn/vendor/codeigniter4/framework/system/CodeIgniter.php(918): App\Controllers\Informasi->pengumuman()
#9 /usr/local/var/www/simkkn/vendor/codeigniter4/framework/system/CodeIgniter.php(404): CodeIgniter\CodeIgniter->runController(Object(App\Controllers\Informasi))
#10 /usr/local/var/www/simkkn/vendor/codeigniter4/framework/system/CodeIgniter.php(312): CodeIgniter\CodeIgniter->handleRequest(NULL, Object(Config\Cache), false)
#11 /usr/local/var/www/simkkn/public/index.php(45): CodeIgniter\CodeIgniter->run()
#12 /usr/local/var/www/simkkn/vendor/codeigniter4/framework/system/Commands/Server/rewrite.php(34): require_once('/usr/local/var/...')
#13 {main}
INFO - 2024-01-13 16:30:46 --> Session: Class initialized using 'CodeIgniter\Session\Handlers\FileHandler' driver.
WARNING - 2024-01-13 16:30:46 --> Session: Sessions is enabled, and one exists.Please don't $session->start();
CRITICAL - 2024-01-13 16:30:46 --> Invalid argument supplied for foreach()
#0 /usr/local/var/www/simkkn/app/Views/front/layout/header.php(14): CodeIgniter\Debug\Exceptions->errorHandler(2, 'Invalid argumen...', '/usr/local/var/...', 14, Array)
#1 /usr/local/var/www/simkkn/vendor/codeigniter4/framework/system/View/View.php(246): include('/usr/local/var/...')
#2 /usr/local/var/www/simkkn/vendor/codeigniter4/framework/system/View/View.php(525): CodeIgniter\View\View->render('front/layout/he...', NULL, true)
#3 /usr/local/var/www/simkkn/app/Views/front/layout/main_layout.php(188): CodeIgniter\View\View->include('front/layout/he...')
#4 /usr/local/var/www/simkkn/vendor/codeigniter4/framework/system/View/View.php(246): include('/usr/local/var/...')
#5 /usr/local/var/www/simkkn/vendor/codeigniter4/framework/system/View/View.php(257): CodeIgniter\View\View->render('front/layout/ma...', Array, true)
#6 /usr/local/var/www/simkkn/vendor/codeigniter4/framework/system/Common.php(1119): CodeIgniter\View\View->render('front/pages/inf...', Array, true)
#7 /usr/local/var/www/simkkn/app/Controllers/Informasi.php(326): view('front/pages/inf...', Array)
#8 /usr/local/var/www/simkkn/vendor/codeigniter4/framework/system/CodeIgniter.php(918): App\Controllers\Informasi->pengumuman()
#9 /usr/local/var/www/simkkn/vendor/codeigniter4/framework/system/CodeIgniter.php(404): CodeIgniter\CodeIgniter->runController(Object(App\Controllers\Informasi))
#10 /usr/local/var/www/simkkn/vendor/codeigniter4/framework/system/CodeIgniter.php(312): CodeIgniter\CodeIgniter->handleRequest(NULL, Object(Config\Cache), false)
#11 /usr/local/var/www/simkkn/public/index.php(45): CodeIgniter\CodeIgniter->run()
#12 /usr/local/var/www/simkkn/vendor/codeigniter4/framework/system/Commands/Server/rewrite.php(34): require_once('/usr/local/var/...')
#13 {main}
INFO - 2024-01-13 16:31:00 --> Session: Class initialized using 'CodeIgniter\Session\Handlers\FileHandler' driver.
WARNING - 2024-01-13 16:31:00 --> Session: Sessions is enabled, and one exists.Please don't $session->start();
CRITICAL - 2024-01-13 16:31:00 --> Invalid argument supplied for foreach()
#0 /usr/local/var/www/simkkn/app/Views/front/layout/header.php(14): CodeIgniter\Debug\Exceptions->errorHandler(2, 'Invalid argumen...', '/usr/local/var/...', 14, Array)
#1 /usr/local/var/www/simkkn/vendor/codeigniter4/framework/system/View/View.php(246): include('/usr/local/var/...')
#2 /usr/local/var/www/simkkn/vendor/codeigniter4/framework/system/View/View.php(525): CodeIgniter\View\View->render('front/layout/he...', NULL, true)
#3 /usr/local/var/www/simkkn/app/Views/front/layout/main_layout.php(188): CodeIgniter\View\View->include('front/layout/he...')
#4 /usr/local/var/www/simkkn/vendor/codeigniter4/framework/system/View/View.php(246): include('/usr/local/var/...')
#5 /usr/local/var/www/simkkn/vendor/codeigniter4/framework/system/View/View.php(257): CodeIgniter\View\View->render('front/layout/ma...', Array, true)
#6 /usr/local/var/www/simkkn/vendor/codeigniter4/framework/system/Common.php(1119): CodeIgniter\View\View->render('front/pages/inf...', Array, true)
#7 /usr/local/var/www/simkkn/app/Controllers/Informasi.php(326): view('front/pages/inf...', Array)
#8 /usr/local/var/www/simkkn/vendor/codeigniter4/framework/system/CodeIgniter.php(918): App\Controllers\Informasi->pengumuman()
#9 /usr/local/var/www/simkkn/vendor/codeigniter4/framework/system/CodeIgniter.php(404): CodeIgniter\CodeIgniter->runController(Object(App\Controllers\Informasi))
#10 /usr/local/var/www/simkkn/vendor/codeigniter4/framework/system/CodeIgniter.php(312): CodeIgniter\CodeIgniter->handleRequest(NULL, Object(Config\Cache), false)
#11 /usr/local/var/www/simkkn/public/index.php(45): CodeIgniter\CodeIgniter->run()
#12 /usr/local/var/www/simkkn/vendor/codeigniter4/framework/system/Commands/Server/rewrite.php(34): require_once('/usr/local/var/...')
#13 {main}
INFO - 2024-01-13 16:31:03 --> Session: Class initialized using 'CodeIgniter\Session\Handlers\FileHandler' driver.
WARNING - 2024-01-13 16:31:03 --> Session: Sessions is enabled, and one exists.Please don't $session->start();
CRITICAL - 2024-01-13 16:31:03 --> Invalid argument supplied for foreach()
#0 /usr/local/var/www/simkkn/app/Views/front/layout/header.php(14): CodeIgniter\Debug\Exceptions->errorHandler(2, 'Invalid argumen...', '/usr/local/var/...', 14, Array)
#1 /usr/local/var/www/simkkn/vendor/codeigniter4/framework/system/View/View.php(246): include('/usr/local/var/...')
#2 /usr/local/var/www/simkkn/vendor/codeigniter4/framework/system/View/View.php(525): CodeIgniter\View\View->render('front/layout/he...', NULL, true)
#3 /usr/local/var/www/simkkn/app/Views/front/layout/main_layout.php(188): CodeIgniter\View\View->include('front/layout/he...')
#4 /usr/local/var/www/simkkn/vendor/codeigniter4/framework/system/View/View.php(246): include('/usr/local/var/...')
#5 /usr/local/var/www/simkkn/vendor/codeigniter4/framework/system/View/View.php(257): CodeIgniter\View\View->render('front/layout/ma...', Array, true)
#6 /usr/local/var/www/simkkn/vendor/codeigniter4/framework/system/Common.php(1119): CodeIgniter\View\View->render('front/pages/inf...', Array, true)
#7 /usr/local/var/www/simkkn/app/Controllers/Informasi.php(326): view('front/pages/inf...', Array)
#8 /usr/local/var/www/simkkn/vendor/codeigniter4/framework/system/CodeIgniter.php(918): App\Controllers\Informasi->pengumuman()
#9 /usr/local/var/www/simkkn/vendor/codeigniter4/framework/system/CodeIgniter.php(404): CodeIgniter\CodeIgniter->runController(Object(App\Controllers\Informasi))
#10 /usr/local/var/www/simkkn/vendor/codeigniter4/framework/system/CodeIgniter.php(312): CodeIgniter\CodeIgniter->handleRequest(NULL, Object(Config\Cache), false)
#11 /usr/local/var/www/simkkn/public/index.php(45): CodeIgniter\CodeIgniter->run()
#12 /usr/local/var/www/simkkn/vendor/codeigniter4/framework/system/Commands/Server/rewrite.php(34): require_once('/usr/local/var/...')
#13 {main}
INFO - 2024-01-13 16:31:14 --> Session: Class initialized using 'CodeIgniter\Session\Handlers\FileHandler' driver.
WARNING - 2024-01-13 16:31:14 --> Session: Sessions is enabled, and one exists.Please don't $session->start();
INFO - 2024-01-13 16:31:29 --> Session: Class initialized using 'CodeIgniter\Session\Handlers\FileHandler' driver.
WARNING - 2024-01-13 16:31:29 --> Session: Sessions is enabled, and one exists.Please don't $session->start();
CRITICAL - 2024-01-13 16:31:29 --> Invalid argument supplied for foreach()
#0 /usr/local/var/www/simkkn/app/Views/front/layout/header.php(14): CodeIgniter\Debug\Exceptions->errorHandler(2, 'Invalid argumen...', '/usr/local/var/...', 14, Array)
#1 /usr/local/var/www/simkkn/vendor/codeigniter4/framework/system/View/View.php(246): include('/usr/local/var/...')
#2 /usr/local/var/www/simkkn/vendor/codeigniter4/framework/system/View/View.php(525): CodeIgniter\View\View->render('front/layout/he...', NULL, true)
#3 /usr/local/var/www/simkkn/app/Views/front/layout/main_layout.php(188): CodeIgniter\View\View->include('front/layout/he...')
#4 /usr/local/var/www/simkkn/vendor/codeigniter4/framework/system/View/View.php(246): include('/usr/local/var/...')
#5 /usr/local/var/www/simkkn/vendor/codeigniter4/framework/system/View/View.php(257): CodeIgniter\View\View->render('front/layout/ma...', Array, true)
#6 /usr/local/var/www/simkkn/vendor/codeigniter4/framework/system/Common.php(1119): CodeIgniter\View\View->render('front/pages/inf...', Array, true)
#7 /usr/local/var/www/simkkn/app/Controllers/Informasi.php(326): view('front/pages/inf...', Array)
#8 /usr/local/var/www/simkkn/vendor/codeigniter4/framework/system/CodeIgniter.php(918): App\Controllers\Informasi->pengumuman()
#9 /usr/local/var/www/simkkn/vendor/codeigniter4/framework/system/CodeIgniter.php(404): CodeIgniter\CodeIgniter->runController(Object(App\Controllers\Informasi))
#10 /usr/local/var/www/simkkn/vendor/codeigniter4/framework/system/CodeIgniter.php(312): CodeIgniter\CodeIgniter->handleRequest(NULL, Object(Config\Cache), false)
#11 /usr/local/var/www/simkkn/public/index.php(45): CodeIgniter\CodeIgniter->run()
#12 /usr/local/var/www/simkkn/vendor/codeigniter4/framework/system/Commands/Server/rewrite.php(34): require_once('/usr/local/var/...')
#13 {main}
INFO - 2024-01-13 16:31:48 --> Session: Class initialized using 'CodeIgniter\Session\Handlers\FileHandler' driver.
WARNING - 2024-01-13 16:31:48 --> Session: Sessions is enabled, and one exists.Please don't $session->start();
INFO - 2024-01-13 16:40:07 --> Session: Class initialized using 'CodeIgniter\Session\Handlers\FileHandler' driver.
WARNING - 2024-01-13 16:40:07 --> Session: Sessions is enabled, and one exists.Please don't $session->start();
ERROR - 2024-01-13 16:40:07 --> mysqli_sql_exception: Table 'u268758892_simkkn.bcms_layanan' doesn't exist in /usr/local/var/www/simkkn/vendor/codeigniter4/framework/system/Database/MySQLi/Connection.php:331
Stack trace:
#0 /usr/local/var/www/simkkn/vendor/codeigniter4/framework/system/Database/MySQLi/Connection.php(331): mysqli->query('SELECT *\nFROM `...')
#1 /usr/local/var/www/simkkn/vendor/codeigniter4/framework/system/Database/BaseConnection.php(741): CodeIgniter\Database\MySQLi\Connection->execute('SELECT *\nFROM `...')
#2 /usr/local/var/www/simkkn/vendor/codeigniter4/framework/system/Database/BaseConnection.php(669): CodeIgniter\Database\BaseConnection->simpleQuery('SELECT *\nFROM `...')
#3 /usr/local/var/www/simkkn/vendor/codeigniter4/framework/system/Database/BaseBuilder.php(1860): CodeIgniter\Database\BaseConnection->query('SELECT *\nFROM `...', Array, false)
#4 /usr/local/var/www/simkkn/app/Models/Backend/LayananModel.php(24): CodeIgniter\Database\BaseBuilder->get()
#5 /usr/local/var/www/simkkn/app/Controllers/Home.php(31): App\Models\Backend\LayananModel->getLayananByKategori('Layanan Unggula...')
#6 /usr/local/var/www/simkkn/vendor/codeigniter4/framework/system/CodeIgniter.php(918): App\Controllers\Home->index()
#7 /usr/local/var/www/simkkn/vendor/codeigniter4/framework/system/CodeIgniter.php(404): CodeIgniter\CodeIgniter->runController(Object(App\Controllers\Home))
#8 /usr/local/var/www/simkkn/vendor/codeigniter4/framework/system/CodeIgniter.php(312): CodeIgniter\CodeIgniter->handleRequest(NULL, Object(Config\Cache), false)
#9 /usr/local/var/www/simkkn/public/index.php(45): CodeIgniter\CodeIgniter->run()
#10 /usr/local/var/www/simkkn/vendor/codeigniter4/framework/system/Commands/Server/rewrite.php(34): require_once('/usr/local/var/...')
#11 {main}
INFO - 2024-01-13 16:40:13 --> Session: Class initialized using 'CodeIgniter\Session\Handlers\FileHandler' driver.
WARNING - 2024-01-13 16:40:13 --> Session: Sessions is enabled, and one exists.Please don't $session->start();
INFO - 2024-01-13 16:40:14 --> Session: Class initialized using 'CodeIgniter\Session\Handlers\FileHandler' driver.
WARNING - 2024-01-13 16:40:14 --> Session: Sessions is enabled, and one exists.Please don't $session->start();
INFO - 2024-01-13 16:51:38 --> Session: Class initialized using 'CodeIgniter\Session\Handlers\FileHandler' driver.
WARNING - 2024-01-13 16:51:38 --> Session: Sessions is enabled, and one exists.Please don't $session->start();
INFO - 2024-01-13 16:56:23 --> Session: Class initialized using 'CodeIgniter\Session\Handlers\FileHandler' driver.
WARNING - 2024-01-13 16:56:23 --> Session: Sessions is enabled, and one exists.Please don't $session->start();
INFO - 2024-01-13 16:59:04 --> Session: Class initialized using 'CodeIgniter\Session\Handlers\FileHandler' driver.
WARNING - 2024-01-13 16:59:04 --> Session: Sessions is enabled, and one exists.Please don't $session->start();
INFO - 2024-01-13 17:00:17 --> Session: Class initialized using 'CodeIgniter\Session\Handlers\FileHandler' driver.
WARNING - 2024-01-13 17:00:17 --> Session: Sessions is enabled, and one exists.Please don't $session->start();
INFO - 2024-01-13 17:00:41 --> Session: Class initialized using 'CodeIgniter\Session\Handlers\FileHandler' driver.
WARNING - 2024-01-13 17:00:41 --> Session: Sessions is enabled, and one exists.Please don't $session->start();
INFO - 2024-01-13 17:00:59 --> Session: Class initialized using 'CodeIgniter\Session\Handlers\FileHandler' driver.
WARNING - 2024-01-13 17:00:59 --> Session: Sessions is enabled, and one exists.Please don't $session->start();
INFO - 2024-01-13 17:01:01 --> Session: Class initialized using 'CodeIgniter\Session\Handlers\FileHandler' driver.
WARNING - 2024-01-13 17:01:01 --> Session: Sessions is enabled, and one exists.Please don't $session->start();
INFO - 2024-01-13 17:03:18 --> Session: Class initialized using 'CodeIgniter\Session\Handlers\FileHandler' driver.
WARNING - 2024-01-13 17:03:18 --> Session: Sessions is enabled, and one exists.Please don't $session->start();
INFO - 2024-01-13 17:03:20 --> Session: Class initialized using 'CodeIgniter\Session\Handlers\FileHandler' driver.
WARNING - 2024-01-13 17:03:20 --> Session: Sessions is enabled, and one exists.Please don't $session->start();
INFO - 2024-01-13 17:03:26 --> Session: Class initialized using 'CodeIgniter\Session\Handlers\FileHandler' driver.
WARNING - 2024-01-13 17:03:26 --> Session: Sessions is enabled, and one exists.Please don't $session->start();
INFO - 2024-01-13 17:03:30 --> Session: Class initialized using 'CodeIgniter\Session\Handlers\FileHandler' driver.
WARNING - 2024-01-13 17:03:30 --> Session: Sessions is enabled, and one exists.Please don't $session->start();
ERROR - 2024-01-13 17:03:30 --> mysqli_sql_exception: Table 'u268758892_simkkn.bcms_layanan' doesn't exist in /usr/local/var/www/simkkn/vendor/codeigniter4/framework/system/Database/MySQLi/Connection.php:331
Stack trace:
#0 /usr/local/var/www/simkkn/vendor/codeigniter4/framework/system/Database/MySQLi/Connection.php(331): mysqli->query('SELECT *\nFROM `...')
#1 /usr/local/var/www/simkkn/vendor/codeigniter4/framework/system/Database/BaseConnection.php(741): CodeIgniter\Database\MySQLi\Connection->execute('SELECT *\nFROM `...')
#2 /usr/local/var/www/simkkn/vendor/codeigniter4/framework/system/Database/BaseConnection.php(669): CodeIgniter\Database\BaseConnection->simpleQuery('SELECT *\nFROM `...')
#3 /usr/local/var/www/simkkn/vendor/codeigniter4/framework/system/Database/BaseBuilder.php(1860): CodeIgniter\Database\BaseConnection->query('SELECT *\nFROM `...', Array, false)
#4 /usr/local/var/www/simkkn/app/Models/Backend/LayananModel.php(24): CodeIgniter\Database\BaseBuilder->get()
#5 /usr/local/var/www/simkkn/app/Controllers/Home.php(31): App\Models\Backend\LayananModel->getLayananByKategori('Layanan Unggula...')
#6 /usr/local/var/www/simkkn/vendor/codeigniter4/framework/system/CodeIgniter.php(918): App\Controllers\Home->index()
#7 /usr/local/var/www/simkkn/vendor/codeigniter4/framework/system/CodeIgniter.php(404): CodeIgniter\CodeIgniter->runController(Object(App\Controllers\Home))
#8 /usr/local/var/www/simkkn/vendor/codeigniter4/framework/system/CodeIgniter.php(312): CodeIgniter\CodeIgniter->handleRequest(NULL, Object(Config\Cache), false)
#9 /usr/local/var/www/simkkn/public/index.php(45): CodeIgniter\CodeIgniter->run()
#10 /usr/local/var/www/simkkn/vendor/codeigniter4/framework/system/Commands/Server/rewrite.php(34): require_once('/usr/local/var/...')
#11 {main}
INFO - 2024-01-13 17:03:33 --> Session: Class initialized using 'CodeIgniter\Session\Handlers\FileHandler' driver.
WARNING - 2024-01-13 17:03:33 --> Session: Sessions is enabled, and one exists.Please don't $session->start();
INFO - 2024-01-13 17:03:38 --> Session: Class initialized using 'CodeIgniter\Session\Handlers\FileHandler' driver.
WARNING - 2024-01-13 17:03:38 --> Session: Sessions is enabled, and one exists.Please don't $session->start();
INFO - 2024-01-13 17:04:04 --> Session: Class initialized using 'CodeIgniter\Session\Handlers\FileHandler' driver.
WARNING - 2024-01-13 17:04:04 --> Session: Sessions is enabled, and one exists.Please don't $session->start();
INFO - 2024-01-13 17:04:11 --> Session: Class initialized using 'CodeIgniter\Session\Handlers\FileHandler' driver.
WARNING - 2024-01-13 17:04:11 --> Session: Sessions is enabled, and one exists.Please don't $session->start();
INFO - 2024-01-13 17:04:19 --> Session: Class initialized using 'CodeIgniter\Session\Handlers\FileHandler' driver.
WARNING - 2024-01-13 17:04:19 --> Session: Sessions is enabled, and one exists.Please don't $session->start();
INFO - 2024-01-13 17:04:21 --> Session: Class initialized using 'CodeIgniter\Session\Handlers\FileHandler' driver.
WARNING - 2024-01-13 17:04:21 --> Session: Sessions is enabled, and one exists.Please don't $session->start();
INFO - 2024-01-13 17:05:21 --> Session: Class initialized using 'CodeIgniter\Session\Handlers\FileHandler' driver.
WARNING - 2024-01-13 17:05:21 --> Session: Sessions is enabled, and one exists.Please don't $session->start();
INFO - 2024-01-13 17:05:23 --> Session: Class initialized using 'CodeIgniter\Session\Handlers\FileHandler' driver.
WARNING - 2024-01-13 17:05:23 --> Session: Sessions is enabled, and one exists.Please don't $session->start();
INFO - 2024-01-13 17:10:14 --> Session: Class initialized using 'CodeIgniter\Session\Handlers\FileHandler' driver.
WARNING - 2024-01-13 17:10:14 --> Session: Sessions is enabled, and one exists.Please don't $session->start();
INFO - 2024-01-13 17:10:16 --> Session: Class initialized using 'CodeIgniter\Session\Handlers\FileHandler' driver.
WARNING - 2024-01-13 17:10:16 --> Session: Sessions is enabled, and one exists.Please don't $session->start();
INFO - 2024-01-13 17:10:17 --> Session: Class initialized using 'CodeIgniter\Session\Handlers\FileHandler' driver.
WARNING - 2024-01-13 17:10:17 --> Session: Sessions is enabled, and one exists.Please don't $session->start();
INFO - 2024-01-13 17:10:45 --> Session: Class initialized using 'CodeIgniter\Session\Handlers\FileHandler' driver.
WARNING - 2024-01-13 17:10:45 --> Session: Sessions is enabled, and one exists.Please don't $session->start();
INFO - 2024-01-13 17:11:26 --> Session: Class initialized using 'CodeIgniter\Session\Handlers\FileHandler' driver.
WARNING - 2024-01-13 17:11:26 --> Session: Sessions is enabled, and one exists.Please don't $session->start();
INFO - 2024-01-13 17:11:40 --> Session: Class initialized using 'CodeIgniter\Session\Handlers\FileHandler' driver.
WARNING - 2024-01-13 17:11:40 --> Session: Sessions is enabled, and one exists.Please don't $session->start();
ERROR - 2024-01-13 17:11:40 --> mysqli_sql_exception: Table 'u268758892_simkkn.bcms_layanan' doesn't exist in /usr/local/var/www/simkkn/vendor/codeigniter4/framework/system/Database/MySQLi/Connection.php:331
Stack trace:
#0 /usr/local/var/www/simkkn/vendor/codeigniter4/framework/system/Database/MySQLi/Connection.php(331): mysqli->query('SELECT *\nFROM `...')
#1 /usr/local/var/www/simkkn/vendor/codeigniter4/framework/system/Database/BaseConnection.php(741): CodeIgniter\Database\MySQLi\Connection->execute('SELECT *\nFROM `...')
#2 /usr/local/var/www/simkkn/vendor/codeigniter4/framework/system/Database/BaseConnection.php(669): CodeIgniter\Database\BaseConnection->simpleQuery('SELECT *\nFROM `...')
#3 /usr/local/var/www/simkkn/vendor/codeigniter4/framework/system/Database/BaseBuilder.php(1860): CodeIgniter\Database\BaseConnection->query('SELECT *\nFROM `...', Array, false)
#4 /usr/local/var/www/simkkn/app/Models/Backend/LayananModel.php(24): CodeIgniter\Database\BaseBuilder->get()
#5 /usr/local/var/www/simkkn/app/Controllers/Home.php(31): App\Models\Backend\LayananModel->getLayananByKategori('Layanan Unggula...')
#6 /usr/local/var/www/simkkn/vendor/codeigniter4/framework/system/CodeIgniter.php(918): App\Controllers\Home->index()
#7 /usr/local/var/www/simkkn/vendor/codeigniter4/framework/system/CodeIgniter.php(404): CodeIgniter\CodeIgniter->runController(Object(App\Controllers\Home))
#8 /usr/local/var/www/simkkn/vendor/codeigniter4/framework/system/CodeIgniter.php(312): CodeIgniter\CodeIgniter->handleRequest(NULL, Object(Config\Cache), false)
#9 /usr/local/var/www/simkkn/public/index.php(45): CodeIgniter\CodeIgniter->run()
#10 /usr/local/var/www/simkkn/vendor/codeigniter4/framework/system/Commands/Server/rewrite.php(34): require_once('/usr/local/var/...')
#11 {main}
INFO - 2024-01-13 17:12:25 --> Session: Class initialized using 'CodeIgniter\Session\Handlers\FileHandler' driver.
WARNING - 2024-01-13 17:12:25 --> Session: Sessions is enabled, and one exists.Please don't $session->start();
ERROR - 2024-01-13 17:12:25 --> mysqli_sql_exception: Table 'u268758892_simkkn.bcms_layanan' doesn't exist in /usr/local/var/www/simkkn/vendor/codeigniter4/framework/system/Database/MySQLi/Connection.php:331
Stack trace:
#0 /usr/local/var/www/simkkn/vendor/codeigniter4/framework/system/Database/MySQLi/Connection.php(331): mysqli->query('SELECT *\nFROM `...')
#1 /usr/local/var/www/simkkn/vendor/codeigniter4/framework/system/Database/BaseConnection.php(741): CodeIgniter\Database\MySQLi\Connection->execute('SELECT *\nFROM `...')
#2 /usr/local/var/www/simkkn/vendor/codeigniter4/framework/system/Database/BaseConnection.php(669): CodeIgniter\Database\BaseConnection->simpleQuery('SELECT *\nFROM `...')
#3 /usr/local/var/www/simkkn/vendor/codeigniter4/framework/system/Database/BaseBuilder.php(1860): CodeIgniter\Database\BaseConnection->query('SELECT *\nFROM `...', Array, false)
#4 /usr/local/var/www/simkkn/app/Models/Backend/LayananModel.php(24): CodeIgniter\Database\BaseBuilder->get()
#5 /usr/local/var/www/simkkn/app/Controllers/Home.php(31): App\Models\Backend\LayananModel->getLayananByKategori('Layanan Unggula...')
#6 /usr/local/var/www/simkkn/vendor/codeigniter4/framework/system/CodeIgniter.php(918): App\Controllers\Home->index()
#7 /usr/local/var/www/simkkn/vendor/codeigniter4/framework/system/CodeIgniter.php(404): CodeIgniter\CodeIgniter->runController(Object(App\Controllers\Home))
#8 /usr/local/var/www/simkkn/vendor/codeigniter4/framework/system/CodeIgniter.php(312): CodeIgniter\CodeIgniter->handleRequest(NULL, Object(Config\Cache), false)
#9 /usr/local/var/www/simkkn/public/index.php(45): CodeIgniter\CodeIgniter->run()
#10 /usr/local/var/www/simkkn/vendor/codeigniter4/framework/system/Commands/Server/rewrite.php(34): require_once('/usr/local/var/...')
#11 {main}
INFO - 2024-01-13 17:12:45 --> Session: Class initialized using 'CodeIgniter\Session\Handlers\FileHandler' driver.
WARNING - 2024-01-13 17:12:45 --> Session: Sessions is enabled, and one exists.Please don't $session->start();
INFO - 2024-01-13 17:12:46 --> Session: Class initialized using 'CodeIgniter\Session\Handlers\FileHandler' driver.
WARNING - 2024-01-13 17:12:46 --> Session: Sessions is enabled, and one exists.Please don't $session->start();
INFO - 2024-01-13 17:12:47 --> Session: Class initialized using 'CodeIgniter\Session\Handlers\FileHandler' driver.
WARNING - 2024-01-13 17:12:47 --> Session: Sessions is enabled, and one exists.Please don't $session->start();
INFO - 2024-01-13 17:12:47 --> Session: Class initialized using 'CodeIgniter\Session\Handlers\FileHandler' driver.
WARNING - 2024-01-13 17:12:47 --> Session: Sessions is enabled, and one exists.Please don't $session->start();
INFO - 2024-01-13 17:12:50 --> Session: Class initialized using 'CodeIgniter\Session\Handlers\FileHandler' driver.
WARNING - 2024-01-13 17:12:50 --> Session: Sessions is enabled, and one exists.Please don't $session->start();
INFO - 2024-01-13 17:12:50 --> Session: Class initialized using 'CodeIgniter\Session\Handlers\FileHandler' driver.
WARNING - 2024-01-13 17:12:50 --> Session: Sessions is enabled, and one exists.Please don't $session->start();
INFO - 2024-01-13 17:12:55 --> Session: Class initialized using 'CodeIgniter\Session\Handlers\FileHandler' driver.
WARNING - 2024-01-13 17:12:55 --> Session: Sessions is enabled, and one exists.Please don't $session->start();
INFO - 2024-01-13 17:12:55 --> Session: Class initialized using 'CodeIgniter\Session\Handlers\FileHandler' driver.
WARNING - 2024-01-13 17:12:55 --> Session: Sessions is enabled, and one exists.Please don't $session->start();
INFO - 2024-01-13 17:12:57 --> Session: Class initialized using 'CodeIgniter\Session\Handlers\FileHandler' driver.
WARNING - 2024-01-13 17:12:57 --> Session: Sessions is enabled, and one exists.Please don't $session->start();
ERROR - 2024-01-13 17:12:57 --> mysqli_sql_exception: Table 'u268758892_simkkn.bcms_layanan' doesn't exist in /usr/local/var/www/simkkn/vendor/codeigniter4/framework/system/Database/MySQLi/Connection.php:331
Stack trace:
#0 /usr/local/var/www/simkkn/vendor/codeigniter4/framework/system/Database/MySQLi/Connection.php(331): mysqli->query('SELECT *\nFROM `...')
#1 /usr/local/var/www/simkkn/vendor/codeigniter4/framework/system/Database/BaseConnection.php(741): CodeIgniter\Database\MySQLi\Connection->execute('SELECT *\nFROM `...')
#2 /usr/local/var/www/simkkn/vendor/codeigniter4/framework/system/Database/BaseConnection.php(669): CodeIgniter\Database\BaseConnection->simpleQuery('SELECT *\nFROM `...')
#3 /usr/local/var/www/simkkn/vendor/codeigniter4/framework/system/Database/BaseBuilder.php(1860): CodeIgniter\Database\BaseConnection->query('SELECT *\nFROM `...', Array, false)
#4 /usr/local/var/www/simkkn/app/Models/Backend/LayananModel.php(24): CodeIgniter\Database\BaseBuilder->get()
#5 /usr/local/var/www/simkkn/app/Controllers/Home.php(31): App\Models\Backend\LayananModel->getLayananByKategori('Layanan Unggula...')
#6 /usr/local/var/www/simkkn/vendor/codeigniter4/framework/system/CodeIgniter.php(918): App\Controllers\Home->index()
#7 /usr/local/var/www/simkkn/vendor/codeigniter4/framework/system/CodeIgniter.php(404): CodeIgniter\CodeIgniter->runController(Object(App\Controllers\Home))
#8 /usr/local/var/www/simkkn/vendor/codeigniter4/framework/system/CodeIgniter.php(312): CodeIgniter\CodeIgniter->handleRequest(NULL, Object(Config\Cache), false)
#9 /usr/local/var/www/simkkn/public/index.php(45): CodeIgniter\CodeIgniter->run()
#10 /usr/local/var/www/simkkn/vendor/codeigniter4/framework/system/Commands/Server/rewrite.php(34): require_once('/usr/local/var/...')
#11 {main}
INFO - 2024-01-13 17:15:42 --> Session: Class initialized using 'CodeIgniter\Session\Handlers\FileHandler' driver.
WARNING - 2024-01-13 17:15:42 --> Session: Sessions is enabled, and one exists.Please don't $session->start();
ERROR - 2024-01-13 17:15:42 --> mysqli_sql_exception: Table 'u268758892_simkkn.bcms_layanan' doesn't exist in /usr/local/var/www/simkkn/vendor/codeigniter4/framework/system/Database/MySQLi/Connection.php:331
Stack trace:
#0 /usr/local/var/www/simkkn/vendor/codeigniter4/framework/system/Database/MySQLi/Connection.php(331): mysqli->query('SELECT *\nFROM `...')
#1 /usr/local/var/www/simkkn/vendor/codeigniter4/framework/system/Database/BaseConnection.php(741): CodeIgniter\Database\MySQLi\Connection->execute('SELECT *\nFROM `...')
#2 /usr/local/var/www/simkkn/vendor/codeigniter4/framework/system/Database/BaseConnection.php(669): CodeIgniter\Database\BaseConnection->simpleQuery('SELECT *\nFROM `...')
#3 /usr/local/var/www/simkkn/vendor/codeigniter4/framework/system/Database/BaseBuilder.php(1860): CodeIgniter\Database\BaseConnection->query('SELECT *\nFROM `...', Array, false)
#4 /usr/local/var/www/simkkn/app/Models/Backend/LayananModel.php(24): CodeIgniter\Database\BaseBuilder->get()
#5 /usr/local/var/www/simkkn/app/Controllers/Home.php(31): App\Models\Backend\LayananModel->getLayananByKategori('Layanan Unggula...')
#6 /usr/local/var/www/simkkn/vendor/codeigniter4/framework/system/CodeIgniter.php(918): App\Controllers\Home->index()
#7 /usr/local/var/www/simkkn/vendor/codeigniter4/framework/system/CodeIgniter.php(404): CodeIgniter\CodeIgniter->runController(Object(App\Controllers\Home))
#8 /usr/local/var/www/simkkn/vendor/codeigniter4/framework/system/CodeIgniter.php(312): CodeIgniter\CodeIgniter->handleRequest(NULL, Object(Config\Cache), false)
#9 /usr/local/var/www/simkkn/public/index.php(45): CodeIgniter\CodeIgniter->run()
#10 /usr/local/var/www/simkkn/vendor/codeigniter4/framework/system/Commands/Server/rewrite.php(34): require_once('/usr/local/var/...')
#11 {main}
INFO - 2024-01-13 17:17:32 --> Session: Class initialized using 'CodeIgniter\Session\Handlers\FileHandler' driver.
WARNING - 2024-01-13 17:17:32 --> Session: Sessions is enabled, and one exists.Please don't $session->start();
INFO - 2024-01-13 17:17:36 --> Session: Class initialized using 'CodeIgniter\Session\Handlers\FileHandler' driver.
WARNING - 2024-01-13 17:17:36 --> Session: Sessions is enabled, and one exists.Please don't $session->start();
INFO - 2024-01-13 17:35:24 --> Session: Class initialized using 'CodeIgniter\Session\Handlers\FileHandler' driver.
WARNING - 2024-01-13 17:35:24 --> Session: Sessions is enabled, and one exists.Please don't $session->start();
INFO - 2024-01-13 17:42:47 --> Session: Class initialized using 'CodeIgniter\Session\Handlers\FileHandler' driver.
WARNING - 2024-01-13 17:42:47 --> Session: Sessions is enabled, and one exists.Please don't $session->start();
INFO - 2024-01-13 17:42:48 --> Session: Class initialized using 'CodeIgniter\Session\Handlers\FileHandler' driver.
WARNING - 2024-01-13 17:42:48 --> Session: Sessions is enabled, and one exists.Please don't $session->start();
INFO - 2024-01-13 17:47:37 --> Session: Class initialized using 'CodeIgniter\Session\Handlers\FileHandler' driver.
WARNING - 2024-01-13 17:47:37 --> Session: Sessions is enabled, and one exists.Please don't $session->start();
