INFO - 2023-07-06 02:37:51 --> Session: Class initialized using 'CodeIgniter\Session\Handlers\FileHandler' driver.
WARNING - 2023-07-06 02:37:51 --> Session: Sessions is enabled, and one exists.Please don't $session->start();
ERROR - 2023-07-06 02:37:51 --> mysqli_sql_exception: Table 'cms_simkkn.bcms_layanan' doesn't exist in /usr/local/var/www/simkkn/vendor/codeigniter4/framework/system/Database/MySQLi/Connection.php:331
Stack trace:
#0 /usr/local/var/www/simkkn/vendor/codeigniter4/framework/system/Database/MySQLi/Connection.php(331): mysqli->query('SELECT *\nFROM `...')
#1 /usr/local/var/www/simkkn/vendor/codeigniter4/framework/system/Database/BaseConnection.php(741): CodeIgniter\Database\MySQLi\Connection->execute('SELECT *\nFROM `...')
#2 /usr/local/var/www/simkkn/vendor/codeigniter4/framework/system/Database/BaseConnection.php(669): CodeIgniter\Database\BaseConnection->simpleQuery('SELECT *\nFROM `...')
#3 /usr/local/var/www/simkkn/vendor/codeigniter4/framework/system/Database/BaseBuilder.php(1860): CodeIgniter\Database\BaseConnection->query('SELECT *\nFROM `...', Array, false)
#4 /usr/local/var/www/simkkn/app/Models/Backend/LayananModel.php(24): CodeIgniter\Database\BaseBuilder->get()
#5 /usr/local/var/www/simkkn/app/Controllers/Home.php(31): App\Models\Backend\LayananModel->getLayananByKategori('Layanan Unggula...')
#6 /usr/local/var/www/simkkn/vendor/codeigniter4/framework/system/CodeIgniter.php(918): App\Controllers\Home->index()
#7 /usr/local/var/www/simkkn/vendor/codeigniter4/framework/system/CodeIgniter.php(404): CodeIgniter\CodeIgniter->runController(Object(App\Controllers\Home))
#8 /usr/local/var/www/simkkn/vendor/codeigniter4/framework/system/CodeIgniter.php(312): CodeIgniter\CodeIgniter->handleRequest(NULL, Object(Config\Cache), false)
#9 /usr/local/var/www/simkkn/public/index.php(45): CodeIgniter\CodeIgniter->run()
#10 /usr/local/var/www/simkkn/vendor/codeigniter4/framework/system/Commands/Server/rewrite.php(34): require_once('/usr/local/var/...')
#11 {main}
INFO - 2023-07-06 02:37:55 --> Session: Class initialized using 'CodeIgniter\Session\Handlers\FileHandler' driver.
WARNING - 2023-07-06 02:37:55 --> Session: Sessions is enabled, and one exists.Please don't $session->start();
ERROR - 2023-07-06 02:37:55 --> mysqli_sql_exception: Table 'cms_simkkn.bcms_layanan' doesn't exist in /usr/local/var/www/simkkn/vendor/codeigniter4/framework/system/Database/MySQLi/Connection.php:331
Stack trace:
#0 /usr/local/var/www/simkkn/vendor/codeigniter4/framework/system/Database/MySQLi/Connection.php(331): mysqli->query('SELECT *\nFROM `...')
#1 /usr/local/var/www/simkkn/vendor/codeigniter4/framework/system/Database/BaseConnection.php(741): CodeIgniter\Database\MySQLi\Connection->execute('SELECT *\nFROM `...')
#2 /usr/local/var/www/simkkn/vendor/codeigniter4/framework/system/Database/BaseConnection.php(669): CodeIgniter\Database\BaseConnection->simpleQuery('SELECT *\nFROM `...')
#3 /usr/local/var/www/simkkn/vendor/codeigniter4/framework/system/Database/BaseBuilder.php(1860): CodeIgniter\Database\BaseConnection->query('SELECT *\nFROM `...', Array, false)
#4 /usr/local/var/www/simkkn/app/Models/Backend/LayananModel.php(24): CodeIgniter\Database\BaseBuilder->get()
#5 /usr/local/var/www/simkkn/app/Controllers/Home.php(31): App\Models\Backend\LayananModel->getLayananByKategori('Layanan Unggula...')
#6 /usr/local/var/www/simkkn/vendor/codeigniter4/framework/system/CodeIgniter.php(918): App\Controllers\Home->index()
#7 /usr/local/var/www/simkkn/vendor/codeigniter4/framework/system/CodeIgniter.php(404): CodeIgniter\CodeIgniter->runController(Object(App\Controllers\Home))
#8 /usr/local/var/www/simkkn/vendor/codeigniter4/framework/system/CodeIgniter.php(312): CodeIgniter\CodeIgniter->handleRequest(NULL, Object(Config\Cache), false)
#9 /usr/local/var/www/simkkn/public/index.php(45): CodeIgniter\CodeIgniter->run()
#10 /usr/local/var/www/simkkn/vendor/codeigniter4/framework/system/Commands/Server/rewrite.php(34): require_once('/usr/local/var/...')
#11 {main}
INFO - 2023-07-06 02:50:12 --> Session: Class initialized using 'CodeIgniter\Session\Handlers\FileHandler' driver.
WARNING - 2023-07-06 02:50:12 --> Session: Sessions is enabled, and one exists.Please don't $session->start();
INFO - 2023-07-06 02:50:18 --> Session: Class initialized using 'CodeIgniter\Session\Handlers\FileHandler' driver.
WARNING - 2023-07-06 02:50:18 --> Session: Sessions is enabled, and one exists.Please don't $session->start();
INFO - 2023-07-06 02:50:20 --> Session: Class initialized using 'CodeIgniter\Session\Handlers\FileHandler' driver.
INFO - 2023-07-06 02:50:28 --> Session: Class initialized using 'CodeIgniter\Session\Handlers\FileHandler' driver.
WARNING - 2023-07-06 02:50:28 --> Session: Sessions is enabled, and one exists.Please don't $session->start();
INFO - 2023-07-06 02:50:29 --> Session: Class initialized using 'CodeIgniter\Session\Handlers\FileHandler' driver.
WARNING - 2023-07-06 02:50:29 --> Session: Sessions is enabled, and one exists.Please don't $session->start();
INFO - 2023-07-06 02:50:37 --> Session: Class initialized using 'CodeIgniter\Session\Handlers\FileHandler' driver.
WARNING - 2023-07-06 02:50:37 --> Session: Sessions is enabled, and one exists.Please don't $session->start();
INFO - 2023-07-06 02:50:37 --> Session: Class initialized using 'CodeIgniter\Session\Handlers\FileHandler' driver.
WARNING - 2023-07-06 02:50:37 --> Session: Sessions is enabled, and one exists.Please don't $session->start();
INFO - 2023-07-06 02:50:40 --> Session: Class initialized using 'CodeIgniter\Session\Handlers\FileHandler' driver.
WARNING - 2023-07-06 02:50:40 --> Session: Sessions is enabled, and one exists.Please don't $session->start();
ERROR - 2023-07-06 02:50:40 --> mysqli_sql_exception: Table 'cms_simkkn.bcms_layanan' doesn't exist in /usr/local/var/www/simkkn/vendor/codeigniter4/framework/system/Database/MySQLi/Connection.php:331
Stack trace:
#0 /usr/local/var/www/simkkn/vendor/codeigniter4/framework/system/Database/MySQLi/Connection.php(331): mysqli->query('SELECT *\nFROM `...')
#1 /usr/local/var/www/simkkn/vendor/codeigniter4/framework/system/Database/BaseConnection.php(741): CodeIgniter\Database\MySQLi\Connection->execute('SELECT *\nFROM `...')
#2 /usr/local/var/www/simkkn/vendor/codeigniter4/framework/system/Database/BaseConnection.php(669): CodeIgniter\Database\BaseConnection->simpleQuery('SELECT *\nFROM `...')
#3 /usr/local/var/www/simkkn/vendor/codeigniter4/framework/system/Database/BaseBuilder.php(1860): CodeIgniter\Database\BaseConnection->query('SELECT *\nFROM `...', Array, false)
#4 /usr/local/var/www/simkkn/app/Models/Backend/LayananModel.php(24): CodeIgniter\Database\BaseBuilder->get()
#5 /usr/local/var/www/simkkn/app/Controllers/Home.php(31): App\Models\Backend\LayananModel->getLayananByKategori('Layanan Unggula...')
#6 /usr/local/var/www/simkkn/vendor/codeigniter4/framework/system/CodeIgniter.php(918): App\Controllers\Home->index()
#7 /usr/local/var/www/simkkn/vendor/codeigniter4/framework/system/CodeIgniter.php(404): CodeIgniter\CodeIgniter->runController(Object(App\Controllers\Home))
#8 /usr/local/var/www/simkkn/vendor/codeigniter4/framework/system/CodeIgniter.php(312): CodeIgniter\CodeIgniter->handleRequest(NULL, Object(Config\Cache), false)
#9 /usr/local/var/www/simkkn/public/index.php(45): CodeIgniter\CodeIgniter->run()
#10 /usr/local/var/www/simkkn/vendor/codeigniter4/framework/system/Commands/Server/rewrite.php(34): require_once('/usr/local/var/...')
#11 {main}
INFO - 2023-07-06 02:51:20 --> Session: Class initialized using 'CodeIgniter\Session\Handlers\FileHandler' driver.
WARNING - 2023-07-06 02:51:20 --> Session: Sessions is enabled, and one exists.Please don't $session->start();
ERROR - 2023-07-06 02:51:20 --> mysqli_sql_exception: Table 'cms_simkkn.bcms_layanan' doesn't exist in /usr/local/var/www/simkkn/vendor/codeigniter4/framework/system/Database/MySQLi/Connection.php:331
Stack trace:
#0 /usr/local/var/www/simkkn/vendor/codeigniter4/framework/system/Database/MySQLi/Connection.php(331): mysqli->query('SELECT *\nFROM `...')
#1 /usr/local/var/www/simkkn/vendor/codeigniter4/framework/system/Database/BaseConnection.php(741): CodeIgniter\Database\MySQLi\Connection->execute('SELECT *\nFROM `...')
#2 /usr/local/var/www/simkkn/vendor/codeigniter4/framework/system/Database/BaseConnection.php(669): CodeIgniter\Database\BaseConnection->simpleQuery('SELECT *\nFROM `...')
#3 /usr/local/var/www/simkkn/vendor/codeigniter4/framework/system/Database/BaseBuilder.php(1860): CodeIgniter\Database\BaseConnection->query('SELECT *\nFROM `...', Array, false)
#4 /usr/local/var/www/simkkn/app/Models/Backend/LayananModel.php(24): CodeIgniter\Database\BaseBuilder->get()
#5 /usr/local/var/www/simkkn/app/Controllers/Home.php(31): App\Models\Backend\LayananModel->getLayananByKategori('Layanan Unggula...')
#6 /usr/local/var/www/simkkn/vendor/codeigniter4/framework/system/CodeIgniter.php(918): App\Controllers\Home->index()
#7 /usr/local/var/www/simkkn/vendor/codeigniter4/framework/system/CodeIgniter.php(404): CodeIgniter\CodeIgniter->runController(Object(App\Controllers\Home))
#8 /usr/local/var/www/simkkn/vendor/codeigniter4/framework/system/CodeIgniter.php(312): CodeIgniter\CodeIgniter->handleRequest(NULL, Object(Config\Cache), false)
#9 /usr/local/var/www/simkkn/public/index.php(45): CodeIgniter\CodeIgniter->run()
#10 /usr/local/var/www/simkkn/vendor/codeigniter4/framework/system/Commands/Server/rewrite.php(34): require_once('/usr/local/var/...')
#11 {main}
INFO - 2023-07-06 02:52:04 --> Session: Class initialized using 'CodeIgniter\Session\Handlers\FileHandler' driver.
WARNING - 2023-07-06 02:52:04 --> Session: Sessions is enabled, and one exists.Please don't $session->start();
ERROR - 2023-07-06 02:52:04 --> mysqli_sql_exception: Table 'cms_simkkn.bcms_layanan' doesn't exist in /usr/local/var/www/simkkn/vendor/codeigniter4/framework/system/Database/MySQLi/Connection.php:331
Stack trace:
#0 /usr/local/var/www/simkkn/vendor/codeigniter4/framework/system/Database/MySQLi/Connection.php(331): mysqli->query('SELECT *\nFROM `...')
#1 /usr/local/var/www/simkkn/vendor/codeigniter4/framework/system/Database/BaseConnection.php(741): CodeIgniter\Database\MySQLi\Connection->execute('SELECT *\nFROM `...')
#2 /usr/local/var/www/simkkn/vendor/codeigniter4/framework/system/Database/BaseConnection.php(669): CodeIgniter\Database\BaseConnection->simpleQuery('SELECT *\nFROM `...')
#3 /usr/local/var/www/simkkn/vendor/codeigniter4/framework/system/Database/BaseBuilder.php(1860): CodeIgniter\Database\BaseConnection->query('SELECT *\nFROM `...', Array, false)
#4 /usr/local/var/www/simkkn/app/Models/Backend/LayananModel.php(24): CodeIgniter\Database\BaseBuilder->get()
#5 /usr/local/var/www/simkkn/app/Controllers/Home.php(31): App\Models\Backend\LayananModel->getLayananByKategori('Layanan Unggula...')
#6 /usr/local/var/www/simkkn/vendor/codeigniter4/framework/system/CodeIgniter.php(918): App\Controllers\Home->index()
#7 /usr/local/var/www/simkkn/vendor/codeigniter4/framework/system/CodeIgniter.php(404): CodeIgniter\CodeIgniter->runController(Object(App\Controllers\Home))
#8 /usr/local/var/www/simkkn/vendor/codeigniter4/framework/system/CodeIgniter.php(312): CodeIgniter\CodeIgniter->handleRequest(NULL, Object(Config\Cache), false)
#9 /usr/local/var/www/simkkn/public/index.php(45): CodeIgniter\CodeIgniter->run()
#10 /usr/local/var/www/simkkn/vendor/codeigniter4/framework/system/Commands/Server/rewrite.php(34): require_once('/usr/local/var/...')
#11 {main}
INFO - 2023-07-06 02:53:18 --> Session: Class initialized using 'CodeIgniter\Session\Handlers\FileHandler' driver.
WARNING - 2023-07-06 02:53:18 --> Session: Sessions is enabled, and one exists.Please don't $session->start();
ERROR - 2023-07-06 02:53:18 --> mysqli_sql_exception: Table 'cms_simkkn.bcms_layanan' doesn't exist in /usr/local/var/www/simkkn/vendor/codeigniter4/framework/system/Database/MySQLi/Connection.php:331
Stack trace:
#0 /usr/local/var/www/simkkn/vendor/codeigniter4/framework/system/Database/MySQLi/Connection.php(331): mysqli->query('SELECT *\nFROM `...')
#1 /usr/local/var/www/simkkn/vendor/codeigniter4/framework/system/Database/BaseConnection.php(741): CodeIgniter\Database\MySQLi\Connection->execute('SELECT *\nFROM `...')
#2 /usr/local/var/www/simkkn/vendor/codeigniter4/framework/system/Database/BaseConnection.php(669): CodeIgniter\Database\BaseConnection->simpleQuery('SELECT *\nFROM `...')
#3 /usr/local/var/www/simkkn/vendor/codeigniter4/framework/system/Database/BaseBuilder.php(1860): CodeIgniter\Database\BaseConnection->query('SELECT *\nFROM `...', Array, false)
#4 /usr/local/var/www/simkkn/app/Models/Backend/LayananModel.php(24): CodeIgniter\Database\BaseBuilder->get()
#5 /usr/local/var/www/simkkn/app/Controllers/Home.php(31): App\Models\Backend\LayananModel->getLayananByKategori('Layanan Unggula...')
#6 /usr/local/var/www/simkkn/vendor/codeigniter4/framework/system/CodeIgniter.php(918): App\Controllers\Home->index()
#7 /usr/local/var/www/simkkn/vendor/codeigniter4/framework/system/CodeIgniter.php(404): CodeIgniter\CodeIgniter->runController(Object(App\Controllers\Home))
#8 /usr/local/var/www/simkkn/vendor/codeigniter4/framework/system/CodeIgniter.php(312): CodeIgniter\CodeIgniter->handleRequest(NULL, Object(Config\Cache), false)
#9 /usr/local/var/www/simkkn/public/index.php(45): CodeIgniter\CodeIgniter->run()
#10 /usr/local/var/www/simkkn/vendor/codeigniter4/framework/system/Commands/Server/rewrite.php(34): require_once('/usr/local/var/...')
#11 {main}
INFO - 2023-07-06 02:53:21 --> Session: Class initialized using 'CodeIgniter\Session\Handlers\FileHandler' driver.
WARNING - 2023-07-06 02:53:21 --> Session: Sessions is enabled, and one exists.Please don't $session->start();
ERROR - 2023-07-06 02:53:21 --> mysqli_sql_exception: Table 'cms_simkkn.bcms_layanan' doesn't exist in /usr/local/var/www/simkkn/vendor/codeigniter4/framework/system/Database/MySQLi/Connection.php:331
Stack trace:
#0 /usr/local/var/www/simkkn/vendor/codeigniter4/framework/system/Database/MySQLi/Connection.php(331): mysqli->query('SELECT *\nFROM `...')
#1 /usr/local/var/www/simkkn/vendor/codeigniter4/framework/system/Database/BaseConnection.php(741): CodeIgniter\Database\MySQLi\Connection->execute('SELECT *\nFROM `...')
#2 /usr/local/var/www/simkkn/vendor/codeigniter4/framework/system/Database/BaseConnection.php(669): CodeIgniter\Database\BaseConnection->simpleQuery('SELECT *\nFROM `...')
#3 /usr/local/var/www/simkkn/vendor/codeigniter4/framework/system/Database/BaseBuilder.php(1860): CodeIgniter\Database\BaseConnection->query('SELECT *\nFROM `...', Array, false)
#4 /usr/local/var/www/simkkn/app/Models/Backend/LayananModel.php(24): CodeIgniter\Database\BaseBuilder->get()
#5 /usr/local/var/www/simkkn/app/Controllers/Home.php(31): App\Models\Backend\LayananModel->getLayananByKategori('Layanan Unggula...')
#6 /usr/local/var/www/simkkn/vendor/codeigniter4/framework/system/CodeIgniter.php(918): App\Controllers\Home->index()
#7 /usr/local/var/www/simkkn/vendor/codeigniter4/framework/system/CodeIgniter.php(404): CodeIgniter\CodeIgniter->runController(Object(App\Controllers\Home))
#8 /usr/local/var/www/simkkn/vendor/codeigniter4/framework/system/CodeIgniter.php(312): CodeIgniter\CodeIgniter->handleRequest(NULL, Object(Config\Cache), false)
#9 /usr/local/var/www/simkkn/public/index.php(45): CodeIgniter\CodeIgniter->run()
#10 /usr/local/var/www/simkkn/vendor/codeigniter4/framework/system/Commands/Server/rewrite.php(34): require_once('/usr/local/var/...')
#11 {main}
INFO - 2023-07-06 02:53:23 --> Session: Class initialized using 'CodeIgniter\Session\Handlers\FileHandler' driver.
WARNING - 2023-07-06 02:53:23 --> Session: Sessions is enabled, and one exists.Please don't $session->start();
ERROR - 2023-07-06 02:53:23 --> mysqli_sql_exception: Table 'cms_simkkn.bcms_layanan' doesn't exist in /usr/local/var/www/simkkn/vendor/codeigniter4/framework/system/Database/MySQLi/Connection.php:331
Stack trace:
#0 /usr/local/var/www/simkkn/vendor/codeigniter4/framework/system/Database/MySQLi/Connection.php(331): mysqli->query('SELECT *\nFROM `...')
#1 /usr/local/var/www/simkkn/vendor/codeigniter4/framework/system/Database/BaseConnection.php(741): CodeIgniter\Database\MySQLi\Connection->execute('SELECT *\nFROM `...')
#2 /usr/local/var/www/simkkn/vendor/codeigniter4/framework/system/Database/BaseConnection.php(669): CodeIgniter\Database\BaseConnection->simpleQuery('SELECT *\nFROM `...')
#3 /usr/local/var/www/simkkn/vendor/codeigniter4/framework/system/Database/BaseBuilder.php(1860): CodeIgniter\Database\BaseConnection->query('SELECT *\nFROM `...', Array, false)
#4 /usr/local/var/www/simkkn/app/Models/Backend/LayananModel.php(24): CodeIgniter\Database\BaseBuilder->get()
#5 /usr/local/var/www/simkkn/app/Controllers/Home.php(31): App\Models\Backend\LayananModel->getLayananByKategori('Layanan Unggula...')
#6 /usr/local/var/www/simkkn/vendor/codeigniter4/framework/system/CodeIgniter.php(918): App\Controllers\Home->index()
#7 /usr/local/var/www/simkkn/vendor/codeigniter4/framework/system/CodeIgniter.php(404): CodeIgniter\CodeIgniter->runController(Object(App\Controllers\Home))
#8 /usr/local/var/www/simkkn/vendor/codeigniter4/framework/system/CodeIgniter.php(312): CodeIgniter\CodeIgniter->handleRequest(NULL, Object(Config\Cache), false)
#9 /usr/local/var/www/simkkn/public/index.php(45): CodeIgniter\CodeIgniter->run()
#10 /usr/local/var/www/simkkn/vendor/codeigniter4/framework/system/Commands/Server/rewrite.php(34): require_once('/usr/local/var/...')
#11 {main}
INFO - 2023-07-06 02:53:55 --> Session: Class initialized using 'CodeIgniter\Session\Handlers\FileHandler' driver.
WARNING - 2023-07-06 02:53:55 --> Session: Sessions is enabled, and one exists.Please don't $session->start();
ERROR - 2023-07-06 02:53:55 --> mysqli_sql_exception: Table 'cms_simkkn.bcms_layanan' doesn't exist in /usr/local/var/www/simkkn/vendor/codeigniter4/framework/system/Database/MySQLi/Connection.php:331
Stack trace:
#0 /usr/local/var/www/simkkn/vendor/codeigniter4/framework/system/Database/MySQLi/Connection.php(331): mysqli->query('SELECT *\nFROM `...')
#1 /usr/local/var/www/simkkn/vendor/codeigniter4/framework/system/Database/BaseConnection.php(741): CodeIgniter\Database\MySQLi\Connection->execute('SELECT *\nFROM `...')
#2 /usr/local/var/www/simkkn/vendor/codeigniter4/framework/system/Database/BaseConnection.php(669): CodeIgniter\Database\BaseConnection->simpleQuery('SELECT *\nFROM `...')
#3 /usr/local/var/www/simkkn/vendor/codeigniter4/framework/system/Database/BaseBuilder.php(1860): CodeIgniter\Database\BaseConnection->query('SELECT *\nFROM `...', Array, false)
#4 /usr/local/var/www/simkkn/app/Models/Backend/LayananModel.php(24): CodeIgniter\Database\BaseBuilder->get()
#5 /usr/local/var/www/simkkn/app/Controllers/Home.php(31): App\Models\Backend\LayananModel->getLayananByKategori('Layanan Unggula...')
#6 /usr/local/var/www/simkkn/vendor/codeigniter4/framework/system/CodeIgniter.php(918): App\Controllers\Home->index()
#7 /usr/local/var/www/simkkn/vendor/codeigniter4/framework/system/CodeIgniter.php(404): CodeIgniter\CodeIgniter->runController(Object(App\Controllers\Home))
#8 /usr/local/var/www/simkkn/vendor/codeigniter4/framework/system/CodeIgniter.php(312): CodeIgniter\CodeIgniter->handleRequest(NULL, Object(Config\Cache), false)
#9 /usr/local/var/www/simkkn/public/index.php(45): CodeIgniter\CodeIgniter->run()
#10 /usr/local/var/www/simkkn/vendor/codeigniter4/framework/system/Commands/Server/rewrite.php(34): require_once('/usr/local/var/...')
#11 {main}
INFO - 2023-07-06 02:54:35 --> Session: Class initialized using 'CodeIgniter\Session\Handlers\FileHandler' driver.
WARNING - 2023-07-06 02:54:35 --> Session: Sessions is enabled, and one exists.Please don't $session->start();
ERROR - 2023-07-06 02:54:35 --> mysqli_sql_exception: Table 'cms_simkkn.bcms_layanan' doesn't exist in /usr/local/var/www/simkkn/vendor/codeigniter4/framework/system/Database/MySQLi/Connection.php:331
Stack trace:
#0 /usr/local/var/www/simkkn/vendor/codeigniter4/framework/system/Database/MySQLi/Connection.php(331): mysqli->query('SELECT *\nFROM `...')
#1 /usr/local/var/www/simkkn/vendor/codeigniter4/framework/system/Database/BaseConnection.php(741): CodeIgniter\Database\MySQLi\Connection->execute('SELECT *\nFROM `...')
#2 /usr/local/var/www/simkkn/vendor/codeigniter4/framework/system/Database/BaseConnection.php(669): CodeIgniter\Database\BaseConnection->simpleQuery('SELECT *\nFROM `...')
#3 /usr/local/var/www/simkkn/vendor/codeigniter4/framework/system/Database/BaseBuilder.php(1860): CodeIgniter\Database\BaseConnection->query('SELECT *\nFROM `...', Array, false)
#4 /usr/local/var/www/simkkn/app/Models/Backend/LayananModel.php(24): CodeIgniter\Database\BaseBuilder->get()
#5 /usr/local/var/www/simkkn/app/Controllers/Home.php(31): App\Models\Backend\LayananModel->getLayananByKategori('Layanan Unggula...')
#6 /usr/local/var/www/simkkn/vendor/codeigniter4/framework/system/CodeIgniter.php(918): App\Controllers\Home->index()
#7 /usr/local/var/www/simkkn/vendor/codeigniter4/framework/system/CodeIgniter.php(404): CodeIgniter\CodeIgniter->runController(Object(App\Controllers\Home))
#8 /usr/local/var/www/simkkn/vendor/codeigniter4/framework/system/CodeIgniter.php(312): CodeIgniter\CodeIgniter->handleRequest(NULL, Object(Config\Cache), false)
#9 /usr/local/var/www/simkkn/public/index.php(45): CodeIgniter\CodeIgniter->run()
#10 /usr/local/var/www/simkkn/vendor/codeigniter4/framework/system/Commands/Server/rewrite.php(34): require_once('/usr/local/var/...')
#11 {main}
INFO - 2023-07-06 02:57:30 --> Session: Class initialized using 'CodeIgniter\Session\Handlers\FileHandler' driver.
WARNING - 2023-07-06 02:57:30 --> Session: Sessions is enabled, and one exists.Please don't $session->start();
ERROR - 2023-07-06 02:57:30 --> mysqli_sql_exception: Table 'cms_simkkn.bcms_layanan' doesn't exist in /usr/local/var/www/simkkn/vendor/codeigniter4/framework/system/Database/MySQLi/Connection.php:331
Stack trace:
#0 /usr/local/var/www/simkkn/vendor/codeigniter4/framework/system/Database/MySQLi/Connection.php(331): mysqli->query('SELECT *\nFROM `...')
#1 /usr/local/var/www/simkkn/vendor/codeigniter4/framework/system/Database/BaseConnection.php(741): CodeIgniter\Database\MySQLi\Connection->execute('SELECT *\nFROM `...')
#2 /usr/local/var/www/simkkn/vendor/codeigniter4/framework/system/Database/BaseConnection.php(669): CodeIgniter\Database\BaseConnection->simpleQuery('SELECT *\nFROM `...')
#3 /usr/local/var/www/simkkn/vendor/codeigniter4/framework/system/Database/BaseBuilder.php(1860): CodeIgniter\Database\BaseConnection->query('SELECT *\nFROM `...', Array, false)
#4 /usr/local/var/www/simkkn/app/Models/Backend/LayananModel.php(24): CodeIgniter\Database\BaseBuilder->get()
#5 /usr/local/var/www/simkkn/app/Controllers/Home.php(31): App\Models\Backend\LayananModel->getLayananByKategori('Layanan Unggula...')
#6 /usr/local/var/www/simkkn/vendor/codeigniter4/framework/system/CodeIgniter.php(918): App\Controllers\Home->index()
#7 /usr/local/var/www/simkkn/vendor/codeigniter4/framework/system/CodeIgniter.php(404): CodeIgniter\CodeIgniter->runController(Object(App\Controllers\Home))
#8 /usr/local/var/www/simkkn/vendor/codeigniter4/framework/system/CodeIgniter.php(312): CodeIgniter\CodeIgniter->handleRequest(NULL, Object(Config\Cache), false)
#9 /usr/local/var/www/simkkn/public/index.php(45): CodeIgniter\CodeIgniter->run()
#10 /usr/local/var/www/simkkn/vendor/codeigniter4/framework/system/Commands/Server/rewrite.php(34): require_once('/usr/local/var/...')
#11 {main}
INFO - 2023-07-06 02:58:20 --> Session: Class initialized using 'CodeIgniter\Session\Handlers\FileHandler' driver.
WARNING - 2023-07-06 02:58:20 --> Session: Sessions is enabled, and one exists.Please don't $session->start();
ERROR - 2023-07-06 02:58:20 --> mysqli_sql_exception: Table 'cms_simkkn.bcms_layanan' doesn't exist in /usr/local/var/www/simkkn/vendor/codeigniter4/framework/system/Database/MySQLi/Connection.php:331
Stack trace:
#0 /usr/local/var/www/simkkn/vendor/codeigniter4/framework/system/Database/MySQLi/Connection.php(331): mysqli->query('SELECT *\nFROM `...')
#1 /usr/local/var/www/simkkn/vendor/codeigniter4/framework/system/Database/BaseConnection.php(741): CodeIgniter\Database\MySQLi\Connection->execute('SELECT *\nFROM `...')
#2 /usr/local/var/www/simkkn/vendor/codeigniter4/framework/system/Database/BaseConnection.php(669): CodeIgniter\Database\BaseConnection->simpleQuery('SELECT *\nFROM `...')
#3 /usr/local/var/www/simkkn/vendor/codeigniter4/framework/system/Database/BaseBuilder.php(1860): CodeIgniter\Database\BaseConnection->query('SELECT *\nFROM `...', Array, false)
#4 /usr/local/var/www/simkkn/app/Models/Backend/LayananModel.php(24): CodeIgniter\Database\BaseBuilder->get()
#5 /usr/local/var/www/simkkn/app/Controllers/Home.php(31): App\Models\Backend\LayananModel->getLayananByKategori('Layanan Unggula...')
#6 /usr/local/var/www/simkkn/vendor/codeigniter4/framework/system/CodeIgniter.php(918): App\Controllers\Home->index()
#7 /usr/local/var/www/simkkn/vendor/codeigniter4/framework/system/CodeIgniter.php(404): CodeIgniter\CodeIgniter->runController(Object(App\Controllers\Home))
#8 /usr/local/var/www/simkkn/vendor/codeigniter4/framework/system/CodeIgniter.php(312): CodeIgniter\CodeIgniter->handleRequest(NULL, Object(Config\Cache), false)
#9 /usr/local/var/www/simkkn/public/index.php(45): CodeIgniter\CodeIgniter->run()
#10 /usr/local/var/www/simkkn/vendor/codeigniter4/framework/system/Commands/Server/rewrite.php(34): require_once('/usr/local/var/...')
#11 {main}
INFO - 2023-07-06 02:59:28 --> Session: Class initialized using 'CodeIgniter\Session\Handlers\FileHandler' driver.
WARNING - 2023-07-06 02:59:28 --> Session: Sessions is enabled, and one exists.Please don't $session->start();
ERROR - 2023-07-06 02:59:28 --> mysqli_sql_exception: Table 'cms_simkkn.bcms_layanan' doesn't exist in /usr/local/var/www/simkkn/vendor/codeigniter4/framework/system/Database/MySQLi/Connection.php:331
Stack trace:
#0 /usr/local/var/www/simkkn/vendor/codeigniter4/framework/system/Database/MySQLi/Connection.php(331): mysqli->query('SELECT *\nFROM `...')
#1 /usr/local/var/www/simkkn/vendor/codeigniter4/framework/system/Database/BaseConnection.php(741): CodeIgniter\Database\MySQLi\Connection->execute('SELECT *\nFROM `...')
#2 /usr/local/var/www/simkkn/vendor/codeigniter4/framework/system/Database/BaseConnection.php(669): CodeIgniter\Database\BaseConnection->simpleQuery('SELECT *\nFROM `...')
#3 /usr/local/var/www/simkkn/vendor/codeigniter4/framework/system/Database/BaseBuilder.php(1860): CodeIgniter\Database\BaseConnection->query('SELECT *\nFROM `...', Array, false)
#4 /usr/local/var/www/simkkn/app/Models/Backend/LayananModel.php(24): CodeIgniter\Database\BaseBuilder->get()
#5 /usr/local/var/www/simkkn/app/Controllers/Home.php(31): App\Models\Backend\LayananModel->getLayananByKategori('Layanan Unggula...')
#6 /usr/local/var/www/simkkn/vendor/codeigniter4/framework/system/CodeIgniter.php(918): App\Controllers\Home->index()
#7 /usr/local/var/www/simkkn/vendor/codeigniter4/framework/system/CodeIgniter.php(404): CodeIgniter\CodeIgniter->runController(Object(App\Controllers\Home))
#8 /usr/local/var/www/simkkn/vendor/codeigniter4/framework/system/CodeIgniter.php(312): CodeIgniter\CodeIgniter->handleRequest(NULL, Object(Config\Cache), false)
#9 /usr/local/var/www/simkkn/public/index.php(45): CodeIgniter\CodeIgniter->run()
#10 /usr/local/var/www/simkkn/vendor/codeigniter4/framework/system/Commands/Server/rewrite.php(34): require_once('/usr/local/var/...')
#11 {main}
INFO - 2023-07-06 03:00:06 --> Session: Class initialized using 'CodeIgniter\Session\Handlers\FileHandler' driver.
WARNING - 2023-07-06 03:00:06 --> Session: Sessions is enabled, and one exists.Please don't $session->start();
ERROR - 2023-07-06 03:00:06 --> mysqli_sql_exception: Table 'cms_simkkn.bcms_layanan' doesn't exist in /usr/local/var/www/simkkn/vendor/codeigniter4/framework/system/Database/MySQLi/Connection.php:331
Stack trace:
#0 /usr/local/var/www/simkkn/vendor/codeigniter4/framework/system/Database/MySQLi/Connection.php(331): mysqli->query('SELECT *\nFROM `...')
#1 /usr/local/var/www/simkkn/vendor/codeigniter4/framework/system/Database/BaseConnection.php(741): CodeIgniter\Database\MySQLi\Connection->execute('SELECT *\nFROM `...')
#2 /usr/local/var/www/simkkn/vendor/codeigniter4/framework/system/Database/BaseConnection.php(669): CodeIgniter\Database\BaseConnection->simpleQuery('SELECT *\nFROM `...')
#3 /usr/local/var/www/simkkn/vendor/codeigniter4/framework/system/Database/BaseBuilder.php(1860): CodeIgniter\Database\BaseConnection->query('SELECT *\nFROM `...', Array, false)
#4 /usr/local/var/www/simkkn/app/Models/Backend/LayananModel.php(24): CodeIgniter\Database\BaseBuilder->get()
#5 /usr/local/var/www/simkkn/app/Controllers/Home.php(31): App\Models\Backend\LayananModel->getLayananByKategori('Layanan Unggula...')
#6 /usr/local/var/www/simkkn/vendor/codeigniter4/framework/system/CodeIgniter.php(918): App\Controllers\Home->index()
#7 /usr/local/var/www/simkkn/vendor/codeigniter4/framework/system/CodeIgniter.php(404): CodeIgniter\CodeIgniter->runController(Object(App\Controllers\Home))
#8 /usr/local/var/www/simkkn/vendor/codeigniter4/framework/system/CodeIgniter.php(312): CodeIgniter\CodeIgniter->handleRequest(NULL, Object(Config\Cache), false)
#9 /usr/local/var/www/simkkn/public/index.php(45): CodeIgniter\CodeIgniter->run()
#10 /usr/local/var/www/simkkn/vendor/codeigniter4/framework/system/Commands/Server/rewrite.php(34): require_once('/usr/local/var/...')
#11 {main}
INFO - 2023-07-06 03:01:50 --> Session: Class initialized using 'CodeIgniter\Session\Handlers\FileHandler' driver.
WARNING - 2023-07-06 03:01:50 --> Session: Sessions is enabled, and one exists.Please don't $session->start();
ERROR - 2023-07-06 03:01:50 --> mysqli_sql_exception: Table 'cms_simkkn.bcms_layanan' doesn't exist in /usr/local/var/www/simkkn/vendor/codeigniter4/framework/system/Database/MySQLi/Connection.php:331
Stack trace:
#0 /usr/local/var/www/simkkn/vendor/codeigniter4/framework/system/Database/MySQLi/Connection.php(331): mysqli->query('SELECT *\nFROM `...')
#1 /usr/local/var/www/simkkn/vendor/codeigniter4/framework/system/Database/BaseConnection.php(741): CodeIgniter\Database\MySQLi\Connection->execute('SELECT *\nFROM `...')
#2 /usr/local/var/www/simkkn/vendor/codeigniter4/framework/system/Database/BaseConnection.php(669): CodeIgniter\Database\BaseConnection->simpleQuery('SELECT *\nFROM `...')
#3 /usr/local/var/www/simkkn/vendor/codeigniter4/framework/system/Database/BaseBuilder.php(1860): CodeIgniter\Database\BaseConnection->query('SELECT *\nFROM `...', Array, false)
#4 /usr/local/var/www/simkkn/app/Models/Backend/LayananModel.php(24): CodeIgniter\Database\BaseBuilder->get()
#5 /usr/local/var/www/simkkn/app/Controllers/Home.php(31): App\Models\Backend\LayananModel->getLayananByKategori('Layanan Unggula...')
#6 /usr/local/var/www/simkkn/vendor/codeigniter4/framework/system/CodeIgniter.php(918): App\Controllers\Home->index()
#7 /usr/local/var/www/simkkn/vendor/codeigniter4/framework/system/CodeIgniter.php(404): CodeIgniter\CodeIgniter->runController(Object(App\Controllers\Home))
#8 /usr/local/var/www/simkkn/vendor/codeigniter4/framework/system/CodeIgniter.php(312): CodeIgniter\CodeIgniter->handleRequest(NULL, Object(Config\Cache), false)
#9 /usr/local/var/www/simkkn/public/index.php(45): CodeIgniter\CodeIgniter->run()
#10 /usr/local/var/www/simkkn/vendor/codeigniter4/framework/system/Commands/Server/rewrite.php(34): require_once('/usr/local/var/...')
#11 {main}
INFO - 2023-07-06 03:04:09 --> Session: Class initialized using 'CodeIgniter\Session\Handlers\FileHandler' driver.
WARNING - 2023-07-06 03:04:09 --> Session: Sessions is enabled, and one exists.Please don't $session->start();
ERROR - 2023-07-06 03:04:09 --> mysqli_sql_exception: Table 'cms_simkkn.bcms_layanan' doesn't exist in /usr/local/var/www/simkkn/vendor/codeigniter4/framework/system/Database/MySQLi/Connection.php:331
Stack trace:
#0 /usr/local/var/www/simkkn/vendor/codeigniter4/framework/system/Database/MySQLi/Connection.php(331): mysqli->query('SELECT *\nFROM `...')
#1 /usr/local/var/www/simkkn/vendor/codeigniter4/framework/system/Database/BaseConnection.php(741): CodeIgniter\Database\MySQLi\Connection->execute('SELECT *\nFROM `...')
#2 /usr/local/var/www/simkkn/vendor/codeigniter4/framework/system/Database/BaseConnection.php(669): CodeIgniter\Database\BaseConnection->simpleQuery('SELECT *\nFROM `...')
#3 /usr/local/var/www/simkkn/vendor/codeigniter4/framework/system/Database/BaseBuilder.php(1860): CodeIgniter\Database\BaseConnection->query('SELECT *\nFROM `...', Array, false)
#4 /usr/local/var/www/simkkn/app/Models/Backend/LayananModel.php(24): CodeIgniter\Database\BaseBuilder->get()
#5 /usr/local/var/www/simkkn/app/Controllers/Home.php(31): App\Models\Backend\LayananModel->getLayananByKategori('Layanan Unggula...')
#6 /usr/local/var/www/simkkn/vendor/codeigniter4/framework/system/CodeIgniter.php(918): App\Controllers\Home->index()
#7 /usr/local/var/www/simkkn/vendor/codeigniter4/framework/system/CodeIgniter.php(404): CodeIgniter\CodeIgniter->runController(Object(App\Controllers\Home))
#8 /usr/local/var/www/simkkn/vendor/codeigniter4/framework/system/CodeIgniter.php(312): CodeIgniter\CodeIgniter->handleRequest(NULL, Object(Config\Cache), false)
#9 /usr/local/var/www/simkkn/public/index.php(45): CodeIgniter\CodeIgniter->run()
#10 /usr/local/var/www/simkkn/vendor/codeigniter4/framework/system/Commands/Server/rewrite.php(34): require_once('/usr/local/var/...')
#11 {main}
INFO - 2023-07-06 03:04:48 --> Session: Class initialized using 'CodeIgniter\Session\Handlers\FileHandler' driver.
WARNING - 2023-07-06 03:04:48 --> Session: Sessions is enabled, and one exists.Please don't $session->start();
ERROR - 2023-07-06 03:04:48 --> mysqli_sql_exception: Table 'cms_simkkn.bcms_layanan' doesn't exist in /usr/local/var/www/simkkn/vendor/codeigniter4/framework/system/Database/MySQLi/Connection.php:331
Stack trace:
#0 /usr/local/var/www/simkkn/vendor/codeigniter4/framework/system/Database/MySQLi/Connection.php(331): mysqli->query('SELECT *\nFROM `...')
#1 /usr/local/var/www/simkkn/vendor/codeigniter4/framework/system/Database/BaseConnection.php(741): CodeIgniter\Database\MySQLi\Connection->execute('SELECT *\nFROM `...')
#2 /usr/local/var/www/simkkn/vendor/codeigniter4/framework/system/Database/BaseConnection.php(669): CodeIgniter\Database\BaseConnection->simpleQuery('SELECT *\nFROM `...')
#3 /usr/local/var/www/simkkn/vendor/codeigniter4/framework/system/Database/BaseBuilder.php(1860): CodeIgniter\Database\BaseConnection->query('SELECT *\nFROM `...', Array, false)
#4 /usr/local/var/www/simkkn/app/Models/Backend/LayananModel.php(24): CodeIgniter\Database\BaseBuilder->get()
#5 /usr/local/var/www/simkkn/app/Controllers/Home.php(31): App\Models\Backend\LayananModel->getLayananByKategori('Layanan Unggula...')
#6 /usr/local/var/www/simkkn/vendor/codeigniter4/framework/system/CodeIgniter.php(918): App\Controllers\Home->index()
#7 /usr/local/var/www/simkkn/vendor/codeigniter4/framework/system/CodeIgniter.php(404): CodeIgniter\CodeIgniter->runController(Object(App\Controllers\Home))
#8 /usr/local/var/www/simkkn/vendor/codeigniter4/framework/system/CodeIgniter.php(312): CodeIgniter\CodeIgniter->handleRequest(NULL, Object(Config\Cache), false)
#9 /usr/local/var/www/simkkn/public/index.php(45): CodeIgniter\CodeIgniter->run()
#10 /usr/local/var/www/simkkn/vendor/codeigniter4/framework/system/Commands/Server/rewrite.php(34): require_once('/usr/local/var/...')
#11 {main}
INFO - 2023-07-06 03:06:09 --> Session: Class initialized using 'CodeIgniter\Session\Handlers\FileHandler' driver.
WARNING - 2023-07-06 03:06:09 --> Session: Sessions is enabled, and one exists.Please don't $session->start();
ERROR - 2023-07-06 03:06:09 --> mysqli_sql_exception: Table 'cms_simkkn.bcms_layanan' doesn't exist in /usr/local/var/www/simkkn/vendor/codeigniter4/framework/system/Database/MySQLi/Connection.php:331
Stack trace:
#0 /usr/local/var/www/simkkn/vendor/codeigniter4/framework/system/Database/MySQLi/Connection.php(331): mysqli->query('SELECT *\nFROM `...')
#1 /usr/local/var/www/simkkn/vendor/codeigniter4/framework/system/Database/BaseConnection.php(741): CodeIgniter\Database\MySQLi\Connection->execute('SELECT *\nFROM `...')
#2 /usr/local/var/www/simkkn/vendor/codeigniter4/framework/system/Database/BaseConnection.php(669): CodeIgniter\Database\BaseConnection->simpleQuery('SELECT *\nFROM `...')
#3 /usr/local/var/www/simkkn/vendor/codeigniter4/framework/system/Database/BaseBuilder.php(1860): CodeIgniter\Database\BaseConnection->query('SELECT *\nFROM `...', Array, false)
#4 /usr/local/var/www/simkkn/app/Models/Backend/LayananModel.php(24): CodeIgniter\Database\BaseBuilder->get()
#5 /usr/local/var/www/simkkn/app/Controllers/Home.php(31): App\Models\Backend\LayananModel->getLayananByKategori('Layanan Unggula...')
#6 /usr/local/var/www/simkkn/vendor/codeigniter4/framework/system/CodeIgniter.php(918): App\Controllers\Home->index()
#7 /usr/local/var/www/simkkn/vendor/codeigniter4/framework/system/CodeIgniter.php(404): CodeIgniter\CodeIgniter->runController(Object(App\Controllers\Home))
#8 /usr/local/var/www/simkkn/vendor/codeigniter4/framework/system/CodeIgniter.php(312): CodeIgniter\CodeIgniter->handleRequest(NULL, Object(Config\Cache), false)
#9 /usr/local/var/www/simkkn/public/index.php(45): CodeIgniter\CodeIgniter->run()
#10 /usr/local/var/www/simkkn/vendor/codeigniter4/framework/system/Commands/Server/rewrite.php(34): require_once('/usr/local/var/...')
#11 {main}
INFO - 2023-07-06 03:08:22 --> Session: Class initialized using 'CodeIgniter\Session\Handlers\FileHandler' driver.
WARNING - 2023-07-06 03:08:22 --> Session: Sessions is enabled, and one exists.Please don't $session->start();
ERROR - 2023-07-06 03:08:22 --> mysqli_sql_exception: Table 'cms_simkkn.bcms_layanan' doesn't exist in /usr/local/var/www/simkkn/vendor/codeigniter4/framework/system/Database/MySQLi/Connection.php:331
Stack trace:
#0 /usr/local/var/www/simkkn/vendor/codeigniter4/framework/system/Database/MySQLi/Connection.php(331): mysqli->query('SELECT *\nFROM `...')
#1 /usr/local/var/www/simkkn/vendor/codeigniter4/framework/system/Database/BaseConnection.php(741): CodeIgniter\Database\MySQLi\Connection->execute('SELECT *\nFROM `...')
#2 /usr/local/var/www/simkkn/vendor/codeigniter4/framework/system/Database/BaseConnection.php(669): CodeIgniter\Database\BaseConnection->simpleQuery('SELECT *\nFROM `...')
#3 /usr/local/var/www/simkkn/vendor/codeigniter4/framework/system/Database/BaseBuilder.php(1860): CodeIgniter\Database\BaseConnection->query('SELECT *\nFROM `...', Array, false)
#4 /usr/local/var/www/simkkn/app/Models/Backend/LayananModel.php(24): CodeIgniter\Database\BaseBuilder->get()
#5 /usr/local/var/www/simkkn/app/Controllers/Home.php(31): App\Models\Backend\LayananModel->getLayananByKategori('Layanan Unggula...')
#6 /usr/local/var/www/simkkn/vendor/codeigniter4/framework/system/CodeIgniter.php(918): App\Controllers\Home->index()
#7 /usr/local/var/www/simkkn/vendor/codeigniter4/framework/system/CodeIgniter.php(404): CodeIgniter\CodeIgniter->runController(Object(App\Controllers\Home))
#8 /usr/local/var/www/simkkn/vendor/codeigniter4/framework/system/CodeIgniter.php(312): CodeIgniter\CodeIgniter->handleRequest(NULL, Object(Config\Cache), false)
#9 /usr/local/var/www/simkkn/public/index.php(45): CodeIgniter\CodeIgniter->run()
#10 /usr/local/var/www/simkkn/vendor/codeigniter4/framework/system/Commands/Server/rewrite.php(34): require_once('/usr/local/var/...')
#11 {main}
INFO - 2023-07-06 03:09:18 --> Session: Class initialized using 'CodeIgniter\Session\Handlers\FileHandler' driver.
WARNING - 2023-07-06 03:09:18 --> Session: Sessions is enabled, and one exists.Please don't $session->start();
ERROR - 2023-07-06 03:09:18 --> mysqli_sql_exception: Table 'cms_simkkn.bcms_layanan' doesn't exist in /usr/local/var/www/simkkn/vendor/codeigniter4/framework/system/Database/MySQLi/Connection.php:331
Stack trace:
#0 /usr/local/var/www/simkkn/vendor/codeigniter4/framework/system/Database/MySQLi/Connection.php(331): mysqli->query('SELECT *\nFROM `...')
#1 /usr/local/var/www/simkkn/vendor/codeigniter4/framework/system/Database/BaseConnection.php(741): CodeIgniter\Database\MySQLi\Connection->execute('SELECT *\nFROM `...')
#2 /usr/local/var/www/simkkn/vendor/codeigniter4/framework/system/Database/BaseConnection.php(669): CodeIgniter\Database\BaseConnection->simpleQuery('SELECT *\nFROM `...')
#3 /usr/local/var/www/simkkn/vendor/codeigniter4/framework/system/Database/BaseBuilder.php(1860): CodeIgniter\Database\BaseConnection->query('SELECT *\nFROM `...', Array, false)
#4 /usr/local/var/www/simkkn/app/Models/Backend/LayananModel.php(24): CodeIgniter\Database\BaseBuilder->get()
#5 /usr/local/var/www/simkkn/app/Controllers/Home.php(31): App\Models\Backend\LayananModel->getLayananByKategori('Layanan Unggula...')
#6 /usr/local/var/www/simkkn/vendor/codeigniter4/framework/system/CodeIgniter.php(918): App\Controllers\Home->index()
#7 /usr/local/var/www/simkkn/vendor/codeigniter4/framework/system/CodeIgniter.php(404): CodeIgniter\CodeIgniter->runController(Object(App\Controllers\Home))
#8 /usr/local/var/www/simkkn/vendor/codeigniter4/framework/system/CodeIgniter.php(312): CodeIgniter\CodeIgniter->handleRequest(NULL, Object(Config\Cache), false)
#9 /usr/local/var/www/simkkn/public/index.php(45): CodeIgniter\CodeIgniter->run()
#10 /usr/local/var/www/simkkn/vendor/codeigniter4/framework/system/Commands/Server/rewrite.php(34): require_once('/usr/local/var/...')
#11 {main}
INFO - 2023-07-06 03:10:06 --> Session: Class initialized using 'CodeIgniter\Session\Handlers\FileHandler' driver.
WARNING - 2023-07-06 03:10:06 --> Session: Sessions is enabled, and one exists.Please don't $session->start();
ERROR - 2023-07-06 03:10:06 --> mysqli_sql_exception: Table 'cms_simkkn.bcms_layanan' doesn't exist in /usr/local/var/www/simkkn/vendor/codeigniter4/framework/system/Database/MySQLi/Connection.php:331
Stack trace:
#0 /usr/local/var/www/simkkn/vendor/codeigniter4/framework/system/Database/MySQLi/Connection.php(331): mysqli->query('SELECT *\nFROM `...')
#1 /usr/local/var/www/simkkn/vendor/codeigniter4/framework/system/Database/BaseConnection.php(741): CodeIgniter\Database\MySQLi\Connection->execute('SELECT *\nFROM `...')
#2 /usr/local/var/www/simkkn/vendor/codeigniter4/framework/system/Database/BaseConnection.php(669): CodeIgniter\Database\BaseConnection->simpleQuery('SELECT *\nFROM `...')
#3 /usr/local/var/www/simkkn/vendor/codeigniter4/framework/system/Database/BaseBuilder.php(1860): CodeIgniter\Database\BaseConnection->query('SELECT *\nFROM `...', Array, false)
#4 /usr/local/var/www/simkkn/app/Models/Backend/LayananModel.php(24): CodeIgniter\Database\BaseBuilder->get()
#5 /usr/local/var/www/simkkn/app/Controllers/Home.php(31): App\Models\Backend\LayananModel->getLayananByKategori('Layanan Unggula...')
#6 /usr/local/var/www/simkkn/vendor/codeigniter4/framework/system/CodeIgniter.php(918): App\Controllers\Home->index()
#7 /usr/local/var/www/simkkn/vendor/codeigniter4/framework/system/CodeIgniter.php(404): CodeIgniter\CodeIgniter->runController(Object(App\Controllers\Home))
#8 /usr/local/var/www/simkkn/vendor/codeigniter4/framework/system/CodeIgniter.php(312): CodeIgniter\CodeIgniter->handleRequest(NULL, Object(Config\Cache), false)
#9 /usr/local/var/www/simkkn/public/index.php(45): CodeIgniter\CodeIgniter->run()
#10 /usr/local/var/www/simkkn/vendor/codeigniter4/framework/system/Commands/Server/rewrite.php(34): require_once('/usr/local/var/...')
#11 {main}
INFO - 2023-07-06 03:10:17 --> Session: Class initialized using 'CodeIgniter\Session\Handlers\FileHandler' driver.
WARNING - 2023-07-06 03:10:17 --> Session: Sessions is enabled, and one exists.Please don't $session->start();
ERROR - 2023-07-06 03:10:17 --> mysqli_sql_exception: Table 'cms_simkkn.bcms_layanan' doesn't exist in /usr/local/var/www/simkkn/vendor/codeigniter4/framework/system/Database/MySQLi/Connection.php:331
Stack trace:
#0 /usr/local/var/www/simkkn/vendor/codeigniter4/framework/system/Database/MySQLi/Connection.php(331): mysqli->query('SELECT *\nFROM `...')
#1 /usr/local/var/www/simkkn/vendor/codeigniter4/framework/system/Database/BaseConnection.php(741): CodeIgniter\Database\MySQLi\Connection->execute('SELECT *\nFROM `...')
#2 /usr/local/var/www/simkkn/vendor/codeigniter4/framework/system/Database/BaseConnection.php(669): CodeIgniter\Database\BaseConnection->simpleQuery('SELECT *\nFROM `...')
#3 /usr/local/var/www/simkkn/vendor/codeigniter4/framework/system/Database/BaseBuilder.php(1860): CodeIgniter\Database\BaseConnection->query('SELECT *\nFROM `...', Array, false)
#4 /usr/local/var/www/simkkn/app/Models/Backend/LayananModel.php(24): CodeIgniter\Database\BaseBuilder->get()
#5 /usr/local/var/www/simkkn/app/Controllers/Home.php(31): App\Models\Backend\LayananModel->getLayananByKategori('Layanan Unggula...')
#6 /usr/local/var/www/simkkn/vendor/codeigniter4/framework/system/CodeIgniter.php(918): App\Controllers\Home->index()
#7 /usr/local/var/www/simkkn/vendor/codeigniter4/framework/system/CodeIgniter.php(404): CodeIgniter\CodeIgniter->runController(Object(App\Controllers\Home))
#8 /usr/local/var/www/simkkn/vendor/codeigniter4/framework/system/CodeIgniter.php(312): CodeIgniter\CodeIgniter->handleRequest(NULL, Object(Config\Cache), false)
#9 /usr/local/var/www/simkkn/public/index.php(45): CodeIgniter\CodeIgniter->run()
#10 /usr/local/var/www/simkkn/vendor/codeigniter4/framework/system/Commands/Server/rewrite.php(34): require_once('/usr/local/var/...')
#11 {main}
INFO - 2023-07-06 03:10:38 --> Session: Class initialized using 'CodeIgniter\Session\Handlers\FileHandler' driver.
WARNING - 2023-07-06 03:10:38 --> Session: Sessions is enabled, and one exists.Please don't $session->start();
ERROR - 2023-07-06 03:10:38 --> mysqli_sql_exception: Table 'cms_simkkn.bcms_layanan' doesn't exist in /usr/local/var/www/simkkn/vendor/codeigniter4/framework/system/Database/MySQLi/Connection.php:331
Stack trace:
#0 /usr/local/var/www/simkkn/vendor/codeigniter4/framework/system/Database/MySQLi/Connection.php(331): mysqli->query('SELECT *\nFROM `...')
#1 /usr/local/var/www/simkkn/vendor/codeigniter4/framework/system/Database/BaseConnection.php(741): CodeIgniter\Database\MySQLi\Connection->execute('SELECT *\nFROM `...')
#2 /usr/local/var/www/simkkn/vendor/codeigniter4/framework/system/Database/BaseConnection.php(669): CodeIgniter\Database\BaseConnection->simpleQuery('SELECT *\nFROM `...')
#3 /usr/local/var/www/simkkn/vendor/codeigniter4/framework/system/Database/BaseBuilder.php(1860): CodeIgniter\Database\BaseConnection->query('SELECT *\nFROM `...', Array, false)
#4 /usr/local/var/www/simkkn/app/Models/Backend/LayananModel.php(24): CodeIgniter\Database\BaseBuilder->get()
#5 /usr/local/var/www/simkkn/app/Controllers/Home.php(31): App\Models\Backend\LayananModel->getLayananByKategori('Layanan Unggula...')
#6 /usr/local/var/www/simkkn/vendor/codeigniter4/framework/system/CodeIgniter.php(918): App\Controllers\Home->index()
#7 /usr/local/var/www/simkkn/vendor/codeigniter4/framework/system/CodeIgniter.php(404): CodeIgniter\CodeIgniter->runController(Object(App\Controllers\Home))
#8 /usr/local/var/www/simkkn/vendor/codeigniter4/framework/system/CodeIgniter.php(312): CodeIgniter\CodeIgniter->handleRequest(NULL, Object(Config\Cache), false)
#9 /usr/local/var/www/simkkn/public/index.php(45): CodeIgniter\CodeIgniter->run()
#10 /usr/local/var/www/simkkn/vendor/codeigniter4/framework/system/Commands/Server/rewrite.php(34): require_once('/usr/local/var/...')
#11 {main}
INFO - 2023-07-06 03:11:22 --> Session: Class initialized using 'CodeIgniter\Session\Handlers\FileHandler' driver.
WARNING - 2023-07-06 03:11:22 --> Session: Sessions is enabled, and one exists.Please don't $session->start();
ERROR - 2023-07-06 03:11:22 --> mysqli_sql_exception: Table 'cms_simkkn.bcms_layanan' doesn't exist in /usr/local/var/www/simkkn/vendor/codeigniter4/framework/system/Database/MySQLi/Connection.php:331
Stack trace:
#0 /usr/local/var/www/simkkn/vendor/codeigniter4/framework/system/Database/MySQLi/Connection.php(331): mysqli->query('SELECT *\nFROM `...')
#1 /usr/local/var/www/simkkn/vendor/codeigniter4/framework/system/Database/BaseConnection.php(741): CodeIgniter\Database\MySQLi\Connection->execute('SELECT *\nFROM `...')
#2 /usr/local/var/www/simkkn/vendor/codeigniter4/framework/system/Database/BaseConnection.php(669): CodeIgniter\Database\BaseConnection->simpleQuery('SELECT *\nFROM `...')
#3 /usr/local/var/www/simkkn/vendor/codeigniter4/framework/system/Database/BaseBuilder.php(1860): CodeIgniter\Database\BaseConnection->query('SELECT *\nFROM `...', Array, false)
#4 /usr/local/var/www/simkkn/app/Models/Backend/LayananModel.php(24): CodeIgniter\Database\BaseBuilder->get()
#5 /usr/local/var/www/simkkn/app/Controllers/Home.php(31): App\Models\Backend\LayananModel->getLayananByKategori('Layanan Unggula...')
#6 /usr/local/var/www/simkkn/vendor/codeigniter4/framework/system/CodeIgniter.php(918): App\Controllers\Home->index()
#7 /usr/local/var/www/simkkn/vendor/codeigniter4/framework/system/CodeIgniter.php(404): CodeIgniter\CodeIgniter->runController(Object(App\Controllers\Home))
#8 /usr/local/var/www/simkkn/vendor/codeigniter4/framework/system/CodeIgniter.php(312): CodeIgniter\CodeIgniter->handleRequest(NULL, Object(Config\Cache), false)
#9 /usr/local/var/www/simkkn/public/index.php(45): CodeIgniter\CodeIgniter->run()
#10 /usr/local/var/www/simkkn/vendor/codeigniter4/framework/system/Commands/Server/rewrite.php(34): require_once('/usr/local/var/...')
#11 {main}
INFO - 2023-07-06 03:11:22 --> Session: Class initialized using 'CodeIgniter\Session\Handlers\FileHandler' driver.
WARNING - 2023-07-06 03:11:22 --> Session: Sessions is enabled, and one exists.Please don't $session->start();
ERROR - 2023-07-06 03:11:22 --> mysqli_sql_exception: Table 'cms_simkkn.bcms_layanan' doesn't exist in /usr/local/var/www/simkkn/vendor/codeigniter4/framework/system/Database/MySQLi/Connection.php:331
Stack trace:
#0 /usr/local/var/www/simkkn/vendor/codeigniter4/framework/system/Database/MySQLi/Connection.php(331): mysqli->query('SELECT *\nFROM `...')
#1 /usr/local/var/www/simkkn/vendor/codeigniter4/framework/system/Database/BaseConnection.php(741): CodeIgniter\Database\MySQLi\Connection->execute('SELECT *\nFROM `...')
#2 /usr/local/var/www/simkkn/vendor/codeigniter4/framework/system/Database/BaseConnection.php(669): CodeIgniter\Database\BaseConnection->simpleQuery('SELECT *\nFROM `...')
#3 /usr/local/var/www/simkkn/vendor/codeigniter4/framework/system/Database/BaseBuilder.php(1860): CodeIgniter\Database\BaseConnection->query('SELECT *\nFROM `...', Array, false)
#4 /usr/local/var/www/simkkn/app/Models/Backend/LayananModel.php(24): CodeIgniter\Database\BaseBuilder->get()
#5 /usr/local/var/www/simkkn/app/Controllers/Home.php(31): App\Models\Backend\LayananModel->getLayananByKategori('Layanan Unggula...')
#6 /usr/local/var/www/simkkn/vendor/codeigniter4/framework/system/CodeIgniter.php(918): App\Controllers\Home->index()
#7 /usr/local/var/www/simkkn/vendor/codeigniter4/framework/system/CodeIgniter.php(404): CodeIgniter\CodeIgniter->runController(Object(App\Controllers\Home))
#8 /usr/local/var/www/simkkn/vendor/codeigniter4/framework/system/CodeIgniter.php(312): CodeIgniter\CodeIgniter->handleRequest(NULL, Object(Config\Cache), false)
#9 /usr/local/var/www/simkkn/public/index.php(45): CodeIgniter\CodeIgniter->run()
#10 /usr/local/var/www/simkkn/vendor/codeigniter4/framework/system/Commands/Server/rewrite.php(34): require_once('/usr/local/var/...')
#11 {main}
INFO - 2023-07-06 03:11:23 --> Session: Class initialized using 'CodeIgniter\Session\Handlers\FileHandler' driver.
WARNING - 2023-07-06 03:11:23 --> Session: Sessions is enabled, and one exists.Please don't $session->start();
ERROR - 2023-07-06 03:11:23 --> mysqli_sql_exception: Table 'cms_simkkn.bcms_layanan' doesn't exist in /usr/local/var/www/simkkn/vendor/codeigniter4/framework/system/Database/MySQLi/Connection.php:331
Stack trace:
#0 /usr/local/var/www/simkkn/vendor/codeigniter4/framework/system/Database/MySQLi/Connection.php(331): mysqli->query('SELECT *\nFROM `...')
#1 /usr/local/var/www/simkkn/vendor/codeigniter4/framework/system/Database/BaseConnection.php(741): CodeIgniter\Database\MySQLi\Connection->execute('SELECT *\nFROM `...')
#2 /usr/local/var/www/simkkn/vendor/codeigniter4/framework/system/Database/BaseConnection.php(669): CodeIgniter\Database\BaseConnection->simpleQuery('SELECT *\nFROM `...')
#3 /usr/local/var/www/simkkn/vendor/codeigniter4/framework/system/Database/BaseBuilder.php(1860): CodeIgniter\Database\BaseConnection->query('SELECT *\nFROM `...', Array, false)
#4 /usr/local/var/www/simkkn/app/Models/Backend/LayananModel.php(24): CodeIgniter\Database\BaseBuilder->get()
#5 /usr/local/var/www/simkkn/app/Controllers/Home.php(31): App\Models\Backend\LayananModel->getLayananByKategori('Layanan Unggula...')
#6 /usr/local/var/www/simkkn/vendor/codeigniter4/framework/system/CodeIgniter.php(918): App\Controllers\Home->index()
#7 /usr/local/var/www/simkkn/vendor/codeigniter4/framework/system/CodeIgniter.php(404): CodeIgniter\CodeIgniter->runController(Object(App\Controllers\Home))
#8 /usr/local/var/www/simkkn/vendor/codeigniter4/framework/system/CodeIgniter.php(312): CodeIgniter\CodeIgniter->handleRequest(NULL, Object(Config\Cache), false)
#9 /usr/local/var/www/simkkn/public/index.php(45): CodeIgniter\CodeIgniter->run()
#10 /usr/local/var/www/simkkn/vendor/codeigniter4/framework/system/Commands/Server/rewrite.php(34): require_once('/usr/local/var/...')
#11 {main}
INFO - 2023-07-06 03:11:24 --> Session: Class initialized using 'CodeIgniter\Session\Handlers\FileHandler' driver.
WARNING - 2023-07-06 03:11:24 --> Session: Sessions is enabled, and one exists.Please don't $session->start();
ERROR - 2023-07-06 03:11:24 --> mysqli_sql_exception: Table 'cms_simkkn.bcms_layanan' doesn't exist in /usr/local/var/www/simkkn/vendor/codeigniter4/framework/system/Database/MySQLi/Connection.php:331
Stack trace:
#0 /usr/local/var/www/simkkn/vendor/codeigniter4/framework/system/Database/MySQLi/Connection.php(331): mysqli->query('SELECT *\nFROM `...')
#1 /usr/local/var/www/simkkn/vendor/codeigniter4/framework/system/Database/BaseConnection.php(741): CodeIgniter\Database\MySQLi\Connection->execute('SELECT *\nFROM `...')
#2 /usr/local/var/www/simkkn/vendor/codeigniter4/framework/system/Database/BaseConnection.php(669): CodeIgniter\Database\BaseConnection->simpleQuery('SELECT *\nFROM `...')
#3 /usr/local/var/www/simkkn/vendor/codeigniter4/framework/system/Database/BaseBuilder.php(1860): CodeIgniter\Database\BaseConnection->query('SELECT *\nFROM `...', Array, false)
#4 /usr/local/var/www/simkkn/app/Models/Backend/LayananModel.php(24): CodeIgniter\Database\BaseBuilder->get()
#5 /usr/local/var/www/simkkn/app/Controllers/Home.php(31): App\Models\Backend\LayananModel->getLayananByKategori('Layanan Unggula...')
#6 /usr/local/var/www/simkkn/vendor/codeigniter4/framework/system/CodeIgniter.php(918): App\Controllers\Home->index()
#7 /usr/local/var/www/simkkn/vendor/codeigniter4/framework/system/CodeIgniter.php(404): CodeIgniter\CodeIgniter->runController(Object(App\Controllers\Home))
#8 /usr/local/var/www/simkkn/vendor/codeigniter4/framework/system/CodeIgniter.php(312): CodeIgniter\CodeIgniter->handleRequest(NULL, Object(Config\Cache), false)
#9 /usr/local/var/www/simkkn/public/index.php(45): CodeIgniter\CodeIgniter->run()
#10 /usr/local/var/www/simkkn/vendor/codeigniter4/framework/system/Commands/Server/rewrite.php(34): require_once('/usr/local/var/...')
#11 {main}
INFO - 2023-07-06 03:11:33 --> Session: Class initialized using 'CodeIgniter\Session\Handlers\FileHandler' driver.
WARNING - 2023-07-06 03:11:33 --> Session: Sessions is enabled, and one exists.Please don't $session->start();
ERROR - 2023-07-06 03:11:33 --> mysqli_sql_exception: Table 'cms_simkkn.bcms_layanan' doesn't exist in /usr/local/var/www/simkkn/vendor/codeigniter4/framework/system/Database/MySQLi/Connection.php:331
Stack trace:
#0 /usr/local/var/www/simkkn/vendor/codeigniter4/framework/system/Database/MySQLi/Connection.php(331): mysqli->query('SELECT *\nFROM `...')
#1 /usr/local/var/www/simkkn/vendor/codeigniter4/framework/system/Database/BaseConnection.php(741): CodeIgniter\Database\MySQLi\Connection->execute('SELECT *\nFROM `...')
#2 /usr/local/var/www/simkkn/vendor/codeigniter4/framework/system/Database/BaseConnection.php(669): CodeIgniter\Database\BaseConnection->simpleQuery('SELECT *\nFROM `...')
#3 /usr/local/var/www/simkkn/vendor/codeigniter4/framework/system/Database/BaseBuilder.php(1860): CodeIgniter\Database\BaseConnection->query('SELECT *\nFROM `...', Array, false)
#4 /usr/local/var/www/simkkn/app/Models/Backend/LayananModel.php(24): CodeIgniter\Database\BaseBuilder->get()
#5 /usr/local/var/www/simkkn/app/Controllers/Home.php(31): App\Models\Backend\LayananModel->getLayananByKategori('Layanan Unggula...')
#6 /usr/local/var/www/simkkn/vendor/codeigniter4/framework/system/CodeIgniter.php(918): App\Controllers\Home->index()
#7 /usr/local/var/www/simkkn/vendor/codeigniter4/framework/system/CodeIgniter.php(404): CodeIgniter\CodeIgniter->runController(Object(App\Controllers\Home))
#8 /usr/local/var/www/simkkn/vendor/codeigniter4/framework/system/CodeIgniter.php(312): CodeIgniter\CodeIgniter->handleRequest(NULL, Object(Config\Cache), false)
#9 /usr/local/var/www/simkkn/public/index.php(45): CodeIgniter\CodeIgniter->run()
#10 /usr/local/var/www/simkkn/vendor/codeigniter4/framework/system/Commands/Server/rewrite.php(34): require_once('/usr/local/var/...')
#11 {main}
INFO - 2023-07-06 03:12:04 --> Session: Class initialized using 'CodeIgniter\Session\Handlers\FileHandler' driver.
WARNING - 2023-07-06 03:12:04 --> Session: Sessions is enabled, and one exists.Please don't $session->start();
ERROR - 2023-07-06 03:12:04 --> mysqli_sql_exception: Table 'cms_simkkn.bcms_layanan' doesn't exist in /usr/local/var/www/simkkn/vendor/codeigniter4/framework/system/Database/MySQLi/Connection.php:331
Stack trace:
#0 /usr/local/var/www/simkkn/vendor/codeigniter4/framework/system/Database/MySQLi/Connection.php(331): mysqli->query('SELECT *\nFROM `...')
#1 /usr/local/var/www/simkkn/vendor/codeigniter4/framework/system/Database/BaseConnection.php(741): CodeIgniter\Database\MySQLi\Connection->execute('SELECT *\nFROM `...')
#2 /usr/local/var/www/simkkn/vendor/codeigniter4/framework/system/Database/BaseConnection.php(669): CodeIgniter\Database\BaseConnection->simpleQuery('SELECT *\nFROM `...')
#3 /usr/local/var/www/simkkn/vendor/codeigniter4/framework/system/Database/BaseBuilder.php(1860): CodeIgniter\Database\BaseConnection->query('SELECT *\nFROM `...', Array, false)
#4 /usr/local/var/www/simkkn/app/Models/Backend/LayananModel.php(24): CodeIgniter\Database\BaseBuilder->get()
#5 /usr/local/var/www/simkkn/app/Controllers/Home.php(31): App\Models\Backend\LayananModel->getLayananByKategori('Layanan Unggula...')
#6 /usr/local/var/www/simkkn/vendor/codeigniter4/framework/system/CodeIgniter.php(918): App\Controllers\Home->index()
#7 /usr/local/var/www/simkkn/vendor/codeigniter4/framework/system/CodeIgniter.php(404): CodeIgniter\CodeIgniter->runController(Object(App\Controllers\Home))
#8 /usr/local/var/www/simkkn/vendor/codeigniter4/framework/system/CodeIgniter.php(312): CodeIgniter\CodeIgniter->handleRequest(NULL, Object(Config\Cache), false)
#9 /usr/local/var/www/simkkn/public/index.php(45): CodeIgniter\CodeIgniter->run()
#10 /usr/local/var/www/simkkn/vendor/codeigniter4/framework/system/Commands/Server/rewrite.php(34): require_once('/usr/local/var/...')
#11 {main}
INFO - 2023-07-06 03:12:25 --> Session: Class initialized using 'CodeIgniter\Session\Handlers\FileHandler' driver.
WARNING - 2023-07-06 03:12:25 --> Session: Sessions is enabled, and one exists.Please don't $session->start();
ERROR - 2023-07-06 03:12:25 --> mysqli_sql_exception: Table 'cms_simkkn.bcms_layanan' doesn't exist in /usr/local/var/www/simkkn/vendor/codeigniter4/framework/system/Database/MySQLi/Connection.php:331
Stack trace:
#0 /usr/local/var/www/simkkn/vendor/codeigniter4/framework/system/Database/MySQLi/Connection.php(331): mysqli->query('SELECT *\nFROM `...')
#1 /usr/local/var/www/simkkn/vendor/codeigniter4/framework/system/Database/BaseConnection.php(741): CodeIgniter\Database\MySQLi\Connection->execute('SELECT *\nFROM `...')
#2 /usr/local/var/www/simkkn/vendor/codeigniter4/framework/system/Database/BaseConnection.php(669): CodeIgniter\Database\BaseConnection->simpleQuery('SELECT *\nFROM `...')
#3 /usr/local/var/www/simkkn/vendor/codeigniter4/framework/system/Database/BaseBuilder.php(1860): CodeIgniter\Database\BaseConnection->query('SELECT *\nFROM `...', Array, false)
#4 /usr/local/var/www/simkkn/app/Models/Backend/LayananModel.php(24): CodeIgniter\Database\BaseBuilder->get()
#5 /usr/local/var/www/simkkn/app/Controllers/Home.php(31): App\Models\Backend\LayananModel->getLayananByKategori('Layanan Unggula...')
#6 /usr/local/var/www/simkkn/vendor/codeigniter4/framework/system/CodeIgniter.php(918): App\Controllers\Home->index()
#7 /usr/local/var/www/simkkn/vendor/codeigniter4/framework/system/CodeIgniter.php(404): CodeIgniter\CodeIgniter->runController(Object(App\Controllers\Home))
#8 /usr/local/var/www/simkkn/vendor/codeigniter4/framework/system/CodeIgniter.php(312): CodeIgniter\CodeIgniter->handleRequest(NULL, Object(Config\Cache), false)
#9 /usr/local/var/www/simkkn/public/index.php(45): CodeIgniter\CodeIgniter->run()
#10 /usr/local/var/www/simkkn/vendor/codeigniter4/framework/system/Commands/Server/rewrite.php(34): require_once('/usr/local/var/...')
#11 {main}
INFO - 2023-07-06 03:13:37 --> Session: Class initialized using 'CodeIgniter\Session\Handlers\FileHandler' driver.
WARNING - 2023-07-06 03:13:37 --> Session: Sessions is enabled, and one exists.Please don't $session->start();
ERROR - 2023-07-06 03:13:37 --> mysqli_sql_exception: Table 'cms_simkkn.bcms_layanan' doesn't exist in /usr/local/var/www/simkkn/vendor/codeigniter4/framework/system/Database/MySQLi/Connection.php:331
Stack trace:
#0 /usr/local/var/www/simkkn/vendor/codeigniter4/framework/system/Database/MySQLi/Connection.php(331): mysqli->query('SELECT *\nFROM `...')
#1 /usr/local/var/www/simkkn/vendor/codeigniter4/framework/system/Database/BaseConnection.php(741): CodeIgniter\Database\MySQLi\Connection->execute('SELECT *\nFROM `...')
#2 /usr/local/var/www/simkkn/vendor/codeigniter4/framework/system/Database/BaseConnection.php(669): CodeIgniter\Database\BaseConnection->simpleQuery('SELECT *\nFROM `...')
#3 /usr/local/var/www/simkkn/vendor/codeigniter4/framework/system/Database/BaseBuilder.php(1860): CodeIgniter\Database\BaseConnection->query('SELECT *\nFROM `...', Array, false)
#4 /usr/local/var/www/simkkn/app/Models/Backend/LayananModel.php(24): CodeIgniter\Database\BaseBuilder->get()
#5 /usr/local/var/www/simkkn/app/Controllers/Home.php(31): App\Models\Backend\LayananModel->getLayananByKategori('Layanan Unggula...')
#6 /usr/local/var/www/simkkn/vendor/codeigniter4/framework/system/CodeIgniter.php(918): App\Controllers\Home->index()
#7 /usr/local/var/www/simkkn/vendor/codeigniter4/framework/system/CodeIgniter.php(404): CodeIgniter\CodeIgniter->runController(Object(App\Controllers\Home))
#8 /usr/local/var/www/simkkn/vendor/codeigniter4/framework/system/CodeIgniter.php(312): CodeIgniter\CodeIgniter->handleRequest(NULL, Object(Config\Cache), false)
#9 /usr/local/var/www/simkkn/public/index.php(45): CodeIgniter\CodeIgniter->run()
#10 /usr/local/var/www/simkkn/vendor/codeigniter4/framework/system/Commands/Server/rewrite.php(34): require_once('/usr/local/var/...')
#11 {main}
INFO - 2023-07-06 03:13:56 --> Session: Class initialized using 'CodeIgniter\Session\Handlers\FileHandler' driver.
WARNING - 2023-07-06 03:13:56 --> Session: Sessions is enabled, and one exists.Please don't $session->start();
ERROR - 2023-07-06 03:13:56 --> mysqli_sql_exception: Table 'cms_simkkn.bcms_layanan' doesn't exist in /usr/local/var/www/simkkn/vendor/codeigniter4/framework/system/Database/MySQLi/Connection.php:331
Stack trace:
#0 /usr/local/var/www/simkkn/vendor/codeigniter4/framework/system/Database/MySQLi/Connection.php(331): mysqli->query('SELECT *\nFROM `...')
#1 /usr/local/var/www/simkkn/vendor/codeigniter4/framework/system/Database/BaseConnection.php(741): CodeIgniter\Database\MySQLi\Connection->execute('SELECT *\nFROM `...')
#2 /usr/local/var/www/simkkn/vendor/codeigniter4/framework/system/Database/BaseConnection.php(669): CodeIgniter\Database\BaseConnection->simpleQuery('SELECT *\nFROM `...')
#3 /usr/local/var/www/simkkn/vendor/codeigniter4/framework/system/Database/BaseBuilder.php(1860): CodeIgniter\Database\BaseConnection->query('SELECT *\nFROM `...', Array, false)
#4 /usr/local/var/www/simkkn/app/Models/Backend/LayananModel.php(24): CodeIgniter\Database\BaseBuilder->get()
#5 /usr/local/var/www/simkkn/app/Controllers/Home.php(31): App\Models\Backend\LayananModel->getLayananByKategori('Layanan Unggula...')
#6 /usr/local/var/www/simkkn/vendor/codeigniter4/framework/system/CodeIgniter.php(918): App\Controllers\Home->index()
#7 /usr/local/var/www/simkkn/vendor/codeigniter4/framework/system/CodeIgniter.php(404): CodeIgniter\CodeIgniter->runController(Object(App\Controllers\Home))
#8 /usr/local/var/www/simkkn/vendor/codeigniter4/framework/system/CodeIgniter.php(312): CodeIgniter\CodeIgniter->handleRequest(NULL, Object(Config\Cache), false)
#9 /usr/local/var/www/simkkn/public/index.php(45): CodeIgniter\CodeIgniter->run()
#10 /usr/local/var/www/simkkn/vendor/codeigniter4/framework/system/Commands/Server/rewrite.php(34): require_once('/usr/local/var/...')
#11 {main}
INFO - 2023-07-06 03:14:33 --> Session: Class initialized using 'CodeIgniter\Session\Handlers\FileHandler' driver.
WARNING - 2023-07-06 03:14:33 --> Session: Sessions is enabled, and one exists.Please don't $session->start();
ERROR - 2023-07-06 03:14:33 --> mysqli_sql_exception: Table 'cms_simkkn.bcms_layanan' doesn't exist in /usr/local/var/www/simkkn/vendor/codeigniter4/framework/system/Database/MySQLi/Connection.php:331
Stack trace:
#0 /usr/local/var/www/simkkn/vendor/codeigniter4/framework/system/Database/MySQLi/Connection.php(331): mysqli->query('SELECT *\nFROM `...')
#1 /usr/local/var/www/simkkn/vendor/codeigniter4/framework/system/Database/BaseConnection.php(741): CodeIgniter\Database\MySQLi\Connection->execute('SELECT *\nFROM `...')
#2 /usr/local/var/www/simkkn/vendor/codeigniter4/framework/system/Database/BaseConnection.php(669): CodeIgniter\Database\BaseConnection->simpleQuery('SELECT *\nFROM `...')
#3 /usr/local/var/www/simkkn/vendor/codeigniter4/framework/system/Database/BaseBuilder.php(1860): CodeIgniter\Database\BaseConnection->query('SELECT *\nFROM `...', Array, false)
#4 /usr/local/var/www/simkkn/app/Models/Backend/LayananModel.php(24): CodeIgniter\Database\BaseBuilder->get()
#5 /usr/local/var/www/simkkn/app/Controllers/Home.php(31): App\Models\Backend\LayananModel->getLayananByKategori('Layanan Unggula...')
#6 /usr/local/var/www/simkkn/vendor/codeigniter4/framework/system/CodeIgniter.php(918): App\Controllers\Home->index()
#7 /usr/local/var/www/simkkn/vendor/codeigniter4/framework/system/CodeIgniter.php(404): CodeIgniter\CodeIgniter->runController(Object(App\Controllers\Home))
#8 /usr/local/var/www/simkkn/vendor/codeigniter4/framework/system/CodeIgniter.php(312): CodeIgniter\CodeIgniter->handleRequest(NULL, Object(Config\Cache), false)
#9 /usr/local/var/www/simkkn/public/index.php(45): CodeIgniter\CodeIgniter->run()
#10 /usr/local/var/www/simkkn/vendor/codeigniter4/framework/system/Commands/Server/rewrite.php(34): require_once('/usr/local/var/...')
#11 {main}
INFO - 2023-07-06 03:16:22 --> Session: Class initialized using 'CodeIgniter\Session\Handlers\FileHandler' driver.
WARNING - 2023-07-06 03:16:22 --> Session: Sessions is enabled, and one exists.Please don't $session->start();
ERROR - 2023-07-06 03:16:22 --> mysqli_sql_exception: Table 'cms_simkkn.bcms_layanan' doesn't exist in /usr/local/var/www/simkkn/vendor/codeigniter4/framework/system/Database/MySQLi/Connection.php:331
Stack trace:
#0 /usr/local/var/www/simkkn/vendor/codeigniter4/framework/system/Database/MySQLi/Connection.php(331): mysqli->query('SELECT *\nFROM `...')
#1 /usr/local/var/www/simkkn/vendor/codeigniter4/framework/system/Database/BaseConnection.php(741): CodeIgniter\Database\MySQLi\Connection->execute('SELECT *\nFROM `...')
#2 /usr/local/var/www/simkkn/vendor/codeigniter4/framework/system/Database/BaseConnection.php(669): CodeIgniter\Database\BaseConnection->simpleQuery('SELECT *\nFROM `...')
#3 /usr/local/var/www/simkkn/vendor/codeigniter4/framework/system/Database/BaseBuilder.php(1860): CodeIgniter\Database\BaseConnection->query('SELECT *\nFROM `...', Array, false)
#4 /usr/local/var/www/simkkn/app/Models/Backend/LayananModel.php(24): CodeIgniter\Database\BaseBuilder->get()
#5 /usr/local/var/www/simkkn/app/Controllers/Home.php(31): App\Models\Backend\LayananModel->getLayananByKategori('Layanan Unggula...')
#6 /usr/local/var/www/simkkn/vendor/codeigniter4/framework/system/CodeIgniter.php(918): App\Controllers\Home->index()
#7 /usr/local/var/www/simkkn/vendor/codeigniter4/framework/system/CodeIgniter.php(404): CodeIgniter\CodeIgniter->runController(Object(App\Controllers\Home))
#8 /usr/local/var/www/simkkn/vendor/codeigniter4/framework/system/CodeIgniter.php(312): CodeIgniter\CodeIgniter->handleRequest(NULL, Object(Config\Cache), false)
#9 /usr/local/var/www/simkkn/public/index.php(45): CodeIgniter\CodeIgniter->run()
#10 /usr/local/var/www/simkkn/vendor/codeigniter4/framework/system/Commands/Server/rewrite.php(34): require_once('/usr/local/var/...')
#11 {main}
INFO - 2023-07-06 03:16:32 --> Session: Class initialized using 'CodeIgniter\Session\Handlers\FileHandler' driver.
WARNING - 2023-07-06 03:16:32 --> Session: Sessions is enabled, and one exists.Please don't $session->start();
ERROR - 2023-07-06 03:16:32 --> mysqli_sql_exception: Table 'cms_simkkn.bcms_layanan' doesn't exist in /usr/local/var/www/simkkn/vendor/codeigniter4/framework/system/Database/MySQLi/Connection.php:331
Stack trace:
#0 /usr/local/var/www/simkkn/vendor/codeigniter4/framework/system/Database/MySQLi/Connection.php(331): mysqli->query('SELECT *\nFROM `...')
#1 /usr/local/var/www/simkkn/vendor/codeigniter4/framework/system/Database/BaseConnection.php(741): CodeIgniter\Database\MySQLi\Connection->execute('SELECT *\nFROM `...')
#2 /usr/local/var/www/simkkn/vendor/codeigniter4/framework/system/Database/BaseConnection.php(669): CodeIgniter\Database\BaseConnection->simpleQuery('SELECT *\nFROM `...')
#3 /usr/local/var/www/simkkn/vendor/codeigniter4/framework/system/Database/BaseBuilder.php(1860): CodeIgniter\Database\BaseConnection->query('SELECT *\nFROM `...', Array, false)
#4 /usr/local/var/www/simkkn/app/Models/Backend/LayananModel.php(24): CodeIgniter\Database\BaseBuilder->get()
#5 /usr/local/var/www/simkkn/app/Controllers/Home.php(31): App\Models\Backend\LayananModel->getLayananByKategori('Layanan Unggula...')
#6 /usr/local/var/www/simkkn/vendor/codeigniter4/framework/system/CodeIgniter.php(918): App\Controllers\Home->index()
#7 /usr/local/var/www/simkkn/vendor/codeigniter4/framework/system/CodeIgniter.php(404): CodeIgniter\CodeIgniter->runController(Object(App\Controllers\Home))
#8 /usr/local/var/www/simkkn/vendor/codeigniter4/framework/system/CodeIgniter.php(312): CodeIgniter\CodeIgniter->handleRequest(NULL, Object(Config\Cache), false)
#9 /usr/local/var/www/simkkn/public/index.php(45): CodeIgniter\CodeIgniter->run()
#10 /usr/local/var/www/simkkn/vendor/codeigniter4/framework/system/Commands/Server/rewrite.php(34): require_once('/usr/local/var/...')
#11 {main}
INFO - 2023-07-06 03:16:34 --> Session: Class initialized using 'CodeIgniter\Session\Handlers\FileHandler' driver.
WARNING - 2023-07-06 03:16:34 --> Session: Sessions is enabled, and one exists.Please don't $session->start();
ERROR - 2023-07-06 03:16:34 --> mysqli_sql_exception: Table 'cms_simkkn.bcms_layanan' doesn't exist in /usr/local/var/www/simkkn/vendor/codeigniter4/framework/system/Database/MySQLi/Connection.php:331
Stack trace:
#0 /usr/local/var/www/simkkn/vendor/codeigniter4/framework/system/Database/MySQLi/Connection.php(331): mysqli->query('SELECT *\nFROM `...')
#1 /usr/local/var/www/simkkn/vendor/codeigniter4/framework/system/Database/BaseConnection.php(741): CodeIgniter\Database\MySQLi\Connection->execute('SELECT *\nFROM `...')
#2 /usr/local/var/www/simkkn/vendor/codeigniter4/framework/system/Database/BaseConnection.php(669): CodeIgniter\Database\BaseConnection->simpleQuery('SELECT *\nFROM `...')
#3 /usr/local/var/www/simkkn/vendor/codeigniter4/framework/system/Database/BaseBuilder.php(1860): CodeIgniter\Database\BaseConnection->query('SELECT *\nFROM `...', Array, false)
#4 /usr/local/var/www/simkkn/app/Models/Backend/LayananModel.php(24): CodeIgniter\Database\BaseBuilder->get()
#5 /usr/local/var/www/simkkn/app/Controllers/Home.php(31): App\Models\Backend\LayananModel->getLayananByKategori('Layanan Unggula...')
#6 /usr/local/var/www/simkkn/vendor/codeigniter4/framework/system/CodeIgniter.php(918): App\Controllers\Home->index()
#7 /usr/local/var/www/simkkn/vendor/codeigniter4/framework/system/CodeIgniter.php(404): CodeIgniter\CodeIgniter->runController(Object(App\Controllers\Home))
#8 /usr/local/var/www/simkkn/vendor/codeigniter4/framework/system/CodeIgniter.php(312): CodeIgniter\CodeIgniter->handleRequest(NULL, Object(Config\Cache), false)
#9 /usr/local/var/www/simkkn/public/index.php(45): CodeIgniter\CodeIgniter->run()
#10 /usr/local/var/www/simkkn/vendor/codeigniter4/framework/system/Commands/Server/rewrite.php(34): require_once('/usr/local/var/...')
#11 {main}
INFO - 2023-07-06 03:18:22 --> Session: Class initialized using 'CodeIgniter\Session\Handlers\FileHandler' driver.
WARNING - 2023-07-06 03:18:22 --> Session: Sessions is enabled, and one exists.Please don't $session->start();
ERROR - 2023-07-06 03:18:22 --> mysqli_sql_exception: Table 'cms_simkkn.bcms_layanan' doesn't exist in /usr/local/var/www/simkkn/vendor/codeigniter4/framework/system/Database/MySQLi/Connection.php:331
Stack trace:
#0 /usr/local/var/www/simkkn/vendor/codeigniter4/framework/system/Database/MySQLi/Connection.php(331): mysqli->query('SELECT *\nFROM `...')
#1 /usr/local/var/www/simkkn/vendor/codeigniter4/framework/system/Database/BaseConnection.php(741): CodeIgniter\Database\MySQLi\Connection->execute('SELECT *\nFROM `...')
#2 /usr/local/var/www/simkkn/vendor/codeigniter4/framework/system/Database/BaseConnection.php(669): CodeIgniter\Database\BaseConnection->simpleQuery('SELECT *\nFROM `...')
#3 /usr/local/var/www/simkkn/vendor/codeigniter4/framework/system/Database/BaseBuilder.php(1860): CodeIgniter\Database\BaseConnection->query('SELECT *\nFROM `...', Array, false)
#4 /usr/local/var/www/simkkn/app/Models/Backend/LayananModel.php(24): CodeIgniter\Database\BaseBuilder->get()
#5 /usr/local/var/www/simkkn/app/Controllers/Home.php(31): App\Models\Backend\LayananModel->getLayananByKategori('Layanan Unggula...')
#6 /usr/local/var/www/simkkn/vendor/codeigniter4/framework/system/CodeIgniter.php(918): App\Controllers\Home->index()
#7 /usr/local/var/www/simkkn/vendor/codeigniter4/framework/system/CodeIgniter.php(404): CodeIgniter\CodeIgniter->runController(Object(App\Controllers\Home))
#8 /usr/local/var/www/simkkn/vendor/codeigniter4/framework/system/CodeIgniter.php(312): CodeIgniter\CodeIgniter->handleRequest(NULL, Object(Config\Cache), false)
#9 /usr/local/var/www/simkkn/public/index.php(45): CodeIgniter\CodeIgniter->run()
#10 /usr/local/var/www/simkkn/vendor/codeigniter4/framework/system/Commands/Server/rewrite.php(34): require_once('/usr/local/var/...')
#11 {main}
INFO - 2023-07-06 03:22:59 --> Session: Class initialized using 'CodeIgniter\Session\Handlers\FileHandler' driver.
WARNING - 2023-07-06 03:22:59 --> Session: Sessions is enabled, and one exists.Please don't $session->start();
ERROR - 2023-07-06 03:22:59 --> mysqli_sql_exception: Table 'cms_simkkn.bcms_layanan' doesn't exist in /usr/local/var/www/simkkn/vendor/codeigniter4/framework/system/Database/MySQLi/Connection.php:331
Stack trace:
#0 /usr/local/var/www/simkkn/vendor/codeigniter4/framework/system/Database/MySQLi/Connection.php(331): mysqli->query('SELECT *\nFROM `...')
#1 /usr/local/var/www/simkkn/vendor/codeigniter4/framework/system/Database/BaseConnection.php(741): CodeIgniter\Database\MySQLi\Connection->execute('SELECT *\nFROM `...')
#2 /usr/local/var/www/simkkn/vendor/codeigniter4/framework/system/Database/BaseConnection.php(669): CodeIgniter\Database\BaseConnection->simpleQuery('SELECT *\nFROM `...')
#3 /usr/local/var/www/simkkn/vendor/codeigniter4/framework/system/Database/BaseBuilder.php(1860): CodeIgniter\Database\BaseConnection->query('SELECT *\nFROM `...', Array, false)
#4 /usr/local/var/www/simkkn/app/Models/Backend/LayananModel.php(24): CodeIgniter\Database\BaseBuilder->get()
#5 /usr/local/var/www/simkkn/app/Controllers/Home.php(31): App\Models\Backend\LayananModel->getLayananByKategori('Layanan Unggula...')
#6 /usr/local/var/www/simkkn/vendor/codeigniter4/framework/system/CodeIgniter.php(918): App\Controllers\Home->index()
#7 /usr/local/var/www/simkkn/vendor/codeigniter4/framework/system/CodeIgniter.php(404): CodeIgniter\CodeIgniter->runController(Object(App\Controllers\Home))
#8 /usr/local/var/www/simkkn/vendor/codeigniter4/framework/system/CodeIgniter.php(312): CodeIgniter\CodeIgniter->handleRequest(NULL, Object(Config\Cache), false)
#9 /usr/local/var/www/simkkn/public/index.php(45): CodeIgniter\CodeIgniter->run()
#10 /usr/local/var/www/simkkn/vendor/codeigniter4/framework/system/Commands/Server/rewrite.php(34): require_once('/usr/local/var/...')
#11 {main}
INFO - 2023-07-06 03:23:18 --> Session: Class initialized using 'CodeIgniter\Session\Handlers\FileHandler' driver.
WARNING - 2023-07-06 03:23:18 --> Session: Sessions is enabled, and one exists.Please don't $session->start();
ERROR - 2023-07-06 03:23:18 --> mysqli_sql_exception: Table 'cms_simkkn.bcms_layanan' doesn't exist in /usr/local/var/www/simkkn/vendor/codeigniter4/framework/system/Database/MySQLi/Connection.php:331
Stack trace:
#0 /usr/local/var/www/simkkn/vendor/codeigniter4/framework/system/Database/MySQLi/Connection.php(331): mysqli->query('SELECT *\nFROM `...')
#1 /usr/local/var/www/simkkn/vendor/codeigniter4/framework/system/Database/BaseConnection.php(741): CodeIgniter\Database\MySQLi\Connection->execute('SELECT *\nFROM `...')
#2 /usr/local/var/www/simkkn/vendor/codeigniter4/framework/system/Database/BaseConnection.php(669): CodeIgniter\Database\BaseConnection->simpleQuery('SELECT *\nFROM `...')
#3 /usr/local/var/www/simkkn/vendor/codeigniter4/framework/system/Database/BaseBuilder.php(1860): CodeIgniter\Database\BaseConnection->query('SELECT *\nFROM `...', Array, false)
#4 /usr/local/var/www/simkkn/app/Models/Backend/LayananModel.php(24): CodeIgniter\Database\BaseBuilder->get()
#5 /usr/local/var/www/simkkn/app/Controllers/Home.php(31): App\Models\Backend\LayananModel->getLayananByKategori('Layanan Unggula...')
#6 /usr/local/var/www/simkkn/vendor/codeigniter4/framework/system/CodeIgniter.php(918): App\Controllers\Home->index()
#7 /usr/local/var/www/simkkn/vendor/codeigniter4/framework/system/CodeIgniter.php(404): CodeIgniter\CodeIgniter->runController(Object(App\Controllers\Home))
#8 /usr/local/var/www/simkkn/vendor/codeigniter4/framework/system/CodeIgniter.php(312): CodeIgniter\CodeIgniter->handleRequest(NULL, Object(Config\Cache), false)
#9 /usr/local/var/www/simkkn/public/index.php(45): CodeIgniter\CodeIgniter->run()
#10 /usr/local/var/www/simkkn/vendor/codeigniter4/framework/system/Commands/Server/rewrite.php(34): require_once('/usr/local/var/...')
#11 {main}
INFO - 2023-07-06 03:24:41 --> Session: Class initialized using 'CodeIgniter\Session\Handlers\FileHandler' driver.
WARNING - 2023-07-06 03:24:41 --> Session: Sessions is enabled, and one exists.Please don't $session->start();
ERROR - 2023-07-06 03:24:41 --> mysqli_sql_exception: Table 'cms_simkkn.bcms_layanan' doesn't exist in /usr/local/var/www/simkkn/vendor/codeigniter4/framework/system/Database/MySQLi/Connection.php:331
Stack trace:
#0 /usr/local/var/www/simkkn/vendor/codeigniter4/framework/system/Database/MySQLi/Connection.php(331): mysqli->query('SELECT *\nFROM `...')
#1 /usr/local/var/www/simkkn/vendor/codeigniter4/framework/system/Database/BaseConnection.php(741): CodeIgniter\Database\MySQLi\Connection->execute('SELECT *\nFROM `...')
#2 /usr/local/var/www/simkkn/vendor/codeigniter4/framework/system/Database/BaseConnection.php(669): CodeIgniter\Database\BaseConnection->simpleQuery('SELECT *\nFROM `...')
#3 /usr/local/var/www/simkkn/vendor/codeigniter4/framework/system/Database/BaseBuilder.php(1860): CodeIgniter\Database\BaseConnection->query('SELECT *\nFROM `...', Array, false)
#4 /usr/local/var/www/simkkn/app/Models/Backend/LayananModel.php(24): CodeIgniter\Database\BaseBuilder->get()
#5 /usr/local/var/www/simkkn/app/Controllers/Home.php(31): App\Models\Backend\LayananModel->getLayananByKategori('Layanan Unggula...')
#6 /usr/local/var/www/simkkn/vendor/codeigniter4/framework/system/CodeIgniter.php(918): App\Controllers\Home->index()
#7 /usr/local/var/www/simkkn/vendor/codeigniter4/framework/system/CodeIgniter.php(404): CodeIgniter\CodeIgniter->runController(Object(App\Controllers\Home))
#8 /usr/local/var/www/simkkn/vendor/codeigniter4/framework/system/CodeIgniter.php(312): CodeIgniter\CodeIgniter->handleRequest(NULL, Object(Config\Cache), false)
#9 /usr/local/var/www/simkkn/public/index.php(45): CodeIgniter\CodeIgniter->run()
#10 /usr/local/var/www/simkkn/vendor/codeigniter4/framework/system/Commands/Server/rewrite.php(34): require_once('/usr/local/var/...')
#11 {main}
INFO - 2023-07-06 03:24:58 --> Session: Class initialized using 'CodeIgniter\Session\Handlers\FileHandler' driver.
WARNING - 2023-07-06 03:24:58 --> Session: Sessions is enabled, and one exists.Please don't $session->start();
ERROR - 2023-07-06 03:24:58 --> mysqli_sql_exception: Table 'cms_simkkn.bcms_layanan' doesn't exist in /usr/local/var/www/simkkn/vendor/codeigniter4/framework/system/Database/MySQLi/Connection.php:331
Stack trace:
#0 /usr/local/var/www/simkkn/vendor/codeigniter4/framework/system/Database/MySQLi/Connection.php(331): mysqli->query('SELECT *\nFROM `...')
#1 /usr/local/var/www/simkkn/vendor/codeigniter4/framework/system/Database/BaseConnection.php(741): CodeIgniter\Database\MySQLi\Connection->execute('SELECT *\nFROM `...')
#2 /usr/local/var/www/simkkn/vendor/codeigniter4/framework/system/Database/BaseConnection.php(669): CodeIgniter\Database\BaseConnection->simpleQuery('SELECT *\nFROM `...')
#3 /usr/local/var/www/simkkn/vendor/codeigniter4/framework/system/Database/BaseBuilder.php(1860): CodeIgniter\Database\BaseConnection->query('SELECT *\nFROM `...', Array, false)
#4 /usr/local/var/www/simkkn/app/Models/Backend/LayananModel.php(24): CodeIgniter\Database\BaseBuilder->get()
#5 /usr/local/var/www/simkkn/app/Controllers/Home.php(31): App\Models\Backend\LayananModel->getLayananByKategori('Layanan Unggula...')
#6 /usr/local/var/www/simkkn/vendor/codeigniter4/framework/system/CodeIgniter.php(918): App\Controllers\Home->index()
#7 /usr/local/var/www/simkkn/vendor/codeigniter4/framework/system/CodeIgniter.php(404): CodeIgniter\CodeIgniter->runController(Object(App\Controllers\Home))
#8 /usr/local/var/www/simkkn/vendor/codeigniter4/framework/system/CodeIgniter.php(312): CodeIgniter\CodeIgniter->handleRequest(NULL, Object(Config\Cache), false)
#9 /usr/local/var/www/simkkn/public/index.php(45): CodeIgniter\CodeIgniter->run()
#10 /usr/local/var/www/simkkn/vendor/codeigniter4/framework/system/Commands/Server/rewrite.php(34): require_once('/usr/local/var/...')
#11 {main}
INFO - 2023-07-06 03:25:08 --> Session: Class initialized using 'CodeIgniter\Session\Handlers\FileHandler' driver.
WARNING - 2023-07-06 03:25:08 --> Session: Sessions is enabled, and one exists.Please don't $session->start();
ERROR - 2023-07-06 03:25:08 --> mysqli_sql_exception: Table 'cms_simkkn.bcms_layanan' doesn't exist in /usr/local/var/www/simkkn/vendor/codeigniter4/framework/system/Database/MySQLi/Connection.php:331
Stack trace:
#0 /usr/local/var/www/simkkn/vendor/codeigniter4/framework/system/Database/MySQLi/Connection.php(331): mysqli->query('SELECT *\nFROM `...')
#1 /usr/local/var/www/simkkn/vendor/codeigniter4/framework/system/Database/BaseConnection.php(741): CodeIgniter\Database\MySQLi\Connection->execute('SELECT *\nFROM `...')
#2 /usr/local/var/www/simkkn/vendor/codeigniter4/framework/system/Database/BaseConnection.php(669): CodeIgniter\Database\BaseConnection->simpleQuery('SELECT *\nFROM `...')
#3 /usr/local/var/www/simkkn/vendor/codeigniter4/framework/system/Database/BaseBuilder.php(1860): CodeIgniter\Database\BaseConnection->query('SELECT *\nFROM `...', Array, false)
#4 /usr/local/var/www/simkkn/app/Models/Backend/LayananModel.php(24): CodeIgniter\Database\BaseBuilder->get()
#5 /usr/local/var/www/simkkn/app/Controllers/Home.php(31): App\Models\Backend\LayananModel->getLayananByKategori('Layanan Unggula...')
#6 /usr/local/var/www/simkkn/vendor/codeigniter4/framework/system/CodeIgniter.php(918): App\Controllers\Home->index()
#7 /usr/local/var/www/simkkn/vendor/codeigniter4/framework/system/CodeIgniter.php(404): CodeIgniter\CodeIgniter->runController(Object(App\Controllers\Home))
#8 /usr/local/var/www/simkkn/vendor/codeigniter4/framework/system/CodeIgniter.php(312): CodeIgniter\CodeIgniter->handleRequest(NULL, Object(Config\Cache), false)
#9 /usr/local/var/www/simkkn/public/index.php(45): CodeIgniter\CodeIgniter->run()
#10 /usr/local/var/www/simkkn/vendor/codeigniter4/framework/system/Commands/Server/rewrite.php(34): require_once('/usr/local/var/...')
#11 {main}
INFO - 2023-07-06 03:25:27 --> Session: Class initialized using 'CodeIgniter\Session\Handlers\FileHandler' driver.
WARNING - 2023-07-06 03:25:27 --> Session: Sessions is enabled, and one exists.Please don't $session->start();
ERROR - 2023-07-06 03:25:27 --> mysqli_sql_exception: Table 'cms_simkkn.bcms_layanan' doesn't exist in /usr/local/var/www/simkkn/vendor/codeigniter4/framework/system/Database/MySQLi/Connection.php:331
Stack trace:
#0 /usr/local/var/www/simkkn/vendor/codeigniter4/framework/system/Database/MySQLi/Connection.php(331): mysqli->query('SELECT *\nFROM `...')
#1 /usr/local/var/www/simkkn/vendor/codeigniter4/framework/system/Database/BaseConnection.php(741): CodeIgniter\Database\MySQLi\Connection->execute('SELECT *\nFROM `...')
#2 /usr/local/var/www/simkkn/vendor/codeigniter4/framework/system/Database/BaseConnection.php(669): CodeIgniter\Database\BaseConnection->simpleQuery('SELECT *\nFROM `...')
#3 /usr/local/var/www/simkkn/vendor/codeigniter4/framework/system/Database/BaseBuilder.php(1860): CodeIgniter\Database\BaseConnection->query('SELECT *\nFROM `...', Array, false)
#4 /usr/local/var/www/simkkn/app/Models/Backend/LayananModel.php(24): CodeIgniter\Database\BaseBuilder->get()
#5 /usr/local/var/www/simkkn/app/Controllers/Home.php(31): App\Models\Backend\LayananModel->getLayananByKategori('Layanan Unggula...')
#6 /usr/local/var/www/simkkn/vendor/codeigniter4/framework/system/CodeIgniter.php(918): App\Controllers\Home->index()
#7 /usr/local/var/www/simkkn/vendor/codeigniter4/framework/system/CodeIgniter.php(404): CodeIgniter\CodeIgniter->runController(Object(App\Controllers\Home))
#8 /usr/local/var/www/simkkn/vendor/codeigniter4/framework/system/CodeIgniter.php(312): CodeIgniter\CodeIgniter->handleRequest(NULL, Object(Config\Cache), false)
#9 /usr/local/var/www/simkkn/public/index.php(45): CodeIgniter\CodeIgniter->run()
#10 /usr/local/var/www/simkkn/vendor/codeigniter4/framework/system/Commands/Server/rewrite.php(34): require_once('/usr/local/var/...')
#11 {main}
INFO - 2023-07-06 03:25:47 --> Session: Class initialized using 'CodeIgniter\Session\Handlers\FileHandler' driver.
WARNING - 2023-07-06 03:25:47 --> Session: Sessions is enabled, and one exists.Please don't $session->start();
ERROR - 2023-07-06 03:25:47 --> mysqli_sql_exception: Table 'cms_simkkn.bcms_layanan' doesn't exist in /usr/local/var/www/simkkn/vendor/codeigniter4/framework/system/Database/MySQLi/Connection.php:331
Stack trace:
#0 /usr/local/var/www/simkkn/vendor/codeigniter4/framework/system/Database/MySQLi/Connection.php(331): mysqli->query('SELECT *\nFROM `...')
#1 /usr/local/var/www/simkkn/vendor/codeigniter4/framework/system/Database/BaseConnection.php(741): CodeIgniter\Database\MySQLi\Connection->execute('SELECT *\nFROM `...')
#2 /usr/local/var/www/simkkn/vendor/codeigniter4/framework/system/Database/BaseConnection.php(669): CodeIgniter\Database\BaseConnection->simpleQuery('SELECT *\nFROM `...')
#3 /usr/local/var/www/simkkn/vendor/codeigniter4/framework/system/Database/BaseBuilder.php(1860): CodeIgniter\Database\BaseConnection->query('SELECT *\nFROM `...', Array, false)
#4 /usr/local/var/www/simkkn/app/Models/Backend/LayananModel.php(24): CodeIgniter\Database\BaseBuilder->get()
#5 /usr/local/var/www/simkkn/app/Controllers/Home.php(31): App\Models\Backend\LayananModel->getLayananByKategori('Layanan Unggula...')
#6 /usr/local/var/www/simkkn/vendor/codeigniter4/framework/system/CodeIgniter.php(918): App\Controllers\Home->index()
#7 /usr/local/var/www/simkkn/vendor/codeigniter4/framework/system/CodeIgniter.php(404): CodeIgniter\CodeIgniter->runController(Object(App\Controllers\Home))
#8 /usr/local/var/www/simkkn/vendor/codeigniter4/framework/system/CodeIgniter.php(312): CodeIgniter\CodeIgniter->handleRequest(NULL, Object(Config\Cache), false)
#9 /usr/local/var/www/simkkn/public/index.php(45): CodeIgniter\CodeIgniter->run()
#10 /usr/local/var/www/simkkn/vendor/codeigniter4/framework/system/Commands/Server/rewrite.php(34): require_once('/usr/local/var/...')
#11 {main}
INFO - 2023-07-06 09:57:17 --> Session: Class initialized using 'CodeIgniter\Session\Handlers\FileHandler' driver.
WARNING - 2023-07-06 09:57:17 --> Session: Sessions is enabled, and one exists.Please don't $session->start();
ERROR - 2023-07-06 09:57:17 --> mysqli_sql_exception: Table 'cms_simkkn.bcms_layanan' doesn't exist in /usr/local/var/www/simkkn/vendor/codeigniter4/framework/system/Database/MySQLi/Connection.php:331
Stack trace:
#0 /usr/local/var/www/simkkn/vendor/codeigniter4/framework/system/Database/MySQLi/Connection.php(331): mysqli->query('SELECT *\nFROM `...')
#1 /usr/local/var/www/simkkn/vendor/codeigniter4/framework/system/Database/BaseConnection.php(741): CodeIgniter\Database\MySQLi\Connection->execute('SELECT *\nFROM `...')
#2 /usr/local/var/www/simkkn/vendor/codeigniter4/framework/system/Database/BaseConnection.php(669): CodeIgniter\Database\BaseConnection->simpleQuery('SELECT *\nFROM `...')
#3 /usr/local/var/www/simkkn/vendor/codeigniter4/framework/system/Database/BaseBuilder.php(1860): CodeIgniter\Database\BaseConnection->query('SELECT *\nFROM `...', Array, false)
#4 /usr/local/var/www/simkkn/app/Models/Backend/LayananModel.php(24): CodeIgniter\Database\BaseBuilder->get()
#5 /usr/local/var/www/simkkn/app/Controllers/Home.php(31): App\Models\Backend\LayananModel->getLayananByKategori('Layanan Unggula...')
#6 /usr/local/var/www/simkkn/vendor/codeigniter4/framework/system/CodeIgniter.php(918): App\Controllers\Home->index()
#7 /usr/local/var/www/simkkn/vendor/codeigniter4/framework/system/CodeIgniter.php(404): CodeIgniter\CodeIgniter->runController(Object(App\Controllers\Home))
#8 /usr/local/var/www/simkkn/vendor/codeigniter4/framework/system/CodeIgniter.php(312): CodeIgniter\CodeIgniter->handleRequest(NULL, Object(Config\Cache), false)
#9 /usr/local/var/www/simkkn/public/index.php(45): CodeIgniter\CodeIgniter->run()
#10 /usr/local/var/www/simkkn/vendor/codeigniter4/framework/system/Commands/Server/rewrite.php(34): require_once('/usr/local/var/...')
#11 {main}
INFO - 2023-07-06 09:57:36 --> Session: Class initialized using 'CodeIgniter\Session\Handlers\FileHandler' driver.
WARNING - 2023-07-06 09:57:36 --> Session: Sessions is enabled, and one exists.Please don't $session->start();
ERROR - 2023-07-06 09:57:36 --> mysqli_sql_exception: Table 'cms_simkkn.bcms_layanan' doesn't exist in /usr/local/var/www/simkkn/vendor/codeigniter4/framework/system/Database/MySQLi/Connection.php:331
Stack trace:
#0 /usr/local/var/www/simkkn/vendor/codeigniter4/framework/system/Database/MySQLi/Connection.php(331): mysqli->query('SELECT *\nFROM `...')
#1 /usr/local/var/www/simkkn/vendor/codeigniter4/framework/system/Database/BaseConnection.php(741): CodeIgniter\Database\MySQLi\Connection->execute('SELECT *\nFROM `...')
#2 /usr/local/var/www/simkkn/vendor/codeigniter4/framework/system/Database/BaseConnection.php(669): CodeIgniter\Database\BaseConnection->simpleQuery('SELECT *\nFROM `...')
#3 /usr/local/var/www/simkkn/vendor/codeigniter4/framework/system/Database/BaseBuilder.php(1860): CodeIgniter\Database\BaseConnection->query('SELECT *\nFROM `...', Array, false)
#4 /usr/local/var/www/simkkn/app/Models/Backend/LayananModel.php(24): CodeIgniter\Database\BaseBuilder->get()
#5 /usr/local/var/www/simkkn/app/Controllers/Home.php(31): App\Models\Backend\LayananModel->getLayananByKategori('Layanan Unggula...')
#6 /usr/local/var/www/simkkn/vendor/codeigniter4/framework/system/CodeIgniter.php(918): App\Controllers\Home->index()
#7 /usr/local/var/www/simkkn/vendor/codeigniter4/framework/system/CodeIgniter.php(404): CodeIgniter\CodeIgniter->runController(Object(App\Controllers\Home))
#8 /usr/local/var/www/simkkn/vendor/codeigniter4/framework/system/CodeIgniter.php(312): CodeIgniter\CodeIgniter->handleRequest(NULL, Object(Config\Cache), false)
#9 /usr/local/var/www/simkkn/public/index.php(45): CodeIgniter\CodeIgniter->run()
#10 /usr/local/var/www/simkkn/vendor/codeigniter4/framework/system/Commands/Server/rewrite.php(34): require_once('/usr/local/var/...')
#11 {main}
INFO - 2023-07-06 13:31:03 --> Session: Class initialized using 'CodeIgniter\Session\Handlers\FileHandler' driver.
WARNING - 2023-07-06 13:31:03 --> Session: Sessions is enabled, and one exists.Please don't $session->start();
ERROR - 2023-07-06 13:31:03 --> mysqli_sql_exception: Table 'cms_simkkn.bcms_layanan' doesn't exist in /usr/local/var/www/simkkn/vendor/codeigniter4/framework/system/Database/MySQLi/Connection.php:331
Stack trace:
#0 /usr/local/var/www/simkkn/vendor/codeigniter4/framework/system/Database/MySQLi/Connection.php(331): mysqli->query('SELECT *\nFROM `...')
#1 /usr/local/var/www/simkkn/vendor/codeigniter4/framework/system/Database/BaseConnection.php(741): CodeIgniter\Database\MySQLi\Connection->execute('SELECT *\nFROM `...')
#2 /usr/local/var/www/simkkn/vendor/codeigniter4/framework/system/Database/BaseConnection.php(669): CodeIgniter\Database\BaseConnection->simpleQuery('SELECT *\nFROM `...')
#3 /usr/local/var/www/simkkn/vendor/codeigniter4/framework/system/Database/BaseBuilder.php(1860): CodeIgniter\Database\BaseConnection->query('SELECT *\nFROM `...', Array, false)
#4 /usr/local/var/www/simkkn/app/Models/Backend/LayananModel.php(24): CodeIgniter\Database\BaseBuilder->get()
#5 /usr/local/var/www/simkkn/app/Controllers/Home.php(31): App\Models\Backend\LayananModel->getLayananByKategori('Layanan Unggula...')
#6 /usr/local/var/www/simkkn/vendor/codeigniter4/framework/system/CodeIgniter.php(918): App\Controllers\Home->index()
#7 /usr/local/var/www/simkkn/vendor/codeigniter4/framework/system/CodeIgniter.php(404): CodeIgniter\CodeIgniter->runController(Object(App\Controllers\Home))
#8 /usr/local/var/www/simkkn/vendor/codeigniter4/framework/system/CodeIgniter.php(312): CodeIgniter\CodeIgniter->handleRequest(NULL, Object(Config\Cache), false)
#9 /usr/local/var/www/simkkn/public/index.php(45): CodeIgniter\CodeIgniter->run()
#10 /usr/local/var/www/simkkn/vendor/codeigniter4/framework/system/Commands/Server/rewrite.php(34): require_once('/usr/local/var/...')
#11 {main}
INFO - 2023-07-06 15:28:15 --> Session: Class initialized using 'CodeIgniter\Session\Handlers\FileHandler' driver.
WARNING - 2023-07-06 15:28:15 --> Session: Sessions is enabled, and one exists.Please don't $session->start();
ERROR - 2023-07-06 15:28:15 --> mysqli_sql_exception: Table 'cms_simkkn.bcms_layanan' doesn't exist in /usr/local/var/www/simkkn/vendor/codeigniter4/framework/system/Database/MySQLi/Connection.php:331
Stack trace:
#0 /usr/local/var/www/simkkn/vendor/codeigniter4/framework/system/Database/MySQLi/Connection.php(331): mysqli->query('SELECT *\nFROM `...')
#1 /usr/local/var/www/simkkn/vendor/codeigniter4/framework/system/Database/BaseConnection.php(741): CodeIgniter\Database\MySQLi\Connection->execute('SELECT *\nFROM `...')
#2 /usr/local/var/www/simkkn/vendor/codeigniter4/framework/system/Database/BaseConnection.php(669): CodeIgniter\Database\BaseConnection->simpleQuery('SELECT *\nFROM `...')
#3 /usr/local/var/www/simkkn/vendor/codeigniter4/framework/system/Database/BaseBuilder.php(1860): CodeIgniter\Database\BaseConnection->query('SELECT *\nFROM `...', Array, false)
#4 /usr/local/var/www/simkkn/app/Models/Backend/LayananModel.php(24): CodeIgniter\Database\BaseBuilder->get()
#5 /usr/local/var/www/simkkn/app/Controllers/Home.php(31): App\Models\Backend\LayananModel->getLayananByKategori('Layanan Unggula...')
#6 /usr/local/var/www/simkkn/vendor/codeigniter4/framework/system/CodeIgniter.php(918): App\Controllers\Home->index()
#7 /usr/local/var/www/simkkn/vendor/codeigniter4/framework/system/CodeIgniter.php(404): CodeIgniter\CodeIgniter->runController(Object(App\Controllers\Home))
#8 /usr/local/var/www/simkkn/vendor/codeigniter4/framework/system/CodeIgniter.php(312): CodeIgniter\CodeIgniter->handleRequest(NULL, Object(Config\Cache), false)
#9 /usr/local/var/www/simkkn/public/index.php(45): CodeIgniter\CodeIgniter->run()
#10 /usr/local/var/www/simkkn/vendor/codeigniter4/framework/system/Commands/Server/rewrite.php(34): require_once('/usr/local/var/...')
#11 {main}
