INFO - 2023-07-27 05:13:34 --> Session: Class initialized using 'CodeIgniter\Session\Handlers\FileHandler' driver.
WARNING - 2023-07-27 05:13:34 --> Session: Sessions is enabled, and one exists.Please don't $session->start();
ERROR - 2023-07-27 05:13:34 --> mysqli_sql_exception: Table 'cms_simkkn.bcms_layanan' doesn't exist in /usr/local/var/www/simkkn/vendor/codeigniter4/framework/system/Database/MySQLi/Connection.php:331
Stack trace:
#0 /usr/local/var/www/simkkn/vendor/codeigniter4/framework/system/Database/MySQLi/Connection.php(331): mysqli->query('SELECT *\nFROM `...')
#1 /usr/local/var/www/simkkn/vendor/codeigniter4/framework/system/Database/BaseConnection.php(741): CodeIgniter\Database\MySQLi\Connection->execute('SELECT *\nFROM `...')
#2 /usr/local/var/www/simkkn/vendor/codeigniter4/framework/system/Database/BaseConnection.php(669): CodeIgniter\Database\BaseConnection->simpleQuery('SELECT *\nFROM `...')
#3 /usr/local/var/www/simkkn/vendor/codeigniter4/framework/system/Database/BaseBuilder.php(1860): CodeIgniter\Database\BaseConnection->query('SELECT *\nFROM `...', Array, false)
#4 /usr/local/var/www/simkkn/app/Models/Backend/LayananModel.php(24): CodeIgniter\Database\BaseBuilder->get()
#5 /usr/local/var/www/simkkn/app/Controllers/Home.php(31): App\Models\Backend\LayananModel->getLayananByKategori('Layanan Unggula...')
#6 /usr/local/var/www/simkkn/vendor/codeigniter4/framework/system/CodeIgniter.php(918): App\Controllers\Home->index()
#7 /usr/local/var/www/simkkn/vendor/codeigniter4/framework/system/CodeIgniter.php(404): CodeIgniter\CodeIgniter->runController(Object(App\Controllers\Home))
#8 /usr/local/var/www/simkkn/vendor/codeigniter4/framework/system/CodeIgniter.php(312): CodeIgniter\CodeIgniter->handleRequest(NULL, Object(Config\Cache), false)
#9 /usr/local/var/www/simkkn/public/index.php(45): CodeIgniter\CodeIgniter->run()
#10 /usr/local/var/www/simkkn/vendor/codeigniter4/framework/system/Commands/Server/rewrite.php(34): require_once('/usr/local/var/...')
#11 {main}
INFO - 2023-07-27 05:13:36 --> Session: Class initialized using 'CodeIgniter\Session\Handlers\FileHandler' driver.
WARNING - 2023-07-27 05:13:36 --> Session: Sessions is enabled, and one exists.Please don't $session->start();
INFO - 2023-07-27 05:13:40 --> Session: Class initialized using 'CodeIgniter\Session\Handlers\FileHandler' driver.
WARNING - 2023-07-27 05:13:40 --> Session: Sessions is enabled, and one exists.Please don't $session->start();
INFO - 2023-07-27 05:15:29 --> Session: Class initialized using 'CodeIgniter\Session\Handlers\FileHandler' driver.
WARNING - 2023-07-27 05:15:29 --> Session: Sessions is enabled, and one exists.Please don't $session->start();
INFO - 2023-07-27 05:15:29 --> Session: Class initialized using 'CodeIgniter\Session\Handlers\FileHandler' driver.
WARNING - 2023-07-27 05:15:29 --> Session: Sessions is enabled, and one exists.Please don't $session->start();
INFO - 2023-07-27 05:16:03 --> Session: Class initialized using 'CodeIgniter\Session\Handlers\FileHandler' driver.
WARNING - 2023-07-27 05:16:03 --> Session: Sessions is enabled, and one exists.Please don't $session->start();
INFO - 2023-07-27 05:16:16 --> Session: Class initialized using 'CodeIgniter\Session\Handlers\FileHandler' driver.
WARNING - 2023-07-27 05:16:16 --> Session: Sessions is enabled, and one exists.Please don't $session->start();
INFO - 2023-07-27 05:16:18 --> Session: Class initialized using 'CodeIgniter\Session\Handlers\FileHandler' driver.
INFO - 2023-07-27 05:16:33 --> Session: Class initialized using 'CodeIgniter\Session\Handlers\FileHandler' driver.
WARNING - 2023-07-27 05:16:33 --> Session: Sessions is enabled, and one exists.Please don't $session->start();
INFO - 2023-07-27 05:16:34 --> Session: Class initialized using 'CodeIgniter\Session\Handlers\FileHandler' driver.
WARNING - 2023-07-27 05:16:34 --> Session: Sessions is enabled, and one exists.Please don't $session->start();
INFO - 2023-07-27 05:16:38 --> Session: Class initialized using 'CodeIgniter\Session\Handlers\FileHandler' driver.
WARNING - 2023-07-27 05:16:38 --> Session: Sessions is enabled, and one exists.Please don't $session->start();
INFO - 2023-07-27 05:16:38 --> Session: Class initialized using 'CodeIgniter\Session\Handlers\FileHandler' driver.
WARNING - 2023-07-27 05:16:38 --> Session: Sessions is enabled, and one exists.Please don't $session->start();
INFO - 2023-07-27 05:16:39 --> Session: Class initialized using 'CodeIgniter\Session\Handlers\FileHandler' driver.
WARNING - 2023-07-27 05:16:39 --> Session: Sessions is enabled, and one exists.Please don't $session->start();
INFO - 2023-07-27 05:16:39 --> Session: Class initialized using 'CodeIgniter\Session\Handlers\FileHandler' driver.
WARNING - 2023-07-27 05:16:39 --> Session: Sessions is enabled, and one exists.Please don't $session->start();
INFO - 2023-07-27 05:16:59 --> Session: Class initialized using 'CodeIgniter\Session\Handlers\FileHandler' driver.
INFO - 2023-07-27 05:17:03 --> Session: Class initialized using 'CodeIgniter\Session\Handlers\FileHandler' driver.
WARNING - 2023-07-27 05:17:03 --> Session: Sessions is enabled, and one exists.Please don't $session->start();
INFO - 2023-07-27 05:17:12 --> Session: Class initialized using 'CodeIgniter\Session\Handlers\FileHandler' driver.
INFO - 2023-07-27 05:17:30 --> Session: Class initialized using 'CodeIgniter\Session\Handlers\FileHandler' driver.
WARNING - 2023-07-27 05:17:30 --> Session: Sessions is enabled, and one exists.Please don't $session->start();
INFO - 2023-07-27 05:17:57 --> Session: Class initialized using 'CodeIgniter\Session\Handlers\FileHandler' driver.
WARNING - 2023-07-27 05:17:57 --> Session: Sessions is enabled, and one exists.Please don't $session->start();
INFO - 2023-07-27 05:18:25 --> Session: Class initialized using 'CodeIgniter\Session\Handlers\FileHandler' driver.
WARNING - 2023-07-27 05:18:25 --> Session: Sessions is enabled, and one exists.Please don't $session->start();
INFO - 2023-07-27 05:18:36 --> Session: Class initialized using 'CodeIgniter\Session\Handlers\FileHandler' driver.
WARNING - 2023-07-27 05:18:36 --> Session: Sessions is enabled, and one exists.Please don't $session->start();
INFO - 2023-07-27 05:18:36 --> Session: Class initialized using 'CodeIgniter\Session\Handlers\FileHandler' driver.
WARNING - 2023-07-27 05:18:36 --> Session: Sessions is enabled, and one exists.Please don't $session->start();
INFO - 2023-07-27 05:18:47 --> Session: Class initialized using 'CodeIgniter\Session\Handlers\FileHandler' driver.
WARNING - 2023-07-27 05:18:47 --> Session: Sessions is enabled, and one exists.Please don't $session->start();
INFO - 2023-07-27 05:18:47 --> Session: Class initialized using 'CodeIgniter\Session\Handlers\FileHandler' driver.
WARNING - 2023-07-27 05:18:47 --> Session: Sessions is enabled, and one exists.Please don't $session->start();
INFO - 2023-07-27 05:19:33 --> Session: Class initialized using 'CodeIgniter\Session\Handlers\FileHandler' driver.
WARNING - 2023-07-27 05:19:33 --> Session: Sessions is enabled, and one exists.Please don't $session->start();
INFO - 2023-07-27 05:19:33 --> Session: Class initialized using 'CodeIgniter\Session\Handlers\FileHandler' driver.
WARNING - 2023-07-27 05:19:33 --> Session: Sessions is enabled, and one exists.Please don't $session->start();
INFO - 2023-07-27 05:19:39 --> Session: Class initialized using 'CodeIgniter\Session\Handlers\FileHandler' driver.
WARNING - 2023-07-27 05:19:39 --> Session: Sessions is enabled, and one exists.Please don't $session->start();
INFO - 2023-07-27 05:19:39 --> Session: Class initialized using 'CodeIgniter\Session\Handlers\FileHandler' driver.
WARNING - 2023-07-27 05:19:39 --> Session: Sessions is enabled, and one exists.Please don't $session->start();
INFO - 2023-07-27 05:19:40 --> Session: Class initialized using 'CodeIgniter\Session\Handlers\FileHandler' driver.
WARNING - 2023-07-27 05:19:40 --> Session: Sessions is enabled, and one exists.Please don't $session->start();
INFO - 2023-07-27 05:19:40 --> Session: Class initialized using 'CodeIgniter\Session\Handlers\FileHandler' driver.
WARNING - 2023-07-27 05:19:40 --> Session: Sessions is enabled, and one exists.Please don't $session->start();
INFO - 2023-07-27 05:20:29 --> Session: Class initialized using 'CodeIgniter\Session\Handlers\FileHandler' driver.
WARNING - 2023-07-27 05:20:29 --> Session: Sessions is enabled, and one exists.Please don't $session->start();
INFO - 2023-07-27 05:20:29 --> Session: Class initialized using 'CodeIgniter\Session\Handlers\FileHandler' driver.
WARNING - 2023-07-27 05:20:29 --> Session: Sessions is enabled, and one exists.Please don't $session->start();
INFO - 2023-07-27 05:20:35 --> Session: Class initialized using 'CodeIgniter\Session\Handlers\FileHandler' driver.
WARNING - 2023-07-27 05:20:35 --> Session: Sessions is enabled, and one exists.Please don't $session->start();
INFO - 2023-07-27 05:20:50 --> Session: Class initialized using 'CodeIgniter\Session\Handlers\FileHandler' driver.
WARNING - 2023-07-27 05:20:50 --> Session: Sessions is enabled, and one exists.Please don't $session->start();
INFO - 2023-07-27 05:20:50 --> Session: Class initialized using 'CodeIgniter\Session\Handlers\FileHandler' driver.
WARNING - 2023-07-27 05:20:50 --> Session: Sessions is enabled, and one exists.Please don't $session->start();
INFO - 2023-07-27 05:20:54 --> Session: Class initialized using 'CodeIgniter\Session\Handlers\FileHandler' driver.
WARNING - 2023-07-27 05:20:54 --> Session: Sessions is enabled, and one exists.Please don't $session->start();
INFO - 2023-07-27 05:20:54 --> Session: Class initialized using 'CodeIgniter\Session\Handlers\FileHandler' driver.
WARNING - 2023-07-27 05:20:54 --> Session: Sessions is enabled, and one exists.Please don't $session->start();
INFO - 2023-07-27 05:24:00 --> Session: Class initialized using 'CodeIgniter\Session\Handlers\FileHandler' driver.
WARNING - 2023-07-27 05:24:00 --> Session: Sessions is enabled, and one exists.Please don't $session->start();
INFO - 2023-07-27 05:24:00 --> Session: Class initialized using 'CodeIgniter\Session\Handlers\FileHandler' driver.
WARNING - 2023-07-27 05:24:00 --> Session: Sessions is enabled, and one exists.Please don't $session->start();
INFO - 2023-07-27 05:24:05 --> Session: Class initialized using 'CodeIgniter\Session\Handlers\FileHandler' driver.
WARNING - 2023-07-27 05:24:05 --> Session: Sessions is enabled, and one exists.Please don't $session->start();
INFO - 2023-07-27 05:24:16 --> Session: Class initialized using 'CodeIgniter\Session\Handlers\FileHandler' driver.
WARNING - 2023-07-27 05:24:16 --> Session: Sessions is enabled, and one exists.Please don't $session->start();
INFO - 2023-07-27 05:24:16 --> Session: Class initialized using 'CodeIgniter\Session\Handlers\FileHandler' driver.
WARNING - 2023-07-27 05:24:16 --> Session: Sessions is enabled, and one exists.Please don't $session->start();
INFO - 2023-07-27 05:24:22 --> Session: Class initialized using 'CodeIgniter\Session\Handlers\FileHandler' driver.
WARNING - 2023-07-27 05:24:22 --> Session: Sessions is enabled, and one exists.Please don't $session->start();
INFO - 2023-07-27 05:24:24 --> Session: Class initialized using 'CodeIgniter\Session\Handlers\FileHandler' driver.
INFO - 2023-07-27 05:24:28 --> Session: Class initialized using 'CodeIgniter\Session\Handlers\FileHandler' driver.
WARNING - 2023-07-27 05:24:28 --> Session: Sessions is enabled, and one exists.Please don't $session->start();
INFO - 2023-07-27 05:24:28 --> Session: Class initialized using 'CodeIgniter\Session\Handlers\FileHandler' driver.
WARNING - 2023-07-27 05:24:28 --> Session: Sessions is enabled, and one exists.Please don't $session->start();
INFO - 2023-07-27 05:24:33 --> Session: Class initialized using 'CodeIgniter\Session\Handlers\FileHandler' driver.
WARNING - 2023-07-27 05:24:33 --> Session: Sessions is enabled, and one exists.Please don't $session->start();
INFO - 2023-07-27 05:24:35 --> Session: Class initialized using 'CodeIgniter\Session\Handlers\FileHandler' driver.
INFO - 2023-07-27 05:24:55 --> Session: Class initialized using 'CodeIgniter\Session\Handlers\FileHandler' driver.
WARNING - 2023-07-27 05:24:55 --> Session: Sessions is enabled, and one exists.Please don't $session->start();
INFO - 2023-07-27 05:24:56 --> Session: Class initialized using 'CodeIgniter\Session\Handlers\FileHandler' driver.
WARNING - 2023-07-27 05:24:56 --> Session: Sessions is enabled, and one exists.Please don't $session->start();
INFO - 2023-07-27 05:25:05 --> Session: Class initialized using 'CodeIgniter\Session\Handlers\FileHandler' driver.
WARNING - 2023-07-27 05:25:05 --> Session: Sessions is enabled, and one exists.Please don't $session->start();
INFO - 2023-07-27 05:25:05 --> Session: Class initialized using 'CodeIgniter\Session\Handlers\FileHandler' driver.
WARNING - 2023-07-27 05:25:05 --> Session: Sessions is enabled, and one exists.Please don't $session->start();
INFO - 2023-07-27 05:26:55 --> Session: Class initialized using 'CodeIgniter\Session\Handlers\FileHandler' driver.
WARNING - 2023-07-27 05:26:55 --> Session: Sessions is enabled, and one exists.Please don't $session->start();
INFO - 2023-07-27 05:26:55 --> Session: Class initialized using 'CodeIgniter\Session\Handlers\FileHandler' driver.
WARNING - 2023-07-27 05:26:55 --> Session: Sessions is enabled, and one exists.Please don't $session->start();
INFO - 2023-07-27 05:26:59 --> Session: Class initialized using 'CodeIgniter\Session\Handlers\FileHandler' driver.
WARNING - 2023-07-27 05:26:59 --> Session: Sessions is enabled, and one exists.Please don't $session->start();
INFO - 2023-07-27 05:27:13 --> Session: Class initialized using 'CodeIgniter\Session\Handlers\FileHandler' driver.
WARNING - 2023-07-27 05:27:13 --> Session: Sessions is enabled, and one exists.Please don't $session->start();
INFO - 2023-07-27 05:27:14 --> Session: Class initialized using 'CodeIgniter\Session\Handlers\FileHandler' driver.
WARNING - 2023-07-27 05:27:14 --> Session: Sessions is enabled, and one exists.Please don't $session->start();
INFO - 2023-07-27 05:27:29 --> Session: Class initialized using 'CodeIgniter\Session\Handlers\FileHandler' driver.
WARNING - 2023-07-27 05:27:29 --> Session: Sessions is enabled, and one exists.Please don't $session->start();
INFO - 2023-07-27 05:27:29 --> Session: Class initialized using 'CodeIgniter\Session\Handlers\FileHandler' driver.
WARNING - 2023-07-27 05:27:29 --> Session: Sessions is enabled, and one exists.Please don't $session->start();
INFO - 2023-07-27 05:28:09 --> Session: Class initialized using 'CodeIgniter\Session\Handlers\FileHandler' driver.
WARNING - 2023-07-27 05:28:09 --> Session: Sessions is enabled, and one exists.Please don't $session->start();
INFO - 2023-07-27 05:28:09 --> Session: Class initialized using 'CodeIgniter\Session\Handlers\FileHandler' driver.
WARNING - 2023-07-27 05:28:09 --> Session: Sessions is enabled, and one exists.Please don't $session->start();
INFO - 2023-07-27 05:28:14 --> Session: Class initialized using 'CodeIgniter\Session\Handlers\FileHandler' driver.
WARNING - 2023-07-27 05:28:14 --> Session: Sessions is enabled, and one exists.Please don't $session->start();
INFO - 2023-07-27 05:28:17 --> Session: Class initialized using 'CodeIgniter\Session\Handlers\FileHandler' driver.
WARNING - 2023-07-27 05:28:17 --> Session: Sessions is enabled, and one exists.Please don't $session->start();
INFO - 2023-07-27 05:28:28 --> Session: Class initialized using 'CodeIgniter\Session\Handlers\FileHandler' driver.
WARNING - 2023-07-27 05:28:28 --> Session: Sessions is enabled, and one exists.Please don't $session->start();
INFO - 2023-07-27 05:28:33 --> Session: Class initialized using 'CodeIgniter\Session\Handlers\FileHandler' driver.
WARNING - 2023-07-27 05:28:33 --> Session: Sessions is enabled, and one exists.Please don't $session->start();
INFO - 2023-07-27 05:28:40 --> Session: Class initialized using 'CodeIgniter\Session\Handlers\FileHandler' driver.
WARNING - 2023-07-27 05:28:40 --> Session: Sessions is enabled, and one exists.Please don't $session->start();
INFO - 2023-07-27 05:28:49 --> Session: Class initialized using 'CodeIgniter\Session\Handlers\FileHandler' driver.
WARNING - 2023-07-27 05:28:49 --> Session: Sessions is enabled, and one exists.Please don't $session->start();
INFO - 2023-07-27 05:28:57 --> Session: Class initialized using 'CodeIgniter\Session\Handlers\FileHandler' driver.
WARNING - 2023-07-27 05:28:57 --> Session: Sessions is enabled, and one exists.Please don't $session->start();
INFO - 2023-07-27 05:28:59 --> Session: Class initialized using 'CodeIgniter\Session\Handlers\FileHandler' driver.
WARNING - 2023-07-27 05:28:59 --> Session: Sessions is enabled, and one exists.Please don't $session->start();
INFO - 2023-07-27 05:29:04 --> Session: Class initialized using 'CodeIgniter\Session\Handlers\FileHandler' driver.
WARNING - 2023-07-27 05:29:04 --> Session: Sessions is enabled, and one exists.Please don't $session->start();
INFO - 2023-07-27 05:29:11 --> Session: Class initialized using 'CodeIgniter\Session\Handlers\FileHandler' driver.
WARNING - 2023-07-27 05:29:11 --> Session: Sessions is enabled, and one exists.Please don't $session->start();
INFO - 2023-07-27 05:29:15 --> Session: Class initialized using 'CodeIgniter\Session\Handlers\FileHandler' driver.
WARNING - 2023-07-27 05:29:15 --> Session: Sessions is enabled, and one exists.Please don't $session->start();
INFO - 2023-07-27 05:29:36 --> Session: Class initialized using 'CodeIgniter\Session\Handlers\FileHandler' driver.
WARNING - 2023-07-27 05:29:36 --> Session: Sessions is enabled, and one exists.Please don't $session->start();
INFO - 2023-07-27 05:51:00 --> Session: Class initialized using 'CodeIgniter\Session\Handlers\FileHandler' driver.
WARNING - 2023-07-27 05:51:00 --> Session: Sessions is enabled, and one exists.Please don't $session->start();
INFO - 2023-07-27 06:21:01 --> Session: Class initialized using 'CodeIgniter\Session\Handlers\FileHandler' driver.
WARNING - 2023-07-27 06:21:01 --> Session: Sessions is enabled, and one exists.Please don't $session->start();
INFO - 2023-07-27 06:51:01 --> Session: Class initialized using 'CodeIgniter\Session\Handlers\FileHandler' driver.
WARNING - 2023-07-27 06:51:01 --> Session: Sessions is enabled, and one exists.Please don't $session->start();
INFO - 2023-07-27 13:57:54 --> Session: Class initialized using 'CodeIgniter\Session\Handlers\FileHandler' driver.
WARNING - 2023-07-27 13:57:54 --> Session: Sessions is enabled, and one exists.Please don't $session->start();
ERROR - 2023-07-27 13:57:54 --> mysqli_sql_exception: Table 'cms_simkkn.bcms_layanan' doesn't exist in /usr/local/var/www/simkkn/vendor/codeigniter4/framework/system/Database/MySQLi/Connection.php:331
Stack trace:
#0 /usr/local/var/www/simkkn/vendor/codeigniter4/framework/system/Database/MySQLi/Connection.php(331): mysqli->query('SELECT *\nFROM `...')
#1 /usr/local/var/www/simkkn/vendor/codeigniter4/framework/system/Database/BaseConnection.php(741): CodeIgniter\Database\MySQLi\Connection->execute('SELECT *\nFROM `...')
#2 /usr/local/var/www/simkkn/vendor/codeigniter4/framework/system/Database/BaseConnection.php(669): CodeIgniter\Database\BaseConnection->simpleQuery('SELECT *\nFROM `...')
#3 /usr/local/var/www/simkkn/vendor/codeigniter4/framework/system/Database/BaseBuilder.php(1860): CodeIgniter\Database\BaseConnection->query('SELECT *\nFROM `...', Array, false)
#4 /usr/local/var/www/simkkn/app/Models/Backend/LayananModel.php(24): CodeIgniter\Database\BaseBuilder->get()
#5 /usr/local/var/www/simkkn/app/Controllers/Home.php(31): App\Models\Backend\LayananModel->getLayananByKategori('Layanan Unggula...')
#6 /usr/local/var/www/simkkn/vendor/codeigniter4/framework/system/CodeIgniter.php(918): App\Controllers\Home->index()
#7 /usr/local/var/www/simkkn/vendor/codeigniter4/framework/system/CodeIgniter.php(404): CodeIgniter\CodeIgniter->runController(Object(App\Controllers\Home))
#8 /usr/local/var/www/simkkn/vendor/codeigniter4/framework/system/CodeIgniter.php(312): CodeIgniter\CodeIgniter->handleRequest(NULL, Object(Config\Cache), false)
#9 /usr/local/var/www/simkkn/public/index.php(45): CodeIgniter\CodeIgniter->run()
#10 /usr/local/var/www/simkkn/vendor/codeigniter4/framework/system/Commands/Server/rewrite.php(34): require_once('/usr/local/var/...')
#11 {main}
INFO - 2023-07-27 13:57:56 --> Session: Class initialized using 'CodeIgniter\Session\Handlers\FileHandler' driver.
WARNING - 2023-07-27 13:57:56 --> Session: Sessions is enabled, and one exists.Please don't $session->start();
INFO - 2023-07-27 13:57:58 --> Session: Class initialized using 'CodeIgniter\Session\Handlers\FileHandler' driver.
WARNING - 2023-07-27 13:57:58 --> Session: Sessions is enabled, and one exists.Please don't $session->start();
INFO - 2023-07-27 13:58:27 --> Session: Class initialized using 'CodeIgniter\Session\Handlers\FileHandler' driver.
WARNING - 2023-07-27 13:58:27 --> Session: Sessions is enabled, and one exists.Please don't $session->start();
INFO - 2023-07-27 14:17:39 --> Session: Class initialized using 'CodeIgniter\Session\Handlers\FileHandler' driver.
WARNING - 2023-07-27 14:17:39 --> Session: Sessions is enabled, and one exists.Please don't $session->start();
INFO - 2023-07-27 14:17:41 --> Session: Class initialized using 'CodeIgniter\Session\Handlers\FileHandler' driver.
WARNING - 2023-07-27 14:17:41 --> Session: Sessions is enabled, and one exists.Please don't $session->start();
INFO - 2023-07-27 14:18:57 --> Session: Class initialized using 'CodeIgniter\Session\Handlers\FileHandler' driver.
WARNING - 2023-07-27 14:18:57 --> Session: Sessions is enabled, and one exists.Please don't $session->start();
INFO - 2023-07-27 14:18:57 --> Session: Class initialized using 'CodeIgniter\Session\Handlers\FileHandler' driver.
WARNING - 2023-07-27 14:18:57 --> Session: Sessions is enabled, and one exists.Please don't $session->start();
INFO - 2023-07-27 14:19:05 --> Session: Class initialized using 'CodeIgniter\Session\Handlers\FileHandler' driver.
WARNING - 2023-07-27 14:19:05 --> Session: Sessions is enabled, and one exists.Please don't $session->start();
INFO - 2023-07-27 14:19:13 --> Session: Class initialized using 'CodeIgniter\Session\Handlers\FileHandler' driver.
WARNING - 2023-07-27 14:19:13 --> Session: Sessions is enabled, and one exists.Please don't $session->start();
INFO - 2023-07-27 14:19:15 --> Session: Class initialized using 'CodeIgniter\Session\Handlers\FileHandler' driver.
INFO - 2023-07-27 14:19:51 --> Session: Class initialized using 'CodeIgniter\Session\Handlers\FileHandler' driver.
WARNING - 2023-07-27 14:19:51 --> Session: Sessions is enabled, and one exists.Please don't $session->start();
INFO - 2023-07-27 14:19:54 --> Session: Class initialized using 'CodeIgniter\Session\Handlers\FileHandler' driver.
WARNING - 2023-07-27 14:19:54 --> Session: Sessions is enabled, and one exists.Please don't $session->start();
INFO - 2023-07-27 14:20:20 --> Session: Class initialized using 'CodeIgniter\Session\Handlers\FileHandler' driver.
WARNING - 2023-07-27 14:20:20 --> Session: Sessions is enabled, and one exists.Please don't $session->start();
INFO - 2023-07-27 14:20:27 --> Session: Class initialized using 'CodeIgniter\Session\Handlers\FileHandler' driver.
INFO - 2023-07-27 14:20:39 --> Session: Class initialized using 'CodeIgniter\Session\Handlers\FileHandler' driver.
WARNING - 2023-07-27 14:20:39 --> Session: Sessions is enabled, and one exists.Please don't $session->start();
INFO - 2023-07-27 14:20:39 --> Session: Class initialized using 'CodeIgniter\Session\Handlers\FileHandler' driver.
WARNING - 2023-07-27 14:20:39 --> Session: Sessions is enabled, and one exists.Please don't $session->start();
INFO - 2023-07-27 14:20:46 --> Session: Class initialized using 'CodeIgniter\Session\Handlers\FileHandler' driver.
WARNING - 2023-07-27 14:20:46 --> Session: Sessions is enabled, and one exists.Please don't $session->start();
INFO - 2023-07-27 14:20:46 --> Session: Class initialized using 'CodeIgniter\Session\Handlers\FileHandler' driver.
WARNING - 2023-07-27 14:20:46 --> Session: Sessions is enabled, and one exists.Please don't $session->start();
INFO - 2023-07-27 14:20:48 --> Session: Class initialized using 'CodeIgniter\Session\Handlers\FileHandler' driver.
WARNING - 2023-07-27 14:20:48 --> Session: Sessions is enabled, and one exists.Please don't $session->start();
INFO - 2023-07-27 14:20:48 --> Session: Class initialized using 'CodeIgniter\Session\Handlers\FileHandler' driver.
WARNING - 2023-07-27 14:20:48 --> Session: Sessions is enabled, and one exists.Please don't $session->start();
INFO - 2023-07-27 14:20:49 --> Session: Class initialized using 'CodeIgniter\Session\Handlers\FileHandler' driver.
WARNING - 2023-07-27 14:20:49 --> Session: Sessions is enabled, and one exists.Please don't $session->start();
INFO - 2023-07-27 14:20:49 --> Session: Class initialized using 'CodeIgniter\Session\Handlers\FileHandler' driver.
WARNING - 2023-07-27 14:20:49 --> Session: Sessions is enabled, and one exists.Please don't $session->start();
INFO - 2023-07-27 14:21:20 --> Session: Class initialized using 'CodeIgniter\Session\Handlers\FileHandler' driver.
WARNING - 2023-07-27 14:21:20 --> Session: Sessions is enabled, and one exists.Please don't $session->start();
INFO - 2023-07-27 14:21:20 --> Session: Class initialized using 'CodeIgniter\Session\Handlers\FileHandler' driver.
WARNING - 2023-07-27 14:21:20 --> Session: Sessions is enabled, and one exists.Please don't $session->start();
INFO - 2023-07-27 14:21:33 --> Session: Class initialized using 'CodeIgniter\Session\Handlers\FileHandler' driver.
WARNING - 2023-07-27 14:21:33 --> Session: Sessions is enabled, and one exists.Please don't $session->start();
INFO - 2023-07-27 14:21:33 --> Session: Class initialized using 'CodeIgniter\Session\Handlers\FileHandler' driver.
WARNING - 2023-07-27 14:21:33 --> Session: Sessions is enabled, and one exists.Please don't $session->start();
INFO - 2023-07-27 14:21:38 --> Session: Class initialized using 'CodeIgniter\Session\Handlers\FileHandler' driver.
WARNING - 2023-07-27 14:21:38 --> Session: Sessions is enabled, and one exists.Please don't $session->start();
INFO - 2023-07-27 14:21:40 --> Session: Class initialized using 'CodeIgniter\Session\Handlers\FileHandler' driver.
INFO - 2023-07-27 14:21:46 --> Session: Class initialized using 'CodeIgniter\Session\Handlers\FileHandler' driver.
WARNING - 2023-07-27 14:21:46 --> Session: Sessions is enabled, and one exists.Please don't $session->start();
INFO - 2023-07-27 14:21:47 --> Session: Class initialized using 'CodeIgniter\Session\Handlers\FileHandler' driver.
WARNING - 2023-07-27 14:21:47 --> Session: Sessions is enabled, and one exists.Please don't $session->start();
INFO - 2023-07-27 14:21:56 --> Session: Class initialized using 'CodeIgniter\Session\Handlers\FileHandler' driver.
WARNING - 2023-07-27 14:21:56 --> Session: Sessions is enabled, and one exists.Please don't $session->start();
INFO - 2023-07-27 14:21:56 --> Session: Class initialized using 'CodeIgniter\Session\Handlers\FileHandler' driver.
WARNING - 2023-07-27 14:21:56 --> Session: Sessions is enabled, and one exists.Please don't $session->start();
INFO - 2023-07-27 14:22:32 --> Session: Class initialized using 'CodeIgniter\Session\Handlers\FileHandler' driver.
WARNING - 2023-07-27 14:22:32 --> Session: Sessions is enabled, and one exists.Please don't $session->start();
INFO - 2023-07-27 14:22:33 --> Session: Class initialized using 'CodeIgniter\Session\Handlers\FileHandler' driver.
WARNING - 2023-07-27 14:22:33 --> Session: Sessions is enabled, and one exists.Please don't $session->start();
INFO - 2023-07-27 14:22:40 --> Session: Class initialized using 'CodeIgniter\Session\Handlers\FileHandler' driver.
WARNING - 2023-07-27 14:22:40 --> Session: Sessions is enabled, and one exists.Please don't $session->start();
INFO - 2023-07-27 14:22:40 --> Session: Class initialized using 'CodeIgniter\Session\Handlers\FileHandler' driver.
WARNING - 2023-07-27 14:22:40 --> Session: Sessions is enabled, and one exists.Please don't $session->start();
INFO - 2023-07-27 14:22:44 --> Session: Class initialized using 'CodeIgniter\Session\Handlers\FileHandler' driver.
WARNING - 2023-07-27 14:22:44 --> Session: Sessions is enabled, and one exists.Please don't $session->start();
INFO - 2023-07-27 14:22:49 --> Session: Class initialized using 'CodeIgniter\Session\Handlers\FileHandler' driver.
WARNING - 2023-07-27 14:22:49 --> Session: Sessions is enabled, and one exists.Please don't $session->start();
INFO - 2023-07-27 14:22:50 --> Session: Class initialized using 'CodeIgniter\Session\Handlers\FileHandler' driver.
WARNING - 2023-07-27 14:22:50 --> Session: Sessions is enabled, and one exists.Please don't $session->start();
INFO - 2023-07-27 14:22:54 --> Session: Class initialized using 'CodeIgniter\Session\Handlers\FileHandler' driver.
WARNING - 2023-07-27 14:22:54 --> Session: Sessions is enabled, and one exists.Please don't $session->start();
INFO - 2023-07-27 14:22:56 --> Session: Class initialized using 'CodeIgniter\Session\Handlers\FileHandler' driver.
WARNING - 2023-07-27 14:22:56 --> Session: Sessions is enabled, and one exists.Please don't $session->start();
INFO - 2023-07-27 14:22:57 --> Session: Class initialized using 'CodeIgniter\Session\Handlers\FileHandler' driver.
WARNING - 2023-07-27 14:22:57 --> Session: Sessions is enabled, and one exists.Please don't $session->start();
INFO - 2023-07-27 14:23:01 --> Session: Class initialized using 'CodeIgniter\Session\Handlers\FileHandler' driver.
WARNING - 2023-07-27 14:23:01 --> Session: Sessions is enabled, and one exists.Please don't $session->start();
INFO - 2023-07-27 14:23:06 --> Session: Class initialized using 'CodeIgniter\Session\Handlers\FileHandler' driver.
WARNING - 2023-07-27 14:23:06 --> Session: Sessions is enabled, and one exists.Please don't $session->start();
INFO - 2023-07-27 14:23:08 --> Session: Class initialized using 'CodeIgniter\Session\Handlers\FileHandler' driver.
WARNING - 2023-07-27 14:23:08 --> Session: Sessions is enabled, and one exists.Please don't $session->start();
INFO - 2023-07-27 14:23:08 --> Session: Class initialized using 'CodeIgniter\Session\Handlers\FileHandler' driver.
WARNING - 2023-07-27 14:23:08 --> Session: Sessions is enabled, and one exists.Please don't $session->start();
INFO - 2023-07-27 14:23:09 --> Session: Class initialized using 'CodeIgniter\Session\Handlers\FileHandler' driver.
WARNING - 2023-07-27 14:23:09 --> Session: Sessions is enabled, and one exists.Please don't $session->start();
INFO - 2023-07-27 14:23:10 --> Session: Class initialized using 'CodeIgniter\Session\Handlers\FileHandler' driver.
WARNING - 2023-07-27 14:23:10 --> Session: Sessions is enabled, and one exists.Please don't $session->start();
INFO - 2023-07-27 14:23:18 --> Session: Class initialized using 'CodeIgniter\Session\Handlers\FileHandler' driver.
WARNING - 2023-07-27 14:23:18 --> Session: Sessions is enabled, and one exists.Please don't $session->start();
INFO - 2023-07-27 14:23:22 --> Session: Class initialized using 'CodeIgniter\Session\Handlers\FileHandler' driver.
WARNING - 2023-07-27 14:23:22 --> Session: Sessions is enabled, and one exists.Please don't $session->start();
INFO - 2023-07-27 14:23:23 --> Session: Class initialized using 'CodeIgniter\Session\Handlers\FileHandler' driver.
WARNING - 2023-07-27 14:23:23 --> Session: Sessions is enabled, and one exists.Please don't $session->start();
INFO - 2023-07-27 14:23:28 --> Session: Class initialized using 'CodeIgniter\Session\Handlers\FileHandler' driver.
WARNING - 2023-07-27 14:23:28 --> Session: Sessions is enabled, and one exists.Please don't $session->start();
INFO - 2023-07-27 14:24:04 --> Session: Class initialized using 'CodeIgniter\Session\Handlers\FileHandler' driver.
WARNING - 2023-07-27 14:24:04 --> Session: Sessions is enabled, and one exists.Please don't $session->start();
INFO - 2023-07-27 14:24:05 --> Session: Class initialized using 'CodeIgniter\Session\Handlers\FileHandler' driver.
WARNING - 2023-07-27 14:24:05 --> Session: Sessions is enabled, and one exists.Please don't $session->start();
INFO - 2023-07-27 14:24:10 --> Session: Class initialized using 'CodeIgniter\Session\Handlers\FileHandler' driver.
WARNING - 2023-07-27 14:24:10 --> Session: Sessions is enabled, and one exists.Please don't $session->start();
INFO - 2023-07-27 14:24:12 --> Session: Class initialized using 'CodeIgniter\Session\Handlers\FileHandler' driver.
INFO - 2023-07-27 14:24:14 --> Session: Class initialized using 'CodeIgniter\Session\Handlers\FileHandler' driver.
WARNING - 2023-07-27 14:24:14 --> Session: Sessions is enabled, and one exists.Please don't $session->start();
INFO - 2023-07-27 14:24:14 --> Session: Class initialized using 'CodeIgniter\Session\Handlers\FileHandler' driver.
WARNING - 2023-07-27 14:24:14 --> Session: Sessions is enabled, and one exists.Please don't $session->start();
INFO - 2023-07-27 14:24:18 --> Session: Class initialized using 'CodeIgniter\Session\Handlers\FileHandler' driver.
WARNING - 2023-07-27 14:24:18 --> Session: Sessions is enabled, and one exists.Please don't $session->start();
INFO - 2023-07-27 14:24:20 --> Session: Class initialized using 'CodeIgniter\Session\Handlers\FileHandler' driver.
INFO - 2023-07-27 14:24:25 --> Session: Class initialized using 'CodeIgniter\Session\Handlers\FileHandler' driver.
WARNING - 2023-07-27 14:24:25 --> Session: Sessions is enabled, and one exists.Please don't $session->start();
INFO - 2023-07-27 14:24:25 --> Session: Class initialized using 'CodeIgniter\Session\Handlers\FileHandler' driver.
WARNING - 2023-07-27 14:24:25 --> Session: Sessions is enabled, and one exists.Please don't $session->start();
INFO - 2023-07-27 14:24:27 --> Session: Class initialized using 'CodeIgniter\Session\Handlers\FileHandler' driver.
WARNING - 2023-07-27 14:24:27 --> Session: Sessions is enabled, and one exists.Please don't $session->start();
INFO - 2023-07-27 14:24:28 --> Session: Class initialized using 'CodeIgniter\Session\Handlers\FileHandler' driver.
WARNING - 2023-07-27 14:24:28 --> Session: Sessions is enabled, and one exists.Please don't $session->start();
INFO - 2023-07-27 14:24:32 --> Session: Class initialized using 'CodeIgniter\Session\Handlers\FileHandler' driver.
WARNING - 2023-07-27 14:24:32 --> Session: Sessions is enabled, and one exists.Please don't $session->start();
INFO - 2023-07-27 14:24:33 --> Session: Class initialized using 'CodeIgniter\Session\Handlers\FileHandler' driver.
WARNING - 2023-07-27 14:24:33 --> Session: Sessions is enabled, and one exists.Please don't $session->start();
INFO - 2023-07-27 14:24:40 --> Session: Class initialized using 'CodeIgniter\Session\Handlers\FileHandler' driver.
WARNING - 2023-07-27 14:24:40 --> Session: Sessions is enabled, and one exists.Please don't $session->start();
INFO - 2023-07-27 14:24:40 --> Session: Class initialized using 'CodeIgniter\Session\Handlers\FileHandler' driver.
WARNING - 2023-07-27 14:24:40 --> Session: Sessions is enabled, and one exists.Please don't $session->start();
INFO - 2023-07-27 14:25:34 --> Session: Class initialized using 'CodeIgniter\Session\Handlers\FileHandler' driver.
WARNING - 2023-07-27 14:25:34 --> Session: Sessions is enabled, and one exists.Please don't $session->start();
INFO - 2023-07-27 14:25:34 --> Session: Class initialized using 'CodeIgniter\Session\Handlers\FileHandler' driver.
WARNING - 2023-07-27 14:25:34 --> Session: Sessions is enabled, and one exists.Please don't $session->start();
INFO - 2023-07-27 14:25:56 --> Session: Class initialized using 'CodeIgniter\Session\Handlers\FileHandler' driver.
WARNING - 2023-07-27 14:25:56 --> Session: Sessions is enabled, and one exists.Please don't $session->start();
INFO - 2023-07-27 14:26:02 --> Session: Class initialized using 'CodeIgniter\Session\Handlers\FileHandler' driver.
WARNING - 2023-07-27 14:26:02 --> Session: Sessions is enabled, and one exists.Please don't $session->start();
INFO - 2023-07-27 14:26:04 --> Session: Class initialized using 'CodeIgniter\Session\Handlers\FileHandler' driver.
INFO - 2023-07-27 14:26:08 --> Session: Class initialized using 'CodeIgniter\Session\Handlers\FileHandler' driver.
WARNING - 2023-07-27 14:26:08 --> Session: Sessions is enabled, and one exists.Please don't $session->start();
INFO - 2023-07-27 14:26:08 --> Session: Class initialized using 'CodeIgniter\Session\Handlers\FileHandler' driver.
WARNING - 2023-07-27 14:26:08 --> Session: Sessions is enabled, and one exists.Please don't $session->start();
INFO - 2023-07-27 14:26:15 --> Session: Class initialized using 'CodeIgniter\Session\Handlers\FileHandler' driver.
WARNING - 2023-07-27 14:26:15 --> Session: Sessions is enabled, and one exists.Please don't $session->start();
INFO - 2023-07-27 14:26:15 --> Session: Class initialized using 'CodeIgniter\Session\Handlers\FileHandler' driver.
WARNING - 2023-07-27 14:26:15 --> Session: Sessions is enabled, and one exists.Please don't $session->start();
INFO - 2023-07-27 14:26:24 --> Session: Class initialized using 'CodeIgniter\Session\Handlers\FileHandler' driver.
WARNING - 2023-07-27 14:26:24 --> Session: Sessions is enabled, and one exists.Please don't $session->start();
INFO - 2023-07-27 14:26:24 --> Session: Class initialized using 'CodeIgniter\Session\Handlers\FileHandler' driver.
WARNING - 2023-07-27 14:26:24 --> Session: Sessions is enabled, and one exists.Please don't $session->start();
INFO - 2023-07-27 14:26:33 --> Session: Class initialized using 'CodeIgniter\Session\Handlers\FileHandler' driver.
WARNING - 2023-07-27 14:26:33 --> Session: Sessions is enabled, and one exists.Please don't $session->start();
INFO - 2023-07-27 14:26:34 --> Session: Class initialized using 'CodeIgniter\Session\Handlers\FileHandler' driver.
WARNING - 2023-07-27 14:26:34 --> Session: Sessions is enabled, and one exists.Please don't $session->start();
INFO - 2023-07-27 14:26:38 --> Session: Class initialized using 'CodeIgniter\Session\Handlers\FileHandler' driver.
WARNING - 2023-07-27 14:26:38 --> Session: Sessions is enabled, and one exists.Please don't $session->start();
INFO - 2023-07-27 14:26:38 --> Session: Class initialized using 'CodeIgniter\Session\Handlers\FileHandler' driver.
WARNING - 2023-07-27 14:26:38 --> Session: Sessions is enabled, and one exists.Please don't $session->start();
INFO - 2023-07-27 14:26:40 --> Session: Class initialized using 'CodeIgniter\Session\Handlers\FileHandler' driver.
WARNING - 2023-07-27 14:26:40 --> Session: Sessions is enabled, and one exists.Please don't $session->start();
INFO - 2023-07-27 14:26:40 --> Session: Class initialized using 'CodeIgniter\Session\Handlers\FileHandler' driver.
WARNING - 2023-07-27 14:26:40 --> Session: Sessions is enabled, and one exists.Please don't $session->start();
INFO - 2023-07-27 14:27:02 --> Session: Class initialized using 'CodeIgniter\Session\Handlers\FileHandler' driver.
WARNING - 2023-07-27 14:27:02 --> Session: Sessions is enabled, and one exists.Please don't $session->start();
INFO - 2023-07-27 14:27:06 --> Session: Class initialized using 'CodeIgniter\Session\Handlers\FileHandler' driver.
WARNING - 2023-07-27 14:27:06 --> Session: Sessions is enabled, and one exists.Please don't $session->start();
INFO - 2023-07-27 14:27:33 --> Session: Class initialized using 'CodeIgniter\Session\Handlers\FileHandler' driver.
WARNING - 2023-07-27 14:27:33 --> Session: Sessions is enabled, and one exists.Please don't $session->start();
INFO - 2023-07-27 14:27:41 --> Session: Class initialized using 'CodeIgniter\Session\Handlers\FileHandler' driver.
WARNING - 2023-07-27 14:27:41 --> Session: Sessions is enabled, and one exists.Please don't $session->start();
INFO - 2023-07-27 14:28:03 --> Session: Class initialized using 'CodeIgniter\Session\Handlers\FileHandler' driver.
WARNING - 2023-07-27 14:28:03 --> Session: Sessions is enabled, and one exists.Please don't $session->start();
INFO - 2023-07-27 14:28:08 --> Session: Class initialized using 'CodeIgniter\Session\Handlers\FileHandler' driver.
WARNING - 2023-07-27 14:28:08 --> Session: Sessions is enabled, and one exists.Please don't $session->start();
INFO - 2023-07-27 14:28:14 --> Session: Class initialized using 'CodeIgniter\Session\Handlers\FileHandler' driver.
WARNING - 2023-07-27 14:28:14 --> Session: Sessions is enabled, and one exists.Please don't $session->start();
INFO - 2023-07-27 14:28:17 --> Session: Class initialized using 'CodeIgniter\Session\Handlers\FileHandler' driver.
WARNING - 2023-07-27 14:28:17 --> Session: Sessions is enabled, and one exists.Please don't $session->start();
INFO - 2023-07-27 14:28:23 --> Session: Class initialized using 'CodeIgniter\Session\Handlers\FileHandler' driver.
WARNING - 2023-07-27 14:28:23 --> Session: Sessions is enabled, and one exists.Please don't $session->start();
INFO - 2023-07-27 14:28:36 --> Session: Class initialized using 'CodeIgniter\Session\Handlers\FileHandler' driver.
WARNING - 2023-07-27 14:28:36 --> Session: Sessions is enabled, and one exists.Please don't $session->start();
INFO - 2023-07-27 14:28:42 --> Session: Class initialized using 'CodeIgniter\Session\Handlers\FileHandler' driver.
WARNING - 2023-07-27 14:28:42 --> Session: Sessions is enabled, and one exists.Please don't $session->start();
INFO - 2023-07-27 14:29:32 --> Session: Class initialized using 'CodeIgniter\Session\Handlers\FileHandler' driver.
WARNING - 2023-07-27 14:29:32 --> Session: Sessions is enabled, and one exists.Please don't $session->start();
