INFO - 2023-07-15 00:55:23 --> Session: Class initialized using 'CodeIgniter\Session\Handlers\FileHandler' driver.
WARNING - 2023-07-15 00:55:23 --> Session: Sessions is enabled, and one exists.Please don't $session->start();
ERROR - 2023-07-15 00:55:24 --> mysqli_sql_exception: Table 'cms_simkkn.bcms_layanan' doesn't exist in /usr/local/var/www/simkkn/vendor/codeigniter4/framework/system/Database/MySQLi/Connection.php:331
Stack trace:
#0 /usr/local/var/www/simkkn/vendor/codeigniter4/framework/system/Database/MySQLi/Connection.php(331): mysqli->query('SELECT *\nFROM `...')
#1 /usr/local/var/www/simkkn/vendor/codeigniter4/framework/system/Database/BaseConnection.php(741): CodeIgniter\Database\MySQLi\Connection->execute('SELECT *\nFROM `...')
#2 /usr/local/var/www/simkkn/vendor/codeigniter4/framework/system/Database/BaseConnection.php(669): CodeIgniter\Database\BaseConnection->simpleQuery('SELECT *\nFROM `...')
#3 /usr/local/var/www/simkkn/vendor/codeigniter4/framework/system/Database/BaseBuilder.php(1860): CodeIgniter\Database\BaseConnection->query('SELECT *\nFROM `...', Array, false)
#4 /usr/local/var/www/simkkn/app/Models/Backend/LayananModel.php(24): CodeIgniter\Database\BaseBuilder->get()
#5 /usr/local/var/www/simkkn/app/Controllers/Home.php(31): App\Models\Backend\LayananModel->getLayananByKategori('Layanan Unggula...')
#6 /usr/local/var/www/simkkn/vendor/codeigniter4/framework/system/CodeIgniter.php(918): App\Controllers\Home->index()
#7 /usr/local/var/www/simkkn/vendor/codeigniter4/framework/system/CodeIgniter.php(404): CodeIgniter\CodeIgniter->runController(Object(App\Controllers\Home))
#8 /usr/local/var/www/simkkn/vendor/codeigniter4/framework/system/CodeIgniter.php(312): CodeIgniter\CodeIgniter->handleRequest(NULL, Object(Config\Cache), false)
#9 /usr/local/var/www/simkkn/public/index.php(45): CodeIgniter\CodeIgniter->run()
#10 /usr/local/var/www/simkkn/vendor/codeigniter4/framework/system/Commands/Server/rewrite.php(34): require_once('/usr/local/var/...')
#11 {main}
INFO - 2023-07-15 00:55:27 --> Session: Class initialized using 'CodeIgniter\Session\Handlers\FileHandler' driver.
WARNING - 2023-07-15 00:55:27 --> Session: Sessions is enabled, and one exists.Please don't $session->start();
INFO - 2023-07-15 00:55:34 --> Session: Class initialized using 'CodeIgniter\Session\Handlers\FileHandler' driver.
WARNING - 2023-07-15 00:55:34 --> Session: Sessions is enabled, and one exists.Please don't $session->start();
INFO - 2023-07-15 00:55:37 --> Session: Class initialized using 'CodeIgniter\Session\Handlers\FileHandler' driver.
INFO - 2023-07-15 00:55:40 --> Session: Class initialized using 'CodeIgniter\Session\Handlers\FileHandler' driver.
WARNING - 2023-07-15 00:55:40 --> Session: Sessions is enabled, and one exists.Please don't $session->start();
INFO - 2023-07-15 00:55:40 --> Session: Class initialized using 'CodeIgniter\Session\Handlers\FileHandler' driver.
WARNING - 2023-07-15 00:55:40 --> Session: Sessions is enabled, and one exists.Please don't $session->start();
INFO - 2023-07-15 00:55:42 --> Session: Class initialized using 'CodeIgniter\Session\Handlers\FileHandler' driver.
WARNING - 2023-07-15 00:55:42 --> Session: Sessions is enabled, and one exists.Please don't $session->start();
INFO - 2023-07-15 00:55:42 --> Session: Class initialized using 'CodeIgniter\Session\Handlers\FileHandler' driver.
WARNING - 2023-07-15 00:55:42 --> Session: Sessions is enabled, and one exists.Please don't $session->start();
INFO - 2023-07-15 00:55:53 --> Session: Class initialized using 'CodeIgniter\Session\Handlers\FileHandler' driver.
WARNING - 2023-07-15 00:55:53 --> Session: Sessions is enabled, and one exists.Please don't $session->start();
ERROR - 2023-07-15 00:55:53 --> mysqli_sql_exception: Unknown column 'banner_nm2' in 'field list' in /usr/local/var/www/simkkn/vendor/codeigniter4/framework/system/Database/MySQLi/Connection.php:331
Stack trace:
#0 /usr/local/var/www/simkkn/vendor/codeigniter4/framework/system/Database/MySQLi/Connection.php(331): mysqli->query('INSERT INTO `bc...')
#1 /usr/local/var/www/simkkn/vendor/codeigniter4/framework/system/Database/BaseConnection.php(741): CodeIgniter\Database\MySQLi\Connection->execute('INSERT INTO `bc...')
#2 /usr/local/var/www/simkkn/vendor/codeigniter4/framework/system/Database/BaseConnection.php(669): CodeIgniter\Database\BaseConnection->simpleQuery('INSERT INTO `bc...')
#3 /usr/local/var/www/simkkn/vendor/codeigniter4/framework/system/Database/BaseBuilder.php(2249): CodeIgniter\Database\BaseConnection->query('INSERT INTO `bc...', Array, false)
#4 /usr/local/var/www/simkkn/app/Models/Backend/ArtikelModel.php(75): CodeIgniter\Database\BaseBuilder->insert(Array)
#5 /usr/local/var/www/simkkn/app/Controllers/Backend/Artikel.php(385): App\Models\Backend\ArtikelModel->insertData(Array)
#6 /usr/local/var/www/simkkn/vendor/codeigniter4/framework/system/CodeIgniter.php(918): App\Controllers\Backend\Artikel->insert_data()
#7 /usr/local/var/www/simkkn/vendor/codeigniter4/framework/system/CodeIgniter.php(404): CodeIgniter\CodeIgniter->runController(Object(App\Controllers\Backend\Artikel))
#8 /usr/local/var/www/simkkn/vendor/codeigniter4/framework/system/CodeIgniter.php(312): CodeIgniter\CodeIgniter->handleRequest(NULL, Object(Config\Cache), false)
#9 /usr/local/var/www/simkkn/public/index.php(45): CodeIgniter\CodeIgniter->run()
#10 /usr/local/var/www/simkkn/vendor/codeigniter4/framework/system/Commands/Server/rewrite.php(34): require_once('/usr/local/var/...')
#11 {main}
INFO - 2023-07-15 00:55:53 --> Session: Class initialized using 'CodeIgniter\Session\Handlers\FileHandler' driver.
WARNING - 2023-07-15 00:55:53 --> Session: Sessions is enabled, and one exists.Please don't $session->start();
INFO - 2023-07-15 00:58:53 --> Session: Class initialized using 'CodeIgniter\Session\Handlers\FileHandler' driver.
WARNING - 2023-07-15 00:58:53 --> Session: Sessions is enabled, and one exists.Please don't $session->start();
INFO - 2023-07-15 00:58:53 --> Session: Class initialized using 'CodeIgniter\Session\Handlers\FileHandler' driver.
WARNING - 2023-07-15 00:58:53 --> Session: Sessions is enabled, and one exists.Please don't $session->start();
INFO - 2023-07-15 00:58:56 --> Session: Class initialized using 'CodeIgniter\Session\Handlers\FileHandler' driver.
WARNING - 2023-07-15 00:58:56 --> Session: Sessions is enabled, and one exists.Please don't $session->start();
INFO - 2023-07-15 00:58:56 --> Session: Class initialized using 'CodeIgniter\Session\Handlers\FileHandler' driver.
WARNING - 2023-07-15 00:58:56 --> Session: Sessions is enabled, and one exists.Please don't $session->start();
INFO - 2023-07-15 00:59:11 --> Session: Class initialized using 'CodeIgniter\Session\Handlers\FileHandler' driver.
WARNING - 2023-07-15 00:59:11 --> Session: Sessions is enabled, and one exists.Please don't $session->start();
INFO - 2023-07-15 00:59:11 --> Session: Class initialized using 'CodeIgniter\Session\Handlers\FileHandler' driver.
WARNING - 2023-07-15 00:59:11 --> Session: Sessions is enabled, and one exists.Please don't $session->start();
INFO - 2023-07-15 00:59:13 --> Session: Class initialized using 'CodeIgniter\Session\Handlers\FileHandler' driver.
WARNING - 2023-07-15 00:59:13 --> Session: Sessions is enabled, and one exists.Please don't $session->start();
INFO - 2023-07-15 00:59:13 --> Session: Class initialized using 'CodeIgniter\Session\Handlers\FileHandler' driver.
WARNING - 2023-07-15 00:59:13 --> Session: Sessions is enabled, and one exists.Please don't $session->start();
INFO - 2023-07-15 00:59:15 --> Session: Class initialized using 'CodeIgniter\Session\Handlers\FileHandler' driver.
WARNING - 2023-07-15 00:59:15 --> Session: Sessions is enabled, and one exists.Please don't $session->start();
INFO - 2023-07-15 00:59:21 --> Session: Class initialized using 'CodeIgniter\Session\Handlers\FileHandler' driver.
WARNING - 2023-07-15 00:59:21 --> Session: Sessions is enabled, and one exists.Please don't $session->start();
INFO - 2023-07-15 00:59:21 --> Session: Class initialized using 'CodeIgniter\Session\Handlers\FileHandler' driver.
WARNING - 2023-07-15 00:59:21 --> Session: Sessions is enabled, and one exists.Please don't $session->start();
INFO - 2023-07-15 00:59:27 --> Session: Class initialized using 'CodeIgniter\Session\Handlers\FileHandler' driver.
WARNING - 2023-07-15 00:59:27 --> Session: Sessions is enabled, and one exists.Please don't $session->start();
INFO - 2023-07-15 00:59:27 --> Session: Class initialized using 'CodeIgniter\Session\Handlers\FileHandler' driver.
WARNING - 2023-07-15 00:59:27 --> Session: Sessions is enabled, and one exists.Please don't $session->start();
INFO - 2023-07-15 00:59:30 --> Session: Class initialized using 'CodeIgniter\Session\Handlers\FileHandler' driver.
WARNING - 2023-07-15 00:59:30 --> Session: Sessions is enabled, and one exists.Please don't $session->start();
INFO - 2023-07-15 01:04:04 --> Session: Class initialized using 'CodeIgniter\Session\Handlers\FileHandler' driver.
WARNING - 2023-07-15 01:04:04 --> Session: Sessions is enabled, and one exists.Please don't $session->start();
INFO - 2023-07-15 01:04:12 --> Session: Class initialized using 'CodeIgniter\Session\Handlers\FileHandler' driver.
WARNING - 2023-07-15 01:04:12 --> Session: Sessions is enabled, and one exists.Please don't $session->start();
INFO - 2023-07-15 01:04:12 --> Session: Class initialized using 'CodeIgniter\Session\Handlers\FileHandler' driver.
WARNING - 2023-07-15 01:04:12 --> Session: Sessions is enabled, and one exists.Please don't $session->start();
INFO - 2023-07-15 01:04:23 --> Session: Class initialized using 'CodeIgniter\Session\Handlers\FileHandler' driver.
WARNING - 2023-07-15 01:04:23 --> Session: Sessions is enabled, and one exists.Please don't $session->start();
INFO - 2023-07-15 01:04:25 --> Session: Class initialized using 'CodeIgniter\Session\Handlers\FileHandler' driver.
INFO - 2023-07-15 01:04:30 --> Session: Class initialized using 'CodeIgniter\Session\Handlers\FileHandler' driver.
WARNING - 2023-07-15 01:04:30 --> Session: Sessions is enabled, and one exists.Please don't $session->start();
INFO - 2023-07-15 01:04:31 --> Session: Class initialized using 'CodeIgniter\Session\Handlers\FileHandler' driver.
WARNING - 2023-07-15 01:04:31 --> Session: Sessions is enabled, and one exists.Please don't $session->start();
INFO - 2023-07-15 01:08:41 --> Session: Class initialized using 'CodeIgniter\Session\Handlers\FileHandler' driver.
WARNING - 2023-07-15 01:08:41 --> Session: Sessions is enabled, and one exists.Please don't $session->start();
INFO - 2023-07-15 01:08:42 --> Session: Class initialized using 'CodeIgniter\Session\Handlers\FileHandler' driver.
WARNING - 2023-07-15 01:08:42 --> Session: Sessions is enabled, and one exists.Please don't $session->start();
INFO - 2023-07-15 01:09:26 --> Session: Class initialized using 'CodeIgniter\Session\Handlers\FileHandler' driver.
WARNING - 2023-07-15 01:09:26 --> Session: Sessions is enabled, and one exists.Please don't $session->start();
INFO - 2023-07-15 01:09:27 --> Session: Class initialized using 'CodeIgniter\Session\Handlers\FileHandler' driver.
WARNING - 2023-07-15 01:09:27 --> Session: Sessions is enabled, and one exists.Please don't $session->start();
INFO - 2023-07-15 01:09:44 --> Session: Class initialized using 'CodeIgniter\Session\Handlers\FileHandler' driver.
WARNING - 2023-07-15 01:09:44 --> Session: Sessions is enabled, and one exists.Please don't $session->start();
INFO - 2023-07-15 01:09:46 --> Session: Class initialized using 'CodeIgniter\Session\Handlers\FileHandler' driver.
WARNING - 2023-07-15 01:09:46 --> Session: Sessions is enabled, and one exists.Please don't $session->start();
INFO - 2023-07-15 01:10:55 --> Session: Class initialized using 'CodeIgniter\Session\Handlers\FileHandler' driver.
WARNING - 2023-07-15 01:10:55 --> Session: Sessions is enabled, and one exists.Please don't $session->start();
INFO - 2023-07-15 01:10:56 --> Session: Class initialized using 'CodeIgniter\Session\Handlers\FileHandler' driver.
WARNING - 2023-07-15 01:10:56 --> Session: Sessions is enabled, and one exists.Please don't $session->start();
INFO - 2023-07-15 01:11:27 --> Session: Class initialized using 'CodeIgniter\Session\Handlers\FileHandler' driver.
WARNING - 2023-07-15 01:11:27 --> Session: Sessions is enabled, and one exists.Please don't $session->start();
INFO - 2023-07-15 01:11:27 --> Session: Class initialized using 'CodeIgniter\Session\Handlers\FileHandler' driver.
WARNING - 2023-07-15 01:11:27 --> Session: Sessions is enabled, and one exists.Please don't $session->start();
INFO - 2023-07-15 01:11:35 --> Session: Class initialized using 'CodeIgniter\Session\Handlers\FileHandler' driver.
WARNING - 2023-07-15 01:11:35 --> Session: Sessions is enabled, and one exists.Please don't $session->start();
INFO - 2023-07-15 01:11:35 --> Session: Class initialized using 'CodeIgniter\Session\Handlers\FileHandler' driver.
WARNING - 2023-07-15 01:11:35 --> Session: Sessions is enabled, and one exists.Please don't $session->start();
INFO - 2023-07-15 01:11:47 --> Session: Class initialized using 'CodeIgniter\Session\Handlers\FileHandler' driver.
WARNING - 2023-07-15 01:11:47 --> Session: Sessions is enabled, and one exists.Please don't $session->start();
INFO - 2023-07-15 01:11:47 --> Session: Class initialized using 'CodeIgniter\Session\Handlers\FileHandler' driver.
WARNING - 2023-07-15 01:11:47 --> Session: Sessions is enabled, and one exists.Please don't $session->start();
INFO - 2023-07-15 01:14:44 --> Session: Class initialized using 'CodeIgniter\Session\Handlers\FileHandler' driver.
WARNING - 2023-07-15 01:14:44 --> Session: Sessions is enabled, and one exists.Please don't $session->start();
INFO - 2023-07-15 01:14:44 --> Session: Class initialized using 'CodeIgniter\Session\Handlers\FileHandler' driver.
WARNING - 2023-07-15 01:14:44 --> Session: Sessions is enabled, and one exists.Please don't $session->start();
INFO - 2023-07-15 01:15:27 --> Session: Class initialized using 'CodeIgniter\Session\Handlers\FileHandler' driver.
WARNING - 2023-07-15 01:15:27 --> Session: Sessions is enabled, and one exists.Please don't $session->start();
INFO - 2023-07-15 01:15:28 --> Session: Class initialized using 'CodeIgniter\Session\Handlers\FileHandler' driver.
WARNING - 2023-07-15 01:15:28 --> Session: Sessions is enabled, and one exists.Please don't $session->start();
INFO - 2023-07-15 01:15:31 --> Session: Class initialized using 'CodeIgniter\Session\Handlers\FileHandler' driver.
WARNING - 2023-07-15 01:15:31 --> Session: Sessions is enabled, and one exists.Please don't $session->start();
INFO - 2023-07-15 01:16:50 --> Session: Class initialized using 'CodeIgniter\Session\Handlers\FileHandler' driver.
WARNING - 2023-07-15 01:16:50 --> Session: Sessions is enabled, and one exists.Please don't $session->start();
INFO - 2023-07-15 01:16:50 --> Session: Class initialized using 'CodeIgniter\Session\Handlers\FileHandler' driver.
WARNING - 2023-07-15 01:16:50 --> Session: Sessions is enabled, and one exists.Please don't $session->start();
INFO - 2023-07-15 01:16:51 --> Session: Class initialized using 'CodeIgniter\Session\Handlers\FileHandler' driver.
WARNING - 2023-07-15 01:16:51 --> Session: Sessions is enabled, and one exists.Please don't $session->start();
INFO - 2023-07-15 01:16:52 --> Session: Class initialized using 'CodeIgniter\Session\Handlers\FileHandler' driver.
WARNING - 2023-07-15 01:16:52 --> Session: Sessions is enabled, and one exists.Please don't $session->start();
INFO - 2023-07-15 01:16:54 --> Session: Class initialized using 'CodeIgniter\Session\Handlers\FileHandler' driver.
WARNING - 2023-07-15 01:16:54 --> Session: Sessions is enabled, and one exists.Please don't $session->start();
INFO - 2023-07-15 01:16:54 --> Session: Class initialized using 'CodeIgniter\Session\Handlers\FileHandler' driver.
WARNING - 2023-07-15 01:16:54 --> Session: Sessions is enabled, and one exists.Please don't $session->start();
INFO - 2023-07-15 01:46:52 --> Session: Class initialized using 'CodeIgniter\Session\Handlers\FileHandler' driver.
WARNING - 2023-07-15 01:46:52 --> Session: Sessions is enabled, and one exists.Please don't $session->start();
INFO - 2023-07-15 01:46:53 --> Session: Class initialized using 'CodeIgniter\Session\Handlers\FileHandler' driver.
WARNING - 2023-07-15 01:46:53 --> Session: Sessions is enabled, and one exists.Please don't $session->start();
INFO - 2023-07-15 02:16:53 --> Session: Class initialized using 'CodeIgniter\Session\Handlers\FileHandler' driver.
WARNING - 2023-07-15 02:16:53 --> Session: Sessions is enabled, and one exists.Please don't $session->start();
INFO - 2023-07-15 02:16:54 --> Session: Class initialized using 'CodeIgniter\Session\Handlers\FileHandler' driver.
WARNING - 2023-07-15 02:16:54 --> Session: Sessions is enabled, and one exists.Please don't $session->start();
INFO - 2023-07-15 02:32:04 --> Session: Class initialized using 'CodeIgniter\Session\Handlers\FileHandler' driver.
WARNING - 2023-07-15 02:32:04 --> Session: Sessions is enabled, and one exists.Please don't $session->start();
INFO - 2023-07-15 02:32:04 --> Session: Class initialized using 'CodeIgniter\Session\Handlers\FileHandler' driver.
WARNING - 2023-07-15 02:32:04 --> Session: Sessions is enabled, and one exists.Please don't $session->start();
INFO - 2023-07-15 02:33:36 --> Session: Class initialized using 'CodeIgniter\Session\Handlers\FileHandler' driver.
WARNING - 2023-07-15 02:33:36 --> Session: Sessions is enabled, and one exists.Please don't $session->start();
INFO - 2023-07-15 02:33:37 --> Session: Class initialized using 'CodeIgniter\Session\Handlers\FileHandler' driver.
WARNING - 2023-07-15 02:33:37 --> Session: Sessions is enabled, and one exists.Please don't $session->start();
INFO - 2023-07-15 02:33:39 --> Session: Class initialized using 'CodeIgniter\Session\Handlers\FileHandler' driver.
WARNING - 2023-07-15 02:33:39 --> Session: Sessions is enabled, and one exists.Please don't $session->start();
INFO - 2023-07-15 02:33:39 --> Session: Class initialized using 'CodeIgniter\Session\Handlers\FileHandler' driver.
WARNING - 2023-07-15 02:33:39 --> Session: Sessions is enabled, and one exists.Please don't $session->start();
INFO - 2023-07-15 02:34:56 --> Session: Class initialized using 'CodeIgniter\Session\Handlers\FileHandler' driver.
WARNING - 2023-07-15 02:34:56 --> Session: Sessions is enabled, and one exists.Please don't $session->start();
INFO - 2023-07-15 02:34:57 --> Session: Class initialized using 'CodeIgniter\Session\Handlers\FileHandler' driver.
WARNING - 2023-07-15 02:34:57 --> Session: Sessions is enabled, and one exists.Please don't $session->start();
INFO - 2023-07-15 02:35:00 --> Session: Class initialized using 'CodeIgniter\Session\Handlers\FileHandler' driver.
WARNING - 2023-07-15 02:35:00 --> Session: Sessions is enabled, and one exists.Please don't $session->start();
INFO - 2023-07-15 02:35:00 --> Session: Class initialized using 'CodeIgniter\Session\Handlers\FileHandler' driver.
WARNING - 2023-07-15 02:35:00 --> Session: Sessions is enabled, and one exists.Please don't $session->start();
INFO - 2023-07-15 02:35:25 --> Session: Class initialized using 'CodeIgniter\Session\Handlers\FileHandler' driver.
WARNING - 2023-07-15 02:35:25 --> Session: Sessions is enabled, and one exists.Please don't $session->start();
INFO - 2023-07-15 02:35:26 --> Session: Class initialized using 'CodeIgniter\Session\Handlers\FileHandler' driver.
WARNING - 2023-07-15 02:35:26 --> Session: Sessions is enabled, and one exists.Please don't $session->start();
INFO - 2023-07-15 02:35:28 --> Session: Class initialized using 'CodeIgniter\Session\Handlers\FileHandler' driver.
WARNING - 2023-07-15 02:35:28 --> Session: Sessions is enabled, and one exists.Please don't $session->start();
INFO - 2023-07-15 02:35:28 --> Session: Class initialized using 'CodeIgniter\Session\Handlers\FileHandler' driver.
WARNING - 2023-07-15 02:35:28 --> Session: Sessions is enabled, and one exists.Please don't $session->start();
INFO - 2023-07-15 02:44:47 --> Session: Class initialized using 'CodeIgniter\Session\Handlers\FileHandler' driver.
WARNING - 2023-07-15 02:44:47 --> Session: Sessions is enabled, and one exists.Please don't $session->start();
INFO - 2023-07-15 02:44:48 --> Session: Class initialized using 'CodeIgniter\Session\Handlers\FileHandler' driver.
WARNING - 2023-07-15 02:44:48 --> Session: Sessions is enabled, and one exists.Please don't $session->start();
INFO - 2023-07-15 02:44:52 --> Session: Class initialized using 'CodeIgniter\Session\Handlers\FileHandler' driver.
WARNING - 2023-07-15 02:44:52 --> Session: Sessions is enabled, and one exists.Please don't $session->start();
INFO - 2023-07-15 02:44:52 --> Session: Class initialized using 'CodeIgniter\Session\Handlers\FileHandler' driver.
WARNING - 2023-07-15 02:44:52 --> Session: Sessions is enabled, and one exists.Please don't $session->start();
INFO - 2023-07-15 02:47:06 --> Session: Class initialized using 'CodeIgniter\Session\Handlers\FileHandler' driver.
WARNING - 2023-07-15 02:47:06 --> Session: Sessions is enabled, and one exists.Please don't $session->start();
INFO - 2023-07-15 02:47:06 --> Session: Class initialized using 'CodeIgniter\Session\Handlers\FileHandler' driver.
WARNING - 2023-07-15 02:47:06 --> Session: Sessions is enabled, and one exists.Please don't $session->start();
INFO - 2023-07-15 02:51:02 --> Session: Class initialized using 'CodeIgniter\Session\Handlers\FileHandler' driver.
WARNING - 2023-07-15 02:51:02 --> Session: Sessions is enabled, and one exists.Please don't $session->start();
INFO - 2023-07-15 02:51:35 --> Session: Class initialized using 'CodeIgniter\Session\Handlers\FileHandler' driver.
WARNING - 2023-07-15 02:51:35 --> Session: Sessions is enabled, and one exists.Please don't $session->start();
INFO - 2023-07-15 02:51:35 --> Session: Class initialized using 'CodeIgniter\Session\Handlers\FileHandler' driver.
WARNING - 2023-07-15 02:51:35 --> Session: Sessions is enabled, and one exists.Please don't $session->start();
INFO - 2023-07-15 02:51:39 --> Session: Class initialized using 'CodeIgniter\Session\Handlers\FileHandler' driver.
WARNING - 2023-07-15 02:51:39 --> Session: Sessions is enabled, and one exists.Please don't $session->start();
INFO - 2023-07-15 02:51:39 --> Session: Class initialized using 'CodeIgniter\Session\Handlers\FileHandler' driver.
WARNING - 2023-07-15 02:51:39 --> Session: Sessions is enabled, and one exists.Please don't $session->start();
INFO - 2023-07-15 02:51:43 --> Session: Class initialized using 'CodeIgniter\Session\Handlers\FileHandler' driver.
WARNING - 2023-07-15 02:51:43 --> Session: Sessions is enabled, and one exists.Please don't $session->start();
INFO - 2023-07-15 02:51:43 --> Session: Class initialized using 'CodeIgniter\Session\Handlers\FileHandler' driver.
WARNING - 2023-07-15 02:51:43 --> Session: Sessions is enabled, and one exists.Please don't $session->start();
INFO - 2023-07-15 02:51:57 --> Session: Class initialized using 'CodeIgniter\Session\Handlers\FileHandler' driver.
WARNING - 2023-07-15 02:51:57 --> Session: Sessions is enabled, and one exists.Please don't $session->start();
INFO - 2023-07-15 02:51:57 --> Session: Class initialized using 'CodeIgniter\Session\Handlers\FileHandler' driver.
WARNING - 2023-07-15 02:51:57 --> Session: Sessions is enabled, and one exists.Please don't $session->start();
INFO - 2023-07-15 02:52:05 --> Session: Class initialized using 'CodeIgniter\Session\Handlers\FileHandler' driver.
WARNING - 2023-07-15 02:52:05 --> Session: Sessions is enabled, and one exists.Please don't $session->start();
INFO - 2023-07-15 02:52:05 --> Session: Class initialized using 'CodeIgniter\Session\Handlers\FileHandler' driver.
WARNING - 2023-07-15 02:52:05 --> Session: Sessions is enabled, and one exists.Please don't $session->start();
INFO - 2023-07-15 02:53:50 --> Session: Class initialized using 'CodeIgniter\Session\Handlers\FileHandler' driver.
WARNING - 2023-07-15 02:53:50 --> Session: Sessions is enabled, and one exists.Please don't $session->start();
INFO - 2023-07-15 02:53:51 --> Session: Class initialized using 'CodeIgniter\Session\Handlers\FileHandler' driver.
WARNING - 2023-07-15 02:53:51 --> Session: Sessions is enabled, and one exists.Please don't $session->start();
INFO - 2023-07-15 02:53:55 --> Session: Class initialized using 'CodeIgniter\Session\Handlers\FileHandler' driver.
WARNING - 2023-07-15 02:53:55 --> Session: Sessions is enabled, and one exists.Please don't $session->start();
CRITICAL - 2023-07-15 02:53:55 --> You must set the database table to be used with your query.
#0 /usr/local/var/www/simkkn/vendor/codeigniter4/framework/system/Model.php(1237): CodeIgniter\Database\BaseConnection->table(NULL)
#1 /usr/local/var/www/simkkn/vendor/codeigniter4/framework/system/Model.php(1816): CodeIgniter\Model->builder()
#2 /usr/local/var/www/simkkn/app/Controllers/Backend/Laporansurvei.php(479): CodeIgniter\Model->__call('getByID', Array)
#3 /usr/local/var/www/simkkn/vendor/codeigniter4/framework/system/CodeIgniter.php(918): App\Controllers\Backend\Laporansurvei->detail()
#4 /usr/local/var/www/simkkn/vendor/codeigniter4/framework/system/CodeIgniter.php(404): CodeIgniter\CodeIgniter->runController(Object(App\Controllers\Backend\Laporansurvei))
#5 /usr/local/var/www/simkkn/vendor/codeigniter4/framework/system/CodeIgniter.php(312): CodeIgniter\CodeIgniter->handleRequest(NULL, Object(Config\Cache), false)
#6 /usr/local/var/www/simkkn/public/index.php(45): CodeIgniter\CodeIgniter->run()
#7 /usr/local/var/www/simkkn/vendor/codeigniter4/framework/system/Commands/Server/rewrite.php(34): require_once('/usr/local/var/...')
#8 {main}
INFO - 2023-07-15 02:54:26 --> Session: Class initialized using 'CodeIgniter\Session\Handlers\FileHandler' driver.
WARNING - 2023-07-15 02:54:26 --> Session: Sessions is enabled, and one exists.Please don't $session->start();
INFO - 2023-07-15 02:54:26 --> Session: Class initialized using 'CodeIgniter\Session\Handlers\FileHandler' driver.
WARNING - 2023-07-15 02:54:26 --> Session: Sessions is enabled, and one exists.Please don't $session->start();
INFO - 2023-07-15 02:54:28 --> Session: Class initialized using 'CodeIgniter\Session\Handlers\FileHandler' driver.
WARNING - 2023-07-15 02:54:28 --> Session: Sessions is enabled, and one exists.Please don't $session->start();
INFO - 2023-07-15 02:57:29 --> Session: Class initialized using 'CodeIgniter\Session\Handlers\FileHandler' driver.
WARNING - 2023-07-15 02:57:29 --> Session: Sessions is enabled, and one exists.Please don't $session->start();
INFO - 2023-07-15 02:57:29 --> Session: Class initialized using 'CodeIgniter\Session\Handlers\FileHandler' driver.
WARNING - 2023-07-15 02:57:29 --> Session: Sessions is enabled, and one exists.Please don't $session->start();
INFO - 2023-07-15 02:57:33 --> Session: Class initialized using 'CodeIgniter\Session\Handlers\FileHandler' driver.
WARNING - 2023-07-15 02:57:33 --> Session: Sessions is enabled, and one exists.Please don't $session->start();
INFO - 2023-07-15 02:57:33 --> Session: Class initialized using 'CodeIgniter\Session\Handlers\FileHandler' driver.
WARNING - 2023-07-15 02:57:33 --> Session: Sessions is enabled, and one exists.Please don't $session->start();
INFO - 2023-07-15 02:58:22 --> Session: Class initialized using 'CodeIgniter\Session\Handlers\FileHandler' driver.
WARNING - 2023-07-15 02:58:22 --> Session: Sessions is enabled, and one exists.Please don't $session->start();
INFO - 2023-07-15 02:58:23 --> Session: Class initialized using 'CodeIgniter\Session\Handlers\FileHandler' driver.
WARNING - 2023-07-15 02:58:23 --> Session: Sessions is enabled, and one exists.Please don't $session->start();
INFO - 2023-07-15 02:58:25 --> Session: Class initialized using 'CodeIgniter\Session\Handlers\FileHandler' driver.
WARNING - 2023-07-15 02:58:25 --> Session: Sessions is enabled, and one exists.Please don't $session->start();
INFO - 2023-07-15 02:58:25 --> Session: Class initialized using 'CodeIgniter\Session\Handlers\FileHandler' driver.
WARNING - 2023-07-15 02:58:25 --> Session: Sessions is enabled, and one exists.Please don't $session->start();
INFO - 2023-07-15 02:58:29 --> Session: Class initialized using 'CodeIgniter\Session\Handlers\FileHandler' driver.
WARNING - 2023-07-15 02:58:29 --> Session: Sessions is enabled, and one exists.Please don't $session->start();
INFO - 2023-07-15 02:58:29 --> Session: Class initialized using 'CodeIgniter\Session\Handlers\FileHandler' driver.
WARNING - 2023-07-15 02:58:29 --> Session: Sessions is enabled, and one exists.Please don't $session->start();
INFO - 2023-07-15 02:58:59 --> Session: Class initialized using 'CodeIgniter\Session\Handlers\FileHandler' driver.
WARNING - 2023-07-15 02:58:59 --> Session: Sessions is enabled, and one exists.Please don't $session->start();
INFO - 2023-07-15 02:59:00 --> Session: Class initialized using 'CodeIgniter\Session\Handlers\FileHandler' driver.
WARNING - 2023-07-15 02:59:00 --> Session: Sessions is enabled, and one exists.Please don't $session->start();
INFO - 2023-07-15 02:59:01 --> Session: Class initialized using 'CodeIgniter\Session\Handlers\FileHandler' driver.
WARNING - 2023-07-15 02:59:01 --> Session: Sessions is enabled, and one exists.Please don't $session->start();
INFO - 2023-07-15 02:59:21 --> Session: Class initialized using 'CodeIgniter\Session\Handlers\FileHandler' driver.
WARNING - 2023-07-15 02:59:21 --> Session: Sessions is enabled, and one exists.Please don't $session->start();
INFO - 2023-07-15 02:59:22 --> Session: Class initialized using 'CodeIgniter\Session\Handlers\FileHandler' driver.
WARNING - 2023-07-15 02:59:22 --> Session: Sessions is enabled, and one exists.Please don't $session->start();
INFO - 2023-07-15 02:59:23 --> Session: Class initialized using 'CodeIgniter\Session\Handlers\FileHandler' driver.
WARNING - 2023-07-15 02:59:23 --> Session: Sessions is enabled, and one exists.Please don't $session->start();
INFO - 2023-07-15 02:59:38 --> Session: Class initialized using 'CodeIgniter\Session\Handlers\FileHandler' driver.
WARNING - 2023-07-15 02:59:38 --> Session: Sessions is enabled, and one exists.Please don't $session->start();
INFO - 2023-07-15 02:59:39 --> Session: Class initialized using 'CodeIgniter\Session\Handlers\FileHandler' driver.
WARNING - 2023-07-15 02:59:39 --> Session: Sessions is enabled, and one exists.Please don't $session->start();
INFO - 2023-07-15 02:59:40 --> Session: Class initialized using 'CodeIgniter\Session\Handlers\FileHandler' driver.
WARNING - 2023-07-15 02:59:40 --> Session: Sessions is enabled, and one exists.Please don't $session->start();
INFO - 2023-07-15 02:59:48 --> Session: Class initialized using 'CodeIgniter\Session\Handlers\FileHandler' driver.
WARNING - 2023-07-15 02:59:48 --> Session: Sessions is enabled, and one exists.Please don't $session->start();
INFO - 2023-07-15 02:59:49 --> Session: Class initialized using 'CodeIgniter\Session\Handlers\FileHandler' driver.
WARNING - 2023-07-15 02:59:49 --> Session: Sessions is enabled, and one exists.Please don't $session->start();
INFO - 2023-07-15 02:59:50 --> Session: Class initialized using 'CodeIgniter\Session\Handlers\FileHandler' driver.
WARNING - 2023-07-15 02:59:50 --> Session: Sessions is enabled, and one exists.Please don't $session->start();
INFO - 2023-07-15 03:00:09 --> Session: Class initialized using 'CodeIgniter\Session\Handlers\FileHandler' driver.
WARNING - 2023-07-15 03:00:09 --> Session: Sessions is enabled, and one exists.Please don't $session->start();
INFO - 2023-07-15 03:00:10 --> Session: Class initialized using 'CodeIgniter\Session\Handlers\FileHandler' driver.
WARNING - 2023-07-15 03:00:10 --> Session: Sessions is enabled, and one exists.Please don't $session->start();
INFO - 2023-07-15 03:00:11 --> Session: Class initialized using 'CodeIgniter\Session\Handlers\FileHandler' driver.
WARNING - 2023-07-15 03:00:11 --> Session: Sessions is enabled, and one exists.Please don't $session->start();
INFO - 2023-07-15 03:01:13 --> Session: Class initialized using 'CodeIgniter\Session\Handlers\FileHandler' driver.
WARNING - 2023-07-15 03:01:13 --> Session: Sessions is enabled, and one exists.Please don't $session->start();
INFO - 2023-07-15 03:01:13 --> Session: Class initialized using 'CodeIgniter\Session\Handlers\FileHandler' driver.
WARNING - 2023-07-15 03:01:13 --> Session: Sessions is enabled, and one exists.Please don't $session->start();
INFO - 2023-07-15 03:01:15 --> Session: Class initialized using 'CodeIgniter\Session\Handlers\FileHandler' driver.
WARNING - 2023-07-15 03:01:15 --> Session: Sessions is enabled, and one exists.Please don't $session->start();
INFO - 2023-07-15 03:01:27 --> Session: Class initialized using 'CodeIgniter\Session\Handlers\FileHandler' driver.
WARNING - 2023-07-15 03:01:27 --> Session: Sessions is enabled, and one exists.Please don't $session->start();
INFO - 2023-07-15 03:01:28 --> Session: Class initialized using 'CodeIgniter\Session\Handlers\FileHandler' driver.
WARNING - 2023-07-15 03:01:28 --> Session: Sessions is enabled, and one exists.Please don't $session->start();
INFO - 2023-07-15 03:01:29 --> Session: Class initialized using 'CodeIgniter\Session\Handlers\FileHandler' driver.
WARNING - 2023-07-15 03:01:29 --> Session: Sessions is enabled, and one exists.Please don't $session->start();
INFO - 2023-07-15 03:03:34 --> Session: Class initialized using 'CodeIgniter\Session\Handlers\FileHandler' driver.
WARNING - 2023-07-15 03:03:34 --> Session: Sessions is enabled, and one exists.Please don't $session->start();
INFO - 2023-07-15 03:03:35 --> Session: Class initialized using 'CodeIgniter\Session\Handlers\FileHandler' driver.
WARNING - 2023-07-15 03:03:35 --> Session: Sessions is enabled, and one exists.Please don't $session->start();
INFO - 2023-07-15 03:03:42 --> Session: Class initialized using 'CodeIgniter\Session\Handlers\FileHandler' driver.
WARNING - 2023-07-15 03:03:42 --> Session: Sessions is enabled, and one exists.Please don't $session->start();
INFO - 2023-07-15 03:03:42 --> Session: Class initialized using 'CodeIgniter\Session\Handlers\FileHandler' driver.
WARNING - 2023-07-15 03:03:42 --> Session: Sessions is enabled, and one exists.Please don't $session->start();
INFO - 2023-07-15 03:03:45 --> Session: Class initialized using 'CodeIgniter\Session\Handlers\FileHandler' driver.
WARNING - 2023-07-15 03:03:45 --> Session: Sessions is enabled, and one exists.Please don't $session->start();
INFO - 2023-07-15 03:03:45 --> Session: Class initialized using 'CodeIgniter\Session\Handlers\FileHandler' driver.
WARNING - 2023-07-15 03:03:45 --> Session: Sessions is enabled, and one exists.Please don't $session->start();
INFO - 2023-07-15 03:03:49 --> Session: Class initialized using 'CodeIgniter\Session\Handlers\FileHandler' driver.
WARNING - 2023-07-15 03:03:49 --> Session: Sessions is enabled, and one exists.Please don't $session->start();
INFO - 2023-07-15 03:03:49 --> Session: Class initialized using 'CodeIgniter\Session\Handlers\FileHandler' driver.
WARNING - 2023-07-15 03:03:49 --> Session: Sessions is enabled, and one exists.Please don't $session->start();
INFO - 2023-07-15 03:04:31 --> Session: Class initialized using 'CodeIgniter\Session\Handlers\FileHandler' driver.
WARNING - 2023-07-15 03:04:31 --> Session: Sessions is enabled, and one exists.Please don't $session->start();
INFO - 2023-07-15 03:04:32 --> Session: Class initialized using 'CodeIgniter\Session\Handlers\FileHandler' driver.
WARNING - 2023-07-15 03:04:32 --> Session: Sessions is enabled, and one exists.Please don't $session->start();
INFO - 2023-07-15 03:04:39 --> Session: Class initialized using 'CodeIgniter\Session\Handlers\FileHandler' driver.
WARNING - 2023-07-15 03:04:39 --> Session: Sessions is enabled, and one exists.Please don't $session->start();
INFO - 2023-07-15 03:04:40 --> Session: Class initialized using 'CodeIgniter\Session\Handlers\FileHandler' driver.
WARNING - 2023-07-15 03:04:40 --> Session: Sessions is enabled, and one exists.Please don't $session->start();
INFO - 2023-07-15 03:04:43 --> Session: Class initialized using 'CodeIgniter\Session\Handlers\FileHandler' driver.
WARNING - 2023-07-15 03:04:43 --> Session: Sessions is enabled, and one exists.Please don't $session->start();
INFO - 2023-07-15 03:04:44 --> Session: Class initialized using 'CodeIgniter\Session\Handlers\FileHandler' driver.
WARNING - 2023-07-15 03:04:44 --> Session: Sessions is enabled, and one exists.Please don't $session->start();
INFO - 2023-07-15 03:04:51 --> Session: Class initialized using 'CodeIgniter\Session\Handlers\FileHandler' driver.
WARNING - 2023-07-15 03:04:51 --> Session: Sessions is enabled, and one exists.Please don't $session->start();
INFO - 2023-07-15 03:04:51 --> Session: Class initialized using 'CodeIgniter\Session\Handlers\FileHandler' driver.
WARNING - 2023-07-15 03:04:51 --> Session: Sessions is enabled, and one exists.Please don't $session->start();
INFO - 2023-07-15 03:05:29 --> Session: Class initialized using 'CodeIgniter\Session\Handlers\FileHandler' driver.
WARNING - 2023-07-15 03:05:29 --> Session: Sessions is enabled, and one exists.Please don't $session->start();
INFO - 2023-07-15 03:05:30 --> Session: Class initialized using 'CodeIgniter\Session\Handlers\FileHandler' driver.
WARNING - 2023-07-15 03:05:30 --> Session: Sessions is enabled, and one exists.Please don't $session->start();
INFO - 2023-07-15 03:05:33 --> Session: Class initialized using 'CodeIgniter\Session\Handlers\FileHandler' driver.
WARNING - 2023-07-15 03:05:33 --> Session: Sessions is enabled, and one exists.Please don't $session->start();
INFO - 2023-07-15 03:05:33 --> Session: Class initialized using 'CodeIgniter\Session\Handlers\FileHandler' driver.
WARNING - 2023-07-15 03:05:33 --> Session: Sessions is enabled, and one exists.Please don't $session->start();
INFO - 2023-07-15 03:06:00 --> Session: Class initialized using 'CodeIgniter\Session\Handlers\FileHandler' driver.
WARNING - 2023-07-15 03:06:00 --> Session: Sessions is enabled, and one exists.Please don't $session->start();
INFO - 2023-07-15 03:06:01 --> Session: Class initialized using 'CodeIgniter\Session\Handlers\FileHandler' driver.
WARNING - 2023-07-15 03:06:01 --> Session: Sessions is enabled, and one exists.Please don't $session->start();
INFO - 2023-07-15 03:06:02 --> Session: Class initialized using 'CodeIgniter\Session\Handlers\FileHandler' driver.
WARNING - 2023-07-15 03:06:02 --> Session: Sessions is enabled, and one exists.Please don't $session->start();
INFO - 2023-07-15 03:06:02 --> Session: Class initialized using 'CodeIgniter\Session\Handlers\FileHandler' driver.
WARNING - 2023-07-15 03:06:02 --> Session: Sessions is enabled, and one exists.Please don't $session->start();
INFO - 2023-07-15 03:06:46 --> Session: Class initialized using 'CodeIgniter\Session\Handlers\FileHandler' driver.
WARNING - 2023-07-15 03:06:46 --> Session: Sessions is enabled, and one exists.Please don't $session->start();
INFO - 2023-07-15 03:06:46 --> Session: Class initialized using 'CodeIgniter\Session\Handlers\FileHandler' driver.
WARNING - 2023-07-15 03:06:46 --> Session: Sessions is enabled, and one exists.Please don't $session->start();
INFO - 2023-07-15 03:06:52 --> Session: Class initialized using 'CodeIgniter\Session\Handlers\FileHandler' driver.
WARNING - 2023-07-15 03:06:52 --> Session: Sessions is enabled, and one exists.Please don't $session->start();
INFO - 2023-07-15 03:06:52 --> Session: Class initialized using 'CodeIgniter\Session\Handlers\FileHandler' driver.
WARNING - 2023-07-15 03:06:52 --> Session: Sessions is enabled, and one exists.Please don't $session->start();
INFO - 2023-07-15 03:07:40 --> Session: Class initialized using 'CodeIgniter\Session\Handlers\FileHandler' driver.
WARNING - 2023-07-15 03:07:40 --> Session: Sessions is enabled, and one exists.Please don't $session->start();
INFO - 2023-07-15 03:07:41 --> Session: Class initialized using 'CodeIgniter\Session\Handlers\FileHandler' driver.
WARNING - 2023-07-15 03:07:41 --> Session: Sessions is enabled, and one exists.Please don't $session->start();
INFO - 2023-07-15 03:07:44 --> Session: Class initialized using 'CodeIgniter\Session\Handlers\FileHandler' driver.
WARNING - 2023-07-15 03:07:44 --> Session: Sessions is enabled, and one exists.Please don't $session->start();
INFO - 2023-07-15 03:07:48 --> Session: Class initialized using 'CodeIgniter\Session\Handlers\FileHandler' driver.
WARNING - 2023-07-15 03:07:48 --> Session: Sessions is enabled, and one exists.Please don't $session->start();
INFO - 2023-07-15 03:20:31 --> Session: Class initialized using 'CodeIgniter\Session\Handlers\FileHandler' driver.
WARNING - 2023-07-15 03:20:31 --> Session: Sessions is enabled, and one exists.Please don't $session->start();
INFO - 2023-07-15 03:20:33 --> Session: Class initialized using 'CodeIgniter\Session\Handlers\FileHandler' driver.
WARNING - 2023-07-15 03:20:33 --> Session: Sessions is enabled, and one exists.Please don't $session->start();
INFO - 2023-07-15 03:20:48 --> Session: Class initialized using 'CodeIgniter\Session\Handlers\FileHandler' driver.
WARNING - 2023-07-15 03:20:48 --> Session: Sessions is enabled, and one exists.Please don't $session->start();
INFO - 2023-07-15 03:20:49 --> Session: Class initialized using 'CodeIgniter\Session\Handlers\FileHandler' driver.
WARNING - 2023-07-15 03:20:49 --> Session: Sessions is enabled, and one exists.Please don't $session->start();
INFO - 2023-07-15 03:27:11 --> Session: Class initialized using 'CodeIgniter\Session\Handlers\FileHandler' driver.
WARNING - 2023-07-15 03:27:11 --> Session: Sessions is enabled, and one exists.Please don't $session->start();
INFO - 2023-07-15 03:27:13 --> Session: Class initialized using 'CodeIgniter\Session\Handlers\FileHandler' driver.
WARNING - 2023-07-15 03:27:13 --> Session: Sessions is enabled, and one exists.Please don't $session->start();
INFO - 2023-07-15 03:27:29 --> Session: Class initialized using 'CodeIgniter\Session\Handlers\FileHandler' driver.
WARNING - 2023-07-15 03:27:29 --> Session: Sessions is enabled, and one exists.Please don't $session->start();
INFO - 2023-07-15 03:27:31 --> Session: Class initialized using 'CodeIgniter\Session\Handlers\FileHandler' driver.
WARNING - 2023-07-15 03:27:31 --> Session: Sessions is enabled, and one exists.Please don't $session->start();
INFO - 2023-07-15 03:27:48 --> Session: Class initialized using 'CodeIgniter\Session\Handlers\FileHandler' driver.
WARNING - 2023-07-15 03:27:48 --> Session: Sessions is enabled, and one exists.Please don't $session->start();
INFO - 2023-07-15 03:27:50 --> Session: Class initialized using 'CodeIgniter\Session\Handlers\FileHandler' driver.
WARNING - 2023-07-15 03:27:50 --> Session: Sessions is enabled, and one exists.Please don't $session->start();
INFO - 2023-07-15 03:36:33 --> Session: Class initialized using 'CodeIgniter\Session\Handlers\FileHandler' driver.
WARNING - 2023-07-15 03:36:33 --> Session: Sessions is enabled, and one exists.Please don't $session->start();
INFO - 2023-07-15 03:36:36 --> Session: Class initialized using 'CodeIgniter\Session\Handlers\FileHandler' driver.
WARNING - 2023-07-15 03:36:36 --> Session: Sessions is enabled, and one exists.Please don't $session->start();
INFO - 2023-07-15 03:37:17 --> Session: Class initialized using 'CodeIgniter\Session\Handlers\FileHandler' driver.
WARNING - 2023-07-15 03:37:17 --> Session: Sessions is enabled, and one exists.Please don't $session->start();
INFO - 2023-07-15 03:37:20 --> Session: Class initialized using 'CodeIgniter\Session\Handlers\FileHandler' driver.
WARNING - 2023-07-15 03:37:20 --> Session: Sessions is enabled, and one exists.Please don't $session->start();
INFO - 2023-07-15 03:38:45 --> Session: Class initialized using 'CodeIgniter\Session\Handlers\FileHandler' driver.
WARNING - 2023-07-15 03:38:45 --> Session: Sessions is enabled, and one exists.Please don't $session->start();
INFO - 2023-07-15 03:38:48 --> Session: Class initialized using 'CodeIgniter\Session\Handlers\FileHandler' driver.
WARNING - 2023-07-15 03:38:48 --> Session: Sessions is enabled, and one exists.Please don't $session->start();
INFO - 2023-07-15 03:40:30 --> Session: Class initialized using 'CodeIgniter\Session\Handlers\FileHandler' driver.
WARNING - 2023-07-15 03:40:30 --> Session: Sessions is enabled, and one exists.Please don't $session->start();
INFO - 2023-07-15 03:42:41 --> Session: Class initialized using 'CodeIgniter\Session\Handlers\FileHandler' driver.
WARNING - 2023-07-15 03:42:41 --> Session: Sessions is enabled, and one exists.Please don't $session->start();
INFO - 2023-07-15 03:42:50 --> Session: Class initialized using 'CodeIgniter\Session\Handlers\FileHandler' driver.
WARNING - 2023-07-15 03:42:50 --> Session: Sessions is enabled, and one exists.Please don't $session->start();
INFO - 2023-07-15 03:42:50 --> Session: Class initialized using 'CodeIgniter\Session\Handlers\FileHandler' driver.
WARNING - 2023-07-15 03:42:50 --> Session: Sessions is enabled, and one exists.Please don't $session->start();
INFO - 2023-07-15 03:42:51 --> Session: Class initialized using 'CodeIgniter\Session\Handlers\FileHandler' driver.
WARNING - 2023-07-15 03:42:51 --> Session: Sessions is enabled, and one exists.Please don't $session->start();
INFO - 2023-07-15 03:42:52 --> Session: Class initialized using 'CodeIgniter\Session\Handlers\FileHandler' driver.
WARNING - 2023-07-15 03:42:52 --> Session: Sessions is enabled, and one exists.Please don't $session->start();
INFO - 2023-07-15 03:42:53 --> Session: Class initialized using 'CodeIgniter\Session\Handlers\FileHandler' driver.
WARNING - 2023-07-15 03:42:53 --> Session: Sessions is enabled, and one exists.Please don't $session->start();
INFO - 2023-07-15 04:12:53 --> Session: Class initialized using 'CodeIgniter\Session\Handlers\FileHandler' driver.
WARNING - 2023-07-15 04:12:53 --> Session: Sessions is enabled, and one exists.Please don't $session->start();
INFO - 2023-07-15 04:12:55 --> Session: Class initialized using 'CodeIgniter\Session\Handlers\FileHandler' driver.
WARNING - 2023-07-15 04:12:55 --> Session: Sessions is enabled, and one exists.Please don't $session->start();
INFO - 2023-07-15 04:42:55 --> Session: Class initialized using 'CodeIgniter\Session\Handlers\FileHandler' driver.
WARNING - 2023-07-15 04:42:55 --> Session: Sessions is enabled, and one exists.Please don't $session->start();
INFO - 2023-07-15 04:42:56 --> Session: Class initialized using 'CodeIgniter\Session\Handlers\FileHandler' driver.
WARNING - 2023-07-15 04:42:56 --> Session: Sessions is enabled, and one exists.Please don't $session->start();
INFO - 2023-07-15 05:12:56 --> Session: Class initialized using 'CodeIgniter\Session\Handlers\FileHandler' driver.
WARNING - 2023-07-15 05:12:56 --> Session: Sessions is enabled, and one exists.Please don't $session->start();
INFO - 2023-07-15 05:12:58 --> Session: Class initialized using 'CodeIgniter\Session\Handlers\FileHandler' driver.
WARNING - 2023-07-15 05:12:58 --> Session: Sessions is enabled, and one exists.Please don't $session->start();
INFO - 2023-07-15 05:42:58 --> Session: Class initialized using 'CodeIgniter\Session\Handlers\FileHandler' driver.
WARNING - 2023-07-15 05:42:58 --> Session: Sessions is enabled, and one exists.Please don't $session->start();
INFO - 2023-07-15 05:42:59 --> Session: Class initialized using 'CodeIgniter\Session\Handlers\FileHandler' driver.
WARNING - 2023-07-15 05:42:59 --> Session: Sessions is enabled, and one exists.Please don't $session->start();
INFO - 2023-07-15 06:13:00 --> Session: Class initialized using 'CodeIgniter\Session\Handlers\FileHandler' driver.
WARNING - 2023-07-15 06:13:00 --> Session: Sessions is enabled, and one exists.Please don't $session->start();
INFO - 2023-07-15 06:13:01 --> Session: Class initialized using 'CodeIgniter\Session\Handlers\FileHandler' driver.
WARNING - 2023-07-15 06:13:01 --> Session: Sessions is enabled, and one exists.Please don't $session->start();
INFO - 2023-07-15 06:43:01 --> Session: Class initialized using 'CodeIgniter\Session\Handlers\FileHandler' driver.
WARNING - 2023-07-15 06:43:01 --> Session: Sessions is enabled, and one exists.Please don't $session->start();
INFO - 2023-07-15 06:43:03 --> Session: Class initialized using 'CodeIgniter\Session\Handlers\FileHandler' driver.
WARNING - 2023-07-15 06:43:03 --> Session: Sessions is enabled, and one exists.Please don't $session->start();
INFO - 2023-07-15 07:13:03 --> Session: Class initialized using 'CodeIgniter\Session\Handlers\FileHandler' driver.
WARNING - 2023-07-15 07:13:03 --> Session: Sessions is enabled, and one exists.Please don't $session->start();
INFO - 2023-07-15 07:13:04 --> Session: Class initialized using 'CodeIgniter\Session\Handlers\FileHandler' driver.
WARNING - 2023-07-15 07:13:04 --> Session: Sessions is enabled, and one exists.Please don't $session->start();
INFO - 2023-07-15 07:43:04 --> Session: Class initialized using 'CodeIgniter\Session\Handlers\FileHandler' driver.
WARNING - 2023-07-15 07:43:04 --> Session: Sessions is enabled, and one exists.Please don't $session->start();
INFO - 2023-07-15 07:43:05 --> Session: Class initialized using 'CodeIgniter\Session\Handlers\FileHandler' driver.
WARNING - 2023-07-15 07:43:05 --> Session: Sessions is enabled, and one exists.Please don't $session->start();
INFO - 2023-07-15 08:05:05 --> Session: Class initialized using 'CodeIgniter\Session\Handlers\FileHandler' driver.
INFO - 2023-07-15 08:05:10 --> Session: Class initialized using 'CodeIgniter\Session\Handlers\FileHandler' driver.
WARNING - 2023-07-15 08:05:10 --> Session: Sessions is enabled, and one exists.Please don't $session->start();
INFO - 2023-07-15 08:05:11 --> Session: Class initialized using 'CodeIgniter\Session\Handlers\FileHandler' driver.
WARNING - 2023-07-15 08:05:11 --> Session: Sessions is enabled, and one exists.Please don't $session->start();
INFO - 2023-07-15 08:07:20 --> Session: Class initialized using 'CodeIgniter\Session\Handlers\FileHandler' driver.
WARNING - 2023-07-15 08:07:20 --> Session: Sessions is enabled, and one exists.Please don't $session->start();
INFO - 2023-07-15 08:07:20 --> Session: Class initialized using 'CodeIgniter\Session\Handlers\FileHandler' driver.
WARNING - 2023-07-15 08:07:20 --> Session: Sessions is enabled, and one exists.Please don't $session->start();
INFO - 2023-07-15 08:07:21 --> Session: Class initialized using 'CodeIgniter\Session\Handlers\FileHandler' driver.
WARNING - 2023-07-15 08:07:21 --> Session: Sessions is enabled, and one exists.Please don't $session->start();
INFO - 2023-07-15 08:07:26 --> Session: Class initialized using 'CodeIgniter\Session\Handlers\FileHandler' driver.
WARNING - 2023-07-15 08:07:26 --> Session: Sessions is enabled, and one exists.Please don't $session->start();
INFO - 2023-07-15 08:07:26 --> Session: Class initialized using 'CodeIgniter\Session\Handlers\FileHandler' driver.
WARNING - 2023-07-15 08:07:26 --> Session: Sessions is enabled, and one exists.Please don't $session->start();
INFO - 2023-07-15 08:07:29 --> Session: Class initialized using 'CodeIgniter\Session\Handlers\FileHandler' driver.
WARNING - 2023-07-15 08:07:29 --> Session: Sessions is enabled, and one exists.Please don't $session->start();
INFO - 2023-07-15 08:07:29 --> Session: Class initialized using 'CodeIgniter\Session\Handlers\FileHandler' driver.
WARNING - 2023-07-15 08:07:29 --> Session: Sessions is enabled, and one exists.Please don't $session->start();
INFO - 2023-07-15 12:07:11 --> Session: Class initialized using 'CodeIgniter\Session\Handlers\FileHandler' driver.
WARNING - 2023-07-15 12:07:11 --> Session: Sessions is enabled, and one exists.Please don't $session->start();
INFO - 2023-07-15 12:07:11 --> Session: Class initialized using 'CodeIgniter\Session\Handlers\FileHandler' driver.
WARNING - 2023-07-15 12:07:11 --> Session: Sessions is enabled, and one exists.Please don't $session->start();
