INFO - 2023-07-28 12:25:03 --> Session: Class initialized using 'CodeIgniter\Session\Handlers\FileHandler' driver.
WARNING - 2023-07-28 12:25:03 --> Session: Sessions is enabled, and one exists.Please don't $session->start();
INFO - 2023-07-28 12:25:10 --> Session: Class initialized using 'CodeIgniter\Session\Handlers\FileHandler' driver.
WARNING - 2023-07-28 12:25:10 --> Session: Sessions is enabled, and one exists.Please don't $session->start();
INFO - 2023-07-28 12:25:12 --> Session: Class initialized using 'CodeIgniter\Session\Handlers\FileHandler' driver.
INFO - 2023-07-28 12:25:17 --> Session: Class initialized using 'CodeIgniter\Session\Handlers\FileHandler' driver.
WARNING - 2023-07-28 12:25:17 --> Session: Sessions is enabled, and one exists.Please don't $session->start();
INFO - 2023-07-28 12:25:22 --> Session: Class initialized using 'CodeIgniter\Session\Handlers\FileHandler' driver.
WARNING - 2023-07-28 12:25:22 --> Session: Sessions is enabled, and one exists.Please don't $session->start();
INFO - 2023-07-28 12:32:01 --> Session: Class initialized using 'CodeIgniter\Session\Handlers\FileHandler' driver.
WARNING - 2023-07-28 12:32:01 --> Session: Sessions is enabled, and one exists.Please don't $session->start();
INFO - 2023-07-28 12:32:07 --> Session: Class initialized using 'CodeIgniter\Session\Handlers\FileHandler' driver.
WARNING - 2023-07-28 12:32:07 --> Session: Sessions is enabled, and one exists.Please don't $session->start();
INFO - 2023-07-28 12:33:20 --> Session: Class initialized using 'CodeIgniter\Session\Handlers\FileHandler' driver.
WARNING - 2023-07-28 12:33:20 --> Session: Sessions is enabled, and one exists.Please don't $session->start();
INFO - 2023-07-28 12:33:21 --> Session: Class initialized using 'CodeIgniter\Session\Handlers\FileHandler' driver.
WARNING - 2023-07-28 12:33:21 --> Session: Sessions is enabled, and one exists.Please don't $session->start();
INFO - 2023-07-28 12:33:37 --> Session: Class initialized using 'CodeIgniter\Session\Handlers\FileHandler' driver.
WARNING - 2023-07-28 12:33:37 --> Session: Sessions is enabled, and one exists.Please don't $session->start();
INFO - 2023-07-28 12:33:39 --> Session: Class initialized using 'CodeIgniter\Session\Handlers\FileHandler' driver.
INFO - 2023-07-28 12:34:04 --> Session: Class initialized using 'CodeIgniter\Session\Handlers\FileHandler' driver.
WARNING - 2023-07-28 12:34:04 --> Session: Sessions is enabled, and one exists.Please don't $session->start();
INFO - 2023-07-28 12:34:09 --> Session: Class initialized using 'CodeIgniter\Session\Handlers\FileHandler' driver.
WARNING - 2023-07-28 12:34:09 --> Session: Sessions is enabled, and one exists.Please don't $session->start();
INFO - 2023-07-28 12:44:03 --> Session: Class initialized using 'CodeIgniter\Session\Handlers\FileHandler' driver.
WARNING - 2023-07-28 12:44:03 --> Session: Sessions is enabled, and one exists.Please don't $session->start();
INFO - 2023-07-28 12:44:08 --> Session: Class initialized using 'CodeIgniter\Session\Handlers\FileHandler' driver.
WARNING - 2023-07-28 12:44:08 --> Session: Sessions is enabled, and one exists.Please don't $session->start();
INFO - 2023-07-28 12:44:11 --> Session: Class initialized using 'CodeIgniter\Session\Handlers\FileHandler' driver.
INFO - 2023-07-28 12:44:13 --> Session: Class initialized using 'CodeIgniter\Session\Handlers\FileHandler' driver.
WARNING - 2023-07-28 12:44:13 --> Session: Sessions is enabled, and one exists.Please don't $session->start();
INFO - 2023-07-28 12:44:14 --> Session: Class initialized using 'CodeIgniter\Session\Handlers\FileHandler' driver.
WARNING - 2023-07-28 12:44:14 --> Session: Sessions is enabled, and one exists.Please don't $session->start();
INFO - 2023-07-28 12:44:22 --> Session: Class initialized using 'CodeIgniter\Session\Handlers\FileHandler' driver.
WARNING - 2023-07-28 12:44:22 --> Session: Sessions is enabled, and one exists.Please don't $session->start();
INFO - 2023-07-28 12:44:22 --> Session: Class initialized using 'CodeIgniter\Session\Handlers\FileHandler' driver.
WARNING - 2023-07-28 12:44:22 --> Session: Sessions is enabled, and one exists.Please don't $session->start();
INFO - 2023-07-28 19:46:30 --> Session: Class initialized using 'CodeIgniter\Session\Handlers\FileHandler' driver.
WARNING - 2023-07-28 19:46:30 --> Session: Sessions is enabled, and one exists.Please don't $session->start();
INFO - 2023-07-28 19:46:37 --> Session: Class initialized using 'CodeIgniter\Session\Handlers\FileHandler' driver.
WARNING - 2023-07-28 19:46:37 --> Session: Sessions is enabled, and one exists.Please don't $session->start();
INFO - 2023-07-28 19:46:39 --> Session: Class initialized using 'CodeIgniter\Session\Handlers\FileHandler' driver.
INFO - 2023-07-28 19:46:44 --> Session: Class initialized using 'CodeIgniter\Session\Handlers\FileHandler' driver.
WARNING - 2023-07-28 19:46:44 --> Session: Sessions is enabled, and one exists.Please don't $session->start();
INFO - 2023-07-28 19:46:44 --> Session: Class initialized using 'CodeIgniter\Session\Handlers\FileHandler' driver.
WARNING - 2023-07-28 19:46:44 --> Session: Sessions is enabled, and one exists.Please don't $session->start();
INFO - 2023-07-28 19:47:27 --> Session: Class initialized using 'CodeIgniter\Session\Handlers\FileHandler' driver.
WARNING - 2023-07-28 19:47:27 --> Session: Sessions is enabled, and one exists.Please don't $session->start();
INFO - 2023-07-28 19:47:27 --> Session: Class initialized using 'CodeIgniter\Session\Handlers\FileHandler' driver.
WARNING - 2023-07-28 19:47:27 --> Session: Sessions is enabled, and one exists.Please don't $session->start();
INFO - 2023-07-28 19:47:32 --> Session: Class initialized using 'CodeIgniter\Session\Handlers\FileHandler' driver.
WARNING - 2023-07-28 19:47:32 --> Session: Sessions is enabled, and one exists.Please don't $session->start();
INFO - 2023-07-28 19:47:34 --> Session: Class initialized using 'CodeIgniter\Session\Handlers\FileHandler' driver.
INFO - 2023-07-28 19:47:37 --> Session: Class initialized using 'CodeIgniter\Session\Handlers\FileHandler' driver.
WARNING - 2023-07-28 19:47:37 --> Session: Sessions is enabled, and one exists.Please don't $session->start();
INFO - 2023-07-28 19:47:37 --> Session: Class initialized using 'CodeIgniter\Session\Handlers\FileHandler' driver.
WARNING - 2023-07-28 19:47:37 --> Session: Sessions is enabled, and one exists.Please don't $session->start();
INFO - 2023-07-28 19:47:38 --> Session: Class initialized using 'CodeIgniter\Session\Handlers\FileHandler' driver.
WARNING - 2023-07-28 19:47:38 --> Session: Sessions is enabled, and one exists.Please don't $session->start();
INFO - 2023-07-28 19:47:38 --> Session: Class initialized using 'CodeIgniter\Session\Handlers\FileHandler' driver.
WARNING - 2023-07-28 19:47:38 --> Session: Sessions is enabled, and one exists.Please don't $session->start();
INFO - 2023-07-28 19:48:10 --> Session: Class initialized using 'CodeIgniter\Session\Handlers\FileHandler' driver.
WARNING - 2023-07-28 19:48:10 --> Session: Sessions is enabled, and one exists.Please don't $session->start();
INFO - 2023-07-28 19:48:10 --> Session: Class initialized using 'CodeIgniter\Session\Handlers\FileHandler' driver.
WARNING - 2023-07-28 19:48:10 --> Session: Sessions is enabled, and one exists.Please don't $session->start();
INFO - 2023-07-28 19:48:13 --> Session: Class initialized using 'CodeIgniter\Session\Handlers\FileHandler' driver.
WARNING - 2023-07-28 19:48:13 --> Session: Sessions is enabled, and one exists.Please don't $session->start();
INFO - 2023-07-28 19:48:16 --> Session: Class initialized using 'CodeIgniter\Session\Handlers\FileHandler' driver.
WARNING - 2023-07-28 19:48:16 --> Session: Sessions is enabled, and one exists.Please don't $session->start();
INFO - 2023-07-28 19:48:16 --> Session: Class initialized using 'CodeIgniter\Session\Handlers\FileHandler' driver.
WARNING - 2023-07-28 19:48:16 --> Session: Sessions is enabled, and one exists.Please don't $session->start();
INFO - 2023-07-28 19:48:40 --> Session: Class initialized using 'CodeIgniter\Session\Handlers\FileHandler' driver.
WARNING - 2023-07-28 19:48:40 --> Session: Sessions is enabled, and one exists.Please don't $session->start();
INFO - 2023-07-28 19:48:41 --> Session: Class initialized using 'CodeIgniter\Session\Handlers\FileHandler' driver.
WARNING - 2023-07-28 19:48:41 --> Session: Sessions is enabled, and one exists.Please don't $session->start();
INFO - 2023-07-28 19:48:42 --> Session: Class initialized using 'CodeIgniter\Session\Handlers\FileHandler' driver.
WARNING - 2023-07-28 19:48:42 --> Session: Sessions is enabled, and one exists.Please don't $session->start();
INFO - 2023-07-28 19:48:42 --> Session: Class initialized using 'CodeIgniter\Session\Handlers\FileHandler' driver.
WARNING - 2023-07-28 19:48:42 --> Session: Sessions is enabled, and one exists.Please don't $session->start();
INFO - 2023-07-28 19:49:05 --> Session: Class initialized using 'CodeIgniter\Session\Handlers\FileHandler' driver.
WARNING - 2023-07-28 19:49:05 --> Session: Sessions is enabled, and one exists.Please don't $session->start();
INFO - 2023-07-28 19:49:05 --> Session: Class initialized using 'CodeIgniter\Session\Handlers\FileHandler' driver.
WARNING - 2023-07-28 19:49:05 --> Session: Sessions is enabled, and one exists.Please don't $session->start();
INFO - 2023-07-28 19:49:11 --> Session: Class initialized using 'CodeIgniter\Session\Handlers\FileHandler' driver.
WARNING - 2023-07-28 19:49:11 --> Session: Sessions is enabled, and one exists.Please don't $session->start();
INFO - 2023-07-28 19:49:13 --> Session: Class initialized using 'CodeIgniter\Session\Handlers\FileHandler' driver.
INFO - 2023-07-28 19:49:17 --> Session: Class initialized using 'CodeIgniter\Session\Handlers\FileHandler' driver.
WARNING - 2023-07-28 19:49:17 --> Session: Sessions is enabled, and one exists.Please don't $session->start();
INFO - 2023-07-28 19:49:17 --> Session: Class initialized using 'CodeIgniter\Session\Handlers\FileHandler' driver.
WARNING - 2023-07-28 19:49:17 --> Session: Sessions is enabled, and one exists.Please don't $session->start();
INFO - 2023-07-28 19:49:23 --> Session: Class initialized using 'CodeIgniter\Session\Handlers\FileHandler' driver.
WARNING - 2023-07-28 19:49:23 --> Session: Sessions is enabled, and one exists.Please don't $session->start();
INFO - 2023-07-28 19:49:23 --> Session: Class initialized using 'CodeIgniter\Session\Handlers\FileHandler' driver.
WARNING - 2023-07-28 19:49:23 --> Session: Sessions is enabled, and one exists.Please don't $session->start();
INFO - 2023-07-28 19:49:27 --> Session: Class initialized using 'CodeIgniter\Session\Handlers\FileHandler' driver.
WARNING - 2023-07-28 19:49:27 --> Session: Sessions is enabled, and one exists.Please don't $session->start();
INFO - 2023-07-28 19:49:29 --> Session: Class initialized using 'CodeIgniter\Session\Handlers\FileHandler' driver.
INFO - 2023-07-28 19:49:31 --> Session: Class initialized using 'CodeIgniter\Session\Handlers\FileHandler' driver.
WARNING - 2023-07-28 19:49:31 --> Session: Sessions is enabled, and one exists.Please don't $session->start();
INFO - 2023-07-28 19:49:32 --> Session: Class initialized using 'CodeIgniter\Session\Handlers\FileHandler' driver.
WARNING - 2023-07-28 19:49:32 --> Session: Sessions is enabled, and one exists.Please don't $session->start();
INFO - 2023-07-28 19:49:33 --> Session: Class initialized using 'CodeIgniter\Session\Handlers\FileHandler' driver.
WARNING - 2023-07-28 19:49:33 --> Session: Sessions is enabled, and one exists.Please don't $session->start();
INFO - 2023-07-28 19:49:33 --> Session: Class initialized using 'CodeIgniter\Session\Handlers\FileHandler' driver.
WARNING - 2023-07-28 19:49:33 --> Session: Sessions is enabled, and one exists.Please don't $session->start();
INFO - 2023-07-28 19:49:52 --> Session: Class initialized using 'CodeIgniter\Session\Handlers\FileHandler' driver.
WARNING - 2023-07-28 19:49:52 --> Session: Sessions is enabled, and one exists.Please don't $session->start();
INFO - 2023-07-28 19:49:52 --> Session: Class initialized using 'CodeIgniter\Session\Handlers\FileHandler' driver.
WARNING - 2023-07-28 19:49:52 --> Session: Sessions is enabled, and one exists.Please don't $session->start();
INFO - 2023-07-28 19:49:54 --> Session: Class initialized using 'CodeIgniter\Session\Handlers\FileHandler' driver.
WARNING - 2023-07-28 19:49:54 --> Session: Sessions is enabled, and one exists.Please don't $session->start();
INFO - 2023-07-28 19:49:54 --> Session: Class initialized using 'CodeIgniter\Session\Handlers\FileHandler' driver.
WARNING - 2023-07-28 19:49:54 --> Session: Sessions is enabled, and one exists.Please don't $session->start();
INFO - 2023-07-28 19:50:20 --> Session: Class initialized using 'CodeIgniter\Session\Handlers\FileHandler' driver.
WARNING - 2023-07-28 19:50:20 --> Session: Sessions is enabled, and one exists.Please don't $session->start();
INFO - 2023-07-28 19:50:21 --> Session: Class initialized using 'CodeIgniter\Session\Handlers\FileHandler' driver.
WARNING - 2023-07-28 19:50:21 --> Session: Sessions is enabled, and one exists.Please don't $session->start();
INFO - 2023-07-28 19:50:22 --> Session: Class initialized using 'CodeIgniter\Session\Handlers\FileHandler' driver.
WARNING - 2023-07-28 19:50:22 --> Session: Sessions is enabled, and one exists.Please don't $session->start();
INFO - 2023-07-28 19:50:22 --> Session: Class initialized using 'CodeIgniter\Session\Handlers\FileHandler' driver.
WARNING - 2023-07-28 19:50:22 --> Session: Sessions is enabled, and one exists.Please don't $session->start();
INFO - 2023-07-28 19:50:24 --> Session: Class initialized using 'CodeIgniter\Session\Handlers\FileHandler' driver.
WARNING - 2023-07-28 19:50:24 --> Session: Sessions is enabled, and one exists.Please don't $session->start();
INFO - 2023-07-28 19:50:24 --> Session: Class initialized using 'CodeIgniter\Session\Handlers\FileHandler' driver.
WARNING - 2023-07-28 19:50:24 --> Session: Sessions is enabled, and one exists.Please don't $session->start();
INFO - 2023-07-28 19:50:28 --> Session: Class initialized using 'CodeIgniter\Session\Handlers\FileHandler' driver.
WARNING - 2023-07-28 19:50:28 --> Session: Sessions is enabled, and one exists.Please don't $session->start();
INFO - 2023-07-28 19:50:30 --> Session: Class initialized using 'CodeIgniter\Session\Handlers\FileHandler' driver.
INFO - 2023-07-28 19:50:35 --> Session: Class initialized using 'CodeIgniter\Session\Handlers\FileHandler' driver.
WARNING - 2023-07-28 19:50:35 --> Session: Sessions is enabled, and one exists.Please don't $session->start();
INFO - 2023-07-28 19:50:39 --> Session: Class initialized using 'CodeIgniter\Session\Handlers\FileHandler' driver.
WARNING - 2023-07-28 19:50:39 --> Session: Sessions is enabled, and one exists.Please don't $session->start();
INFO - 2023-07-28 19:51:38 --> Session: Class initialized using 'CodeIgniter\Session\Handlers\FileHandler' driver.
WARNING - 2023-07-28 19:51:38 --> Session: Sessions is enabled, and one exists.Please don't $session->start();
INFO - 2023-07-28 19:51:38 --> Session: Class initialized using 'CodeIgniter\Session\Handlers\FileHandler' driver.
WARNING - 2023-07-28 19:51:38 --> Session: Sessions is enabled, and one exists.Please don't $session->start();
INFO - 2023-07-28 19:51:41 --> Session: Class initialized using 'CodeIgniter\Session\Handlers\FileHandler' driver.
WARNING - 2023-07-28 19:51:41 --> Session: Sessions is enabled, and one exists.Please don't $session->start();
INFO - 2023-07-28 19:51:43 --> Session: Class initialized using 'CodeIgniter\Session\Handlers\FileHandler' driver.
INFO - 2023-07-28 19:51:46 --> Session: Class initialized using 'CodeIgniter\Session\Handlers\FileHandler' driver.
WARNING - 2023-07-28 19:51:46 --> Session: Sessions is enabled, and one exists.Please don't $session->start();
INFO - 2023-07-28 19:51:47 --> Session: Class initialized using 'CodeIgniter\Session\Handlers\FileHandler' driver.
WARNING - 2023-07-28 19:51:47 --> Session: Sessions is enabled, and one exists.Please don't $session->start();
INFO - 2023-07-28 19:52:52 --> Session: Class initialized using 'CodeIgniter\Session\Handlers\FileHandler' driver.
WARNING - 2023-07-28 19:52:52 --> Session: Sessions is enabled, and one exists.Please don't $session->start();
INFO - 2023-07-28 19:54:31 --> Session: Class initialized using 'CodeIgniter\Session\Handlers\FileHandler' driver.
WARNING - 2023-07-28 19:54:31 --> Session: Sessions is enabled, and one exists.Please don't $session->start();
INFO - 2023-07-28 19:54:31 --> Session: Class initialized using 'CodeIgniter\Session\Handlers\FileHandler' driver.
WARNING - 2023-07-28 19:54:31 --> Session: Sessions is enabled, and one exists.Please don't $session->start();
INFO - 2023-07-28 19:56:56 --> Session: Class initialized using 'CodeIgniter\Session\Handlers\FileHandler' driver.
WARNING - 2023-07-28 19:56:56 --> Session: Sessions is enabled, and one exists.Please don't $session->start();
INFO - 2023-07-28 19:56:57 --> Session: Class initialized using 'CodeIgniter\Session\Handlers\FileHandler' driver.
WARNING - 2023-07-28 19:56:57 --> Session: Sessions is enabled, and one exists.Please don't $session->start();
INFO - 2023-07-28 19:57:31 --> Session: Class initialized using 'CodeIgniter\Session\Handlers\FileHandler' driver.
WARNING - 2023-07-28 19:57:31 --> Session: Sessions is enabled, and one exists.Please don't $session->start();
INFO - 2023-07-28 19:57:31 --> Session: Class initialized using 'CodeIgniter\Session\Handlers\FileHandler' driver.
WARNING - 2023-07-28 19:57:31 --> Session: Sessions is enabled, and one exists.Please don't $session->start();
INFO - 2023-07-28 20:02:00 --> Session: Class initialized using 'CodeIgniter\Session\Handlers\FileHandler' driver.
WARNING - 2023-07-28 20:02:00 --> Session: Sessions is enabled, and one exists.Please don't $session->start();
INFO - 2023-07-28 20:46:49 --> Session: Class initialized using 'CodeIgniter\Session\Handlers\FileHandler' driver.
WARNING - 2023-07-28 20:46:49 --> Session: Sessions is enabled, and one exists.Please don't $session->start();
INFO - 2023-07-28 20:47:32 --> Session: Class initialized using 'CodeIgniter\Session\Handlers\FileHandler' driver.
WARNING - 2023-07-28 20:47:32 --> Session: Sessions is enabled, and one exists.Please don't $session->start();
ERROR - 2023-07-28 20:47:32 --> Error connecting to the database: Unknown database 'simkkn'
CRITICAL - 2023-07-28 20:47:32 --> Unable to connect to the database.
#0 /usr/local/var/www/simkkn/vendor/codeigniter4/framework/system/Database/BaseConnection.php(646): CodeIgniter\Database\BaseConnection->initialize()
#1 /usr/local/var/www/simkkn/vendor/codeigniter4/framework/system/Database/BaseBuilder.php(1860): CodeIgniter\Database\BaseConnection->query('SELECT *\nFROM `...', Array, false)
#2 /usr/local/var/www/simkkn/app/Models/Backend/LoginModel.php(18): CodeIgniter\Database\BaseBuilder->get()
#3 /usr/local/var/www/simkkn/app/Controllers/Backend/Login.php(32): App\Models\Backend\LoginModel->user_check('byan234')
#4 /usr/local/var/www/simkkn/vendor/codeigniter4/framework/system/CodeIgniter.php(918): App\Controllers\Backend\Login->get_login()
#5 /usr/local/var/www/simkkn/vendor/codeigniter4/framework/system/CodeIgniter.php(404): CodeIgniter\CodeIgniter->runController(Object(App\Controllers\Backend\Login))
#6 /usr/local/var/www/simkkn/vendor/codeigniter4/framework/system/CodeIgniter.php(312): CodeIgniter\CodeIgniter->handleRequest(NULL, Object(Config\Cache), false)
#7 /usr/local/var/www/simkkn/public/index.php(45): CodeIgniter\CodeIgniter->run()
#8 /usr/local/var/www/simkkn/vendor/codeigniter4/framework/system/Commands/Server/rewrite.php(34): require_once('/usr/local/var/...')
#9 {main}
INFO - 2023-07-28 20:47:32 --> Session: Class initialized using 'CodeIgniter\Session\Handlers\FileHandler' driver.
WARNING - 2023-07-28 20:47:32 --> Session: Sessions is enabled, and one exists.Please don't $session->start();
ERROR - 2023-07-28 20:47:32 --> Error connecting to the database: Unknown database 'simkkn'
CRITICAL - 2023-07-28 20:47:32 --> Unable to connect to the database.
#0 /usr/local/var/www/simkkn/vendor/codeigniter4/framework/system/Database/BaseConnection.php(646): CodeIgniter\Database\BaseConnection->initialize()
#1 /usr/local/var/www/simkkn/vendor/codeigniter4/framework/system/Database/BaseBuilder.php(1860): CodeIgniter\Database\BaseConnection->query('SELECT *\nFROM `...', Array, false)
#2 /usr/local/var/www/simkkn/app/Models/Backend/LoginModel.php(18): CodeIgniter\Database\BaseBuilder->get()
#3 /usr/local/var/www/simkkn/app/Controllers/Backend/Login.php(32): App\Models\Backend\LoginModel->user_check('byan234')
#4 /usr/local/var/www/simkkn/vendor/codeigniter4/framework/system/CodeIgniter.php(918): App\Controllers\Backend\Login->get_login()
#5 /usr/local/var/www/simkkn/vendor/codeigniter4/framework/system/CodeIgniter.php(404): CodeIgniter\CodeIgniter->runController(Object(App\Controllers\Backend\Login))
#6 /usr/local/var/www/simkkn/vendor/codeigniter4/framework/system/CodeIgniter.php(312): CodeIgniter\CodeIgniter->handleRequest(NULL, Object(Config\Cache), false)
#7 /usr/local/var/www/simkkn/public/index.php(45): CodeIgniter\CodeIgniter->run()
#8 /usr/local/var/www/simkkn/vendor/codeigniter4/framework/system/Commands/Server/rewrite.php(34): require_once('/usr/local/var/...')
#9 {main}
INFO - 2023-07-28 20:47:34 --> Session: Class initialized using 'CodeIgniter\Session\Handlers\FileHandler' driver.
WARNING - 2023-07-28 20:47:34 --> Session: Sessions is enabled, and one exists.Please don't $session->start();
ERROR - 2023-07-28 20:47:34 --> Error connecting to the database: Unknown database 'simkkn'
CRITICAL - 2023-07-28 20:47:34 --> Unable to connect to the database.
#0 /usr/local/var/www/simkkn/vendor/codeigniter4/framework/system/Database/BaseConnection.php(646): CodeIgniter\Database\BaseConnection->initialize()
#1 /usr/local/var/www/simkkn/vendor/codeigniter4/framework/system/Database/BaseBuilder.php(1860): CodeIgniter\Database\BaseConnection->query('SELECT *\nFROM `...', Array, false)
#2 /usr/local/var/www/simkkn/app/Models/Backend/LoginModel.php(18): CodeIgniter\Database\BaseBuilder->get()
#3 /usr/local/var/www/simkkn/app/Controllers/Backend/Login.php(32): App\Models\Backend\LoginModel->user_check('byan234')
#4 /usr/local/var/www/simkkn/vendor/codeigniter4/framework/system/CodeIgniter.php(918): App\Controllers\Backend\Login->get_login()
#5 /usr/local/var/www/simkkn/vendor/codeigniter4/framework/system/CodeIgniter.php(404): CodeIgniter\CodeIgniter->runController(Object(App\Controllers\Backend\Login))
#6 /usr/local/var/www/simkkn/vendor/codeigniter4/framework/system/CodeIgniter.php(312): CodeIgniter\CodeIgniter->handleRequest(NULL, Object(Config\Cache), false)
#7 /usr/local/var/www/simkkn/public/index.php(45): CodeIgniter\CodeIgniter->run()
#8 /usr/local/var/www/simkkn/vendor/codeigniter4/framework/system/Commands/Server/rewrite.php(34): require_once('/usr/local/var/...')
#9 {main}
INFO - 2023-07-28 20:47:37 --> Session: Class initialized using 'CodeIgniter\Session\Handlers\FileHandler' driver.
WARNING - 2023-07-28 20:47:37 --> Session: Sessions is enabled, and one exists.Please don't $session->start();
INFO - 2023-07-28 20:47:40 --> Session: Class initialized using 'CodeIgniter\Session\Handlers\FileHandler' driver.
WARNING - 2023-07-28 20:47:40 --> Session: Sessions is enabled, and one exists.Please don't $session->start();
ERROR - 2023-07-28 20:47:40 --> Error connecting to the database: Unknown database 'simkkn'
CRITICAL - 2023-07-28 20:47:40 --> Unable to connect to the database.
#0 /usr/local/var/www/simkkn/vendor/codeigniter4/framework/system/Database/BaseConnection.php(646): CodeIgniter\Database\BaseConnection->initialize()
#1 /usr/local/var/www/simkkn/vendor/codeigniter4/framework/system/Database/BaseBuilder.php(1860): CodeIgniter\Database\BaseConnection->query('SELECT *\nFROM `...', Array, false)
#2 /usr/local/var/www/simkkn/app/Models/Backend/LoginModel.php(18): CodeIgniter\Database\BaseBuilder->get()
#3 /usr/local/var/www/simkkn/app/Controllers/Backend/Login.php(32): App\Models\Backend\LoginModel->user_check('byan234')
#4 /usr/local/var/www/simkkn/vendor/codeigniter4/framework/system/CodeIgniter.php(918): App\Controllers\Backend\Login->get_login()
#5 /usr/local/var/www/simkkn/vendor/codeigniter4/framework/system/CodeIgniter.php(404): CodeIgniter\CodeIgniter->runController(Object(App\Controllers\Backend\Login))
#6 /usr/local/var/www/simkkn/vendor/codeigniter4/framework/system/CodeIgniter.php(312): CodeIgniter\CodeIgniter->handleRequest(NULL, Object(Config\Cache), false)
#7 /usr/local/var/www/simkkn/public/index.php(45): CodeIgniter\CodeIgniter->run()
#8 /usr/local/var/www/simkkn/vendor/codeigniter4/framework/system/Commands/Server/rewrite.php(34): require_once('/usr/local/var/...')
#9 {main}
INFO - 2023-07-28 20:47:42 --> Session: Class initialized using 'CodeIgniter\Session\Handlers\FileHandler' driver.
WARNING - 2023-07-28 20:47:42 --> Session: Sessions is enabled, and one exists.Please don't $session->start();
ERROR - 2023-07-28 20:47:42 --> Error connecting to the database: Unknown database 'simkkn'
CRITICAL - 2023-07-28 20:47:42 --> Unable to connect to the database.
#0 /usr/local/var/www/simkkn/vendor/codeigniter4/framework/system/Database/BaseConnection.php(646): CodeIgniter\Database\BaseConnection->initialize()
#1 /usr/local/var/www/simkkn/vendor/codeigniter4/framework/system/Database/BaseBuilder.php(1860): CodeIgniter\Database\BaseConnection->query('SELECT *\nFROM `...', Array, false)
#2 /usr/local/var/www/simkkn/app/Models/Backend/LoginModel.php(18): CodeIgniter\Database\BaseBuilder->get()
#3 /usr/local/var/www/simkkn/app/Controllers/Backend/Login.php(32): App\Models\Backend\LoginModel->user_check('byan234')
#4 /usr/local/var/www/simkkn/vendor/codeigniter4/framework/system/CodeIgniter.php(918): App\Controllers\Backend\Login->get_login()
#5 /usr/local/var/www/simkkn/vendor/codeigniter4/framework/system/CodeIgniter.php(404): CodeIgniter\CodeIgniter->runController(Object(App\Controllers\Backend\Login))
#6 /usr/local/var/www/simkkn/vendor/codeigniter4/framework/system/CodeIgniter.php(312): CodeIgniter\CodeIgniter->handleRequest(NULL, Object(Config\Cache), false)
#7 /usr/local/var/www/simkkn/public/index.php(45): CodeIgniter\CodeIgniter->run()
#8 /usr/local/var/www/simkkn/vendor/codeigniter4/framework/system/Commands/Server/rewrite.php(34): require_once('/usr/local/var/...')
#9 {main}
INFO - 2023-07-28 20:47:46 --> Session: Class initialized using 'CodeIgniter\Session\Handlers\FileHandler' driver.
WARNING - 2023-07-28 20:47:46 --> Session: Sessions is enabled, and one exists.Please don't $session->start();
ERROR - 2023-07-28 20:47:46 --> Error connecting to the database: Unknown database 'simkkn'
CRITICAL - 2023-07-28 20:47:46 --> Unable to connect to the database.
#0 /usr/local/var/www/simkkn/vendor/codeigniter4/framework/system/Database/BaseConnection.php(646): CodeIgniter\Database\BaseConnection->initialize()
#1 /usr/local/var/www/simkkn/vendor/codeigniter4/framework/system/Database/BaseBuilder.php(1860): CodeIgniter\Database\BaseConnection->query('SELECT *\nFROM `...', Array, false)
#2 /usr/local/var/www/simkkn/app/Models/Backend/LoginModel.php(18): CodeIgniter\Database\BaseBuilder->get()
#3 /usr/local/var/www/simkkn/app/Controllers/Backend/Login.php(32): App\Models\Backend\LoginModel->user_check('redhorivai')
#4 /usr/local/var/www/simkkn/vendor/codeigniter4/framework/system/CodeIgniter.php(918): App\Controllers\Backend\Login->get_login()
#5 /usr/local/var/www/simkkn/vendor/codeigniter4/framework/system/CodeIgniter.php(404): CodeIgniter\CodeIgniter->runController(Object(App\Controllers\Backend\Login))
#6 /usr/local/var/www/simkkn/vendor/codeigniter4/framework/system/CodeIgniter.php(312): CodeIgniter\CodeIgniter->handleRequest(NULL, Object(Config\Cache), false)
#7 /usr/local/var/www/simkkn/public/index.php(45): CodeIgniter\CodeIgniter->run()
#8 /usr/local/var/www/simkkn/vendor/codeigniter4/framework/system/Commands/Server/rewrite.php(34): require_once('/usr/local/var/...')
#9 {main}
INFO - 2023-07-28 20:47:46 --> Session: Class initialized using 'CodeIgniter\Session\Handlers\FileHandler' driver.
WARNING - 2023-07-28 20:47:46 --> Session: Sessions is enabled, and one exists.Please don't $session->start();
ERROR - 2023-07-28 20:47:46 --> Error connecting to the database: Unknown database 'simkkn'
CRITICAL - 2023-07-28 20:47:46 --> Unable to connect to the database.
#0 /usr/local/var/www/simkkn/vendor/codeigniter4/framework/system/Database/BaseConnection.php(646): CodeIgniter\Database\BaseConnection->initialize()
#1 /usr/local/var/www/simkkn/vendor/codeigniter4/framework/system/Database/BaseBuilder.php(1860): CodeIgniter\Database\BaseConnection->query('SELECT *\nFROM `...', Array, false)
#2 /usr/local/var/www/simkkn/app/Models/Backend/LoginModel.php(18): CodeIgniter\Database\BaseBuilder->get()
#3 /usr/local/var/www/simkkn/app/Controllers/Backend/Login.php(32): App\Models\Backend\LoginModel->user_check('redhorivai')
#4 /usr/local/var/www/simkkn/vendor/codeigniter4/framework/system/CodeIgniter.php(918): App\Controllers\Backend\Login->get_login()
#5 /usr/local/var/www/simkkn/vendor/codeigniter4/framework/system/CodeIgniter.php(404): CodeIgniter\CodeIgniter->runController(Object(App\Controllers\Backend\Login))
#6 /usr/local/var/www/simkkn/vendor/codeigniter4/framework/system/CodeIgniter.php(312): CodeIgniter\CodeIgniter->handleRequest(NULL, Object(Config\Cache), false)
#7 /usr/local/var/www/simkkn/public/index.php(45): CodeIgniter\CodeIgniter->run()
#8 /usr/local/var/www/simkkn/vendor/codeigniter4/framework/system/Commands/Server/rewrite.php(34): require_once('/usr/local/var/...')
#9 {main}
INFO - 2023-07-28 20:47:46 --> Session: Class initialized using 'CodeIgniter\Session\Handlers\FileHandler' driver.
WARNING - 2023-07-28 20:47:46 --> Session: Sessions is enabled, and one exists.Please don't $session->start();
ERROR - 2023-07-28 20:47:46 --> Error connecting to the database: Unknown database 'simkkn'
CRITICAL - 2023-07-28 20:47:46 --> Unable to connect to the database.
#0 /usr/local/var/www/simkkn/vendor/codeigniter4/framework/system/Database/BaseConnection.php(646): CodeIgniter\Database\BaseConnection->initialize()
#1 /usr/local/var/www/simkkn/vendor/codeigniter4/framework/system/Database/BaseBuilder.php(1860): CodeIgniter\Database\BaseConnection->query('SELECT *\nFROM `...', Array, false)
#2 /usr/local/var/www/simkkn/app/Models/Backend/LoginModel.php(18): CodeIgniter\Database\BaseBuilder->get()
#3 /usr/local/var/www/simkkn/app/Controllers/Backend/Login.php(32): App\Models\Backend\LoginModel->user_check('redhorivai')
#4 /usr/local/var/www/simkkn/vendor/codeigniter4/framework/system/CodeIgniter.php(918): App\Controllers\Backend\Login->get_login()
#5 /usr/local/var/www/simkkn/vendor/codeigniter4/framework/system/CodeIgniter.php(404): CodeIgniter\CodeIgniter->runController(Object(App\Controllers\Backend\Login))
#6 /usr/local/var/www/simkkn/vendor/codeigniter4/framework/system/CodeIgniter.php(312): CodeIgniter\CodeIgniter->handleRequest(NULL, Object(Config\Cache), false)
#7 /usr/local/var/www/simkkn/public/index.php(45): CodeIgniter\CodeIgniter->run()
#8 /usr/local/var/www/simkkn/vendor/codeigniter4/framework/system/Commands/Server/rewrite.php(34): require_once('/usr/local/var/...')
#9 {main}
INFO - 2023-07-28 20:47:46 --> Session: Class initialized using 'CodeIgniter\Session\Handlers\FileHandler' driver.
WARNING - 2023-07-28 20:47:46 --> Session: Sessions is enabled, and one exists.Please don't $session->start();
ERROR - 2023-07-28 20:47:46 --> Error connecting to the database: Unknown database 'simkkn'
CRITICAL - 2023-07-28 20:47:46 --> Unable to connect to the database.
#0 /usr/local/var/www/simkkn/vendor/codeigniter4/framework/system/Database/BaseConnection.php(646): CodeIgniter\Database\BaseConnection->initialize()
#1 /usr/local/var/www/simkkn/vendor/codeigniter4/framework/system/Database/BaseBuilder.php(1860): CodeIgniter\Database\BaseConnection->query('SELECT *\nFROM `...', Array, false)
#2 /usr/local/var/www/simkkn/app/Models/Backend/LoginModel.php(18): CodeIgniter\Database\BaseBuilder->get()
#3 /usr/local/var/www/simkkn/app/Controllers/Backend/Login.php(32): App\Models\Backend\LoginModel->user_check('redhorivai')
#4 /usr/local/var/www/simkkn/vendor/codeigniter4/framework/system/CodeIgniter.php(918): App\Controllers\Backend\Login->get_login()
#5 /usr/local/var/www/simkkn/vendor/codeigniter4/framework/system/CodeIgniter.php(404): CodeIgniter\CodeIgniter->runController(Object(App\Controllers\Backend\Login))
#6 /usr/local/var/www/simkkn/vendor/codeigniter4/framework/system/CodeIgniter.php(312): CodeIgniter\CodeIgniter->handleRequest(NULL, Object(Config\Cache), false)
#7 /usr/local/var/www/simkkn/public/index.php(45): CodeIgniter\CodeIgniter->run()
#8 /usr/local/var/www/simkkn/vendor/codeigniter4/framework/system/Commands/Server/rewrite.php(34): require_once('/usr/local/var/...')
#9 {main}
INFO - 2023-07-28 20:47:47 --> Session: Class initialized using 'CodeIgniter\Session\Handlers\FileHandler' driver.
WARNING - 2023-07-28 20:47:47 --> Session: Sessions is enabled, and one exists.Please don't $session->start();
ERROR - 2023-07-28 20:47:47 --> Error connecting to the database: Unknown database 'simkkn'
CRITICAL - 2023-07-28 20:47:47 --> Unable to connect to the database.
#0 /usr/local/var/www/simkkn/vendor/codeigniter4/framework/system/Database/BaseConnection.php(646): CodeIgniter\Database\BaseConnection->initialize()
#1 /usr/local/var/www/simkkn/vendor/codeigniter4/framework/system/Database/BaseBuilder.php(1860): CodeIgniter\Database\BaseConnection->query('SELECT *\nFROM `...', Array, false)
#2 /usr/local/var/www/simkkn/app/Models/Backend/LoginModel.php(18): CodeIgniter\Database\BaseBuilder->get()
#3 /usr/local/var/www/simkkn/app/Controllers/Backend/Login.php(32): App\Models\Backend\LoginModel->user_check('redhorivai')
#4 /usr/local/var/www/simkkn/vendor/codeigniter4/framework/system/CodeIgniter.php(918): App\Controllers\Backend\Login->get_login()
#5 /usr/local/var/www/simkkn/vendor/codeigniter4/framework/system/CodeIgniter.php(404): CodeIgniter\CodeIgniter->runController(Object(App\Controllers\Backend\Login))
#6 /usr/local/var/www/simkkn/vendor/codeigniter4/framework/system/CodeIgniter.php(312): CodeIgniter\CodeIgniter->handleRequest(NULL, Object(Config\Cache), false)
#7 /usr/local/var/www/simkkn/public/index.php(45): CodeIgniter\CodeIgniter->run()
#8 /usr/local/var/www/simkkn/vendor/codeigniter4/framework/system/Commands/Server/rewrite.php(34): require_once('/usr/local/var/...')
#9 {main}
INFO - 2023-07-28 20:47:47 --> Session: Class initialized using 'CodeIgniter\Session\Handlers\FileHandler' driver.
WARNING - 2023-07-28 20:47:47 --> Session: Sessions is enabled, and one exists.Please don't $session->start();
ERROR - 2023-07-28 20:47:47 --> Error connecting to the database: Unknown database 'simkkn'
CRITICAL - 2023-07-28 20:47:47 --> Unable to connect to the database.
#0 /usr/local/var/www/simkkn/vendor/codeigniter4/framework/system/Database/BaseConnection.php(646): CodeIgniter\Database\BaseConnection->initialize()
#1 /usr/local/var/www/simkkn/vendor/codeigniter4/framework/system/Database/BaseBuilder.php(1860): CodeIgniter\Database\BaseConnection->query('SELECT *\nFROM `...', Array, false)
#2 /usr/local/var/www/simkkn/app/Models/Backend/LoginModel.php(18): CodeIgniter\Database\BaseBuilder->get()
#3 /usr/local/var/www/simkkn/app/Controllers/Backend/Login.php(32): App\Models\Backend\LoginModel->user_check('redhorivai')
#4 /usr/local/var/www/simkkn/vendor/codeigniter4/framework/system/CodeIgniter.php(918): App\Controllers\Backend\Login->get_login()
#5 /usr/local/var/www/simkkn/vendor/codeigniter4/framework/system/CodeIgniter.php(404): CodeIgniter\CodeIgniter->runController(Object(App\Controllers\Backend\Login))
#6 /usr/local/var/www/simkkn/vendor/codeigniter4/framework/system/CodeIgniter.php(312): CodeIgniter\CodeIgniter->handleRequest(NULL, Object(Config\Cache), false)
#7 /usr/local/var/www/simkkn/public/index.php(45): CodeIgniter\CodeIgniter->run()
#8 /usr/local/var/www/simkkn/vendor/codeigniter4/framework/system/Commands/Server/rewrite.php(34): require_once('/usr/local/var/...')
#9 {main}
INFO - 2023-07-28 20:47:55 --> Session: Class initialized using 'CodeIgniter\Session\Handlers\FileHandler' driver.
WARNING - 2023-07-28 20:47:55 --> Session: Sessions is enabled, and one exists.Please don't $session->start();
INFO - 2023-07-28 20:47:56 --> Session: Class initialized using 'CodeIgniter\Session\Handlers\FileHandler' driver.
WARNING - 2023-07-28 20:47:56 --> Session: Sessions is enabled, and one exists.Please don't $session->start();
INFO - 2023-07-28 20:47:56 --> Session: Class initialized using 'CodeIgniter\Session\Handlers\FileHandler' driver.
WARNING - 2023-07-28 20:47:56 --> Session: Sessions is enabled, and one exists.Please don't $session->start();
INFO - 2023-07-28 20:48:04 --> Session: Class initialized using 'CodeIgniter\Session\Handlers\FileHandler' driver.
WARNING - 2023-07-28 20:48:04 --> Session: Sessions is enabled, and one exists.Please don't $session->start();
ERROR - 2023-07-28 20:48:04 --> Error connecting to the database: Unknown database 'simkkn'
CRITICAL - 2023-07-28 20:48:04 --> Unable to connect to the database.
#0 /usr/local/var/www/simkkn/vendor/codeigniter4/framework/system/Database/BaseConnection.php(646): CodeIgniter\Database\BaseConnection->initialize()
#1 /usr/local/var/www/simkkn/vendor/codeigniter4/framework/system/Database/BaseBuilder.php(1860): CodeIgniter\Database\BaseConnection->query('SELECT *\nFROM `...', Array, false)
#2 /usr/local/var/www/simkkn/app/Models/Backend/LoginModel.php(18): CodeIgniter\Database\BaseBuilder->get()
#3 /usr/local/var/www/simkkn/app/Controllers/Backend/Login.php(32): App\Models\Backend\LoginModel->user_check('redhorivai')
#4 /usr/local/var/www/simkkn/vendor/codeigniter4/framework/system/CodeIgniter.php(918): App\Controllers\Backend\Login->get_login()
#5 /usr/local/var/www/simkkn/vendor/codeigniter4/framework/system/CodeIgniter.php(404): CodeIgniter\CodeIgniter->runController(Object(App\Controllers\Backend\Login))
#6 /usr/local/var/www/simkkn/vendor/codeigniter4/framework/system/CodeIgniter.php(312): CodeIgniter\CodeIgniter->handleRequest(NULL, Object(Config\Cache), false)
#7 /usr/local/var/www/simkkn/public/index.php(45): CodeIgniter\CodeIgniter->run()
#8 /usr/local/var/www/simkkn/vendor/codeigniter4/framework/system/Commands/Server/rewrite.php(34): require_once('/usr/local/var/...')
#9 {main}
INFO - 2023-07-28 20:48:05 --> Session: Class initialized using 'CodeIgniter\Session\Handlers\FileHandler' driver.
WARNING - 2023-07-28 20:48:05 --> Session: Sessions is enabled, and one exists.Please don't $session->start();
ERROR - 2023-07-28 20:48:05 --> Error connecting to the database: Unknown database 'simkkn'
CRITICAL - 2023-07-28 20:48:05 --> Unable to connect to the database.
#0 /usr/local/var/www/simkkn/vendor/codeigniter4/framework/system/Database/BaseConnection.php(646): CodeIgniter\Database\BaseConnection->initialize()
#1 /usr/local/var/www/simkkn/vendor/codeigniter4/framework/system/Database/BaseBuilder.php(1860): CodeIgniter\Database\BaseConnection->query('SELECT *\nFROM `...', Array, false)
#2 /usr/local/var/www/simkkn/app/Models/Backend/LoginModel.php(18): CodeIgniter\Database\BaseBuilder->get()
#3 /usr/local/var/www/simkkn/app/Controllers/Backend/Login.php(32): App\Models\Backend\LoginModel->user_check('redhorivai')
#4 /usr/local/var/www/simkkn/vendor/codeigniter4/framework/system/CodeIgniter.php(918): App\Controllers\Backend\Login->get_login()
#5 /usr/local/var/www/simkkn/vendor/codeigniter4/framework/system/CodeIgniter.php(404): CodeIgniter\CodeIgniter->runController(Object(App\Controllers\Backend\Login))
#6 /usr/local/var/www/simkkn/vendor/codeigniter4/framework/system/CodeIgniter.php(312): CodeIgniter\CodeIgniter->handleRequest(NULL, Object(Config\Cache), false)
#7 /usr/local/var/www/simkkn/public/index.php(45): CodeIgniter\CodeIgniter->run()
#8 /usr/local/var/www/simkkn/vendor/codeigniter4/framework/system/Commands/Server/rewrite.php(34): require_once('/usr/local/var/...')
#9 {main}
INFO - 2023-07-28 20:48:39 --> Session: Class initialized using 'CodeIgniter\Session\Handlers\FileHandler' driver.
WARNING - 2023-07-28 20:48:39 --> Session: Sessions is enabled, and one exists.Please don't $session->start();
INFO - 2023-07-28 20:48:44 --> Session: Class initialized using 'CodeIgniter\Session\Handlers\FileHandler' driver.
WARNING - 2023-07-28 20:48:44 --> Session: Sessions is enabled, and one exists.Please don't $session->start();
ERROR - 2023-07-28 20:48:44 --> Error connecting to the database: Unknown database 'simkkn'
CRITICAL - 2023-07-28 20:48:44 --> Unable to connect to the database.
#0 /usr/local/var/www/simkkn/vendor/codeigniter4/framework/system/Database/BaseConnection.php(646): CodeIgniter\Database\BaseConnection->initialize()
#1 /usr/local/var/www/simkkn/vendor/codeigniter4/framework/system/Database/BaseBuilder.php(1860): CodeIgniter\Database\BaseConnection->query('SELECT *\nFROM `...', Array, false)
#2 /usr/local/var/www/simkkn/app/Models/Backend/LoginModel.php(18): CodeIgniter\Database\BaseBuilder->get()
#3 /usr/local/var/www/simkkn/app/Controllers/Backend/Login.php(32): App\Models\Backend\LoginModel->user_check('redhorivai')
#4 /usr/local/var/www/simkkn/vendor/codeigniter4/framework/system/CodeIgniter.php(918): App\Controllers\Backend\Login->get_login()
#5 /usr/local/var/www/simkkn/vendor/codeigniter4/framework/system/CodeIgniter.php(404): CodeIgniter\CodeIgniter->runController(Object(App\Controllers\Backend\Login))
#6 /usr/local/var/www/simkkn/vendor/codeigniter4/framework/system/CodeIgniter.php(312): CodeIgniter\CodeIgniter->handleRequest(NULL, Object(Config\Cache), false)
#7 /usr/local/var/www/simkkn/public/index.php(45): CodeIgniter\CodeIgniter->run()
#8 /usr/local/var/www/simkkn/vendor/codeigniter4/framework/system/Commands/Server/rewrite.php(34): require_once('/usr/local/var/...')
#9 {main}
INFO - 2023-07-28 20:48:47 --> Session: Class initialized using 'CodeIgniter\Session\Handlers\FileHandler' driver.
WARNING - 2023-07-28 20:48:47 --> Session: Sessions is enabled, and one exists.Please don't $session->start();
ERROR - 2023-07-28 20:48:47 --> Error connecting to the database: Unknown database 'simkkn'
CRITICAL - 2023-07-28 20:48:47 --> Unable to connect to the database.
#0 /usr/local/var/www/simkkn/vendor/codeigniter4/framework/system/Database/BaseConnection.php(646): CodeIgniter\Database\BaseConnection->initialize()
#1 /usr/local/var/www/simkkn/vendor/codeigniter4/framework/system/Database/BaseBuilder.php(1860): CodeIgniter\Database\BaseConnection->query('SELECT *\nFROM `...', Array, false)
#2 /usr/local/var/www/simkkn/app/Models/Backend/LoginModel.php(18): CodeIgniter\Database\BaseBuilder->get()
#3 /usr/local/var/www/simkkn/app/Controllers/Backend/Login.php(32): App\Models\Backend\LoginModel->user_check('redhorivai')
#4 /usr/local/var/www/simkkn/vendor/codeigniter4/framework/system/CodeIgniter.php(918): App\Controllers\Backend\Login->get_login()
#5 /usr/local/var/www/simkkn/vendor/codeigniter4/framework/system/CodeIgniter.php(404): CodeIgniter\CodeIgniter->runController(Object(App\Controllers\Backend\Login))
#6 /usr/local/var/www/simkkn/vendor/codeigniter4/framework/system/CodeIgniter.php(312): CodeIgniter\CodeIgniter->handleRequest(NULL, Object(Config\Cache), false)
#7 /usr/local/var/www/simkkn/public/index.php(45): CodeIgniter\CodeIgniter->run()
#8 /usr/local/var/www/simkkn/vendor/codeigniter4/framework/system/Commands/Server/rewrite.php(34): require_once('/usr/local/var/...')
#9 {main}
INFO - 2023-07-28 20:48:48 --> Session: Class initialized using 'CodeIgniter\Session\Handlers\FileHandler' driver.
WARNING - 2023-07-28 20:48:48 --> Session: Sessions is enabled, and one exists.Please don't $session->start();
ERROR - 2023-07-28 20:48:48 --> Error connecting to the database: Unknown database 'simkkn'
CRITICAL - 2023-07-28 20:48:48 --> Unable to connect to the database.
#0 /usr/local/var/www/simkkn/vendor/codeigniter4/framework/system/Database/BaseConnection.php(646): CodeIgniter\Database\BaseConnection->initialize()
#1 /usr/local/var/www/simkkn/vendor/codeigniter4/framework/system/Database/BaseBuilder.php(1860): CodeIgniter\Database\BaseConnection->query('SELECT *\nFROM `...', Array, false)
#2 /usr/local/var/www/simkkn/app/Models/Backend/LoginModel.php(18): CodeIgniter\Database\BaseBuilder->get()
#3 /usr/local/var/www/simkkn/app/Controllers/Backend/Login.php(32): App\Models\Backend\LoginModel->user_check('redhorivai')
#4 /usr/local/var/www/simkkn/vendor/codeigniter4/framework/system/CodeIgniter.php(918): App\Controllers\Backend\Login->get_login()
#5 /usr/local/var/www/simkkn/vendor/codeigniter4/framework/system/CodeIgniter.php(404): CodeIgniter\CodeIgniter->runController(Object(App\Controllers\Backend\Login))
#6 /usr/local/var/www/simkkn/vendor/codeigniter4/framework/system/CodeIgniter.php(312): CodeIgniter\CodeIgniter->handleRequest(NULL, Object(Config\Cache), false)
#7 /usr/local/var/www/simkkn/public/index.php(45): CodeIgniter\CodeIgniter->run()
#8 /usr/local/var/www/simkkn/vendor/codeigniter4/framework/system/Commands/Server/rewrite.php(34): require_once('/usr/local/var/...')
#9 {main}
INFO - 2023-07-28 20:48:48 --> Session: Class initialized using 'CodeIgniter\Session\Handlers\FileHandler' driver.
WARNING - 2023-07-28 20:48:48 --> Session: Sessions is enabled, and one exists.Please don't $session->start();
ERROR - 2023-07-28 20:48:48 --> Error connecting to the database: Unknown database 'simkkn'
CRITICAL - 2023-07-28 20:48:48 --> Unable to connect to the database.
#0 /usr/local/var/www/simkkn/vendor/codeigniter4/framework/system/Database/BaseConnection.php(646): CodeIgniter\Database\BaseConnection->initialize()
#1 /usr/local/var/www/simkkn/vendor/codeigniter4/framework/system/Database/BaseBuilder.php(1860): CodeIgniter\Database\BaseConnection->query('SELECT *\nFROM `...', Array, false)
#2 /usr/local/var/www/simkkn/app/Models/Backend/LoginModel.php(18): CodeIgniter\Database\BaseBuilder->get()
#3 /usr/local/var/www/simkkn/app/Controllers/Backend/Login.php(32): App\Models\Backend\LoginModel->user_check('redhorivai')
#4 /usr/local/var/www/simkkn/vendor/codeigniter4/framework/system/CodeIgniter.php(918): App\Controllers\Backend\Login->get_login()
#5 /usr/local/var/www/simkkn/vendor/codeigniter4/framework/system/CodeIgniter.php(404): CodeIgniter\CodeIgniter->runController(Object(App\Controllers\Backend\Login))
#6 /usr/local/var/www/simkkn/vendor/codeigniter4/framework/system/CodeIgniter.php(312): CodeIgniter\CodeIgniter->handleRequest(NULL, Object(Config\Cache), false)
#7 /usr/local/var/www/simkkn/public/index.php(45): CodeIgniter\CodeIgniter->run()
#8 /usr/local/var/www/simkkn/vendor/codeigniter4/framework/system/Commands/Server/rewrite.php(34): require_once('/usr/local/var/...')
#9 {main}
INFO - 2023-07-28 20:48:48 --> Session: Class initialized using 'CodeIgniter\Session\Handlers\FileHandler' driver.
WARNING - 2023-07-28 20:48:48 --> Session: Sessions is enabled, and one exists.Please don't $session->start();
ERROR - 2023-07-28 20:48:48 --> Error connecting to the database: Unknown database 'simkkn'
CRITICAL - 2023-07-28 20:48:48 --> Unable to connect to the database.
#0 /usr/local/var/www/simkkn/vendor/codeigniter4/framework/system/Database/BaseConnection.php(646): CodeIgniter\Database\BaseConnection->initialize()
#1 /usr/local/var/www/simkkn/vendor/codeigniter4/framework/system/Database/BaseBuilder.php(1860): CodeIgniter\Database\BaseConnection->query('SELECT *\nFROM `...', Array, false)
#2 /usr/local/var/www/simkkn/app/Models/Backend/LoginModel.php(18): CodeIgniter\Database\BaseBuilder->get()
#3 /usr/local/var/www/simkkn/app/Controllers/Backend/Login.php(32): App\Models\Backend\LoginModel->user_check('redhorivai')
#4 /usr/local/var/www/simkkn/vendor/codeigniter4/framework/system/CodeIgniter.php(918): App\Controllers\Backend\Login->get_login()
#5 /usr/local/var/www/simkkn/vendor/codeigniter4/framework/system/CodeIgniter.php(404): CodeIgniter\CodeIgniter->runController(Object(App\Controllers\Backend\Login))
#6 /usr/local/var/www/simkkn/vendor/codeigniter4/framework/system/CodeIgniter.php(312): CodeIgniter\CodeIgniter->handleRequest(NULL, Object(Config\Cache), false)
#7 /usr/local/var/www/simkkn/public/index.php(45): CodeIgniter\CodeIgniter->run()
#8 /usr/local/var/www/simkkn/vendor/codeigniter4/framework/system/Commands/Server/rewrite.php(34): require_once('/usr/local/var/...')
#9 {main}
INFO - 2023-07-28 20:49:17 --> Session: Class initialized using 'CodeIgniter\Session\Handlers\FileHandler' driver.
WARNING - 2023-07-28 20:49:17 --> Session: Sessions is enabled, and one exists.Please don't $session->start();
INFO - 2023-07-28 20:49:17 --> Session: Class initialized using 'CodeIgniter\Session\Handlers\FileHandler' driver.
WARNING - 2023-07-28 20:49:17 --> Session: Sessions is enabled, and one exists.Please don't $session->start();
INFO - 2023-07-28 20:49:22 --> Session: Class initialized using 'CodeIgniter\Session\Handlers\FileHandler' driver.
WARNING - 2023-07-28 20:49:22 --> Session: Sessions is enabled, and one exists.Please don't $session->start();
ERROR - 2023-07-28 20:49:22 --> Error connecting to the database: Unknown database 'simkkn'
CRITICAL - 2023-07-28 20:49:22 --> Unable to connect to the database.
#0 /usr/local/var/www/simkkn/vendor/codeigniter4/framework/system/Database/BaseConnection.php(646): CodeIgniter\Database\BaseConnection->initialize()
#1 /usr/local/var/www/simkkn/vendor/codeigniter4/framework/system/Database/BaseBuilder.php(1860): CodeIgniter\Database\BaseConnection->query('SELECT *\nFROM `...', Array, false)
#2 /usr/local/var/www/simkkn/app/Models/Backend/LoginModel.php(18): CodeIgniter\Database\BaseBuilder->get()
#3 /usr/local/var/www/simkkn/app/Controllers/Backend/Login.php(32): App\Models\Backend\LoginModel->user_check('redho')
#4 /usr/local/var/www/simkkn/vendor/codeigniter4/framework/system/CodeIgniter.php(918): App\Controllers\Backend\Login->get_login()
#5 /usr/local/var/www/simkkn/vendor/codeigniter4/framework/system/CodeIgniter.php(404): CodeIgniter\CodeIgniter->runController(Object(App\Controllers\Backend\Login))
#6 /usr/local/var/www/simkkn/vendor/codeigniter4/framework/system/CodeIgniter.php(312): CodeIgniter\CodeIgniter->handleRequest(NULL, Object(Config\Cache), false)
#7 /usr/local/var/www/simkkn/public/index.php(45): CodeIgniter\CodeIgniter->run()
#8 /usr/local/var/www/simkkn/vendor/codeigniter4/framework/system/Commands/Server/rewrite.php(34): require_once('/usr/local/var/...')
#9 {main}
INFO - 2023-07-28 20:49:22 --> Session: Class initialized using 'CodeIgniter\Session\Handlers\FileHandler' driver.
WARNING - 2023-07-28 20:49:22 --> Session: Sessions is enabled, and one exists.Please don't $session->start();
ERROR - 2023-07-28 20:49:22 --> Error connecting to the database: Unknown database 'simkkn'
CRITICAL - 2023-07-28 20:49:22 --> Unable to connect to the database.
#0 /usr/local/var/www/simkkn/vendor/codeigniter4/framework/system/Database/BaseConnection.php(646): CodeIgniter\Database\BaseConnection->initialize()
#1 /usr/local/var/www/simkkn/vendor/codeigniter4/framework/system/Database/BaseBuilder.php(1860): CodeIgniter\Database\BaseConnection->query('SELECT *\nFROM `...', Array, false)
#2 /usr/local/var/www/simkkn/app/Models/Backend/LoginModel.php(18): CodeIgniter\Database\BaseBuilder->get()
#3 /usr/local/var/www/simkkn/app/Controllers/Backend/Login.php(32): App\Models\Backend\LoginModel->user_check('redho')
#4 /usr/local/var/www/simkkn/vendor/codeigniter4/framework/system/CodeIgniter.php(918): App\Controllers\Backend\Login->get_login()
#5 /usr/local/var/www/simkkn/vendor/codeigniter4/framework/system/CodeIgniter.php(404): CodeIgniter\CodeIgniter->runController(Object(App\Controllers\Backend\Login))
#6 /usr/local/var/www/simkkn/vendor/codeigniter4/framework/system/CodeIgniter.php(312): CodeIgniter\CodeIgniter->handleRequest(NULL, Object(Config\Cache), false)
#7 /usr/local/var/www/simkkn/public/index.php(45): CodeIgniter\CodeIgniter->run()
#8 /usr/local/var/www/simkkn/vendor/codeigniter4/framework/system/Commands/Server/rewrite.php(34): require_once('/usr/local/var/...')
#9 {main}
INFO - 2023-07-28 20:49:23 --> Session: Class initialized using 'CodeIgniter\Session\Handlers\FileHandler' driver.
WARNING - 2023-07-28 20:49:23 --> Session: Sessions is enabled, and one exists.Please don't $session->start();
ERROR - 2023-07-28 20:49:23 --> Error connecting to the database: Unknown database 'simkkn'
CRITICAL - 2023-07-28 20:49:23 --> Unable to connect to the database.
#0 /usr/local/var/www/simkkn/vendor/codeigniter4/framework/system/Database/BaseConnection.php(646): CodeIgniter\Database\BaseConnection->initialize()
#1 /usr/local/var/www/simkkn/vendor/codeigniter4/framework/system/Database/BaseBuilder.php(1860): CodeIgniter\Database\BaseConnection->query('SELECT *\nFROM `...', Array, false)
#2 /usr/local/var/www/simkkn/app/Models/Backend/LoginModel.php(18): CodeIgniter\Database\BaseBuilder->get()
#3 /usr/local/var/www/simkkn/app/Controllers/Backend/Login.php(32): App\Models\Backend\LoginModel->user_check('redho')
#4 /usr/local/var/www/simkkn/vendor/codeigniter4/framework/system/CodeIgniter.php(918): App\Controllers\Backend\Login->get_login()
#5 /usr/local/var/www/simkkn/vendor/codeigniter4/framework/system/CodeIgniter.php(404): CodeIgniter\CodeIgniter->runController(Object(App\Controllers\Backend\Login))
#6 /usr/local/var/www/simkkn/vendor/codeigniter4/framework/system/CodeIgniter.php(312): CodeIgniter\CodeIgniter->handleRequest(NULL, Object(Config\Cache), false)
#7 /usr/local/var/www/simkkn/public/index.php(45): CodeIgniter\CodeIgniter->run()
#8 /usr/local/var/www/simkkn/vendor/codeigniter4/framework/system/Commands/Server/rewrite.php(34): require_once('/usr/local/var/...')
#9 {main}
INFO - 2023-07-28 20:49:23 --> Session: Class initialized using 'CodeIgniter\Session\Handlers\FileHandler' driver.
WARNING - 2023-07-28 20:49:23 --> Session: Sessions is enabled, and one exists.Please don't $session->start();
ERROR - 2023-07-28 20:49:23 --> Error connecting to the database: Unknown database 'simkkn'
CRITICAL - 2023-07-28 20:49:23 --> Unable to connect to the database.
#0 /usr/local/var/www/simkkn/vendor/codeigniter4/framework/system/Database/BaseConnection.php(646): CodeIgniter\Database\BaseConnection->initialize()
#1 /usr/local/var/www/simkkn/vendor/codeigniter4/framework/system/Database/BaseBuilder.php(1860): CodeIgniter\Database\BaseConnection->query('SELECT *\nFROM `...', Array, false)
#2 /usr/local/var/www/simkkn/app/Models/Backend/LoginModel.php(18): CodeIgniter\Database\BaseBuilder->get()
#3 /usr/local/var/www/simkkn/app/Controllers/Backend/Login.php(32): App\Models\Backend\LoginModel->user_check('redho')
#4 /usr/local/var/www/simkkn/vendor/codeigniter4/framework/system/CodeIgniter.php(918): App\Controllers\Backend\Login->get_login()
#5 /usr/local/var/www/simkkn/vendor/codeigniter4/framework/system/CodeIgniter.php(404): CodeIgniter\CodeIgniter->runController(Object(App\Controllers\Backend\Login))
#6 /usr/local/var/www/simkkn/vendor/codeigniter4/framework/system/CodeIgniter.php(312): CodeIgniter\CodeIgniter->handleRequest(NULL, Object(Config\Cache), false)
#7 /usr/local/var/www/simkkn/public/index.php(45): CodeIgniter\CodeIgniter->run()
#8 /usr/local/var/www/simkkn/vendor/codeigniter4/framework/system/Commands/Server/rewrite.php(34): require_once('/usr/local/var/...')
#9 {main}
INFO - 2023-07-28 20:49:43 --> Session: Class initialized using 'CodeIgniter\Session\Handlers\FileHandler' driver.
WARNING - 2023-07-28 20:49:43 --> Session: Sessions is enabled, and one exists.Please don't $session->start();
INFO - 2023-07-28 20:49:47 --> Session: Class initialized using 'CodeIgniter\Session\Handlers\FileHandler' driver.
WARNING - 2023-07-28 20:49:47 --> Session: Sessions is enabled, and one exists.Please don't $session->start();
INFO - 2023-07-28 20:49:49 --> Session: Class initialized using 'CodeIgniter\Session\Handlers\FileHandler' driver.
INFO - 2023-07-28 20:49:53 --> Session: Class initialized using 'CodeIgniter\Session\Handlers\FileHandler' driver.
WARNING - 2023-07-28 20:49:53 --> Session: Sessions is enabled, and one exists.Please don't $session->start();
INFO - 2023-07-28 20:49:53 --> Session: Class initialized using 'CodeIgniter\Session\Handlers\FileHandler' driver.
WARNING - 2023-07-28 20:49:53 --> Session: Sessions is enabled, and one exists.Please don't $session->start();
INFO - 2023-07-28 20:49:57 --> Session: Class initialized using 'CodeIgniter\Session\Handlers\FileHandler' driver.
WARNING - 2023-07-28 20:49:57 --> Session: Sessions is enabled, and one exists.Please don't $session->start();
INFO - 2023-07-28 20:50:00 --> Session: Class initialized using 'CodeIgniter\Session\Handlers\FileHandler' driver.
WARNING - 2023-07-28 20:50:00 --> Session: Sessions is enabled, and one exists.Please don't $session->start();
INFO - 2023-07-28 20:50:04 --> Session: Class initialized using 'CodeIgniter\Session\Handlers\FileHandler' driver.
WARNING - 2023-07-28 20:50:04 --> Session: Sessions is enabled, and one exists.Please don't $session->start();
INFO - 2023-07-28 20:50:08 --> Session: Class initialized using 'CodeIgniter\Session\Handlers\FileHandler' driver.
WARNING - 2023-07-28 20:50:08 --> Session: Sessions is enabled, and one exists.Please don't $session->start();
INFO - 2023-07-28 20:50:10 --> Session: Class initialized using 'CodeIgniter\Session\Handlers\FileHandler' driver.
WARNING - 2023-07-28 20:50:10 --> Session: Sessions is enabled, and one exists.Please don't $session->start();
INFO - 2023-07-28 20:50:11 --> Session: Class initialized using 'CodeIgniter\Session\Handlers\FileHandler' driver.
WARNING - 2023-07-28 20:50:11 --> Session: Sessions is enabled, and one exists.Please don't $session->start();
INFO - 2023-07-28 20:50:16 --> Session: Class initialized using 'CodeIgniter\Session\Handlers\FileHandler' driver.
WARNING - 2023-07-28 20:50:16 --> Session: Sessions is enabled, and one exists.Please don't $session->start();
INFO - 2023-07-28 20:50:18 --> Session: Class initialized using 'CodeIgniter\Session\Handlers\FileHandler' driver.
INFO - 2023-07-28 20:50:22 --> Session: Class initialized using 'CodeIgniter\Session\Handlers\FileHandler' driver.
WARNING - 2023-07-28 20:50:22 --> Session: Sessions is enabled, and one exists.Please don't $session->start();
INFO - 2023-07-28 20:50:22 --> Session: Class initialized using 'CodeIgniter\Session\Handlers\FileHandler' driver.
WARNING - 2023-07-28 20:50:22 --> Session: Sessions is enabled, and one exists.Please don't $session->start();
INFO - 2023-07-28 20:50:28 --> Session: Class initialized using 'CodeIgniter\Session\Handlers\FileHandler' driver.
WARNING - 2023-07-28 20:50:28 --> Session: Sessions is enabled, and one exists.Please don't $session->start();
INFO - 2023-07-28 20:50:28 --> Session: Class initialized using 'CodeIgniter\Session\Handlers\FileHandler' driver.
WARNING - 2023-07-28 20:50:28 --> Session: Sessions is enabled, and one exists.Please don't $session->start();
INFO - 2023-07-28 20:50:32 --> Session: Class initialized using 'CodeIgniter\Session\Handlers\FileHandler' driver.
WARNING - 2023-07-28 20:50:32 --> Session: Sessions is enabled, and one exists.Please don't $session->start();
INFO - 2023-07-28 20:50:34 --> Session: Class initialized using 'CodeIgniter\Session\Handlers\FileHandler' driver.
INFO - 2023-07-28 20:50:37 --> Session: Class initialized using 'CodeIgniter\Session\Handlers\FileHandler' driver.
WARNING - 2023-07-28 20:50:37 --> Session: Sessions is enabled, and one exists.Please don't $session->start();
INFO - 2023-07-28 20:50:38 --> Session: Class initialized using 'CodeIgniter\Session\Handlers\FileHandler' driver.
WARNING - 2023-07-28 20:50:38 --> Session: Sessions is enabled, and one exists.Please don't $session->start();
INFO - 2023-07-28 20:51:53 --> Session: Class initialized using 'CodeIgniter\Session\Handlers\FileHandler' driver.
WARNING - 2023-07-28 20:51:53 --> Session: Sessions is enabled, and one exists.Please don't $session->start();
INFO - 2023-07-28 20:51:54 --> Session: Class initialized using 'CodeIgniter\Session\Handlers\FileHandler' driver.
WARNING - 2023-07-28 20:51:54 --> Session: Sessions is enabled, and one exists.Please don't $session->start();
INFO - 2023-07-28 20:51:57 --> Session: Class initialized using 'CodeIgniter\Session\Handlers\FileHandler' driver.
WARNING - 2023-07-28 20:51:57 --> Session: Sessions is enabled, and one exists.Please don't $session->start();
INFO - 2023-07-28 20:51:57 --> Session: Class initialized using 'CodeIgniter\Session\Handlers\FileHandler' driver.
WARNING - 2023-07-28 20:51:57 --> Session: Sessions is enabled, and one exists.Please don't $session->start();
INFO - 2023-07-28 20:52:01 --> Session: Class initialized using 'CodeIgniter\Session\Handlers\FileHandler' driver.
WARNING - 2023-07-28 20:52:01 --> Session: Sessions is enabled, and one exists.Please don't $session->start();
INFO - 2023-07-28 20:52:01 --> Session: Class initialized using 'CodeIgniter\Session\Handlers\FileHandler' driver.
WARNING - 2023-07-28 20:52:01 --> Session: Sessions is enabled, and one exists.Please don't $session->start();
INFO - 2023-07-28 20:52:06 --> Session: Class initialized using 'CodeIgniter\Session\Handlers\FileHandler' driver.
WARNING - 2023-07-28 20:52:06 --> Session: Sessions is enabled, and one exists.Please don't $session->start();
INFO - 2023-07-28 20:52:08 --> Session: Class initialized using 'CodeIgniter\Session\Handlers\FileHandler' driver.
INFO - 2023-07-28 20:52:16 --> Session: Class initialized using 'CodeIgniter\Session\Handlers\FileHandler' driver.
WARNING - 2023-07-28 20:52:16 --> Session: Sessions is enabled, and one exists.Please don't $session->start();
INFO - 2023-07-28 20:52:17 --> Session: Class initialized using 'CodeIgniter\Session\Handlers\FileHandler' driver.
WARNING - 2023-07-28 20:52:17 --> Session: Sessions is enabled, and one exists.Please don't $session->start();
INFO - 2023-07-28 20:52:20 --> Session: Class initialized using 'CodeIgniter\Session\Handlers\FileHandler' driver.
WARNING - 2023-07-28 20:52:20 --> Session: Sessions is enabled, and one exists.Please don't $session->start();
INFO - 2023-07-28 20:52:21 --> Session: Class initialized using 'CodeIgniter\Session\Handlers\FileHandler' driver.
WARNING - 2023-07-28 20:52:21 --> Session: Sessions is enabled, and one exists.Please don't $session->start();
INFO - 2023-07-28 20:52:22 --> Session: Class initialized using 'CodeIgniter\Session\Handlers\FileHandler' driver.
WARNING - 2023-07-28 20:52:22 --> Session: Sessions is enabled, and one exists.Please don't $session->start();
INFO - 2023-07-28 20:52:23 --> Session: Class initialized using 'CodeIgniter\Session\Handlers\FileHandler' driver.
WARNING - 2023-07-28 20:52:23 --> Session: Sessions is enabled, and one exists.Please don't $session->start();
INFO - 2023-07-28 20:53:48 --> Session: Class initialized using 'CodeIgniter\Session\Handlers\FileHandler' driver.
WARNING - 2023-07-28 20:53:48 --> Session: Sessions is enabled, and one exists.Please don't $session->start();
INFO - 2023-07-28 20:53:48 --> Session: Class initialized using 'CodeIgniter\Session\Handlers\FileHandler' driver.
WARNING - 2023-07-28 20:53:48 --> Session: Sessions is enabled, and one exists.Please don't $session->start();
INFO - 2023-07-28 20:53:58 --> Session: Class initialized using 'CodeIgniter\Session\Handlers\FileHandler' driver.
WARNING - 2023-07-28 20:53:58 --> Session: Sessions is enabled, and one exists.Please don't $session->start();
INFO - 2023-07-28 20:54:00 --> Session: Class initialized using 'CodeIgniter\Session\Handlers\FileHandler' driver.
INFO - 2023-07-28 20:54:03 --> Session: Class initialized using 'CodeIgniter\Session\Handlers\FileHandler' driver.
WARNING - 2023-07-28 20:54:03 --> Session: Sessions is enabled, and one exists.Please don't $session->start();
INFO - 2023-07-28 20:54:04 --> Session: Class initialized using 'CodeIgniter\Session\Handlers\FileHandler' driver.
WARNING - 2023-07-28 20:54:04 --> Session: Sessions is enabled, and one exists.Please don't $session->start();
INFO - 2023-07-28 20:54:12 --> Session: Class initialized using 'CodeIgniter\Session\Handlers\FileHandler' driver.
WARNING - 2023-07-28 20:54:12 --> Session: Sessions is enabled, and one exists.Please don't $session->start();
INFO - 2023-07-28 20:54:13 --> Session: Class initialized using 'CodeIgniter\Session\Handlers\FileHandler' driver.
WARNING - 2023-07-28 20:54:13 --> Session: Sessions is enabled, and one exists.Please don't $session->start();
INFO - 2023-07-28 20:54:46 --> Session: Class initialized using 'CodeIgniter\Session\Handlers\FileHandler' driver.
WARNING - 2023-07-28 20:54:46 --> Session: Sessions is enabled, and one exists.Please don't $session->start();
INFO - 2023-07-28 20:54:47 --> Session: Class initialized using 'CodeIgniter\Session\Handlers\FileHandler' driver.
WARNING - 2023-07-28 20:54:47 --> Session: Sessions is enabled, and one exists.Please don't $session->start();
INFO - 2023-07-28 20:55:13 --> Session: Class initialized using 'CodeIgniter\Session\Handlers\FileHandler' driver.
WARNING - 2023-07-28 20:55:13 --> Session: Sessions is enabled, and one exists.Please don't $session->start();
INFO - 2023-07-28 20:55:14 --> Session: Class initialized using 'CodeIgniter\Session\Handlers\FileHandler' driver.
WARNING - 2023-07-28 20:55:14 --> Session: Sessions is enabled, and one exists.Please don't $session->start();
INFO - 2023-07-28 21:00:30 --> Session: Class initialized using 'CodeIgniter\Session\Handlers\FileHandler' driver.
WARNING - 2023-07-28 21:00:30 --> Session: Sessions is enabled, and one exists.Please don't $session->start();
INFO - 2023-07-28 21:00:31 --> Session: Class initialized using 'CodeIgniter\Session\Handlers\FileHandler' driver.
WARNING - 2023-07-28 21:00:31 --> Session: Sessions is enabled, and one exists.Please don't $session->start();
INFO - 2023-07-28 21:00:37 --> Session: Class initialized using 'CodeIgniter\Session\Handlers\FileHandler' driver.
WARNING - 2023-07-28 21:00:37 --> Session: Sessions is enabled, and one exists.Please don't $session->start();
ERROR - 2023-07-28 21:00:37 --> mysqli_sql_exception: Unknown column 'status' in 'field list' in /usr/local/var/www/simkkn/vendor/codeigniter4/framework/system/Database/MySQLi/Connection.php:331
Stack trace:
#0 /usr/local/var/www/simkkn/vendor/codeigniter4/framework/system/Database/MySQLi/Connection.php(331): mysqli->query('UPDATE `laporan...')
#1 /usr/local/var/www/simkkn/vendor/codeigniter4/framework/system/Database/BaseConnection.php(741): CodeIgniter\Database\MySQLi\Connection->execute('UPDATE `laporan...')
#2 /usr/local/var/www/simkkn/vendor/codeigniter4/framework/system/Database/BaseConnection.php(669): CodeIgniter\Database\BaseConnection->simpleQuery('UPDATE `laporan...')
#3 /usr/local/var/www/simkkn/vendor/codeigniter4/framework/system/Database/BaseBuilder.php(2456): CodeIgniter\Database\BaseConnection->query('UPDATE `laporan...', Array, false)
#4 /usr/local/var/www/simkkn/app/Models/Backend/HarianModel.php(69): CodeIgniter\Database\BaseBuilder->update()
#5 /usr/local/var/www/simkkn/app/Controllers/Backend/Harian.php(260): App\Models\Backend\HarianModel->updateData('38', Array)
#6 /usr/local/var/www/simkkn/vendor/codeigniter4/framework/system/CodeIgniter.php(918): App\Controllers\Backend\Harian->del_data()
#7 /usr/local/var/www/simkkn/vendor/codeigniter4/framework/system/CodeIgniter.php(404): CodeIgniter\CodeIgniter->runController(Object(App\Controllers\Backend\Harian))
#8 /usr/local/var/www/simkkn/vendor/codeigniter4/framework/system/CodeIgniter.php(312): CodeIgniter\CodeIgniter->handleRequest(NULL, Object(Config\Cache), false)
#9 /usr/local/var/www/simkkn/public/index.php(45): CodeIgniter\CodeIgniter->run()
#10 /usr/local/var/www/simkkn/vendor/codeigniter4/framework/system/Commands/Server/rewrite.php(34): require_once('/usr/local/var/...')
#11 {main}
INFO - 2023-07-28 21:00:37 --> Session: Class initialized using 'CodeIgniter\Session\Handlers\FileHandler' driver.
WARNING - 2023-07-28 21:00:37 --> Session: Sessions is enabled, and one exists.Please don't $session->start();
INFO - 2023-07-28 21:01:41 --> Session: Class initialized using 'CodeIgniter\Session\Handlers\FileHandler' driver.
WARNING - 2023-07-28 21:01:41 --> Session: Sessions is enabled, and one exists.Please don't $session->start();
INFO - 2023-07-28 21:01:42 --> Session: Class initialized using 'CodeIgniter\Session\Handlers\FileHandler' driver.
WARNING - 2023-07-28 21:01:42 --> Session: Sessions is enabled, and one exists.Please don't $session->start();
INFO - 2023-07-28 21:04:12 --> Session: Class initialized using 'CodeIgniter\Session\Handlers\FileHandler' driver.
WARNING - 2023-07-28 21:04:12 --> Session: Sessions is enabled, and one exists.Please don't $session->start();
INFO - 2023-07-28 21:04:13 --> Session: Class initialized using 'CodeIgniter\Session\Handlers\FileHandler' driver.
WARNING - 2023-07-28 21:04:13 --> Session: Sessions is enabled, and one exists.Please don't $session->start();
INFO - 2023-07-28 21:04:16 --> Session: Class initialized using 'CodeIgniter\Session\Handlers\FileHandler' driver.
WARNING - 2023-07-28 21:04:16 --> Session: Sessions is enabled, and one exists.Please don't $session->start();
INFO - 2023-07-28 21:04:16 --> Session: Class initialized using 'CodeIgniter\Session\Handlers\FileHandler' driver.
WARNING - 2023-07-28 21:04:16 --> Session: Sessions is enabled, and one exists.Please don't $session->start();
INFO - 2023-07-28 21:08:00 --> Session: Class initialized using 'CodeIgniter\Session\Handlers\FileHandler' driver.
WARNING - 2023-07-28 21:08:00 --> Session: Sessions is enabled, and one exists.Please don't $session->start();
INFO - 2023-07-28 21:08:00 --> Session: Class initialized using 'CodeIgniter\Session\Handlers\FileHandler' driver.
WARNING - 2023-07-28 21:08:00 --> Session: Sessions is enabled, and one exists.Please don't $session->start();
INFO - 2023-07-28 21:10:05 --> Session: Class initialized using 'CodeIgniter\Session\Handlers\FileHandler' driver.
WARNING - 2023-07-28 21:10:05 --> Session: Sessions is enabled, and one exists.Please don't $session->start();
INFO - 2023-07-28 21:10:07 --> Session: Class initialized using 'CodeIgniter\Session\Handlers\FileHandler' driver.
INFO - 2023-07-28 21:10:12 --> Session: Class initialized using 'CodeIgniter\Session\Handlers\FileHandler' driver.
WARNING - 2023-07-28 21:10:12 --> Session: Sessions is enabled, and one exists.Please don't $session->start();
INFO - 2023-07-28 21:10:13 --> Session: Class initialized using 'CodeIgniter\Session\Handlers\FileHandler' driver.
WARNING - 2023-07-28 21:10:13 --> Session: Sessions is enabled, and one exists.Please don't $session->start();
INFO - 2023-07-28 21:40:13 --> Session: Class initialized using 'CodeIgniter\Session\Handlers\FileHandler' driver.
WARNING - 2023-07-28 21:40:13 --> Session: Sessions is enabled, and one exists.Please don't $session->start();
INFO - 2023-07-28 21:40:14 --> Session: Class initialized using 'CodeIgniter\Session\Handlers\FileHandler' driver.
WARNING - 2023-07-28 21:40:14 --> Session: Sessions is enabled, and one exists.Please don't $session->start();
INFO - 2023-07-28 22:10:14 --> Session: Class initialized using 'CodeIgniter\Session\Handlers\FileHandler' driver.
WARNING - 2023-07-28 22:10:14 --> Session: Sessions is enabled, and one exists.Please don't $session->start();
INFO - 2023-07-28 22:10:15 --> Session: Class initialized using 'CodeIgniter\Session\Handlers\FileHandler' driver.
WARNING - 2023-07-28 22:10:15 --> Session: Sessions is enabled, and one exists.Please don't $session->start();
INFO - 2023-07-28 22:40:15 --> Session: Class initialized using 'CodeIgniter\Session\Handlers\FileHandler' driver.
WARNING - 2023-07-28 22:40:15 --> Session: Sessions is enabled, and one exists.Please don't $session->start();
INFO - 2023-07-28 22:40:16 --> Session: Class initialized using 'CodeIgniter\Session\Handlers\FileHandler' driver.
WARNING - 2023-07-28 22:40:16 --> Session: Sessions is enabled, and one exists.Please don't $session->start();
INFO - 2023-07-28 23:10:16 --> Session: Class initialized using 'CodeIgniter\Session\Handlers\FileHandler' driver.
WARNING - 2023-07-28 23:10:16 --> Session: Sessions is enabled, and one exists.Please don't $session->start();
INFO - 2023-07-28 23:10:17 --> Session: Class initialized using 'CodeIgniter\Session\Handlers\FileHandler' driver.
WARNING - 2023-07-28 23:10:17 --> Session: Sessions is enabled, and one exists.Please don't $session->start();
INFO - 2023-07-28 23:40:17 --> Session: Class initialized using 'CodeIgniter\Session\Handlers\FileHandler' driver.
WARNING - 2023-07-28 23:40:17 --> Session: Sessions is enabled, and one exists.Please don't $session->start();
INFO - 2023-07-28 23:40:18 --> Session: Class initialized using 'CodeIgniter\Session\Handlers\FileHandler' driver.
WARNING - 2023-07-28 23:40:18 --> Session: Sessions is enabled, and one exists.Please don't $session->start();
